Glide version 90161 (mmshare version 53161)
mmshare         2cb27f0eb7
glide-src       1e5ffd4733
psp-src         6c93e2fe77
macromodel-src  d47a6cf2e1
epik-src        46d635d642

Copyright (c) Schrodinger, LLC.
All Rights Reserved.

--------------------------------------------------------------------------------
JobId          : sh02-10n50-0-63931199
Name           : 6E59_lig-to-AF_6E59
Program        : Glide
Host           : sh02-10n50.int
Dir            : /home/users/jwang003/glosa_mods/NK1R/docking/6E59_lig-to-AF_6E59
HostEntry      : localhost
JobHost        : sh02-10n50.int
JobDir         : /home/users/jwang003/glosa_mods/NK1R/docking/6E59_lig-to-AF_6E59
JobSchrodinger : /share/software/user/restricted/schrodinger/2021-1
Commandline    : /share/software/user/restricted/schrodinger/2021-1/glide -WAIT -LOCAL -RESTART 6E59_lig-to-AF_6E59.in
StartTime      : 2022-12-09-02:44:41
--------------------------------------------------------------------------------

 VdW radii of ligand atoms scaled by   0.800000000000000     
 Charge cutoff for polarity   0.150000000000000     
For enhanced sampling, increasing funnel width parameter MAXKEEP by a factor of 4 (number of samples), to 20000
 After readscreen, (nx, ny, nz) = (          30 ,           30 ,           30 ).
  Receptor setup: (nsites, nx, ny, nz, bsize)=(         512 ,           30 , 
          30 ,           30 ,    1.00000000000000      ).
 Screening setup finished.
 DOCKMAIN: getting receptor.
  DOCKMAIN after grid: (nx, ny, nz) = (          80 ,           80 , 
          80 ).
 DOCKMAIN: Grid setup finished
Calling OPLS_2005 atomtyping ...
Finished parameter assignment

Reading torsion control file '/share/software/user/restricted/schrodinger/2021-1/glide-v9.0/bin/Linux-x86_64/../../data/torcontrol.txt':
  
  Using generalized torsion control 
  
 Number of rotatable bonds           10
 Using templates for ring conformations.
For enhanced sampling, increasing funnel width parameter MAXREF by a factor of 4 (number of samples), to 1600

GlideScore version SP5.0 will be used

  
 Buried polar penalty      0.000
 Coulomb vdW cutoff        0.000
 H bond cutoff             0.000
 Metal-ligand cutoff      10.000
Assigning GlideScore SP5.0 parameters
Postdocking minimization: 100 poses; CvdW cutoffs   100.0 kcal/mol for min,     0.0 kcal/mol for report.
GlideScore(   -8.49)+Epik State Penalty(    0.72) =    -7.77 kcal/mol
GlideScore(   -8.08)+Epik State Penalty(    0.72) =    -7.36 kcal/mol
GlideScore(   -8.14)+Epik State Penalty(    0.72) =    -7.42 kcal/mol
GlideScore(   -7.37)+Epik State Penalty(    0.72) =    -6.66 kcal/mol
GlideScore(   -7.09)+Epik State Penalty(    0.72) =    -6.38 kcal/mol
GlideScore(   -7.25)+Epik State Penalty(    0.72) =    -6.53 kcal/mol
GlideScore(   -8.16)+Epik State Penalty(    0.72) =    -7.44 kcal/mol
GlideScore(   -6.95)+Epik State Penalty(    0.72) =    -6.24 kcal/mol
GlideScore(   -7.03)+Epik State Penalty(    0.72) =    -6.31 kcal/mol
GlideScore(   -6.57)+Epik State Penalty(    0.72) =    -5.86 kcal/mol
GlideScore(   -7.16)+Epik State Penalty(    0.72) =    -6.44 kcal/mol
GlideScore(   -7.53)+Epik State Penalty(    0.72) =    -6.81 kcal/mol
GlideScore(   -7.21)+Epik State Penalty(    0.72) =    -6.49 kcal/mol
GlideScore(   -6.79)+Epik State Penalty(    0.72) =    -6.07 kcal/mol
GlideScore(   -7.26)+Epik State Penalty(    0.72) =    -6.55 kcal/mol
GlideScore(   -6.73)+Epik State Penalty(    0.72) =    -6.02 kcal/mol
GlideScore(   -7.13)+Epik State Penalty(    0.72) =    -6.41 kcal/mol
GlideScore(   -6.81)+Epik State Penalty(    0.72) =    -6.09 kcal/mol
GlideScore(   -6.13)+Epik State Penalty(    0.72) =    -5.42 kcal/mol
GlideScore(   -7.23)+Epik State Penalty(    0.72) =    -6.52 kcal/mol
GlideScore(   -8.07)+Epik State Penalty(    0.72) =    -7.36 kcal/mol
GlideScore(   -6.07)+Epik State Penalty(    0.72) =    -5.36 kcal/mol
GlideScore(   -5.69)+Epik State Penalty(    0.72) =    -4.98 kcal/mol
GlideScore(   -6.60)+Epik State Penalty(    0.72) =    -5.89 kcal/mol
GlideScore(   -6.51)+Epik State Penalty(    0.72) =    -5.79 kcal/mol
GlideScore(   -7.16)+Epik State Penalty(    0.72) =    -6.45 kcal/mol
GlideScore(   -6.20)+Epik State Penalty(    0.72) =    -5.49 kcal/mol
GlideScore(   -5.88)+Epik State Penalty(    0.72) =    -5.16 kcal/mol
GlideScore(   -5.94)+Epik State Penalty(    0.72) =    -5.22 kcal/mol
GlideScore(   -5.67)+Epik State Penalty(    0.72) =    -4.95 kcal/mol
GlideScore(   -6.23)+Epik State Penalty(    0.72) =    -5.51 kcal/mol
GlideScore(   -7.30)+Epik State Penalty(    0.72) =    -6.59 kcal/mol
GlideScore(   -6.55)+Epik State Penalty(    0.72) =    -5.84 kcal/mol
GlideScore(   -6.61)+Epik State Penalty(    0.72) =    -5.89 kcal/mol
GlideScore(   -5.40)+Epik State Penalty(    0.72) =    -4.68 kcal/mol
GlideScore(   -5.53)+Epik State Penalty(    0.72) =    -4.81 kcal/mol
GlideScore(   -6.80)+Epik State Penalty(    0.72) =    -6.08 kcal/mol
GlideScore(   -6.97)+Epik State Penalty(    0.72) =    -6.25 kcal/mol
GlideScore(   -6.75)+Epik State Penalty(    0.72) =    -6.03 kcal/mol
GlideScore(   -5.57)+Epik State Penalty(    0.72) =    -4.85 kcal/mol
GlideScore(   -7.04)+Epik State Penalty(    0.72) =    -6.32 kcal/mol
GlideScore(   -6.28)+Epik State Penalty(    0.72) =    -5.57 kcal/mol
GlideScore(   -6.45)+Epik State Penalty(    0.72) =    -5.74 kcal/mol
GlideScore(   -5.62)+Epik State Penalty(    0.72) =    -4.90 kcal/mol
GlideScore(   -6.34)+Epik State Penalty(    0.72) =    -5.63 kcal/mol
GlideScore(   -5.09)+Epik State Penalty(    0.72) =    -4.38 kcal/mol
GlideScore(   -5.14)+Epik State Penalty(    0.72) =    -4.43 kcal/mol
GlideScore(   -4.94)+Epik State Penalty(    0.72) =    -4.23 kcal/mol
GlideScore(   -5.97)+Epik State Penalty(    0.72) =    -5.26 kcal/mol
GlideScore(   -4.97)+Epik State Penalty(    0.72) =    -4.26 kcal/mol
GlideScore(   -6.33)+Epik State Penalty(    0.72) =    -5.62 kcal/mol
GlideScore(   -6.97)+Epik State Penalty(    0.72) =    -6.25 kcal/mol
GlideScore(   -5.05)+Epik State Penalty(    0.72) =    -4.34 kcal/mol
GlideScore(   -6.07)+Epik State Penalty(    0.72) =    -5.35 kcal/mol
GlideScore(   -4.95)+Epik State Penalty(    0.72) =    -4.23 kcal/mol
GlideScore(   -5.56)+Epik State Penalty(    0.72) =    -4.85 kcal/mol
GlideScore(   -6.02)+Epik State Penalty(    0.72) =    -5.31 kcal/mol
GlideScore(   -6.71)+Epik State Penalty(    0.72) =    -6.00 kcal/mol
GlideScore(   -4.65)+Epik State Penalty(    0.72) =    -3.93 kcal/mol
GlideScore(   -6.36)+Epik State Penalty(    0.72) =    -5.65 kcal/mol
GlideScore(   -5.92)+Epik State Penalty(    0.72) =    -5.21 kcal/mol
GlideScore(   -4.70)+Epik State Penalty(    0.72) =    -3.98 kcal/mol
GlideScore(   -5.42)+Epik State Penalty(    0.72) =    -4.71 kcal/mol
GlideScore(   -5.53)+Epik State Penalty(    0.72) =    -4.81 kcal/mol
GlideScore(   -5.30)+Epik State Penalty(    0.72) =    -4.58 kcal/mol
GlideScore(   -6.08)+Epik State Penalty(    0.72) =    -5.36 kcal/mol
GlideScore(   -6.28)+Epik State Penalty(    0.72) =    -5.57 kcal/mol
GlideScore(   -6.73)+Epik State Penalty(    0.72) =    -6.02 kcal/mol
GlideScore(   -6.14)+Epik State Penalty(    0.72) =    -5.43 kcal/mol
GlideScore(   -5.88)+Epik State Penalty(    0.72) =    -5.16 kcal/mol
GlideScore(   -6.10)+Epik State Penalty(    0.72) =    -5.38 kcal/mol
GlideScore(   -6.57)+Epik State Penalty(    0.72) =    -5.85 kcal/mol
GlideScore(   -5.36)+Epik State Penalty(    0.72) =    -4.64 kcal/mol
GlideScore(   -6.21)+Epik State Penalty(    0.72) =    -5.50 kcal/mol
GlideScore(   -5.06)+Epik State Penalty(    0.72) =    -4.35 kcal/mol
GlideScore(   -6.08)+Epik State Penalty(    0.72) =    -5.37 kcal/mol
GlideScore(   -6.49)+Epik State Penalty(    0.72) =    -5.77 kcal/mol
GlideScore(   -4.78)+Epik State Penalty(    0.72) =    -4.06 kcal/mol
GlideScore(   -5.90)+Epik State Penalty(    0.72) =    -5.18 kcal/mol
GlideScore(   -5.85)+Epik State Penalty(    0.72) =    -5.14 kcal/mol
GlideScore(   -5.83)+Epik State Penalty(    0.72) =    -5.12 kcal/mol
GlideScore(   -5.95)+Epik State Penalty(    0.72) =    -5.23 kcal/mol
GlideScore(   -4.49)+Epik State Penalty(    0.72) =    -3.77 kcal/mol
GlideScore(   -4.50)+Epik State Penalty(    0.72) =    -3.79 kcal/mol
GlideScore(   -4.63)+Epik State Penalty(    0.72) =    -3.91 kcal/mol
DOCKING RESULTS FOR LIGAND        1 (6E59_lig)
Best Emodel=   -77.40 E=   -54.37 Eint=     7.76 GlideScore=    -8.49
Calling OPLS_2005 atomtyping ...
Finished parameter assignment
 Number of rotatable bonds           10
 Using templates for ring conformations.
 Too many confs in count          68          67
 set icplus          37
 set icplus          39
 set icplus          40
GlideScore(   -7.51)+Epik State Penalty(    0.81) =    -6.70 kcal/mol
GlideScore(   -7.69)+Epik State Penalty(    0.81) =    -6.88 kcal/mol
GlideScore(   -7.63)+Epik State Penalty(    0.81) =    -6.82 kcal/mol
GlideScore(   -7.94)+Epik State Penalty(    0.81) =    -7.13 kcal/mol
GlideScore(   -7.97)+Epik State Penalty(    0.81) =    -7.16 kcal/mol
GlideScore(   -7.48)+Epik State Penalty(    0.81) =    -6.66 kcal/mol
GlideScore(   -8.77)+Epik State Penalty(    0.81) =    -7.95 kcal/mol
GlideScore(   -7.59)+Epik State Penalty(    0.81) =    -6.77 kcal/mol
GlideScore(   -7.84)+Epik State Penalty(    0.81) =    -7.02 kcal/mol
GlideScore(   -8.44)+Epik State Penalty(    0.81) =    -7.62 kcal/mol
GlideScore(   -7.23)+Epik State Penalty(    0.81) =    -6.41 kcal/mol
GlideScore(   -7.19)+Epik State Penalty(    0.81) =    -6.37 kcal/mol
GlideScore(   -6.74)+Epik State Penalty(    0.81) =    -5.92 kcal/mol
GlideScore(   -7.88)+Epik State Penalty(    0.81) =    -7.07 kcal/mol
GlideScore(   -6.93)+Epik State Penalty(    0.81) =    -6.11 kcal/mol
GlideScore(   -7.74)+Epik State Penalty(    0.81) =    -6.93 kcal/mol
GlideScore(   -7.99)+Epik State Penalty(    0.81) =    -7.17 kcal/mol
GlideScore(   -7.08)+Epik State Penalty(    0.81) =    -6.27 kcal/mol
GlideScore(   -7.36)+Epik State Penalty(    0.81) =    -6.55 kcal/mol
GlideScore(   -7.33)+Epik State Penalty(    0.81) =    -6.51 kcal/mol
GlideScore(   -6.97)+Epik State Penalty(    0.81) =    -6.15 kcal/mol
GlideScore(   -7.34)+Epik State Penalty(    0.81) =    -6.52 kcal/mol
GlideScore(   -7.11)+Epik State Penalty(    0.81) =    -6.29 kcal/mol
GlideScore(   -7.12)+Epik State Penalty(    0.81) =    -6.30 kcal/mol
GlideScore(   -5.80)+Epik State Penalty(    0.81) =    -4.99 kcal/mol
GlideScore(   -7.24)+Epik State Penalty(    0.81) =    -6.43 kcal/mol
GlideScore(   -7.05)+Epik State Penalty(    0.81) =    -6.24 kcal/mol
GlideScore(   -7.13)+Epik State Penalty(    0.81) =    -6.31 kcal/mol
GlideScore(   -7.06)+Epik State Penalty(    0.81) =    -6.25 kcal/mol
GlideScore(   -7.30)+Epik State Penalty(    0.81) =    -6.49 kcal/mol
GlideScore(   -6.97)+Epik State Penalty(    0.81) =    -6.15 kcal/mol
GlideScore(   -6.50)+Epik State Penalty(    0.81) =    -5.68 kcal/mol
GlideScore(   -7.14)+Epik State Penalty(    0.81) =    -6.32 kcal/mol
GlideScore(   -6.41)+Epik State Penalty(    0.81) =    -5.59 kcal/mol
GlideScore(   -6.37)+Epik State Penalty(    0.81) =    -5.56 kcal/mol
GlideScore(   -6.69)+Epik State Penalty(    0.81) =    -5.88 kcal/mol
GlideScore(   -6.77)+Epik State Penalty(    0.81) =    -5.95 kcal/mol
GlideScore(   -5.61)+Epik State Penalty(    0.81) =    -4.80 kcal/mol
GlideScore(   -7.13)+Epik State Penalty(    0.81) =    -6.32 kcal/mol
GlideScore(   -6.22)+Epik State Penalty(    0.81) =    -5.40 kcal/mol
GlideScore(   -6.04)+Epik State Penalty(    0.81) =    -5.23 kcal/mol
GlideScore(   -6.54)+Epik State Penalty(    0.81) =    -5.72 kcal/mol
GlideScore(   -6.24)+Epik State Penalty(    0.81) =    -5.42 kcal/mol
GlideScore(   -8.06)+Epik State Penalty(    0.81) =    -7.25 kcal/mol
GlideScore(   -6.99)+Epik State Penalty(    0.81) =    -6.18 kcal/mol
GlideScore(   -6.41)+Epik State Penalty(    0.81) =    -5.60 kcal/mol
GlideScore(   -6.64)+Epik State Penalty(    0.81) =    -5.83 kcal/mol
GlideScore(   -6.59)+Epik State Penalty(    0.81) =    -5.77 kcal/mol
GlideScore(   -5.83)+Epik State Penalty(    0.81) =    -5.02 kcal/mol
GlideScore(   -6.34)+Epik State Penalty(    0.81) =    -5.52 kcal/mol
GlideScore(   -5.89)+Epik State Penalty(    0.81) =    -5.08 kcal/mol
GlideScore(   -6.55)+Epik State Penalty(    0.81) =    -5.74 kcal/mol
GlideScore(   -5.93)+Epik State Penalty(    0.81) =    -5.12 kcal/mol
GlideScore(   -6.22)+Epik State Penalty(    0.81) =    -5.41 kcal/mol
GlideScore(   -7.94)+Epik State Penalty(    0.81) =    -7.12 kcal/mol
GlideScore(   -6.27)+Epik State Penalty(    0.81) =    -5.46 kcal/mol
GlideScore(   -5.91)+Epik State Penalty(    0.81) =    -5.10 kcal/mol
GlideScore(   -6.38)+Epik State Penalty(    0.81) =    -5.56 kcal/mol
GlideScore(   -6.89)+Epik State Penalty(    0.81) =    -6.08 kcal/mol
GlideScore(   -5.32)+Epik State Penalty(    0.81) =    -4.50 kcal/mol
GlideScore(   -6.42)+Epik State Penalty(    0.81) =    -5.60 kcal/mol
GlideScore(   -7.43)+Epik State Penalty(    0.81) =    -6.62 kcal/mol
GlideScore(   -6.56)+Epik State Penalty(    0.81) =    -5.75 kcal/mol
GlideScore(   -6.57)+Epik State Penalty(    0.81) =    -5.76 kcal/mol
GlideScore(   -5.34)+Epik State Penalty(    0.81) =    -4.52 kcal/mol
GlideScore(   -6.69)+Epik State Penalty(    0.81) =    -5.87 kcal/mol
GlideScore(   -5.61)+Epik State Penalty(    0.81) =    -4.79 kcal/mol
GlideScore(   -5.07)+Epik State Penalty(    0.81) =    -4.25 kcal/mol
GlideScore(   -6.27)+Epik State Penalty(    0.81) =    -5.46 kcal/mol
GlideScore(   -6.15)+Epik State Penalty(    0.81) =    -5.34 kcal/mol
GlideScore(   -5.02)+Epik State Penalty(    0.81) =    -4.20 kcal/mol
GlideScore(   -4.94)+Epik State Penalty(    0.81) =    -4.13 kcal/mol
GlideScore(   -6.36)+Epik State Penalty(    0.81) =    -5.55 kcal/mol
GlideScore(   -4.89)+Epik State Penalty(    0.81) =    -4.08 kcal/mol
GlideScore(   -6.06)+Epik State Penalty(    0.81) =    -5.25 kcal/mol
GlideScore(   -5.10)+Epik State Penalty(    0.81) =    -4.28 kcal/mol
GlideScore(   -5.52)+Epik State Penalty(    0.81) =    -4.71 kcal/mol
GlideScore(   -5.13)+Epik State Penalty(    0.81) =    -4.32 kcal/mol
GlideScore(   -6.17)+Epik State Penalty(    0.81) =    -5.35 kcal/mol
GlideScore(   -6.13)+Epik State Penalty(    0.81) =    -5.32 kcal/mol
GlideScore(   -5.43)+Epik State Penalty(    0.81) =    -4.62 kcal/mol
GlideScore(   -5.39)+Epik State Penalty(    0.81) =    -4.58 kcal/mol
GlideScore(   -6.41)+Epik State Penalty(    0.81) =    -5.59 kcal/mol
GlideScore(   -4.93)+Epik State Penalty(    0.81) =    -4.12 kcal/mol
GlideScore(   -6.07)+Epik State Penalty(    0.81) =    -5.26 kcal/mol
GlideScore(   -4.81)+Epik State Penalty(    0.81) =    -4.00 kcal/mol
GlideScore(   -4.89)+Epik State Penalty(    0.81) =    -4.07 kcal/mol
GlideScore(   -4.83)+Epik State Penalty(    0.81) =    -4.01 kcal/mol
GlideScore(   -4.81)+Epik State Penalty(    0.81) =    -4.00 kcal/mol
GlideScore(   -4.42)+Epik State Penalty(    0.81) =    -3.61 kcal/mol
DOCKING RESULTS FOR LIGAND        2 (6E59_lig)
Best Emodel=   -75.52 E=   -50.12 Eint=     3.63 GlideScore=    -7.51
Calling OPLS_2005 atomtyping ...
Finished parameter assignment
 Number of rotatable bonds           10
 Using templates for ring conformations.
GlideScore(   -9.51)+Epik State Penalty(    1.18) =    -8.33 kcal/mol
GlideScore(   -8.01)+Epik State Penalty(    1.18) =    -6.83 kcal/mol
GlideScore(   -8.38)+Epik State Penalty(    1.18) =    -7.20 kcal/mol
GlideScore(   -7.82)+Epik State Penalty(    1.18) =    -6.64 kcal/mol
GlideScore(   -7.32)+Epik State Penalty(    1.18) =    -6.14 kcal/mol
GlideScore(   -7.45)+Epik State Penalty(    1.18) =    -6.27 kcal/mol
GlideScore(   -7.57)+Epik State Penalty(    1.18) =    -6.39 kcal/mol
GlideScore(   -6.97)+Epik State Penalty(    1.18) =    -5.79 kcal/mol
GlideScore(   -7.66)+Epik State Penalty(    1.18) =    -6.48 kcal/mol
GlideScore(   -8.52)+Epik State Penalty(    1.18) =    -7.33 kcal/mol
GlideScore(   -7.24)+Epik State Penalty(    1.18) =    -6.06 kcal/mol
GlideScore(   -6.94)+Epik State Penalty(    1.18) =    -5.76 kcal/mol
GlideScore(   -6.84)+Epik State Penalty(    1.18) =    -5.66 kcal/mol
GlideScore(   -7.49)+Epik State Penalty(    1.18) =    -6.31 kcal/mol
GlideScore(   -8.15)+Epik State Penalty(    1.18) =    -6.97 kcal/mol
GlideScore(   -7.51)+Epik State Penalty(    1.18) =    -6.32 kcal/mol
GlideScore(   -6.49)+Epik State Penalty(    1.18) =    -5.31 kcal/mol
GlideScore(   -7.28)+Epik State Penalty(    1.18) =    -6.10 kcal/mol
GlideScore(   -7.31)+Epik State Penalty(    1.18) =    -6.13 kcal/mol
GlideScore(   -7.26)+Epik State Penalty(    1.18) =    -6.08 kcal/mol
GlideScore(   -6.79)+Epik State Penalty(    1.18) =    -5.61 kcal/mol
GlideScore(   -6.45)+Epik State Penalty(    1.18) =    -5.26 kcal/mol
GlideScore(   -7.61)+Epik State Penalty(    1.18) =    -6.42 kcal/mol
GlideScore(   -6.52)+Epik State Penalty(    1.18) =    -5.33 kcal/mol
GlideScore(   -7.31)+Epik State Penalty(    1.18) =    -6.13 kcal/mol
GlideScore(   -6.66)+Epik State Penalty(    1.18) =    -5.47 kcal/mol
GlideScore(   -7.29)+Epik State Penalty(    1.18) =    -6.11 kcal/mol
GlideScore(   -6.61)+Epik State Penalty(    1.18) =    -5.43 kcal/mol
GlideScore(   -6.64)+Epik State Penalty(    1.18) =    -5.46 kcal/mol
GlideScore(   -6.59)+Epik State Penalty(    1.18) =    -5.41 kcal/mol
GlideScore(   -6.23)+Epik State Penalty(    1.18) =    -5.04 kcal/mol
GlideScore(   -7.22)+Epik State Penalty(    1.18) =    -6.04 kcal/mol
GlideScore(   -6.30)+Epik State Penalty(    1.18) =    -5.12 kcal/mol
GlideScore(   -6.78)+Epik State Penalty(    1.18) =    -5.60 kcal/mol
GlideScore(   -6.98)+Epik State Penalty(    1.18) =    -5.80 kcal/mol
GlideScore(   -6.87)+Epik State Penalty(    1.18) =    -5.69 kcal/mol
GlideScore(   -6.89)+Epik State Penalty(    1.18) =    -5.71 kcal/mol
GlideScore(   -6.90)+Epik State Penalty(    1.18) =    -5.72 kcal/mol
GlideScore(   -6.75)+Epik State Penalty(    1.18) =    -5.57 kcal/mol
GlideScore(   -7.08)+Epik State Penalty(    1.18) =    -5.90 kcal/mol
GlideScore(   -6.41)+Epik State Penalty(    1.18) =    -5.23 kcal/mol
GlideScore(   -6.63)+Epik State Penalty(    1.18) =    -5.45 kcal/mol
GlideScore(   -6.50)+Epik State Penalty(    1.18) =    -5.32 kcal/mol
GlideScore(   -6.49)+Epik State Penalty(    1.18) =    -5.30 kcal/mol
GlideScore(   -6.84)+Epik State Penalty(    1.18) =    -5.66 kcal/mol
GlideScore(   -5.15)+Epik State Penalty(    1.18) =    -3.97 kcal/mol
GlideScore(   -5.41)+Epik State Penalty(    1.18) =    -4.23 kcal/mol
GlideScore(   -5.69)+Epik State Penalty(    1.18) =    -4.50 kcal/mol
GlideScore(   -6.54)+Epik State Penalty(    1.18) =    -5.36 kcal/mol
GlideScore(   -6.36)+Epik State Penalty(    1.18) =    -5.18 kcal/mol
GlideScore(   -5.20)+Epik State Penalty(    1.18) =    -4.02 kcal/mol
GlideScore(   -5.93)+Epik State Penalty(    1.18) =    -4.75 kcal/mol
GlideScore(   -5.54)+Epik State Penalty(    1.18) =    -4.36 kcal/mol
GlideScore(   -6.78)+Epik State Penalty(    1.18) =    -5.60 kcal/mol
GlideScore(   -6.77)+Epik State Penalty(    1.18) =    -5.59 kcal/mol
GlideScore(   -6.51)+Epik State Penalty(    1.18) =    -5.33 kcal/mol
GlideScore(   -7.73)+Epik State Penalty(    1.18) =    -6.55 kcal/mol
GlideScore(   -6.60)+Epik State Penalty(    1.18) =    -5.42 kcal/mol
GlideScore(   -6.24)+Epik State Penalty(    1.18) =    -5.06 kcal/mol
GlideScore(   -6.03)+Epik State Penalty(    1.18) =    -4.85 kcal/mol
GlideScore(   -5.75)+Epik State Penalty(    1.18) =    -4.57 kcal/mol
GlideScore(   -5.75)+Epik State Penalty(    1.18) =    -4.57 kcal/mol
GlideScore(   -5.11)+Epik State Penalty(    1.18) =    -3.93 kcal/mol
GlideScore(   -6.23)+Epik State Penalty(    1.18) =    -5.05 kcal/mol
GlideScore(   -5.00)+Epik State Penalty(    1.18) =    -3.82 kcal/mol
GlideScore(   -6.46)+Epik State Penalty(    1.18) =    -5.28 kcal/mol
GlideScore(   -6.63)+Epik State Penalty(    1.18) =    -5.45 kcal/mol
GlideScore(   -5.64)+Epik State Penalty(    1.18) =    -4.46 kcal/mol
GlideScore(   -6.39)+Epik State Penalty(    1.18) =    -5.21 kcal/mol
GlideScore(   -6.60)+Epik State Penalty(    1.18) =    -5.41 kcal/mol
GlideScore(   -5.59)+Epik State Penalty(    1.18) =    -4.41 kcal/mol
GlideScore(   -5.23)+Epik State Penalty(    1.18) =    -4.05 kcal/mol
GlideScore(   -5.48)+Epik State Penalty(    1.18) =    -4.30 kcal/mol
GlideScore(   -5.69)+Epik State Penalty(    1.18) =    -4.50 kcal/mol
GlideScore(   -6.96)+Epik State Penalty(    1.18) =    -5.77 kcal/mol
GlideScore(   -5.45)+Epik State Penalty(    1.18) =    -4.27 kcal/mol
GlideScore(   -6.03)+Epik State Penalty(    1.18) =    -4.85 kcal/mol
GlideScore(   -6.62)+Epik State Penalty(    1.18) =    -5.44 kcal/mol
GlideScore(   -5.20)+Epik State Penalty(    1.18) =    -4.02 kcal/mol
GlideScore(   -5.54)+Epik State Penalty(    1.18) =    -4.36 kcal/mol
GlideScore(   -5.31)+Epik State Penalty(    1.18) =    -4.13 kcal/mol
GlideScore(   -4.78)+Epik State Penalty(    1.18) =    -3.60 kcal/mol
GlideScore(   -6.34)+Epik State Penalty(    1.18) =    -5.16 kcal/mol
GlideScore(   -5.16)+Epik State Penalty(    1.18) =    -3.97 kcal/mol
GlideScore(   -6.39)+Epik State Penalty(    1.18) =    -5.21 kcal/mol
GlideScore(   -5.64)+Epik State Penalty(    1.18) =    -4.46 kcal/mol
GlideScore(   -5.58)+Epik State Penalty(    1.18) =    -4.40 kcal/mol
GlideScore(   -4.86)+Epik State Penalty(    1.18) =    -3.68 kcal/mol
GlideScore(   -4.60)+Epik State Penalty(    1.18) =    -3.42 kcal/mol
DOCKING RESULTS FOR LIGAND        3 (6E59_lig)
Best Emodel=   -77.25 E=   -52.12 Eint=     8.38 GlideScore=    -9.51
Calling OPLS_2005 atomtyping ...
Finished parameter assignment
 Number of rotatable bonds           10
 Using templates for ring conformations.
 Too many confs in count         111         110
 set icplus          37
 set icplus          39
 set icplus          40
GlideScore(   -9.48)+Epik State Penalty(    1.32) =    -8.16 kcal/mol
GlideScore(   -9.50)+Epik State Penalty(    1.32) =    -8.18 kcal/mol
GlideScore(   -9.07)+Epik State Penalty(    1.32) =    -7.75 kcal/mol
GlideScore(   -8.17)+Epik State Penalty(    1.32) =    -6.86 kcal/mol
GlideScore(   -9.07)+Epik State Penalty(    1.32) =    -7.75 kcal/mol
GlideScore(   -8.92)+Epik State Penalty(    1.32) =    -7.61 kcal/mol
GlideScore(   -8.56)+Epik State Penalty(    1.32) =    -7.24 kcal/mol
GlideScore(   -7.90)+Epik State Penalty(    1.32) =    -6.58 kcal/mol
GlideScore(   -8.03)+Epik State Penalty(    1.32) =    -6.72 kcal/mol
GlideScore(   -7.56)+Epik State Penalty(    1.32) =    -6.24 kcal/mol
GlideScore(   -8.01)+Epik State Penalty(    1.32) =    -6.69 kcal/mol
GlideScore(   -8.83)+Epik State Penalty(    1.32) =    -7.52 kcal/mol
GlideScore(   -8.75)+Epik State Penalty(    1.32) =    -7.43 kcal/mol
GlideScore(   -7.85)+Epik State Penalty(    1.32) =    -6.53 kcal/mol
GlideScore(   -7.94)+Epik State Penalty(    1.32) =    -6.63 kcal/mol
GlideScore(   -7.64)+Epik State Penalty(    1.32) =    -6.32 kcal/mol
GlideScore(   -8.70)+Epik State Penalty(    1.32) =    -7.38 kcal/mol
GlideScore(   -8.13)+Epik State Penalty(    1.32) =    -6.81 kcal/mol
GlideScore(   -7.40)+Epik State Penalty(    1.32) =    -6.08 kcal/mol
GlideScore(   -7.77)+Epik State Penalty(    1.32) =    -6.46 kcal/mol
GlideScore(   -7.92)+Epik State Penalty(    1.32) =    -6.61 kcal/mol
GlideScore(   -7.49)+Epik State Penalty(    1.32) =    -6.17 kcal/mol
GlideScore(   -7.49)+Epik State Penalty(    1.32) =    -6.17 kcal/mol
GlideScore(   -6.87)+Epik State Penalty(    1.32) =    -5.56 kcal/mol
GlideScore(   -6.58)+Epik State Penalty(    1.32) =    -5.26 kcal/mol
GlideScore(   -6.83)+Epik State Penalty(    1.32) =    -5.52 kcal/mol
GlideScore(   -6.67)+Epik State Penalty(    1.32) =    -5.35 kcal/mol
GlideScore(   -8.14)+Epik State Penalty(    1.32) =    -6.82 kcal/mol
GlideScore(   -6.95)+Epik State Penalty(    1.32) =    -5.63 kcal/mol
GlideScore(   -6.71)+Epik State Penalty(    1.32) =    -5.39 kcal/mol
GlideScore(   -6.79)+Epik State Penalty(    1.32) =    -5.48 kcal/mol
GlideScore(   -6.90)+Epik State Penalty(    1.32) =    -5.59 kcal/mol
GlideScore(   -7.34)+Epik State Penalty(    1.32) =    -6.02 kcal/mol
GlideScore(   -5.56)+Epik State Penalty(    1.32) =    -4.24 kcal/mol
GlideScore(   -8.16)+Epik State Penalty(    1.32) =    -6.85 kcal/mol
GlideScore(   -7.00)+Epik State Penalty(    1.32) =    -5.68 kcal/mol
GlideScore(   -5.64)+Epik State Penalty(    1.32) =    -4.32 kcal/mol
GlideScore(   -6.25)+Epik State Penalty(    1.32) =    -4.94 kcal/mol
GlideScore(   -5.83)+Epik State Penalty(    1.32) =    -4.51 kcal/mol
GlideScore(   -6.49)+Epik State Penalty(    1.32) =    -5.18 kcal/mol
GlideScore(   -6.61)+Epik State Penalty(    1.32) =    -5.29 kcal/mol
GlideScore(   -6.32)+Epik State Penalty(    1.32) =    -5.00 kcal/mol
GlideScore(   -7.38)+Epik State Penalty(    1.32) =    -6.07 kcal/mol
GlideScore(   -6.33)+Epik State Penalty(    1.32) =    -5.01 kcal/mol
GlideScore(   -6.83)+Epik State Penalty(    1.32) =    -5.51 kcal/mol
GlideScore(   -6.87)+Epik State Penalty(    1.32) =    -5.55 kcal/mol
GlideScore(   -5.11)+Epik State Penalty(    1.32) =    -3.79 kcal/mol
GlideScore(   -6.29)+Epik State Penalty(    1.32) =    -4.98 kcal/mol
GlideScore(   -6.79)+Epik State Penalty(    1.32) =    -5.48 kcal/mol
GlideScore(   -7.26)+Epik State Penalty(    1.32) =    -5.94 kcal/mol
GlideScore(   -6.94)+Epik State Penalty(    1.32) =    -5.62 kcal/mol
GlideScore(   -5.99)+Epik State Penalty(    1.32) =    -4.67 kcal/mol
GlideScore(   -5.38)+Epik State Penalty(    1.32) =    -4.06 kcal/mol
GlideScore(   -5.44)+Epik State Penalty(    1.32) =    -4.12 kcal/mol
GlideScore(   -5.49)+Epik State Penalty(    1.32) =    -4.17 kcal/mol
GlideScore(   -7.54)+Epik State Penalty(    1.32) =    -6.22 kcal/mol
GlideScore(   -5.57)+Epik State Penalty(    1.32) =    -4.25 kcal/mol
GlideScore(   -5.17)+Epik State Penalty(    1.32) =    -3.85 kcal/mol
GlideScore(   -6.68)+Epik State Penalty(    1.32) =    -5.36 kcal/mol
GlideScore(   -5.50)+Epik State Penalty(    1.32) =    -4.18 kcal/mol
GlideScore(   -6.33)+Epik State Penalty(    1.32) =    -5.02 kcal/mol
GlideScore(   -5.65)+Epik State Penalty(    1.32) =    -4.33 kcal/mol
GlideScore(   -6.62)+Epik State Penalty(    1.32) =    -5.30 kcal/mol
GlideScore(   -7.60)+Epik State Penalty(    1.32) =    -6.28 kcal/mol
GlideScore(   -5.64)+Epik State Penalty(    1.32) =    -4.33 kcal/mol
GlideScore(   -5.68)+Epik State Penalty(    1.32) =    -4.36 kcal/mol
GlideScore(   -6.02)+Epik State Penalty(    1.32) =    -4.70 kcal/mol
GlideScore(   -6.60)+Epik State Penalty(    1.32) =    -5.28 kcal/mol
GlideScore(   -4.34)+Epik State Penalty(    1.32) =    -3.02 kcal/mol
GlideScore(   -5.89)+Epik State Penalty(    1.32) =    -4.57 kcal/mol
GlideScore(   -7.01)+Epik State Penalty(    1.32) =    -5.69 kcal/mol
GlideScore(   -4.10)+Epik State Penalty(    1.32) =    -2.78 kcal/mol
GlideScore(   -4.26)+Epik State Penalty(    1.32) =    -2.94 kcal/mol
GlideScore(   -4.06)+Epik State Penalty(    1.32) =    -2.74 kcal/mol
GlideScore(   -5.14)+Epik State Penalty(    1.32) =    -3.82 kcal/mol
GlideScore(   -5.41)+Epik State Penalty(    1.32) =    -4.09 kcal/mol
GlideScore(   -3.73)+Epik State Penalty(    1.32) =    -2.41 kcal/mol
GlideScore(   -3.86)+Epik State Penalty(    1.32) =    -2.54 kcal/mol
GlideScore(   -5.57)+Epik State Penalty(    1.32) =    -4.25 kcal/mol
GlideScore(   -3.81)+Epik State Penalty(    1.32) =    -2.49 kcal/mol
GlideScore(   -4.39)+Epik State Penalty(    1.32) =    -3.08 kcal/mol
DOCKING RESULTS FOR LIGAND        4 (6E59_lig)
Best Emodel=   -83.02 E=   -55.67 Eint=    10.96 GlideScore=    -9.48
Calling OPLS_2005 atomtyping ...
Finished parameter assignment
 Number of rotatable bonds           10
 Using templates for ring conformations.
GlideScore(   -8.36)+Epik State Penalty(    1.36) =    -7.00 kcal/mol
GlideScore(   -8.06)+Epik State Penalty(    1.36) =    -6.70 kcal/mol
GlideScore(   -7.97)+Epik State Penalty(    1.36) =    -6.62 kcal/mol
GlideScore(   -8.74)+Epik State Penalty(    1.36) =    -7.38 kcal/mol
GlideScore(   -8.15)+Epik State Penalty(    1.36) =    -6.79 kcal/mol
GlideScore(   -8.85)+Epik State Penalty(    1.36) =    -7.50 kcal/mol
GlideScore(   -7.38)+Epik State Penalty(    1.36) =    -6.02 kcal/mol
GlideScore(   -8.28)+Epik State Penalty(    1.36) =    -6.92 kcal/mol
GlideScore(   -8.27)+Epik State Penalty(    1.36) =    -6.92 kcal/mol
GlideScore(   -7.99)+Epik State Penalty(    1.36) =    -6.63 kcal/mol
GlideScore(   -7.57)+Epik State Penalty(    1.36) =    -6.21 kcal/mol
GlideScore(   -6.80)+Epik State Penalty(    1.36) =    -5.44 kcal/mol
GlideScore(   -7.77)+Epik State Penalty(    1.36) =    -6.41 kcal/mol
GlideScore(   -7.16)+Epik State Penalty(    1.36) =    -5.80 kcal/mol
GlideScore(   -7.32)+Epik State Penalty(    1.36) =    -5.96 kcal/mol
GlideScore(   -7.44)+Epik State Penalty(    1.36) =    -6.08 kcal/mol
GlideScore(   -6.55)+Epik State Penalty(    1.36) =    -5.19 kcal/mol
GlideScore(   -6.91)+Epik State Penalty(    1.36) =    -5.55 kcal/mol
GlideScore(   -6.53)+Epik State Penalty(    1.36) =    -5.17 kcal/mol
GlideScore(   -6.61)+Epik State Penalty(    1.36) =    -5.25 kcal/mol
GlideScore(   -6.63)+Epik State Penalty(    1.36) =    -5.27 kcal/mol
GlideScore(   -6.44)+Epik State Penalty(    1.36) =    -5.08 kcal/mol
GlideScore(   -5.76)+Epik State Penalty(    1.36) =    -4.41 kcal/mol
GlideScore(   -6.41)+Epik State Penalty(    1.36) =    -5.06 kcal/mol
GlideScore(   -5.60)+Epik State Penalty(    1.36) =    -4.25 kcal/mol
GlideScore(   -6.71)+Epik State Penalty(    1.36) =    -5.35 kcal/mol
GlideScore(   -5.77)+Epik State Penalty(    1.36) =    -4.41 kcal/mol
GlideScore(   -5.94)+Epik State Penalty(    1.36) =    -4.58 kcal/mol
GlideScore(   -6.27)+Epik State Penalty(    1.36) =    -4.91 kcal/mol
GlideScore(   -5.38)+Epik State Penalty(    1.36) =    -4.02 kcal/mol
GlideScore(   -6.38)+Epik State Penalty(    1.36) =    -5.02 kcal/mol
GlideScore(   -5.36)+Epik State Penalty(    1.36) =    -4.00 kcal/mol
GlideScore(   -5.31)+Epik State Penalty(    1.36) =    -3.96 kcal/mol
GlideScore(   -6.25)+Epik State Penalty(    1.36) =    -4.89 kcal/mol
GlideScore(   -6.74)+Epik State Penalty(    1.36) =    -5.38 kcal/mol
GlideScore(   -5.12)+Epik State Penalty(    1.36) =    -3.76 kcal/mol
GlideScore(   -6.82)+Epik State Penalty(    1.36) =    -5.46 kcal/mol
GlideScore(   -6.21)+Epik State Penalty(    1.36) =    -4.85 kcal/mol
GlideScore(   -5.12)+Epik State Penalty(    1.36) =    -3.76 kcal/mol
GlideScore(   -6.72)+Epik State Penalty(    1.36) =    -5.36 kcal/mol
GlideScore(   -6.32)+Epik State Penalty(    1.36) =    -4.96 kcal/mol
GlideScore(   -6.12)+Epik State Penalty(    1.36) =    -4.76 kcal/mol
GlideScore(   -6.14)+Epik State Penalty(    1.36) =    -4.78 kcal/mol
GlideScore(   -5.27)+Epik State Penalty(    1.36) =    -3.92 kcal/mol
GlideScore(   -5.07)+Epik State Penalty(    1.36) =    -3.71 kcal/mol
GlideScore(   -5.53)+Epik State Penalty(    1.36) =    -4.17 kcal/mol
GlideScore(   -5.08)+Epik State Penalty(    1.36) =    -3.73 kcal/mol
GlideScore(   -5.85)+Epik State Penalty(    1.36) =    -4.49 kcal/mol
GlideScore(   -5.85)+Epik State Penalty(    1.36) =    -4.49 kcal/mol
GlideScore(   -4.59)+Epik State Penalty(    1.36) =    -3.23 kcal/mol
GlideScore(   -5.25)+Epik State Penalty(    1.36) =    -3.89 kcal/mol
GlideScore(   -4.71)+Epik State Penalty(    1.36) =    -3.36 kcal/mol
GlideScore(   -5.45)+Epik State Penalty(    1.36) =    -4.10 kcal/mol
GlideScore(   -6.08)+Epik State Penalty(    1.36) =    -4.73 kcal/mol
GlideScore(   -5.72)+Epik State Penalty(    1.36) =    -4.36 kcal/mol
GlideScore(   -4.76)+Epik State Penalty(    1.36) =    -3.40 kcal/mol
GlideScore(   -5.81)+Epik State Penalty(    1.36) =    -4.45 kcal/mol
GlideScore(   -5.01)+Epik State Penalty(    1.36) =    -3.65 kcal/mol
GlideScore(   -5.02)+Epik State Penalty(    1.36) =    -3.66 kcal/mol
GlideScore(   -4.96)+Epik State Penalty(    1.36) =    -3.61 kcal/mol
GlideScore(   -6.21)+Epik State Penalty(    1.36) =    -4.86 kcal/mol
GlideScore(   -4.81)+Epik State Penalty(    1.36) =    -3.46 kcal/mol
GlideScore(   -4.80)+Epik State Penalty(    1.36) =    -3.45 kcal/mol
GlideScore(   -6.24)+Epik State Penalty(    1.36) =    -4.88 kcal/mol
GlideScore(   -4.77)+Epik State Penalty(    1.36) =    -3.41 kcal/mol
GlideScore(   -4.64)+Epik State Penalty(    1.36) =    -3.29 kcal/mol
GlideScore(   -5.34)+Epik State Penalty(    1.36) =    -3.98 kcal/mol
GlideScore(   -4.62)+Epik State Penalty(    1.36) =    -3.26 kcal/mol
GlideScore(   -5.42)+Epik State Penalty(    1.36) =    -4.07 kcal/mol
GlideScore(   -6.29)+Epik State Penalty(    1.36) =    -4.93 kcal/mol
GlideScore(   -5.19)+Epik State Penalty(    1.36) =    -3.84 kcal/mol
GlideScore(   -4.40)+Epik State Penalty(    1.36) =    -3.04 kcal/mol
GlideScore(   -5.77)+Epik State Penalty(    1.36) =    -4.41 kcal/mol
GlideScore(   -4.92)+Epik State Penalty(    1.36) =    -3.56 kcal/mol
GlideScore(   -4.52)+Epik State Penalty(    1.36) =    -3.17 kcal/mol
GlideScore(   -5.73)+Epik State Penalty(    1.36) =    -4.37 kcal/mol
GlideScore(   -4.37)+Epik State Penalty(    1.36) =    -3.01 kcal/mol
GlideScore(   -6.30)+Epik State Penalty(    1.36) =    -4.94 kcal/mol
GlideScore(   -5.80)+Epik State Penalty(    1.36) =    -4.44 kcal/mol
GlideScore(   -4.04)+Epik State Penalty(    1.36) =    -2.69 kcal/mol
GlideScore(   -4.02)+Epik State Penalty(    1.36) =    -2.67 kcal/mol
GlideScore(   -4.05)+Epik State Penalty(    1.36) =    -2.69 kcal/mol
GlideScore(   -4.61)+Epik State Penalty(    1.36) =    -3.25 kcal/mol
DOCKING RESULTS FOR LIGAND        5 (6E59_lig)
Best Emodel=   -77.73 E=   -50.77 Eint=     0.96 GlideScore=    -8.36
Calling OPLS_2005 atomtyping ...
Finished parameter assignment
 Number of rotatable bonds           10
 Using templates for ring conformations.
 set icplus          37
 set icplus          39
 set icplus          40
GlideScore(   -9.17)+Epik State Penalty(    1.56) =    -7.61 kcal/mol
GlideScore(   -8.95)+Epik State Penalty(    1.56) =    -7.40 kcal/mol
GlideScore(   -8.00)+Epik State Penalty(    1.56) =    -6.44 kcal/mol
GlideScore(   -7.46)+Epik State Penalty(    1.56) =    -5.90 kcal/mol
GlideScore(   -7.64)+Epik State Penalty(    1.56) =    -6.08 kcal/mol
GlideScore(   -7.98)+Epik State Penalty(    1.56) =    -6.43 kcal/mol
GlideScore(   -7.55)+Epik State Penalty(    1.56) =    -5.99 kcal/mol
GlideScore(   -7.64)+Epik State Penalty(    1.56) =    -6.08 kcal/mol
GlideScore(   -7.76)+Epik State Penalty(    1.56) =    -6.20 kcal/mol
GlideScore(   -7.51)+Epik State Penalty(    1.56) =    -5.95 kcal/mol
GlideScore(   -7.95)+Epik State Penalty(    1.56) =    -6.39 kcal/mol
GlideScore(   -8.03)+Epik State Penalty(    1.56) =    -6.48 kcal/mol
GlideScore(   -7.47)+Epik State Penalty(    1.56) =    -5.91 kcal/mol
GlideScore(   -7.54)+Epik State Penalty(    1.56) =    -5.98 kcal/mol
GlideScore(   -7.14)+Epik State Penalty(    1.56) =    -5.59 kcal/mol
GlideScore(   -7.46)+Epik State Penalty(    1.56) =    -5.90 kcal/mol
GlideScore(   -7.33)+Epik State Penalty(    1.56) =    -5.77 kcal/mol
GlideScore(   -6.91)+Epik State Penalty(    1.56) =    -5.35 kcal/mol
GlideScore(   -7.27)+Epik State Penalty(    1.56) =    -5.72 kcal/mol
GlideScore(   -6.65)+Epik State Penalty(    1.56) =    -5.09 kcal/mol
GlideScore(   -7.56)+Epik State Penalty(    1.56) =    -6.00 kcal/mol
GlideScore(   -7.44)+Epik State Penalty(    1.56) =    -5.88 kcal/mol
GlideScore(   -6.93)+Epik State Penalty(    1.56) =    -5.37 kcal/mol
GlideScore(   -6.71)+Epik State Penalty(    1.56) =    -5.15 kcal/mol
GlideScore(   -7.39)+Epik State Penalty(    1.56) =    -5.83 kcal/mol
GlideScore(   -6.54)+Epik State Penalty(    1.56) =    -4.98 kcal/mol
GlideScore(   -7.87)+Epik State Penalty(    1.56) =    -6.32 kcal/mol
GlideScore(   -6.73)+Epik State Penalty(    1.56) =    -5.17 kcal/mol
GlideScore(   -7.49)+Epik State Penalty(    1.56) =    -5.93 kcal/mol
GlideScore(   -7.14)+Epik State Penalty(    1.56) =    -5.59 kcal/mol
GlideScore(   -6.99)+Epik State Penalty(    1.56) =    -5.43 kcal/mol
GlideScore(   -6.93)+Epik State Penalty(    1.56) =    -5.37 kcal/mol
GlideScore(   -7.26)+Epik State Penalty(    1.56) =    -5.71 kcal/mol
GlideScore(   -6.45)+Epik State Penalty(    1.56) =    -4.89 kcal/mol
GlideScore(   -7.43)+Epik State Penalty(    1.56) =    -5.88 kcal/mol
GlideScore(   -6.81)+Epik State Penalty(    1.56) =    -5.25 kcal/mol
GlideScore(   -7.30)+Epik State Penalty(    1.56) =    -5.74 kcal/mol
GlideScore(   -7.45)+Epik State Penalty(    1.56) =    -5.89 kcal/mol
GlideScore(   -6.64)+Epik State Penalty(    1.56) =    -5.08 kcal/mol
GlideScore(   -7.06)+Epik State Penalty(    1.56) =    -5.50 kcal/mol
GlideScore(   -6.85)+Epik State Penalty(    1.56) =    -5.29 kcal/mol
GlideScore(   -7.05)+Epik State Penalty(    1.56) =    -5.49 kcal/mol
GlideScore(   -7.04)+Epik State Penalty(    1.56) =    -5.48 kcal/mol
GlideScore(   -6.55)+Epik State Penalty(    1.56) =    -4.99 kcal/mol
GlideScore(   -7.09)+Epik State Penalty(    1.56) =    -5.53 kcal/mol
GlideScore(   -6.88)+Epik State Penalty(    1.56) =    -5.32 kcal/mol
GlideScore(   -7.10)+Epik State Penalty(    1.56) =    -5.54 kcal/mol
GlideScore(   -6.71)+Epik State Penalty(    1.56) =    -5.15 kcal/mol
GlideScore(   -6.98)+Epik State Penalty(    1.56) =    -5.42 kcal/mol
GlideScore(   -6.99)+Epik State Penalty(    1.56) =    -5.43 kcal/mol
GlideScore(   -6.55)+Epik State Penalty(    1.56) =    -4.99 kcal/mol
GlideScore(   -6.71)+Epik State Penalty(    1.56) =    -5.15 kcal/mol
GlideScore(   -6.42)+Epik State Penalty(    1.56) =    -4.86 kcal/mol
GlideScore(   -6.59)+Epik State Penalty(    1.56) =    -5.03 kcal/mol
GlideScore(   -6.61)+Epik State Penalty(    1.56) =    -5.05 kcal/mol
GlideScore(   -6.76)+Epik State Penalty(    1.56) =    -5.21 kcal/mol
GlideScore(   -6.55)+Epik State Penalty(    1.56) =    -4.99 kcal/mol
GlideScore(   -6.29)+Epik State Penalty(    1.56) =    -4.73 kcal/mol
GlideScore(   -6.23)+Epik State Penalty(    1.56) =    -4.67 kcal/mol
GlideScore(   -6.60)+Epik State Penalty(    1.56) =    -5.04 kcal/mol
GlideScore(   -7.00)+Epik State Penalty(    1.56) =    -5.44 kcal/mol
GlideScore(   -7.06)+Epik State Penalty(    1.56) =    -5.51 kcal/mol
GlideScore(   -6.89)+Epik State Penalty(    1.56) =    -5.33 kcal/mol
GlideScore(   -7.03)+Epik State Penalty(    1.56) =    -5.47 kcal/mol
GlideScore(   -6.82)+Epik State Penalty(    1.56) =    -5.26 kcal/mol
GlideScore(   -6.61)+Epik State Penalty(    1.56) =    -5.05 kcal/mol
GlideScore(   -6.81)+Epik State Penalty(    1.56) =    -5.25 kcal/mol
GlideScore(   -6.16)+Epik State Penalty(    1.56) =    -4.61 kcal/mol
GlideScore(   -6.39)+Epik State Penalty(    1.56) =    -4.83 kcal/mol
GlideScore(   -6.60)+Epik State Penalty(    1.56) =    -5.04 kcal/mol
GlideScore(   -6.31)+Epik State Penalty(    1.56) =    -4.75 kcal/mol
GlideScore(   -6.23)+Epik State Penalty(    1.56) =    -4.67 kcal/mol
GlideScore(   -6.11)+Epik State Penalty(    1.56) =    -4.55 kcal/mol
GlideScore(   -6.38)+Epik State Penalty(    1.56) =    -4.82 kcal/mol
GlideScore(   -5.78)+Epik State Penalty(    1.56) =    -4.22 kcal/mol
GlideScore(   -5.67)+Epik State Penalty(    1.56) =    -4.11 kcal/mol
GlideScore(   -5.49)+Epik State Penalty(    1.56) =    -3.93 kcal/mol
GlideScore(   -6.53)+Epik State Penalty(    1.56) =    -4.97 kcal/mol
GlideScore(   -6.00)+Epik State Penalty(    1.56) =    -4.44 kcal/mol
GlideScore(   -5.71)+Epik State Penalty(    1.56) =    -4.15 kcal/mol
GlideScore(   -5.61)+Epik State Penalty(    1.56) =    -4.05 kcal/mol
GlideScore(   -5.94)+Epik State Penalty(    1.56) =    -4.39 kcal/mol
GlideScore(   -6.60)+Epik State Penalty(    1.56) =    -5.04 kcal/mol
GlideScore(   -6.10)+Epik State Penalty(    1.56) =    -4.54 kcal/mol
GlideScore(   -5.73)+Epik State Penalty(    1.56) =    -4.17 kcal/mol
GlideScore(   -5.57)+Epik State Penalty(    1.56) =    -4.01 kcal/mol
GlideScore(   -4.92)+Epik State Penalty(    1.56) =    -3.36 kcal/mol
GlideScore(   -5.06)+Epik State Penalty(    1.56) =    -3.50 kcal/mol
GlideScore(   -5.43)+Epik State Penalty(    1.56) =    -3.87 kcal/mol
GlideScore(   -5.77)+Epik State Penalty(    1.56) =    -4.22 kcal/mol
DOCKING RESULTS FOR LIGAND        6 (6E59_lig)
Best Emodel=   -79.35 E=   -51.52 Eint=     9.18 GlideScore=    -9.17
Calling OPLS_2005 atomtyping ...
Finished parameter assignment
 Number of rotatable bonds           10
 Using templates for ring conformations.
 set icplus          19
 set icplus          29
 set icplus          31
 set icplus          37
 set icplus          39
 set icplus          40
GlideScore(   -8.86)+Epik State Penalty(    2.07) =    -6.79 kcal/mol
GlideScore(   -8.48)+Epik State Penalty(    2.07) =    -6.41 kcal/mol
GlideScore(  -10.53)+Epik State Penalty(    2.07) =    -8.46 kcal/mol
GlideScore(   -8.30)+Epik State Penalty(    2.07) =    -6.23 kcal/mol
GlideScore(   -8.12)+Epik State Penalty(    2.07) =    -6.05 kcal/mol
GlideScore(   -8.35)+Epik State Penalty(    2.07) =    -6.28 kcal/mol
GlideScore(   -8.05)+Epik State Penalty(    2.07) =    -5.98 kcal/mol
GlideScore(   -7.89)+Epik State Penalty(    2.07) =    -5.82 kcal/mol
GlideScore(   -7.70)+Epik State Penalty(    2.07) =    -5.63 kcal/mol
GlideScore(   -8.27)+Epik State Penalty(    2.07) =    -6.20 kcal/mol
GlideScore(   -7.84)+Epik State Penalty(    2.07) =    -5.78 kcal/mol
GlideScore(   -8.12)+Epik State Penalty(    2.07) =    -6.05 kcal/mol
GlideScore(   -7.59)+Epik State Penalty(    2.07) =    -5.52 kcal/mol
GlideScore(   -7.48)+Epik State Penalty(    2.07) =    -5.41 kcal/mol
GlideScore(   -7.31)+Epik State Penalty(    2.07) =    -5.24 kcal/mol
GlideScore(   -7.96)+Epik State Penalty(    2.07) =    -5.89 kcal/mol
GlideScore(   -7.63)+Epik State Penalty(    2.07) =    -5.56 kcal/mol
GlideScore(   -7.74)+Epik State Penalty(    2.07) =    -5.67 kcal/mol
GlideScore(   -7.23)+Epik State Penalty(    2.07) =    -5.16 kcal/mol
GlideScore(   -7.82)+Epik State Penalty(    2.07) =    -5.75 kcal/mol
GlideScore(   -7.48)+Epik State Penalty(    2.07) =    -5.41 kcal/mol
GlideScore(   -8.49)+Epik State Penalty(    2.07) =    -6.43 kcal/mol
GlideScore(   -7.65)+Epik State Penalty(    2.07) =    -5.59 kcal/mol
GlideScore(   -8.41)+Epik State Penalty(    2.07) =    -6.34 kcal/mol
GlideScore(   -7.43)+Epik State Penalty(    2.07) =    -5.36 kcal/mol
GlideScore(   -7.13)+Epik State Penalty(    2.07) =    -5.07 kcal/mol
GlideScore(   -7.27)+Epik State Penalty(    2.07) =    -5.20 kcal/mol
GlideScore(   -6.91)+Epik State Penalty(    2.07) =    -4.84 kcal/mol
GlideScore(   -6.90)+Epik State Penalty(    2.07) =    -4.83 kcal/mol
GlideScore(   -7.36)+Epik State Penalty(    2.07) =    -5.29 kcal/mol
GlideScore(   -6.97)+Epik State Penalty(    2.07) =    -4.90 kcal/mol
GlideScore(   -6.95)+Epik State Penalty(    2.07) =    -4.88 kcal/mol
GlideScore(   -7.38)+Epik State Penalty(    2.07) =    -5.31 kcal/mol
GlideScore(   -7.51)+Epik State Penalty(    2.07) =    -5.45 kcal/mol
GlideScore(   -6.96)+Epik State Penalty(    2.07) =    -4.89 kcal/mol
GlideScore(   -6.97)+Epik State Penalty(    2.07) =    -4.90 kcal/mol
GlideScore(   -7.62)+Epik State Penalty(    2.07) =    -5.55 kcal/mol
GlideScore(   -6.59)+Epik State Penalty(    2.07) =    -4.52 kcal/mol
GlideScore(   -7.14)+Epik State Penalty(    2.07) =    -5.07 kcal/mol
GlideScore(   -6.25)+Epik State Penalty(    2.07) =    -4.18 kcal/mol
GlideScore(   -6.55)+Epik State Penalty(    2.07) =    -4.49 kcal/mol
GlideScore(   -7.15)+Epik State Penalty(    2.07) =    -5.08 kcal/mol
GlideScore(   -6.82)+Epik State Penalty(    2.07) =    -4.75 kcal/mol
GlideScore(   -6.66)+Epik State Penalty(    2.07) =    -4.59 kcal/mol
GlideScore(   -7.57)+Epik State Penalty(    2.07) =    -5.50 kcal/mol
GlideScore(   -6.55)+Epik State Penalty(    2.07) =    -4.48 kcal/mol
GlideScore(   -6.25)+Epik State Penalty(    2.07) =    -4.19 kcal/mol
GlideScore(   -7.03)+Epik State Penalty(    2.07) =    -4.97 kcal/mol
GlideScore(   -7.39)+Epik State Penalty(    2.07) =    -5.32 kcal/mol
GlideScore(   -7.20)+Epik State Penalty(    2.07) =    -5.14 kcal/mol
GlideScore(   -6.59)+Epik State Penalty(    2.07) =    -4.52 kcal/mol
GlideScore(   -6.42)+Epik State Penalty(    2.07) =    -4.36 kcal/mol
GlideScore(   -6.62)+Epik State Penalty(    2.07) =    -4.55 kcal/mol
GlideScore(   -6.17)+Epik State Penalty(    2.07) =    -4.10 kcal/mol
GlideScore(   -6.27)+Epik State Penalty(    2.07) =    -4.20 kcal/mol
GlideScore(   -6.45)+Epik State Penalty(    2.07) =    -4.38 kcal/mol
GlideScore(   -7.05)+Epik State Penalty(    2.07) =    -4.98 kcal/mol
GlideScore(   -6.05)+Epik State Penalty(    2.07) =    -3.99 kcal/mol
GlideScore(   -6.38)+Epik State Penalty(    2.07) =    -4.31 kcal/mol
GlideScore(   -6.70)+Epik State Penalty(    2.07) =    -4.63 kcal/mol
GlideScore(   -6.02)+Epik State Penalty(    2.07) =    -3.95 kcal/mol
GlideScore(   -6.84)+Epik State Penalty(    2.07) =    -4.78 kcal/mol
GlideScore(   -5.85)+Epik State Penalty(    2.07) =    -3.78 kcal/mol
GlideScore(   -6.94)+Epik State Penalty(    2.07) =    -4.88 kcal/mol
GlideScore(   -7.57)+Epik State Penalty(    2.07) =    -5.50 kcal/mol
GlideScore(   -5.93)+Epik State Penalty(    2.07) =    -3.86 kcal/mol
GlideScore(   -6.62)+Epik State Penalty(    2.07) =    -4.55 kcal/mol
GlideScore(   -6.83)+Epik State Penalty(    2.07) =    -4.77 kcal/mol
GlideScore(   -6.07)+Epik State Penalty(    2.07) =    -4.01 kcal/mol
GlideScore(   -6.40)+Epik State Penalty(    2.07) =    -4.33 kcal/mol
GlideScore(   -7.45)+Epik State Penalty(    2.07) =    -5.38 kcal/mol
GlideScore(   -5.87)+Epik State Penalty(    2.07) =    -3.81 kcal/mol
GlideScore(   -6.40)+Epik State Penalty(    2.07) =    -4.33 kcal/mol
GlideScore(   -6.22)+Epik State Penalty(    2.07) =    -4.15 kcal/mol
GlideScore(   -5.65)+Epik State Penalty(    2.07) =    -3.58 kcal/mol
GlideScore(   -7.24)+Epik State Penalty(    2.07) =    -5.18 kcal/mol
GlideScore(   -5.97)+Epik State Penalty(    2.07) =    -3.90 kcal/mol
GlideScore(   -5.95)+Epik State Penalty(    2.07) =    -3.88 kcal/mol
GlideScore(   -5.82)+Epik State Penalty(    2.07) =    -3.75 kcal/mol
GlideScore(   -5.98)+Epik State Penalty(    2.07) =    -3.91 kcal/mol
GlideScore(   -6.48)+Epik State Penalty(    2.07) =    -4.42 kcal/mol
GlideScore(   -6.66)+Epik State Penalty(    2.07) =    -4.59 kcal/mol
GlideScore(   -6.45)+Epik State Penalty(    2.07) =    -4.38 kcal/mol
GlideScore(   -4.34)+Epik State Penalty(    2.07) =    -2.27 kcal/mol
GlideScore(   -3.95)+Epik State Penalty(    2.07) =    -1.88 kcal/mol
DOCKING RESULTS FOR LIGAND        7 (6E59_lig)
Best Emodel=   -84.88 E=   -50.46 Eint=     6.49 GlideScore=    -8.86
Calling OPLS_2005 atomtyping ...
Finished parameter assignment
 Number of rotatable bonds           10
 Using templates for ring conformations.
 set icplus          19
 set icplus          29
 set icplus          31
 set icplus          37
 set icplus          39
 set icplus          40
GlideScore(   -9.40)+Epik State Penalty(    2.07) =    -7.34 kcal/mol
GlideScore(   -9.58)+Epik State Penalty(    2.07) =    -7.51 kcal/mol
GlideScore(   -9.13)+Epik State Penalty(    2.07) =    -7.07 kcal/mol
GlideScore(   -7.79)+Epik State Penalty(    2.07) =    -5.72 kcal/mol
GlideScore(   -8.27)+Epik State Penalty(    2.07) =    -6.20 kcal/mol
GlideScore(   -8.60)+Epik State Penalty(    2.07) =    -6.53 kcal/mol
GlideScore(   -8.72)+Epik State Penalty(    2.07) =    -6.65 kcal/mol
GlideScore(   -7.58)+Epik State Penalty(    2.07) =    -5.51 kcal/mol
GlideScore(   -7.45)+Epik State Penalty(    2.07) =    -5.38 kcal/mol
GlideScore(   -9.14)+Epik State Penalty(    2.07) =    -7.07 kcal/mol
GlideScore(   -9.06)+Epik State Penalty(    2.07) =    -7.00 kcal/mol
GlideScore(   -7.63)+Epik State Penalty(    2.07) =    -5.56 kcal/mol
GlideScore(   -9.24)+Epik State Penalty(    2.07) =    -7.17 kcal/mol
GlideScore(   -8.42)+Epik State Penalty(    2.07) =    -6.35 kcal/mol
GlideScore(   -8.88)+Epik State Penalty(    2.07) =    -6.81 kcal/mol
GlideScore(   -8.85)+Epik State Penalty(    2.07) =    -6.78 kcal/mol
GlideScore(   -6.79)+Epik State Penalty(    2.07) =    -4.73 kcal/mol
GlideScore(   -6.79)+Epik State Penalty(    2.07) =    -4.72 kcal/mol
GlideScore(   -8.71)+Epik State Penalty(    2.07) =    -6.64 kcal/mol
GlideScore(   -7.48)+Epik State Penalty(    2.07) =    -5.41 kcal/mol
GlideScore(   -5.89)+Epik State Penalty(    2.07) =    -3.82 kcal/mol
GlideScore(   -8.65)+Epik State Penalty(    2.07) =    -6.59 kcal/mol
GlideScore(   -8.91)+Epik State Penalty(    2.07) =    -6.84 kcal/mol
GlideScore(   -7.38)+Epik State Penalty(    2.07) =    -5.31 kcal/mol
GlideScore(   -6.89)+Epik State Penalty(    2.07) =    -4.82 kcal/mol
GlideScore(   -6.38)+Epik State Penalty(    2.07) =    -4.32 kcal/mol
GlideScore(   -6.44)+Epik State Penalty(    2.07) =    -4.37 kcal/mol
GlideScore(  -10.18)+Epik State Penalty(    2.07) =    -8.11 kcal/mol
GlideScore(   -6.30)+Epik State Penalty(    2.07) =    -4.23 kcal/mol
GlideScore(   -6.87)+Epik State Penalty(    2.07) =    -4.80 kcal/mol
GlideScore(   -8.08)+Epik State Penalty(    2.07) =    -6.01 kcal/mol
GlideScore(   -5.88)+Epik State Penalty(    2.07) =    -3.82 kcal/mol
GlideScore(   -5.81)+Epik State Penalty(    2.07) =    -3.75 kcal/mol
GlideScore(   -6.12)+Epik State Penalty(    2.07) =    -4.05 kcal/mol
GlideScore(   -6.09)+Epik State Penalty(    2.07) =    -4.03 kcal/mol
GlideScore(   -5.77)+Epik State Penalty(    2.07) =    -3.70 kcal/mol
GlideScore(   -8.62)+Epik State Penalty(    2.07) =    -6.55 kcal/mol
GlideScore(   -6.13)+Epik State Penalty(    2.07) =    -4.06 kcal/mol
GlideScore(   -5.60)+Epik State Penalty(    2.07) =    -3.53 kcal/mol
GlideScore(   -6.50)+Epik State Penalty(    2.07) =    -4.44 kcal/mol
GlideScore(   -5.59)+Epik State Penalty(    2.07) =    -3.52 kcal/mol
GlideScore(   -8.18)+Epik State Penalty(    2.07) =    -6.11 kcal/mol
GlideScore(   -6.72)+Epik State Penalty(    2.07) =    -4.65 kcal/mol
GlideScore(   -6.08)+Epik State Penalty(    2.07) =    -4.02 kcal/mol
GlideScore(   -6.97)+Epik State Penalty(    2.07) =    -4.90 kcal/mol
GlideScore(   -5.74)+Epik State Penalty(    2.07) =    -3.67 kcal/mol
GlideScore(   -6.35)+Epik State Penalty(    2.07) =    -4.29 kcal/mol
GlideScore(   -8.46)+Epik State Penalty(    2.07) =    -6.39 kcal/mol
GlideScore(   -6.95)+Epik State Penalty(    2.07) =    -4.89 kcal/mol
GlideScore(   -6.34)+Epik State Penalty(    2.07) =    -4.27 kcal/mol
GlideScore(   -6.33)+Epik State Penalty(    2.07) =    -4.27 kcal/mol
GlideScore(   -5.84)+Epik State Penalty(    2.07) =    -3.77 kcal/mol
GlideScore(   -5.58)+Epik State Penalty(    2.07) =    -3.51 kcal/mol
GlideScore(   -5.59)+Epik State Penalty(    2.07) =    -3.52 kcal/mol
GlideScore(   -7.72)+Epik State Penalty(    2.07) =    -5.65 kcal/mol
GlideScore(   -8.38)+Epik State Penalty(    2.07) =    -6.31 kcal/mol
GlideScore(   -5.63)+Epik State Penalty(    2.07) =    -3.56 kcal/mol
GlideScore(   -6.97)+Epik State Penalty(    2.07) =    -4.90 kcal/mol
GlideScore(   -5.31)+Epik State Penalty(    2.07) =    -3.24 kcal/mol
GlideScore(   -8.33)+Epik State Penalty(    2.07) =    -6.26 kcal/mol
GlideScore(   -6.26)+Epik State Penalty(    2.07) =    -4.19 kcal/mol
GlideScore(   -9.28)+Epik State Penalty(    2.07) =    -7.21 kcal/mol
GlideScore(   -6.25)+Epik State Penalty(    2.07) =    -4.18 kcal/mol
GlideScore(   -5.72)+Epik State Penalty(    2.07) =    -3.65 kcal/mol
GlideScore(   -5.24)+Epik State Penalty(    2.07) =    -3.17 kcal/mol
GlideScore(   -5.76)+Epik State Penalty(    2.07) =    -3.70 kcal/mol
GlideScore(   -6.29)+Epik State Penalty(    2.07) =    -4.23 kcal/mol
GlideScore(   -6.22)+Epik State Penalty(    2.07) =    -4.15 kcal/mol
GlideScore(   -7.68)+Epik State Penalty(    2.07) =    -5.62 kcal/mol
GlideScore(   -5.73)+Epik State Penalty(    2.07) =    -3.67 kcal/mol
GlideScore(   -7.37)+Epik State Penalty(    2.07) =    -5.30 kcal/mol
GlideScore(   -6.12)+Epik State Penalty(    2.07) =    -4.05 kcal/mol
GlideScore(   -4.80)+Epik State Penalty(    2.07) =    -2.74 kcal/mol
GlideScore(   -7.39)+Epik State Penalty(    2.07) =    -5.33 kcal/mol
GlideScore(   -5.33)+Epik State Penalty(    2.07) =    -3.26 kcal/mol
GlideScore(   -3.65)+Epik State Penalty(    2.07) =    -1.58 kcal/mol
GlideScore(   -7.07)+Epik State Penalty(    2.07) =    -5.00 kcal/mol
GlideScore(   -3.96)+Epik State Penalty(    2.07) =    -1.89 kcal/mol
GlideScore(   -6.96)+Epik State Penalty(    2.07) =    -4.90 kcal/mol
GlideScore(   -6.56)+Epik State Penalty(    2.07) =    -4.49 kcal/mol
GlideScore(   -7.61)+Epik State Penalty(    2.07) =    -5.54 kcal/mol
GlideScore(   -6.67)+Epik State Penalty(    2.07) =    -4.61 kcal/mol
GlideScore(   -6.75)+Epik State Penalty(    2.07) =    -4.68 kcal/mol
GlideScore(   -6.41)+Epik State Penalty(    2.07) =    -4.34 kcal/mol
GlideScore(   -6.91)+Epik State Penalty(    2.07) =    -4.84 kcal/mol
GlideScore(   -3.03)+Epik State Penalty(    2.07) =    -0.97 kcal/mol
GlideScore(   -5.34)+Epik State Penalty(    2.07) =    -3.27 kcal/mol
GlideScore(   -5.44)+Epik State Penalty(    2.07) =    -3.37 kcal/mol
GlideScore(   -4.15)+Epik State Penalty(    2.07) =    -2.08 kcal/mol
DOCKING RESULTS FOR LIGAND        8 (6E59_lig)
Best Emodel=   -82.58 E=   -53.93 Eint=    16.00 GlideScore=    -9.40

Glide is executing the glide_sort command.
Command-line equivalent is:
 "/share/software/user/restricted/schrodinger/2021-1/utilities/glide_sort" -n 0 -o "6E59_lig-to-AF_6E59_pv.maegz"   -hbond_cut 0.00 -cvdw_cut 0.00 -metal_cut 10.00 -gscore_cut 100.00 -dscore_cut 100.00 "6E59_lig-to-AF_6E59_raw.maegz"
REPORT OF BEST 692 POSES

The receptor and sorted ligand structures were written to the file
6E59_lig-to-AF_6E59_pv.maegz  for use in the Pose Viewer.

Final rankings based on original docking score
0 poses were rejected by the energy filters,
    Coul+vdw Energy <=     0.0    Hbond Interaction <=     0.0    Metal Interaction <=    10.0    GlideScore <=   100.0    Docking Score <=   100.0
(If any of the above properties is not defined for a given pose,
the corresponding filter is not applied to that pose.)


glide_sort command succeeded.  Pose file 6E59_lig-to-AF_6E59_pv.maegz was written.

Exiting Glide
Date: Friday, December 09 2022, at 02:54:39 PST
CPU time (s): 572.1 user, 14.9 system, 595.9 real
Total elapsed time = 596 seconds (9 minutes, 56 seconds)
