Glide version 90161 (mmshare version 53161)
mmshare         2cb27f0eb7
glide-src       1e5ffd4733
psp-src         6c93e2fe77
macromodel-src  d47a6cf2e1
epik-src        46d635d642

Copyright (c) Schrodinger, LLC.
All Rights Reserved.

--------------------------------------------------------------------------------
JobId          : sh02-10n60-0-639311fc
Name           : 6ME4_lig-to-AF_6ME2
Program        : Glide
Host           : sh02-10n60.int
Dir            : /home/users/jwang003/glosa_mods/MTR1A/docking/6ME4_lig-to-AF_6ME2
HostEntry      : localhost
JobHost        : sh02-10n60.int
JobDir         : /home/users/jwang003/glosa_mods/MTR1A/docking/6ME4_lig-to-AF_6ME2
JobSchrodinger : /share/software/user/restricted/schrodinger/2021-1
Commandline    : /share/software/user/restricted/schrodinger/2021-1/glide -WAIT -LOCAL -RESTART 6ME4_lig-to-AF_6ME2.in
StartTime      : 2022-12-09-02:46:20
--------------------------------------------------------------------------------

 VdW radii of ligand atoms scaled by   0.800000000000000     
 Charge cutoff for polarity   0.150000000000000     
For enhanced sampling, increasing funnel width parameter MAXKEEP by a factor of 4 (number of samples), to 20000
 After readscreen, (nx, ny, nz) = (          30 ,           30 ,           30 ).
  Receptor setup: (nsites, nx, ny, nz, bsize)=(         512 ,           30 , 
          30 ,           30 ,    1.00000000000000      ).
 Screening setup finished.
 DOCKMAIN: getting receptor.
  DOCKMAIN after grid: (nx, ny, nz) = (          80 ,           80 , 
          80 ).
 DOCKMAIN: Grid setup finished
Calling OPLS_2005 atomtyping ...
Finished parameter assignment

Reading torsion control file '/share/software/user/restricted/schrodinger/2021-1/glide-v9.0/bin/Linux-x86_64/../../data/torcontrol.txt':
  
  Using generalized torsion control 
  
 Number of rotatable bonds            5
 Using templates for ring conformations.
For enhanced sampling, increasing funnel width parameter MAXREF by a factor of 4 (number of samples), to 1600

GlideScore version SP5.0 will be used

  
 Buried polar penalty      0.000
 Coulomb vdW cutoff        0.000
 H bond cutoff             0.000
 Metal-ligand cutoff      10.000
Assigning GlideScore SP5.0 parameters
Postdocking minimization: 100 poses; CvdW cutoffs   100.0 kcal/mol for min,     0.0 kcal/mol for report.
GlideScore(   -6.28)+Epik State Penalty(   -0.00) =    -6.28 kcal/mol
GlideScore(   -6.73)+Epik State Penalty(   -0.00) =    -6.73 kcal/mol
GlideScore(   -5.97)+Epik State Penalty(   -0.00) =    -5.97 kcal/mol
GlideScore(   -6.35)+Epik State Penalty(   -0.00) =    -6.35 kcal/mol
GlideScore(   -6.73)+Epik State Penalty(   -0.00) =    -6.73 kcal/mol
GlideScore(   -5.79)+Epik State Penalty(   -0.00) =    -5.79 kcal/mol
GlideScore(   -5.71)+Epik State Penalty(   -0.00) =    -5.71 kcal/mol
GlideScore(   -5.54)+Epik State Penalty(   -0.00) =    -5.54 kcal/mol
GlideScore(   -5.66)+Epik State Penalty(   -0.00) =    -5.66 kcal/mol
GlideScore(   -5.02)+Epik State Penalty(   -0.00) =    -5.02 kcal/mol
GlideScore(   -6.53)+Epik State Penalty(   -0.00) =    -6.53 kcal/mol
GlideScore(   -6.09)+Epik State Penalty(   -0.00) =    -6.09 kcal/mol
GlideScore(   -5.82)+Epik State Penalty(   -0.00) =    -5.82 kcal/mol
GlideScore(   -5.21)+Epik State Penalty(   -0.00) =    -5.21 kcal/mol
GlideScore(   -5.58)+Epik State Penalty(   -0.00) =    -5.58 kcal/mol
GlideScore(   -5.54)+Epik State Penalty(   -0.00) =    -5.54 kcal/mol
GlideScore(   -5.59)+Epik State Penalty(   -0.00) =    -5.59 kcal/mol
GlideScore(   -5.26)+Epik State Penalty(   -0.00) =    -5.26 kcal/mol
GlideScore(   -5.16)+Epik State Penalty(   -0.00) =    -5.16 kcal/mol
GlideScore(   -5.55)+Epik State Penalty(   -0.00) =    -5.55 kcal/mol
GlideScore(   -5.82)+Epik State Penalty(   -0.00) =    -5.82 kcal/mol
GlideScore(   -5.52)+Epik State Penalty(   -0.00) =    -5.52 kcal/mol
GlideScore(   -5.92)+Epik State Penalty(   -0.00) =    -5.92 kcal/mol
GlideScore(   -5.13)+Epik State Penalty(   -0.00) =    -5.13 kcal/mol
GlideScore(   -5.12)+Epik State Penalty(   -0.00) =    -5.12 kcal/mol
GlideScore(   -6.08)+Epik State Penalty(   -0.00) =    -6.08 kcal/mol
GlideScore(   -5.58)+Epik State Penalty(   -0.00) =    -5.58 kcal/mol
GlideScore(   -5.66)+Epik State Penalty(   -0.00) =    -5.66 kcal/mol
GlideScore(   -5.43)+Epik State Penalty(   -0.00) =    -5.43 kcal/mol
GlideScore(   -4.75)+Epik State Penalty(   -0.00) =    -4.75 kcal/mol
GlideScore(   -5.88)+Epik State Penalty(   -0.00) =    -5.88 kcal/mol
GlideScore(   -5.10)+Epik State Penalty(   -0.00) =    -5.10 kcal/mol
GlideScore(   -5.76)+Epik State Penalty(   -0.00) =    -5.76 kcal/mol
GlideScore(   -5.66)+Epik State Penalty(   -0.00) =    -5.66 kcal/mol
GlideScore(   -4.86)+Epik State Penalty(   -0.00) =    -4.86 kcal/mol
GlideScore(   -5.73)+Epik State Penalty(   -0.00) =    -5.73 kcal/mol
GlideScore(   -5.50)+Epik State Penalty(   -0.00) =    -5.50 kcal/mol
GlideScore(   -5.38)+Epik State Penalty(   -0.00) =    -5.38 kcal/mol
GlideScore(   -5.25)+Epik State Penalty(   -0.00) =    -5.25 kcal/mol
GlideScore(   -5.72)+Epik State Penalty(   -0.00) =    -5.72 kcal/mol
GlideScore(   -5.13)+Epik State Penalty(   -0.00) =    -5.13 kcal/mol
GlideScore(   -5.11)+Epik State Penalty(   -0.00) =    -5.11 kcal/mol
GlideScore(   -4.81)+Epik State Penalty(   -0.00) =    -4.81 kcal/mol
GlideScore(   -6.09)+Epik State Penalty(   -0.00) =    -6.09 kcal/mol
GlideScore(   -5.59)+Epik State Penalty(   -0.00) =    -5.59 kcal/mol
GlideScore(   -5.47)+Epik State Penalty(   -0.00) =    -5.47 kcal/mol
GlideScore(   -5.65)+Epik State Penalty(   -0.00) =    -5.65 kcal/mol
GlideScore(   -5.22)+Epik State Penalty(   -0.00) =    -5.22 kcal/mol
GlideScore(   -6.30)+Epik State Penalty(   -0.00) =    -6.30 kcal/mol
GlideScore(   -5.84)+Epik State Penalty(   -0.00) =    -5.84 kcal/mol
GlideScore(   -5.43)+Epik State Penalty(   -0.00) =    -5.43 kcal/mol
GlideScore(   -5.50)+Epik State Penalty(   -0.00) =    -5.50 kcal/mol
GlideScore(   -5.36)+Epik State Penalty(   -0.00) =    -5.36 kcal/mol
GlideScore(   -5.29)+Epik State Penalty(   -0.00) =    -5.29 kcal/mol
GlideScore(   -5.17)+Epik State Penalty(   -0.00) =    -5.17 kcal/mol
GlideScore(   -4.98)+Epik State Penalty(   -0.00) =    -4.98 kcal/mol
GlideScore(   -5.08)+Epik State Penalty(   -0.00) =    -5.08 kcal/mol
GlideScore(   -4.73)+Epik State Penalty(   -0.00) =    -4.73 kcal/mol
GlideScore(   -5.44)+Epik State Penalty(   -0.00) =    -5.44 kcal/mol
GlideScore(   -4.88)+Epik State Penalty(   -0.00) =    -4.88 kcal/mol
GlideScore(   -5.23)+Epik State Penalty(   -0.00) =    -5.23 kcal/mol
GlideScore(   -4.69)+Epik State Penalty(   -0.00) =    -4.69 kcal/mol
GlideScore(   -4.87)+Epik State Penalty(   -0.00) =    -4.87 kcal/mol
GlideScore(   -4.42)+Epik State Penalty(   -0.00) =    -4.42 kcal/mol
GlideScore(   -4.90)+Epik State Penalty(   -0.00) =    -4.90 kcal/mol
GlideScore(   -4.98)+Epik State Penalty(   -0.00) =    -4.98 kcal/mol
GlideScore(   -4.35)+Epik State Penalty(   -0.00) =    -4.35 kcal/mol
GlideScore(   -4.93)+Epik State Penalty(   -0.00) =    -4.93 kcal/mol
GlideScore(   -4.95)+Epik State Penalty(   -0.00) =    -4.95 kcal/mol
GlideScore(   -5.04)+Epik State Penalty(   -0.00) =    -5.04 kcal/mol
GlideScore(   -4.91)+Epik State Penalty(   -0.00) =    -4.91 kcal/mol
GlideScore(   -5.11)+Epik State Penalty(   -0.00) =    -5.11 kcal/mol
GlideScore(   -5.00)+Epik State Penalty(   -0.00) =    -5.00 kcal/mol
GlideScore(   -5.77)+Epik State Penalty(   -0.00) =    -5.77 kcal/mol
GlideScore(   -5.19)+Epik State Penalty(   -0.00) =    -5.19 kcal/mol
GlideScore(   -5.35)+Epik State Penalty(   -0.00) =    -5.35 kcal/mol
GlideScore(   -4.05)+Epik State Penalty(   -0.00) =    -4.05 kcal/mol
GlideScore(   -5.09)+Epik State Penalty(   -0.00) =    -5.09 kcal/mol
GlideScore(   -4.69)+Epik State Penalty(   -0.00) =    -4.69 kcal/mol
GlideScore(   -4.24)+Epik State Penalty(   -0.00) =    -4.24 kcal/mol
GlideScore(   -5.09)+Epik State Penalty(   -0.00) =    -5.09 kcal/mol
GlideScore(   -5.21)+Epik State Penalty(   -0.00) =    -5.21 kcal/mol
GlideScore(   -4.98)+Epik State Penalty(   -0.00) =    -4.98 kcal/mol
GlideScore(   -4.94)+Epik State Penalty(   -0.00) =    -4.94 kcal/mol
GlideScore(   -4.27)+Epik State Penalty(   -0.00) =    -4.27 kcal/mol
DOCKING RESULTS FOR LIGAND        1 (6ME4_lig)
Best Emodel=   -49.81 E=   -37.98 Eint=     4.78 GlideScore=    -6.28

Glide is executing the glide_sort command.
Command-line equivalent is:
 "/share/software/user/restricted/schrodinger/2021-1/utilities/glide_sort" -n 0 -o "6ME4_lig-to-AF_6ME2_pv.maegz"   -hbond_cut 0.00 -cvdw_cut 0.00 -metal_cut 10.00 -gscore_cut 100.00 -dscore_cut 100.00 "6ME4_lig-to-AF_6ME2_raw.maegz"
REPORT OF BEST 85 POSES

The receptor and sorted ligand structures were written to the file
6ME4_lig-to-AF_6ME2_pv.maegz  for use in the Pose Viewer.

Final rankings based on original docking score
0 poses were rejected by the energy filters,
    Coul+vdw Energy <=     0.0    Hbond Interaction <=     0.0    Metal Interaction <=    10.0    GlideScore <=   100.0    Docking Score <=   100.0
(If any of the above properties is not defined for a given pose,
the corresponding filter is not applied to that pose.)


glide_sort command succeeded.  Pose file 6ME4_lig-to-AF_6ME2_pv.maegz was written.

Exiting Glide
Date: Friday, December 09 2022, at 02:46:44 PST
CPU time (s): 18.7 user, 0.9 system, 21.0 real
Total elapsed time = 21 seconds
