Glide version 90161 (mmshare version 53161)
mmshare         2cb27f0eb7
glide-src       1e5ffd4733
psp-src         6c93e2fe77
macromodel-src  d47a6cf2e1
epik-src        46d635d642

Copyright (c) Schrodinger, LLC.
All Rights Reserved.

--------------------------------------------------------------------------------
JobId          : sh02-10n50-0-6393152d
Name           : 6HLP_lig-to-AF_6E59
Program        : Glide
Host           : sh02-10n50.int
Dir            : /home/users/jwang003/glosa_mods/NK1R/docking/6HLP_lig-to-AF_6E59
HostEntry      : localhost
JobHost        : sh02-10n50.int
JobDir         : /home/users/jwang003/glosa_mods/NK1R/docking/6HLP_lig-to-AF_6E59
JobSchrodinger : /share/software/user/restricted/schrodinger/2021-1
Commandline    : /share/software/user/restricted/schrodinger/2021-1/glide -WAIT -LOCAL -RESTART 6HLP_lig-to-AF_6E59.in
StartTime      : 2022-12-09-02:59:58
--------------------------------------------------------------------------------

 VdW radii of ligand atoms scaled by   0.800000000000000     
 Charge cutoff for polarity   0.150000000000000     
For enhanced sampling, increasing funnel width parameter MAXKEEP by a factor of 4 (number of samples), to 20000
 After readscreen, (nx, ny, nz) = (          30 ,           30 ,           30 ).
  Receptor setup: (nsites, nx, ny, nz, bsize)=(         512 ,           30 , 
          30 ,           30 ,    1.00000000000000      ).
 Screening setup finished.
 DOCKMAIN: getting receptor.
  DOCKMAIN after grid: (nx, ny, nz) = (          80 ,           80 , 
          80 ).
 DOCKMAIN: Grid setup finished
Calling OPLS_2005 atomtyping ...
Finished parameter assignment

Reading torsion control file '/share/software/user/restricted/schrodinger/2021-1/glide-v9.0/bin/Linux-x86_64/../../data/torcontrol.txt':
  
  Using generalized torsion control 
  
 Number of rotatable bonds            8
 Using templates for ring conformations.
For enhanced sampling, increasing funnel width parameter MAXREF by a factor of 4 (number of samples), to 1600

GlideScore version SP5.0 will be used

  
 Buried polar penalty      0.000
 Coulomb vdW cutoff        0.000
 H bond cutoff             0.000
 Metal-ligand cutoff      10.000
Assigning GlideScore SP5.0 parameters
 set icplus          37
 set icplus          39
 set icplus          41
Postdocking minimization: 100 poses; CvdW cutoffs   100.0 kcal/mol for min,     0.0 kcal/mol for report.
GlideScore(   -9.08)+Epik State Penalty(    0.03) =    -9.06 kcal/mol
GlideScore(   -8.73)+Epik State Penalty(    0.03) =    -8.71 kcal/mol
GlideScore(   -8.29)+Epik State Penalty(    0.03) =    -8.26 kcal/mol
GlideScore(   -7.63)+Epik State Penalty(    0.03) =    -7.60 kcal/mol
GlideScore(   -7.61)+Epik State Penalty(    0.03) =    -7.58 kcal/mol
GlideScore(   -7.80)+Epik State Penalty(    0.03) =    -7.77 kcal/mol
GlideScore(   -7.03)+Epik State Penalty(    0.03) =    -7.01 kcal/mol
GlideScore(   -7.20)+Epik State Penalty(    0.03) =    -7.17 kcal/mol
GlideScore(   -6.77)+Epik State Penalty(    0.03) =    -6.74 kcal/mol
GlideScore(   -6.18)+Epik State Penalty(    0.03) =    -6.16 kcal/mol
GlideScore(   -6.83)+Epik State Penalty(    0.03) =    -6.81 kcal/mol
GlideScore(   -6.49)+Epik State Penalty(    0.03) =    -6.46 kcal/mol
GlideScore(   -6.31)+Epik State Penalty(    0.03) =    -6.28 kcal/mol
GlideScore(   -6.26)+Epik State Penalty(    0.03) =    -6.24 kcal/mol
GlideScore(   -6.29)+Epik State Penalty(    0.03) =    -6.26 kcal/mol
GlideScore(   -6.51)+Epik State Penalty(    0.03) =    -6.48 kcal/mol
GlideScore(   -6.44)+Epik State Penalty(    0.03) =    -6.41 kcal/mol
GlideScore(   -6.73)+Epik State Penalty(    0.03) =    -6.70 kcal/mol
GlideScore(   -6.53)+Epik State Penalty(    0.03) =    -6.51 kcal/mol
GlideScore(   -6.35)+Epik State Penalty(    0.03) =    -6.32 kcal/mol
GlideScore(   -6.00)+Epik State Penalty(    0.03) =    -5.97 kcal/mol
GlideScore(   -7.97)+Epik State Penalty(    0.03) =    -7.94 kcal/mol
GlideScore(   -6.77)+Epik State Penalty(    0.03) =    -6.74 kcal/mol
GlideScore(   -6.34)+Epik State Penalty(    0.03) =    -6.31 kcal/mol
GlideScore(   -8.36)+Epik State Penalty(    0.03) =    -8.33 kcal/mol
GlideScore(   -6.09)+Epik State Penalty(    0.03) =    -6.06 kcal/mol
GlideScore(   -7.33)+Epik State Penalty(    0.03) =    -7.30 kcal/mol
GlideScore(   -6.29)+Epik State Penalty(    0.03) =    -6.26 kcal/mol
GlideScore(   -7.97)+Epik State Penalty(    0.03) =    -7.94 kcal/mol
GlideScore(   -5.69)+Epik State Penalty(    0.03) =    -5.66 kcal/mol
GlideScore(   -5.80)+Epik State Penalty(    0.03) =    -5.78 kcal/mol
GlideScore(   -6.20)+Epik State Penalty(    0.03) =    -6.18 kcal/mol
GlideScore(   -7.99)+Epik State Penalty(    0.03) =    -7.97 kcal/mol
GlideScore(   -5.71)+Epik State Penalty(    0.03) =    -5.69 kcal/mol
GlideScore(   -5.69)+Epik State Penalty(    0.03) =    -5.67 kcal/mol
GlideScore(   -6.17)+Epik State Penalty(    0.03) =    -6.15 kcal/mol
GlideScore(   -5.73)+Epik State Penalty(    0.03) =    -5.71 kcal/mol
GlideScore(   -7.29)+Epik State Penalty(    0.03) =    -7.27 kcal/mol
GlideScore(   -5.28)+Epik State Penalty(    0.03) =    -5.26 kcal/mol
GlideScore(   -5.77)+Epik State Penalty(    0.03) =    -5.75 kcal/mol
GlideScore(   -5.78)+Epik State Penalty(    0.03) =    -5.76 kcal/mol
GlideScore(   -5.61)+Epik State Penalty(    0.03) =    -5.59 kcal/mol
GlideScore(   -5.77)+Epik State Penalty(    0.03) =    -5.74 kcal/mol
GlideScore(   -5.84)+Epik State Penalty(    0.03) =    -5.81 kcal/mol
GlideScore(   -5.47)+Epik State Penalty(    0.03) =    -5.44 kcal/mol
GlideScore(   -5.30)+Epik State Penalty(    0.03) =    -5.27 kcal/mol
GlideScore(   -5.16)+Epik State Penalty(    0.03) =    -5.13 kcal/mol
GlideScore(   -5.20)+Epik State Penalty(    0.03) =    -5.17 kcal/mol
GlideScore(   -4.99)+Epik State Penalty(    0.03) =    -4.96 kcal/mol
GlideScore(   -5.80)+Epik State Penalty(    0.03) =    -5.77 kcal/mol
GlideScore(   -6.55)+Epik State Penalty(    0.03) =    -6.52 kcal/mol
GlideScore(   -5.21)+Epik State Penalty(    0.03) =    -5.19 kcal/mol
GlideScore(   -5.99)+Epik State Penalty(    0.03) =    -5.96 kcal/mol
GlideScore(   -4.98)+Epik State Penalty(    0.03) =    -4.96 kcal/mol
GlideScore(   -5.64)+Epik State Penalty(    0.03) =    -5.62 kcal/mol
GlideScore(   -6.08)+Epik State Penalty(    0.03) =    -6.05 kcal/mol
GlideScore(   -6.98)+Epik State Penalty(    0.03) =    -6.96 kcal/mol
GlideScore(   -5.75)+Epik State Penalty(    0.03) =    -5.72 kcal/mol
GlideScore(   -5.71)+Epik State Penalty(    0.03) =    -5.68 kcal/mol
GlideScore(   -5.12)+Epik State Penalty(    0.03) =    -5.10 kcal/mol
GlideScore(   -6.09)+Epik State Penalty(    0.03) =    -6.07 kcal/mol
GlideScore(   -4.73)+Epik State Penalty(    0.03) =    -4.71 kcal/mol
GlideScore(   -4.56)+Epik State Penalty(    0.03) =    -4.54 kcal/mol
GlideScore(   -4.60)+Epik State Penalty(    0.03) =    -4.57 kcal/mol
GlideScore(   -4.54)+Epik State Penalty(    0.03) =    -4.52 kcal/mol
GlideScore(   -5.10)+Epik State Penalty(    0.03) =    -5.07 kcal/mol
GlideScore(   -4.84)+Epik State Penalty(    0.03) =    -4.82 kcal/mol
GlideScore(   -4.54)+Epik State Penalty(    0.03) =    -4.51 kcal/mol
GlideScore(   -5.80)+Epik State Penalty(    0.03) =    -5.77 kcal/mol
GlideScore(   -4.78)+Epik State Penalty(    0.03) =    -4.75 kcal/mol
GlideScore(   -4.80)+Epik State Penalty(    0.03) =    -4.78 kcal/mol
GlideScore(   -5.71)+Epik State Penalty(    0.03) =    -5.69 kcal/mol
GlideScore(   -6.29)+Epik State Penalty(    0.03) =    -6.26 kcal/mol
GlideScore(   -5.29)+Epik State Penalty(    0.03) =    -5.26 kcal/mol
GlideScore(   -5.02)+Epik State Penalty(    0.03) =    -4.99 kcal/mol
GlideScore(   -5.75)+Epik State Penalty(    0.03) =    -5.72 kcal/mol
GlideScore(   -4.88)+Epik State Penalty(    0.03) =    -4.86 kcal/mol
GlideScore(   -3.40)+Epik State Penalty(    0.03) =    -3.38 kcal/mol
GlideScore(   -5.99)+Epik State Penalty(    0.03) =    -5.96 kcal/mol
GlideScore(   -3.70)+Epik State Penalty(    0.03) =    -3.68 kcal/mol
GlideScore(   -3.00)+Epik State Penalty(    0.03) =    -2.97 kcal/mol
GlideScore(   -7.14)+Epik State Penalty(    0.03) =    -7.11 kcal/mol
GlideScore(   -5.32)+Epik State Penalty(    0.03) =    -5.29 kcal/mol
GlideScore(   -6.01)+Epik State Penalty(    0.03) =    -5.98 kcal/mol
GlideScore(   -5.09)+Epik State Penalty(    0.03) =    -5.06 kcal/mol
GlideScore(   -5.71)+Epik State Penalty(    0.03) =    -5.69 kcal/mol
GlideScore(   -4.55)+Epik State Penalty(    0.03) =    -4.52 kcal/mol
GlideScore(   -1.48)+Epik State Penalty(    0.03) =    -1.46 kcal/mol
GlideScore(   -3.92)+Epik State Penalty(    0.03) =    -3.89 kcal/mol
GlideScore(   -2.85)+Epik State Penalty(    0.03) =    -2.82 kcal/mol
GlideScore(   -0.79)+Epik State Penalty(    0.03) =    -0.77 kcal/mol
GlideScore(   -0.19)+Epik State Penalty(    0.03) =    -0.17 kcal/mol
GlideScore(   -1.17)+Epik State Penalty(    0.03) =    -1.14 kcal/mol
GlideScore(    0.64)+Epik State Penalty(    0.03) =     0.67 kcal/mol
DOCKING RESULTS FOR LIGAND        1 (6HLP_lig)
Best Emodel=   -70.95 E=   -43.11 Eint=     9.63 GlideScore=    -9.08
Calling OPLS_2005 atomtyping ...
Finished parameter assignment
 Number of rotatable bonds            8
 Using templates for ring conformations.
GlideScore(  -10.60)+Epik State Penalty(    1.89) =    -8.71 kcal/mol
GlideScore(   -9.67)+Epik State Penalty(    1.89) =    -7.78 kcal/mol
GlideScore(   -8.86)+Epik State Penalty(    1.89) =    -6.97 kcal/mol
GlideScore(   -7.64)+Epik State Penalty(    1.89) =    -5.75 kcal/mol
GlideScore(   -7.84)+Epik State Penalty(    1.89) =    -5.95 kcal/mol
GlideScore(   -7.47)+Epik State Penalty(    1.89) =    -5.58 kcal/mol
GlideScore(   -7.51)+Epik State Penalty(    1.89) =    -5.62 kcal/mol
GlideScore(   -9.77)+Epik State Penalty(    1.89) =    -7.88 kcal/mol
GlideScore(   -8.03)+Epik State Penalty(    1.89) =    -6.14 kcal/mol
GlideScore(   -7.29)+Epik State Penalty(    1.89) =    -5.40 kcal/mol
GlideScore(   -6.65)+Epik State Penalty(    1.89) =    -4.76 kcal/mol
GlideScore(   -6.98)+Epik State Penalty(    1.89) =    -5.09 kcal/mol
GlideScore(   -7.10)+Epik State Penalty(    1.89) =    -5.21 kcal/mol
GlideScore(   -7.12)+Epik State Penalty(    1.89) =    -5.23 kcal/mol
GlideScore(   -6.62)+Epik State Penalty(    1.89) =    -4.72 kcal/mol
GlideScore(   -7.10)+Epik State Penalty(    1.89) =    -5.21 kcal/mol
GlideScore(   -7.06)+Epik State Penalty(    1.89) =    -5.16 kcal/mol
GlideScore(   -6.34)+Epik State Penalty(    1.89) =    -4.45 kcal/mol
GlideScore(   -7.55)+Epik State Penalty(    1.89) =    -5.66 kcal/mol
GlideScore(   -6.73)+Epik State Penalty(    1.89) =    -4.84 kcal/mol
GlideScore(   -6.95)+Epik State Penalty(    1.89) =    -5.05 kcal/mol
GlideScore(   -5.65)+Epik State Penalty(    1.89) =    -3.76 kcal/mol
GlideScore(   -6.57)+Epik State Penalty(    1.89) =    -4.68 kcal/mol
GlideScore(   -5.91)+Epik State Penalty(    1.89) =    -4.02 kcal/mol
GlideScore(   -5.65)+Epik State Penalty(    1.89) =    -3.76 kcal/mol
GlideScore(   -7.08)+Epik State Penalty(    1.89) =    -5.19 kcal/mol
GlideScore(   -7.51)+Epik State Penalty(    1.89) =    -5.61 kcal/mol
GlideScore(   -6.63)+Epik State Penalty(    1.89) =    -4.74 kcal/mol
GlideScore(   -6.28)+Epik State Penalty(    1.89) =    -4.39 kcal/mol
GlideScore(   -5.94)+Epik State Penalty(    1.89) =    -4.05 kcal/mol
GlideScore(   -6.39)+Epik State Penalty(    1.89) =    -4.50 kcal/mol
GlideScore(   -6.11)+Epik State Penalty(    1.89) =    -4.22 kcal/mol
GlideScore(   -6.23)+Epik State Penalty(    1.89) =    -4.34 kcal/mol
GlideScore(   -6.00)+Epik State Penalty(    1.89) =    -4.11 kcal/mol
GlideScore(   -9.05)+Epik State Penalty(    1.89) =    -7.16 kcal/mol
GlideScore(   -5.33)+Epik State Penalty(    1.89) =    -3.44 kcal/mol
GlideScore(   -5.95)+Epik State Penalty(    1.89) =    -4.06 kcal/mol
GlideScore(   -5.37)+Epik State Penalty(    1.89) =    -3.48 kcal/mol
GlideScore(   -5.68)+Epik State Penalty(    1.89) =    -3.79 kcal/mol
GlideScore(   -4.80)+Epik State Penalty(    1.89) =    -2.90 kcal/mol
GlideScore(   -5.93)+Epik State Penalty(    1.89) =    -4.04 kcal/mol
GlideScore(   -5.98)+Epik State Penalty(    1.89) =    -4.09 kcal/mol
GlideScore(   -5.41)+Epik State Penalty(    1.89) =    -3.52 kcal/mol
GlideScore(   -5.87)+Epik State Penalty(    1.89) =    -3.98 kcal/mol
GlideScore(   -5.24)+Epik State Penalty(    1.89) =    -3.34 kcal/mol
GlideScore(   -5.12)+Epik State Penalty(    1.89) =    -3.23 kcal/mol
GlideScore(   -7.50)+Epik State Penalty(    1.89) =    -5.61 kcal/mol
GlideScore(   -5.83)+Epik State Penalty(    1.89) =    -3.94 kcal/mol
GlideScore(   -5.55)+Epik State Penalty(    1.89) =    -3.66 kcal/mol
GlideScore(   -5.85)+Epik State Penalty(    1.89) =    -3.96 kcal/mol
GlideScore(   -6.26)+Epik State Penalty(    1.89) =    -4.37 kcal/mol
GlideScore(   -5.39)+Epik State Penalty(    1.89) =    -3.50 kcal/mol
GlideScore(   -5.64)+Epik State Penalty(    1.89) =    -3.75 kcal/mol
GlideScore(   -5.20)+Epik State Penalty(    1.89) =    -3.31 kcal/mol
GlideScore(   -5.21)+Epik State Penalty(    1.89) =    -3.32 kcal/mol
GlideScore(   -6.30)+Epik State Penalty(    1.89) =    -4.41 kcal/mol
GlideScore(   -5.68)+Epik State Penalty(    1.89) =    -3.79 kcal/mol
GlideScore(   -4.44)+Epik State Penalty(    1.89) =    -2.55 kcal/mol
GlideScore(   -4.88)+Epik State Penalty(    1.89) =    -2.99 kcal/mol
GlideScore(   -5.62)+Epik State Penalty(    1.89) =    -3.73 kcal/mol
GlideScore(   -5.50)+Epik State Penalty(    1.89) =    -3.61 kcal/mol
GlideScore(   -6.20)+Epik State Penalty(    1.89) =    -4.31 kcal/mol
GlideScore(   -4.34)+Epik State Penalty(    1.89) =    -2.45 kcal/mol
GlideScore(   -5.82)+Epik State Penalty(    1.89) =    -3.93 kcal/mol
GlideScore(   -5.70)+Epik State Penalty(    1.89) =    -3.81 kcal/mol
GlideScore(   -4.89)+Epik State Penalty(    1.89) =    -3.00 kcal/mol
GlideScore(   -4.51)+Epik State Penalty(    1.89) =    -2.61 kcal/mol
GlideScore(   -5.83)+Epik State Penalty(    1.89) =    -3.94 kcal/mol
GlideScore(   -5.16)+Epik State Penalty(    1.89) =    -3.27 kcal/mol
GlideScore(   -4.63)+Epik State Penalty(    1.89) =    -2.73 kcal/mol
GlideScore(   -4.57)+Epik State Penalty(    1.89) =    -2.68 kcal/mol
GlideScore(   -4.26)+Epik State Penalty(    1.89) =    -2.37 kcal/mol
GlideScore(   -4.54)+Epik State Penalty(    1.89) =    -2.65 kcal/mol
GlideScore(   -5.31)+Epik State Penalty(    1.89) =    -3.42 kcal/mol
GlideScore(   -4.72)+Epik State Penalty(    1.89) =    -2.83 kcal/mol
GlideScore(   -4.15)+Epik State Penalty(    1.89) =    -2.26 kcal/mol
GlideScore(   -4.15)+Epik State Penalty(    1.89) =    -2.26 kcal/mol
GlideScore(   -3.66)+Epik State Penalty(    1.89) =    -1.77 kcal/mol
GlideScore(   -5.87)+Epik State Penalty(    1.89) =    -3.98 kcal/mol
GlideScore(   -7.48)+Epik State Penalty(    1.89) =    -5.59 kcal/mol
GlideScore(   -7.89)+Epik State Penalty(    1.89) =    -5.99 kcal/mol
GlideScore(   -4.49)+Epik State Penalty(    1.89) =    -2.60 kcal/mol
GlideScore(   -4.00)+Epik State Penalty(    1.89) =    -2.11 kcal/mol
GlideScore(   -4.55)+Epik State Penalty(    1.89) =    -2.65 kcal/mol
GlideScore(   -3.91)+Epik State Penalty(    1.89) =    -2.02 kcal/mol
GlideScore(   -4.54)+Epik State Penalty(    1.89) =    -2.65 kcal/mol
GlideScore(   -3.52)+Epik State Penalty(    1.89) =    -1.63 kcal/mol
GlideScore(   -3.44)+Epik State Penalty(    1.89) =    -1.55 kcal/mol
GlideScore(   -3.14)+Epik State Penalty(    1.89) =    -1.25 kcal/mol
GlideScore(   -4.60)+Epik State Penalty(    1.89) =    -2.71 kcal/mol
GlideScore(   -4.54)+Epik State Penalty(    1.89) =    -2.65 kcal/mol
GlideScore(   -2.71)+Epik State Penalty(    1.89) =    -0.82 kcal/mol
GlideScore(   -4.16)+Epik State Penalty(    1.89) =    -2.26 kcal/mol
GlideScore(   -2.06)+Epik State Penalty(    1.89) =    -0.17 kcal/mol
GlideScore(   -2.18)+Epik State Penalty(    1.89) =    -0.28 kcal/mol
GlideScore(   -0.04)+Epik State Penalty(    1.89) =     1.85 kcal/mol
GlideScore(    0.34)+Epik State Penalty(    1.89) =     2.23 kcal/mol
DOCKING RESULTS FOR LIGAND        2 (6HLP_lig)
Best Emodel=   -75.17 E=   -47.94 Eint=    10.47 GlideScore=   -10.60

Glide is executing the glide_sort command.
Command-line equivalent is:
 "/share/software/user/restricted/schrodinger/2021-1/utilities/glide_sort" -n 0 -o "6HLP_lig-to-AF_6E59_pv.maegz"   -hbond_cut 0.00 -cvdw_cut 0.00 -metal_cut 10.00 -gscore_cut 100.00 -dscore_cut 100.00 "6HLP_lig-to-AF_6E59_raw.maegz"
REPORT OF BEST 191 POSES

The receptor and sorted ligand structures were written to the file
6HLP_lig-to-AF_6E59_pv.maegz  for use in the Pose Viewer.

Final rankings based on original docking score
0 poses were rejected by the energy filters,
    Coul+vdw Energy <=     0.0    Hbond Interaction <=     0.0    Metal Interaction <=    10.0    GlideScore <=   100.0    Docking Score <=   100.0
(If any of the above properties is not defined for a given pose,
the corresponding filter is not applied to that pose.)


glide_sort command succeeded.  Pose file 6HLP_lig-to-AF_6E59_pv.maegz was written.

Exiting Glide
Date: Friday, December 09 2022, at 03:01:42 PST
CPU time (s): 94.7 user, 4.0 system, 101.6 real
Total elapsed time = 102 seconds (1 minutes, 42 seconds)
