Glide version 90161 (mmshare version 53161)
mmshare         2cb27f0eb7
glide-src       1e5ffd4733
psp-src         6c93e2fe77
macromodel-src  d47a6cf2e1
epik-src        46d635d642

Copyright (c) Schrodinger, LLC.
All Rights Reserved.

--------------------------------------------------------------------------------
JobId          : sh02-17n08-0-6393130f
Name           : 7JV5_lig-to-AF_7CKW
Program        : Glide
Host           : sh02-17n08.int
Dir            : /home/users/jwang003/glosa_mods/DRD1/docking/7JV5_lig-to-AF_7CKW
HostEntry      : localhost
JobHost        : sh02-17n08.int
JobDir         : /home/users/jwang003/glosa_mods/DRD1/docking/7JV5_lig-to-AF_7CKW
JobSchrodinger : /share/software/user/restricted/schrodinger/2021-1
Commandline    : /share/software/user/restricted/schrodinger/2021-1/glide -WAIT -LOCAL -RESTART 7JV5_lig-to-AF_7CKW.in
StartTime      : 2022-12-09-02:50:56
--------------------------------------------------------------------------------

 VdW radii of ligand atoms scaled by   0.800000000000000     
 Charge cutoff for polarity   0.150000000000000     
For enhanced sampling, increasing funnel width parameter MAXKEEP by a factor of 4 (number of samples), to 20000
 After readscreen, (nx, ny, nz) = (          30 ,           30 ,           30 ).
  Receptor setup: (nsites, nx, ny, nz, bsize)=(         512 ,           30 , 
          30 ,           30 ,    1.00000000000000      ).
 Screening setup finished.
 DOCKMAIN: getting receptor.
  DOCKMAIN after grid: (nx, ny, nz) = (          80 ,           80 , 
          80 ).
 DOCKMAIN: Grid setup finished
Calling OPLS_2005 atomtyping ...
Finished parameter assignment

Reading torsion control file '/share/software/user/restricted/schrodinger/2021-1/glide-v9.0/bin/Linux-x86_64/../../data/torcontrol.txt':
  
  Using generalized torsion control 
  
 Number of rotatable bonds            3
 Failed to generate ring conformations.
 Will use conformations from input structure.
 set bad on ringconf
For enhanced sampling, increasing funnel width parameter MAXREF by a factor of 4 (number of samples), to 1600

GlideScore version SP5.0 will be used

  
 Buried polar penalty      0.000
 Coulomb vdW cutoff        0.000
 H bond cutoff             0.000
 Metal-ligand cutoff      10.000
Assigning GlideScore SP5.0 parameters
 set icplus          11
 set icplus          13
Postdocking minimization: 100 poses; CvdW cutoffs   100.0 kcal/mol for min,     0.0 kcal/mol for report.
GlideScore(   -7.82)+Epik State Penalty(    0.13) =    -7.68 kcal/mol
GlideScore(   -6.96)+Epik State Penalty(    0.13) =    -6.83 kcal/mol
GlideScore(   -6.74)+Epik State Penalty(    0.13) =    -6.61 kcal/mol
GlideScore(   -6.86)+Epik State Penalty(    0.13) =    -6.73 kcal/mol
GlideScore(   -7.26)+Epik State Penalty(    0.13) =    -7.13 kcal/mol
GlideScore(   -7.69)+Epik State Penalty(    0.13) =    -7.55 kcal/mol
GlideScore(   -6.70)+Epik State Penalty(    0.13) =    -6.56 kcal/mol
GlideScore(   -6.69)+Epik State Penalty(    0.13) =    -6.56 kcal/mol
GlideScore(   -6.84)+Epik State Penalty(    0.13) =    -6.71 kcal/mol
GlideScore(   -6.81)+Epik State Penalty(    0.13) =    -6.68 kcal/mol
GlideScore(   -6.32)+Epik State Penalty(    0.13) =    -6.19 kcal/mol
GlideScore(   -6.35)+Epik State Penalty(    0.13) =    -6.21 kcal/mol
GlideScore(   -6.68)+Epik State Penalty(    0.13) =    -6.54 kcal/mol
GlideScore(   -6.24)+Epik State Penalty(    0.13) =    -6.11 kcal/mol
GlideScore(   -6.50)+Epik State Penalty(    0.13) =    -6.36 kcal/mol
GlideScore(   -6.43)+Epik State Penalty(    0.13) =    -6.30 kcal/mol
GlideScore(   -6.30)+Epik State Penalty(    0.13) =    -6.17 kcal/mol
GlideScore(   -7.18)+Epik State Penalty(    0.13) =    -7.05 kcal/mol
GlideScore(   -6.32)+Epik State Penalty(    0.13) =    -6.19 kcal/mol
GlideScore(   -6.19)+Epik State Penalty(    0.13) =    -6.05 kcal/mol
GlideScore(   -6.58)+Epik State Penalty(    0.13) =    -6.44 kcal/mol
GlideScore(   -6.33)+Epik State Penalty(    0.13) =    -6.20 kcal/mol
GlideScore(   -7.42)+Epik State Penalty(    0.13) =    -7.29 kcal/mol
GlideScore(   -6.06)+Epik State Penalty(    0.13) =    -5.92 kcal/mol
GlideScore(   -5.87)+Epik State Penalty(    0.13) =    -5.74 kcal/mol
GlideScore(   -6.69)+Epik State Penalty(    0.13) =    -6.56 kcal/mol
GlideScore(   -6.22)+Epik State Penalty(    0.13) =    -6.08 kcal/mol
GlideScore(   -6.42)+Epik State Penalty(    0.13) =    -6.28 kcal/mol
GlideScore(   -6.95)+Epik State Penalty(    0.13) =    -6.82 kcal/mol
GlideScore(   -5.71)+Epik State Penalty(    0.13) =    -5.58 kcal/mol
GlideScore(   -4.67)+Epik State Penalty(    0.13) =    -4.53 kcal/mol
GlideScore(   -5.75)+Epik State Penalty(    0.13) =    -5.62 kcal/mol
GlideScore(   -6.36)+Epik State Penalty(    0.13) =    -6.23 kcal/mol
GlideScore(   -6.98)+Epik State Penalty(    0.13) =    -6.85 kcal/mol
GlideScore(   -6.64)+Epik State Penalty(    0.13) =    -6.51 kcal/mol
GlideScore(   -5.02)+Epik State Penalty(    0.13) =    -4.89 kcal/mol
GlideScore(   -4.71)+Epik State Penalty(    0.13) =    -4.57 kcal/mol
GlideScore(   -4.37)+Epik State Penalty(    0.13) =    -4.23 kcal/mol
GlideScore(   -4.68)+Epik State Penalty(    0.13) =    -4.54 kcal/mol
GlideScore(   -5.99)+Epik State Penalty(    0.13) =    -5.85 kcal/mol
GlideScore(   -3.14)+Epik State Penalty(    0.13) =    -3.01 kcal/mol
GlideScore(10000.00)+Epik State Penalty(    0.13) = 10000.13 kcal/mol
GlideScore(10000.00)+Epik State Penalty(    0.13) = 10000.13 kcal/mol
GlideScore(10000.00)+Epik State Penalty(    0.13) = 10000.13 kcal/mol
GlideScore(10000.00)+Epik State Penalty(    0.13) = 10000.13 kcal/mol
GlideScore(10000.00)+Epik State Penalty(    0.13) = 10000.13 kcal/mol
GlideScore(10000.00)+Epik State Penalty(    0.13) = 10000.13 kcal/mol
GlideScore(10000.00)+Epik State Penalty(    0.13) = 10000.13 kcal/mol
GlideScore(10000.00)+Epik State Penalty(    0.13) = 10000.13 kcal/mol
GlideScore(10000.00)+Epik State Penalty(    0.13) = 10000.13 kcal/mol
GlideScore(10000.00)+Epik State Penalty(    0.13) = 10000.13 kcal/mol
DOCKING RESULTS FOR LIGAND        1 (7JV5_lig)
Best Emodel=   -58.63 E=   -36.80 Eint=     0.94 GlideScore=    -7.82
Calling OPLS_2005 atomtyping ...
Finished parameter assignment
 Number of rotatable bonds            2
 Failed to generate ring conformations.
 Will use conformations from input structure.
 set bad on ringconf
 set icplus          11
 set icplus          13
GlideScore(   -6.73)+Epik State Penalty(    1.03) =    -5.70 kcal/mol
GlideScore(   -7.07)+Epik State Penalty(    1.03) =    -6.04 kcal/mol
GlideScore(   -6.66)+Epik State Penalty(    1.03) =    -5.63 kcal/mol
GlideScore(   -7.45)+Epik State Penalty(    1.03) =    -6.42 kcal/mol
GlideScore(   -6.70)+Epik State Penalty(    1.03) =    -5.67 kcal/mol
GlideScore(   -6.21)+Epik State Penalty(    1.03) =    -5.18 kcal/mol
GlideScore(   -6.10)+Epik State Penalty(    1.03) =    -5.07 kcal/mol
GlideScore(   -6.24)+Epik State Penalty(    1.03) =    -5.21 kcal/mol
GlideScore(   -6.36)+Epik State Penalty(    1.03) =    -5.33 kcal/mol
GlideScore(   -6.31)+Epik State Penalty(    1.03) =    -5.29 kcal/mol
GlideScore(   -6.06)+Epik State Penalty(    1.03) =    -5.03 kcal/mol
GlideScore(   -5.91)+Epik State Penalty(    1.03) =    -4.89 kcal/mol
GlideScore(   -6.44)+Epik State Penalty(    1.03) =    -5.41 kcal/mol
GlideScore(   -7.00)+Epik State Penalty(    1.03) =    -5.97 kcal/mol
GlideScore(   -7.62)+Epik State Penalty(    1.03) =    -6.59 kcal/mol
GlideScore(   -6.46)+Epik State Penalty(    1.03) =    -5.43 kcal/mol
GlideScore(   -6.38)+Epik State Penalty(    1.03) =    -5.35 kcal/mol
GlideScore(   -6.76)+Epik State Penalty(    1.03) =    -5.73 kcal/mol
GlideScore(   -5.83)+Epik State Penalty(    1.03) =    -4.80 kcal/mol
GlideScore(   -6.60)+Epik State Penalty(    1.03) =    -5.57 kcal/mol
GlideScore(   -6.38)+Epik State Penalty(    1.03) =    -5.35 kcal/mol
GlideScore(   -5.69)+Epik State Penalty(    1.03) =    -4.66 kcal/mol
GlideScore(   -5.59)+Epik State Penalty(    1.03) =    -4.56 kcal/mol
GlideScore(   -5.30)+Epik State Penalty(    1.03) =    -4.27 kcal/mol
GlideScore(   -4.92)+Epik State Penalty(    1.03) =    -3.89 kcal/mol
GlideScore(   -5.23)+Epik State Penalty(    1.03) =    -4.20 kcal/mol
GlideScore(   -4.41)+Epik State Penalty(    1.03) =    -3.39 kcal/mol
GlideScore(   -4.24)+Epik State Penalty(    1.03) =    -3.21 kcal/mol
GlideScore(   -3.13)+Epik State Penalty(    1.03) =    -2.10 kcal/mol
GlideScore(10000.00)+Epik State Penalty(    1.03) = 10001.03 kcal/mol
GlideScore(10000.00)+Epik State Penalty(    1.03) = 10001.03 kcal/mol
GlideScore(10000.00)+Epik State Penalty(    1.03) = 10001.03 kcal/mol
GlideScore(10000.00)+Epik State Penalty(    1.03) = 10001.03 kcal/mol
GlideScore(10000.00)+Epik State Penalty(    1.03) = 10001.03 kcal/mol
DOCKING RESULTS FOR LIGAND        2 (7JV5_lig)
Best Emodel=   -53.69 E=   -35.73 Eint=     1.58 GlideScore=    -6.73
Calling OPLS_2005 atomtyping ...
Finished parameter assignment
 Number of rotatable bonds            2
 Failed to generate ring conformations.
 Will use conformations from input structure.
 set bad on ringconf
 set icplus          11
 set icplus          13
GlideScore(   -6.39)+Epik State Penalty(    2.17) =    -4.22 kcal/mol
GlideScore(   -6.30)+Epik State Penalty(    2.17) =    -4.13 kcal/mol
GlideScore(   -6.50)+Epik State Penalty(    2.17) =    -4.34 kcal/mol
GlideScore(   -6.14)+Epik State Penalty(    2.17) =    -3.97 kcal/mol
GlideScore(   -6.20)+Epik State Penalty(    2.17) =    -4.03 kcal/mol
GlideScore(   -6.67)+Epik State Penalty(    2.17) =    -4.50 kcal/mol
GlideScore(   -7.17)+Epik State Penalty(    2.17) =    -5.00 kcal/mol
GlideScore(   -6.35)+Epik State Penalty(    2.17) =    -4.19 kcal/mol
GlideScore(   -6.23)+Epik State Penalty(    2.17) =    -4.07 kcal/mol
GlideScore(   -5.90)+Epik State Penalty(    2.17) =    -3.73 kcal/mol
GlideScore(   -6.01)+Epik State Penalty(    2.17) =    -3.84 kcal/mol
GlideScore(   -6.83)+Epik State Penalty(    2.17) =    -4.66 kcal/mol
GlideScore(   -5.60)+Epik State Penalty(    2.17) =    -3.43 kcal/mol
GlideScore(   -6.45)+Epik State Penalty(    2.17) =    -4.29 kcal/mol
GlideScore(   -6.55)+Epik State Penalty(    2.17) =    -4.39 kcal/mol
GlideScore(   -6.36)+Epik State Penalty(    2.17) =    -4.19 kcal/mol
GlideScore(   -7.68)+Epik State Penalty(    2.17) =    -5.52 kcal/mol
GlideScore(   -5.42)+Epik State Penalty(    2.17) =    -3.25 kcal/mol
GlideScore(   -5.19)+Epik State Penalty(    2.17) =    -3.02 kcal/mol
GlideScore(   -4.04)+Epik State Penalty(    2.17) =    -1.87 kcal/mol
GlideScore(   -5.09)+Epik State Penalty(    2.17) =    -2.93 kcal/mol
GlideScore(   -5.82)+Epik State Penalty(    2.17) =    -3.65 kcal/mol
GlideScore(   -5.33)+Epik State Penalty(    2.17) =    -3.16 kcal/mol
GlideScore(   -2.53)+Epik State Penalty(    2.17) =    -0.36 kcal/mol
GlideScore(   -4.71)+Epik State Penalty(    2.17) =    -2.54 kcal/mol
GlideScore(   -5.47)+Epik State Penalty(    2.17) =    -3.30 kcal/mol
GlideScore(   -4.44)+Epik State Penalty(    2.17) =    -2.27 kcal/mol
GlideScore(   -3.36)+Epik State Penalty(    2.17) =    -1.20 kcal/mol
GlideScore(   -4.05)+Epik State Penalty(    2.17) =    -1.88 kcal/mol
GlideScore(   -4.95)+Epik State Penalty(    2.17) =    -2.78 kcal/mol
GlideScore(10000.00)+Epik State Penalty(    2.17) = 10002.17 kcal/mol
GlideScore(10000.00)+Epik State Penalty(    2.17) = 10002.17 kcal/mol
GlideScore(10000.00)+Epik State Penalty(    2.17) = 10002.17 kcal/mol
GlideScore(10000.00)+Epik State Penalty(    2.17) = 10002.17 kcal/mol
GlideScore(10000.00)+Epik State Penalty(    2.17) = 10002.17 kcal/mol
GlideScore(10000.00)+Epik State Penalty(    2.17) = 10002.17 kcal/mol
GlideScore(10000.00)+Epik State Penalty(    2.17) = 10002.17 kcal/mol
DOCKING RESULTS FOR LIGAND        3 (7JV5_lig)
Best Emodel=   -47.97 E=   -34.98 Eint=     0.78 GlideScore=    -6.39

Glide is executing the glide_sort command.
Command-line equivalent is:
 "/share/software/user/restricted/schrodinger/2021-1/utilities/glide_sort" -n 0 -o "7JV5_lig-to-AF_7CKW_pv.maegz"   -hbond_cut 0.00 -cvdw_cut 0.00 -metal_cut 10.00 -gscore_cut 100.00 -dscore_cut 100.00 "7JV5_lig-to-AF_7CKW_raw.maegz"
REPORT OF BEST 100 POSES

The receptor and sorted ligand structures were written to the file
7JV5_lig-to-AF_7CKW_pv.maegz  for use in the Pose Viewer.

Final rankings based on original docking score
22 poses were rejected by the energy filters,
    Coul+vdw Energy <=     0.0    Hbond Interaction <=     0.0    Metal Interaction <=    10.0    GlideScore <=   100.0    Docking Score <=   100.0
(If any of the above properties is not defined for a given pose,
the corresponding filter is not applied to that pose.)


glide_sort command succeeded.  Pose file 7JV5_lig-to-AF_7CKW_pv.maegz was written.

Exiting Glide
Date: Friday, December 09 2022, at 02:51:33 PST
CPU time (s): 25.8 user, 0.4 system, 31.3 real
Total elapsed time = 31 seconds
