Glide version 90161 (mmshare version 53161)
mmshare         2cb27f0eb7
glide-src       1e5ffd4733
psp-src         6c93e2fe77
macromodel-src  d47a6cf2e1
epik-src        46d635d642

Copyright (c) Schrodinger, LLC.
All Rights Reserved.

--------------------------------------------------------------------------------
JobId          : sh02-10n19-0-63931252
Name           : 7CX3_lig-to-AF_7CX2
Program        : Glide
Host           : sh02-10n19.int
Dir            : /home/users/jwang003/glosa_mods/PE2R2/docking/7CX3_lig-to-AF_7CX2
HostEntry      : localhost
JobHost        : sh02-10n19.int
JobDir         : /home/users/jwang003/glosa_mods/PE2R2/docking/7CX3_lig-to-AF_7CX2
JobSchrodinger : /share/software/user/restricted/schrodinger/2021-1
Commandline    : /share/software/user/restricted/schrodinger/2021-1/glide -WAIT -LOCAL -RESTART 7CX3_lig-to-AF_7CX2.in
StartTime      : 2022-12-09-02:47:46
--------------------------------------------------------------------------------

 VdW radii of ligand atoms scaled by   0.800000000000000     
 Charge cutoff for polarity   0.150000000000000     
For enhanced sampling, increasing funnel width parameter MAXKEEP by a factor of 4 (number of samples), to 20000
 After readscreen, (nx, ny, nz) = (          30 ,           30 ,           30 ).
  Receptor setup: (nsites, nx, ny, nz, bsize)=(         512 ,           30 , 
          30 ,           30 ,    1.00000000000000      ).
 Screening setup finished.
 DOCKMAIN: getting receptor.
  DOCKMAIN after grid: (nx, ny, nz) = (          80 ,           80 , 
          80 ).
 DOCKMAIN: Grid setup finished
Calling OPLS_2005 atomtyping ...
Finished parameter assignment

Reading torsion control file '/share/software/user/restricted/schrodinger/2021-1/glide-v9.0/bin/Linux-x86_64/../../data/torcontrol.txt':
  
  Using generalized torsion control 
  
 Number of rotatable bonds           10
 Using templates for ring conformations.
For enhanced sampling, increasing funnel width parameter MAXREF by a factor of 4 (number of samples), to 1600

GlideScore version SP5.0 will be used

  
 Buried polar penalty      0.000
 Coulomb vdW cutoff        0.000
 H bond cutoff             0.000
 Metal-ligand cutoff      10.000
Assigning GlideScore SP5.0 parameters
NO VALID POSES AFTER MINIMIZATION: SKIPPING.
Ligand #      1(7CX3_lig)
SKIP LIG        1 (7CX3_lig): GRID-ENERGY MIN FAILED
GLIDE WARNING: No report data collected; cannot write PoseViewer, etc.

Exiting Glide
Date: Friday, December 09 2022, at 02:48:15 PST
CPU time (s): 21.6 user, 4.5 system, 26.9 real
Total elapsed time = 27 seconds
