Glide version 90161 (mmshare version 53161)
mmshare         2cb27f0eb7
glide-src       1e5ffd4733
psp-src         6c93e2fe77
macromodel-src  d47a6cf2e1
epik-src        46d635d642

Copyright (c) Schrodinger, LLC.
All Rights Reserved.

--------------------------------------------------------------------------------
JobId          : sh02-17n16-0-63931406
Name           : 6RZ9_lig-to-AF_6RZ6
Program        : Glide
Host           : sh02-17n16.int
Dir            : /home/users/jwang003/glosa_mods/CLTR2/docking/6RZ9_lig-to-AF_6RZ6
HostEntry      : localhost
JobHost        : sh02-17n16.int
JobDir         : /home/users/jwang003/glosa_mods/CLTR2/docking/6RZ9_lig-to-AF_6RZ6
JobSchrodinger : /share/software/user/restricted/schrodinger/2021-1
Commandline    : /share/software/user/restricted/schrodinger/2021-1/glide -WAIT -LOCAL -RESTART 6RZ9_lig-to-AF_6RZ6.in
StartTime      : 2022-12-09-02:55:02
--------------------------------------------------------------------------------

 VdW radii of ligand atoms scaled by   0.800000000000000     
 Charge cutoff for polarity   0.150000000000000     
For enhanced sampling, increasing funnel width parameter MAXKEEP by a factor of 4 (number of samples), to 20000
 After readscreen, (nx, ny, nz) = (          30 ,           30 ,           30 ).
  Receptor setup: (nsites, nx, ny, nz, bsize)=(         512 ,           30 , 
          30 ,           30 ,    1.00000000000000      ).
 Screening setup finished.
 DOCKMAIN: getting receptor.
  DOCKMAIN after grid: (nx, ny, nz) = (          80 ,           80 , 
          80 ).
 DOCKMAIN: Grid setup finished
Calling OPLS_2005 atomtyping ...
Finished parameter assignment

Reading torsion control file '/share/software/user/restricted/schrodinger/2021-1/glide-v9.0/bin/Linux-x86_64/../../data/torcontrol.txt':
  
  Using generalized torsion control 
  
 Number of rotatable bonds           14
 Using templates for ring conformations.
For enhanced sampling, increasing funnel width parameter MAXREF by a factor of 4 (number of samples), to 1600

GlideScore version SP5.0 will be used

  
 Buried polar penalty      0.000
 Coulomb vdW cutoff        0.000
 H bond cutoff             0.000
 Metal-ligand cutoff      10.000
Assigning GlideScore SP5.0 parameters
Postdocking minimization: 100 poses; CvdW cutoffs   100.0 kcal/mol for min,     0.0 kcal/mol for report.
GlideScore(  -10.90)+Epik State Penalty(    0.01) =   -10.89 kcal/mol
GlideScore(  -10.92)+Epik State Penalty(    0.01) =   -10.92 kcal/mol
GlideScore(  -10.30)+Epik State Penalty(    0.01) =   -10.29 kcal/mol
GlideScore(   -9.62)+Epik State Penalty(    0.01) =    -9.61 kcal/mol
GlideScore(   -8.85)+Epik State Penalty(    0.01) =    -8.84 kcal/mol
GlideScore(   -9.01)+Epik State Penalty(    0.01) =    -9.00 kcal/mol
GlideScore(   -9.14)+Epik State Penalty(    0.01) =    -9.14 kcal/mol
GlideScore(   -8.42)+Epik State Penalty(    0.01) =    -8.42 kcal/mol
GlideScore(   -9.14)+Epik State Penalty(    0.01) =    -9.13 kcal/mol
GlideScore(   -9.69)+Epik State Penalty(    0.01) =    -9.68 kcal/mol
GlideScore(   -9.23)+Epik State Penalty(    0.01) =    -9.23 kcal/mol
GlideScore(   -9.32)+Epik State Penalty(    0.01) =    -9.32 kcal/mol
GlideScore(   -8.86)+Epik State Penalty(    0.01) =    -8.85 kcal/mol
GlideScore(   -8.87)+Epik State Penalty(    0.01) =    -8.86 kcal/mol
GlideScore(   -8.75)+Epik State Penalty(    0.01) =    -8.74 kcal/mol
GlideScore(   -7.81)+Epik State Penalty(    0.01) =    -7.81 kcal/mol
GlideScore(   -9.01)+Epik State Penalty(    0.01) =    -9.00 kcal/mol
GlideScore(   -7.60)+Epik State Penalty(    0.01) =    -7.59 kcal/mol
GlideScore(   -8.35)+Epik State Penalty(    0.01) =    -8.34 kcal/mol
GlideScore(   -7.82)+Epik State Penalty(    0.01) =    -7.81 kcal/mol
GlideScore(   -8.71)+Epik State Penalty(    0.01) =    -8.70 kcal/mol
GlideScore(   -6.78)+Epik State Penalty(    0.01) =    -6.77 kcal/mol
GlideScore(   -7.62)+Epik State Penalty(    0.01) =    -7.61 kcal/mol
GlideScore(   -8.01)+Epik State Penalty(    0.01) =    -8.00 kcal/mol
GlideScore(   -9.08)+Epik State Penalty(    0.01) =    -9.07 kcal/mol
GlideScore(   -7.83)+Epik State Penalty(    0.01) =    -7.82 kcal/mol
GlideScore(   -7.43)+Epik State Penalty(    0.01) =    -7.42 kcal/mol
GlideScore(   -7.88)+Epik State Penalty(    0.01) =    -7.87 kcal/mol
GlideScore(   -6.57)+Epik State Penalty(    0.01) =    -6.56 kcal/mol
GlideScore(   -6.74)+Epik State Penalty(    0.01) =    -6.73 kcal/mol
GlideScore(   -9.23)+Epik State Penalty(    0.01) =    -9.23 kcal/mol
GlideScore(   -6.85)+Epik State Penalty(    0.01) =    -6.84 kcal/mol
GlideScore(   -5.74)+Epik State Penalty(    0.01) =    -5.73 kcal/mol
GlideScore(   -6.90)+Epik State Penalty(    0.01) =    -6.90 kcal/mol
GlideScore(   -7.66)+Epik State Penalty(    0.01) =    -7.65 kcal/mol
GlideScore(   -6.99)+Epik State Penalty(    0.01) =    -6.98 kcal/mol
GlideScore(   -7.11)+Epik State Penalty(    0.01) =    -7.10 kcal/mol
GlideScore(   -6.28)+Epik State Penalty(    0.01) =    -6.27 kcal/mol
GlideScore(10000.00)+Epik State Penalty(    0.01) = 10000.01 kcal/mol
DOCKING RESULTS FOR LIGAND        1 (6RZ9_lig)
Best Emodel=  -106.65 E=   -61.67 Eint=    18.03 GlideScore=   -10.90
Calling OPLS_2005 atomtyping ...
Finished parameter assignment
 Number of rotatable bonds           14
 Using templates for ring conformations.
 set icplus           6
 set icplus           8
GlideScore(  -10.80)+Epik State Penalty(    2.57) =    -8.23 kcal/mol
GlideScore(   -9.07)+Epik State Penalty(    2.57) =    -6.50 kcal/mol
GlideScore(   -9.32)+Epik State Penalty(    2.57) =    -6.75 kcal/mol
GlideScore(   -9.38)+Epik State Penalty(    2.57) =    -6.81 kcal/mol
GlideScore(   -9.15)+Epik State Penalty(    2.57) =    -6.58 kcal/mol
GlideScore(   -8.38)+Epik State Penalty(    2.57) =    -5.81 kcal/mol
GlideScore(   -8.95)+Epik State Penalty(    2.57) =    -6.38 kcal/mol
GlideScore(   -9.55)+Epik State Penalty(    2.57) =    -6.98 kcal/mol
GlideScore(   -9.15)+Epik State Penalty(    2.57) =    -6.58 kcal/mol
GlideScore(   -9.76)+Epik State Penalty(    2.57) =    -7.19 kcal/mol
GlideScore(   -8.59)+Epik State Penalty(    2.57) =    -6.02 kcal/mol
GlideScore(   -8.31)+Epik State Penalty(    2.57) =    -5.75 kcal/mol
GlideScore(   -8.65)+Epik State Penalty(    2.57) =    -6.08 kcal/mol
GlideScore(   -8.55)+Epik State Penalty(    2.57) =    -5.98 kcal/mol
GlideScore(   -8.53)+Epik State Penalty(    2.57) =    -5.96 kcal/mol
GlideScore(   -8.88)+Epik State Penalty(    2.57) =    -6.31 kcal/mol
GlideScore(   -8.42)+Epik State Penalty(    2.57) =    -5.85 kcal/mol
GlideScore(   -8.38)+Epik State Penalty(    2.57) =    -5.81 kcal/mol
GlideScore(   -8.48)+Epik State Penalty(    2.57) =    -5.91 kcal/mol
GlideScore(   -9.79)+Epik State Penalty(    2.57) =    -7.22 kcal/mol
GlideScore(   -7.65)+Epik State Penalty(    2.57) =    -5.08 kcal/mol
GlideScore(   -8.97)+Epik State Penalty(    2.57) =    -6.40 kcal/mol
GlideScore(   -7.78)+Epik State Penalty(    2.57) =    -5.21 kcal/mol
GlideScore(   -7.09)+Epik State Penalty(    2.57) =    -4.52 kcal/mol
GlideScore(   -8.23)+Epik State Penalty(    2.57) =    -5.66 kcal/mol
GlideScore(   -8.33)+Epik State Penalty(    2.57) =    -5.76 kcal/mol
GlideScore(   -7.71)+Epik State Penalty(    2.57) =    -5.14 kcal/mol
GlideScore(   -6.28)+Epik State Penalty(    2.57) =    -3.71 kcal/mol
GlideScore(   -6.83)+Epik State Penalty(    2.57) =    -4.26 kcal/mol
GlideScore(   -6.94)+Epik State Penalty(    2.57) =    -4.37 kcal/mol
GlideScore(   -8.68)+Epik State Penalty(    2.57) =    -6.11 kcal/mol
GlideScore(   -6.11)+Epik State Penalty(    2.57) =    -3.54 kcal/mol
GlideScore(   -7.25)+Epik State Penalty(    2.57) =    -4.68 kcal/mol
GlideScore(   -6.54)+Epik State Penalty(    2.57) =    -3.97 kcal/mol
GlideScore(   -7.00)+Epik State Penalty(    2.57) =    -4.43 kcal/mol
GlideScore(   -6.56)+Epik State Penalty(    2.57) =    -4.00 kcal/mol
GlideScore(   -5.78)+Epik State Penalty(    2.57) =    -3.21 kcal/mol
DOCKING RESULTS FOR LIGAND        2 (6RZ9_lig)
Best Emodel=  -108.38 E=   -57.14 Eint=     8.49 GlideScore=   -10.80
Calling OPLS_2005 atomtyping ...
Finished parameter assignment
 Number of rotatable bonds           14
 Using templates for ring conformations.
 set icplus           6
 set icplus           8
GlideScore(  -10.40)+Epik State Penalty(    2.57) =    -7.84 kcal/mol
GlideScore(  -10.43)+Epik State Penalty(    2.57) =    -7.87 kcal/mol
GlideScore(  -10.47)+Epik State Penalty(    2.57) =    -7.90 kcal/mol
GlideScore(  -10.00)+Epik State Penalty(    2.57) =    -7.43 kcal/mol
GlideScore(   -9.73)+Epik State Penalty(    2.57) =    -7.16 kcal/mol
GlideScore(   -8.87)+Epik State Penalty(    2.57) =    -6.30 kcal/mol
GlideScore(   -8.92)+Epik State Penalty(    2.57) =    -6.35 kcal/mol
GlideScore(   -7.96)+Epik State Penalty(    2.57) =    -5.40 kcal/mol
GlideScore(   -8.96)+Epik State Penalty(    2.57) =    -6.39 kcal/mol
GlideScore(   -8.83)+Epik State Penalty(    2.57) =    -6.26 kcal/mol
GlideScore(   -8.48)+Epik State Penalty(    2.57) =    -5.91 kcal/mol
GlideScore(   -8.77)+Epik State Penalty(    2.57) =    -6.20 kcal/mol
GlideScore(   -8.24)+Epik State Penalty(    2.57) =    -5.67 kcal/mol
GlideScore(   -8.21)+Epik State Penalty(    2.57) =    -5.64 kcal/mol
GlideScore(   -8.02)+Epik State Penalty(    2.57) =    -5.45 kcal/mol
GlideScore(   -7.98)+Epik State Penalty(    2.57) =    -5.41 kcal/mol
GlideScore(   -7.58)+Epik State Penalty(    2.57) =    -5.01 kcal/mol
GlideScore(   -7.74)+Epik State Penalty(    2.57) =    -5.17 kcal/mol
GlideScore(   -9.09)+Epik State Penalty(    2.57) =    -6.52 kcal/mol
GlideScore(   -7.92)+Epik State Penalty(    2.57) =    -5.35 kcal/mol
GlideScore(   -7.73)+Epik State Penalty(    2.57) =    -5.16 kcal/mol
GlideScore(   -8.58)+Epik State Penalty(    2.57) =    -6.01 kcal/mol
GlideScore(   -7.91)+Epik State Penalty(    2.57) =    -5.34 kcal/mol
GlideScore(   -7.73)+Epik State Penalty(    2.57) =    -5.16 kcal/mol
GlideScore(   -8.17)+Epik State Penalty(    2.57) =    -5.60 kcal/mol
GlideScore(   -7.93)+Epik State Penalty(    2.57) =    -5.36 kcal/mol
GlideScore(   -8.45)+Epik State Penalty(    2.57) =    -5.88 kcal/mol
GlideScore(   -8.44)+Epik State Penalty(    2.57) =    -5.88 kcal/mol
GlideScore(   -8.56)+Epik State Penalty(    2.57) =    -5.99 kcal/mol
GlideScore(   -8.05)+Epik State Penalty(    2.57) =    -5.48 kcal/mol
GlideScore(   -7.40)+Epik State Penalty(    2.57) =    -4.83 kcal/mol
GlideScore(   -7.72)+Epik State Penalty(    2.57) =    -5.15 kcal/mol
GlideScore(   -6.79)+Epik State Penalty(    2.57) =    -4.23 kcal/mol
GlideScore(   -7.71)+Epik State Penalty(    2.57) =    -5.14 kcal/mol
GlideScore(   -7.01)+Epik State Penalty(    2.57) =    -4.45 kcal/mol
GlideScore(   -7.76)+Epik State Penalty(    2.57) =    -5.19 kcal/mol
GlideScore(   -5.65)+Epik State Penalty(    2.57) =    -3.08 kcal/mol
GlideScore(   -7.16)+Epik State Penalty(    2.57) =    -4.59 kcal/mol
GlideScore(   -6.62)+Epik State Penalty(    2.57) =    -4.05 kcal/mol
GlideScore(   -7.08)+Epik State Penalty(    2.57) =    -4.51 kcal/mol
GlideScore(   -6.75)+Epik State Penalty(    2.57) =    -4.19 kcal/mol
GlideScore(   -6.83)+Epik State Penalty(    2.57) =    -4.26 kcal/mol
GlideScore(   -4.71)+Epik State Penalty(    2.57) =    -2.15 kcal/mol
GlideScore(   -6.48)+Epik State Penalty(    2.57) =    -3.92 kcal/mol
GlideScore(   -7.86)+Epik State Penalty(    2.57) =    -5.29 kcal/mol
GlideScore(   -6.39)+Epik State Penalty(    2.57) =    -3.82 kcal/mol
GlideScore(   -6.31)+Epik State Penalty(    2.57) =    -3.75 kcal/mol
GlideScore(   -4.55)+Epik State Penalty(    2.57) =    -1.98 kcal/mol
GlideScore(   -5.53)+Epik State Penalty(    2.57) =    -2.96 kcal/mol
GlideScore(   -5.09)+Epik State Penalty(    2.57) =    -2.53 kcal/mol
GlideScore(   -5.12)+Epik State Penalty(    2.57) =    -2.56 kcal/mol
GlideScore(   -4.32)+Epik State Penalty(    2.57) =    -1.75 kcal/mol
DOCKING RESULTS FOR LIGAND        3 (6RZ9_lig)
Best Emodel=   -97.43 E=   -53.74 Eint=    10.85 GlideScore=   -10.40

Glide is executing the glide_sort command.
Command-line equivalent is:
 "/share/software/user/restricted/schrodinger/2021-1/utilities/glide_sort" -n 0 -o "6RZ9_lig-to-AF_6RZ6_pv.maegz"   -hbond_cut 0.00 -cvdw_cut 0.00 -metal_cut 10.00 -gscore_cut 100.00 -dscore_cut 100.00 "6RZ9_lig-to-AF_6RZ6_raw.maegz"
REPORT OF BEST 127 POSES

The receptor and sorted ligand structures were written to the file
6RZ9_lig-to-AF_6RZ6_pv.maegz  for use in the Pose Viewer.

Final rankings based on original docking score
1 poses were rejected by the energy filters,
    Coul+vdw Energy <=     0.0    Hbond Interaction <=     0.0    Metal Interaction <=    10.0    GlideScore <=   100.0    Docking Score <=   100.0
(If any of the above properties is not defined for a given pose,
the corresponding filter is not applied to that pose.)


glide_sort command succeeded.  Pose file 6RZ9_lig-to-AF_6RZ6_pv.maegz was written.

Exiting Glide
Date: Friday, December 09 2022, at 02:57:42 PST
CPU time (s): 153.3 user, 1.1 system, 157.2 real
Total elapsed time = 157 seconds (2 minutes, 37 seconds)
