Glide version 90161 (mmshare version 53161)
mmshare         2cb27f0eb7
glide-src       1e5ffd4733
psp-src         6c93e2fe77
macromodel-src  d47a6cf2e1
epik-src        46d635d642

Copyright (c) Schrodinger, LLC.
All Rights Reserved.

--------------------------------------------------------------------------------
JobId          : sh02-10n60-0-6393121d
Name           : 6ME5_lig-to-AF_6ME2
Program        : Glide
Host           : sh02-10n60.int
Dir            : /home/users/jwang003/glosa_mods/MTR1A/docking/6ME5_lig-to-AF_6ME2
HostEntry      : localhost
JobHost        : sh02-10n60.int
JobDir         : /home/users/jwang003/glosa_mods/MTR1A/docking/6ME5_lig-to-AF_6ME2
JobSchrodinger : /share/software/user/restricted/schrodinger/2021-1
Commandline    : /share/software/user/restricted/schrodinger/2021-1/glide -WAIT -LOCAL -RESTART 6ME5_lig-to-AF_6ME2.in
StartTime      : 2022-12-09-02:46:53
--------------------------------------------------------------------------------

 VdW radii of ligand atoms scaled by   0.800000000000000     
 Charge cutoff for polarity   0.150000000000000     
For enhanced sampling, increasing funnel width parameter MAXKEEP by a factor of 4 (number of samples), to 20000
 After readscreen, (nx, ny, nz) = (          30 ,           30 ,           30 ).
  Receptor setup: (nsites, nx, ny, nz, bsize)=(         512 ,           30 , 
          30 ,           30 ,    1.00000000000000      ).
 Screening setup finished.
 DOCKMAIN: getting receptor.
  DOCKMAIN after grid: (nx, ny, nz) = (          80 ,           80 , 
          80 ).
 DOCKMAIN: Grid setup finished
Calling OPLS_2005 atomtyping ...
Finished parameter assignment

Reading torsion control file '/share/software/user/restricted/schrodinger/2021-1/glide-v9.0/bin/Linux-x86_64/../../data/torcontrol.txt':
  
  Using generalized torsion control 
  
 Number of rotatable bonds            5
 Using templates for ring conformations.
For enhanced sampling, increasing funnel width parameter MAXREF by a factor of 4 (number of samples), to 1600

GlideScore version SP5.0 will be used

  
 Buried polar penalty      0.000
 Coulomb vdW cutoff        0.000
 H bond cutoff             0.000
 Metal-ligand cutoff      10.000
Assigning GlideScore SP5.0 parameters
Postdocking minimization: 100 poses; CvdW cutoffs   100.0 kcal/mol for min,     0.0 kcal/mol for report.
GlideScore(   -7.31)+Epik State Penalty(   -0.00) =    -7.31 kcal/mol
GlideScore(   -7.20)+Epik State Penalty(   -0.00) =    -7.20 kcal/mol
GlideScore(   -6.88)+Epik State Penalty(   -0.00) =    -6.88 kcal/mol
GlideScore(   -6.76)+Epik State Penalty(   -0.00) =    -6.76 kcal/mol
GlideScore(   -5.81)+Epik State Penalty(   -0.00) =    -5.81 kcal/mol
GlideScore(   -6.23)+Epik State Penalty(   -0.00) =    -6.23 kcal/mol
GlideScore(   -6.57)+Epik State Penalty(   -0.00) =    -6.57 kcal/mol
GlideScore(   -6.34)+Epik State Penalty(   -0.00) =    -6.34 kcal/mol
GlideScore(   -5.99)+Epik State Penalty(   -0.00) =    -5.99 kcal/mol
GlideScore(   -6.47)+Epik State Penalty(   -0.00) =    -6.47 kcal/mol
GlideScore(   -6.50)+Epik State Penalty(   -0.00) =    -6.50 kcal/mol
GlideScore(   -6.23)+Epik State Penalty(   -0.00) =    -6.23 kcal/mol
GlideScore(   -5.32)+Epik State Penalty(   -0.00) =    -5.32 kcal/mol
GlideScore(   -5.64)+Epik State Penalty(   -0.00) =    -5.64 kcal/mol
GlideScore(   -6.71)+Epik State Penalty(   -0.00) =    -6.71 kcal/mol
GlideScore(   -6.16)+Epik State Penalty(   -0.00) =    -6.16 kcal/mol
GlideScore(   -5.71)+Epik State Penalty(   -0.00) =    -5.71 kcal/mol
GlideScore(   -5.96)+Epik State Penalty(   -0.00) =    -5.96 kcal/mol
GlideScore(   -6.42)+Epik State Penalty(   -0.00) =    -6.42 kcal/mol
GlideScore(   -6.04)+Epik State Penalty(   -0.00) =    -6.04 kcal/mol
GlideScore(   -6.22)+Epik State Penalty(   -0.00) =    -6.22 kcal/mol
GlideScore(   -5.75)+Epik State Penalty(   -0.00) =    -5.75 kcal/mol
GlideScore(   -7.30)+Epik State Penalty(   -0.00) =    -7.30 kcal/mol
GlideScore(   -6.55)+Epik State Penalty(   -0.00) =    -6.55 kcal/mol
GlideScore(   -5.91)+Epik State Penalty(   -0.00) =    -5.91 kcal/mol
GlideScore(   -5.72)+Epik State Penalty(   -0.00) =    -5.72 kcal/mol
GlideScore(   -6.38)+Epik State Penalty(   -0.00) =    -6.38 kcal/mol
GlideScore(   -6.98)+Epik State Penalty(   -0.00) =    -6.98 kcal/mol
GlideScore(   -6.48)+Epik State Penalty(   -0.00) =    -6.48 kcal/mol
GlideScore(   -5.84)+Epik State Penalty(   -0.00) =    -5.84 kcal/mol
GlideScore(   -6.35)+Epik State Penalty(   -0.00) =    -6.35 kcal/mol
GlideScore(   -5.96)+Epik State Penalty(   -0.00) =    -5.96 kcal/mol
GlideScore(   -6.58)+Epik State Penalty(   -0.00) =    -6.58 kcal/mol
GlideScore(   -6.24)+Epik State Penalty(   -0.00) =    -6.24 kcal/mol
GlideScore(   -6.65)+Epik State Penalty(   -0.00) =    -6.65 kcal/mol
GlideScore(   -6.05)+Epik State Penalty(   -0.00) =    -6.05 kcal/mol
GlideScore(   -6.08)+Epik State Penalty(   -0.00) =    -6.08 kcal/mol
GlideScore(   -6.50)+Epik State Penalty(   -0.00) =    -6.50 kcal/mol
GlideScore(   -5.95)+Epik State Penalty(   -0.00) =    -5.95 kcal/mol
GlideScore(   -5.55)+Epik State Penalty(   -0.00) =    -5.55 kcal/mol
GlideScore(   -6.21)+Epik State Penalty(   -0.00) =    -6.21 kcal/mol
GlideScore(   -5.98)+Epik State Penalty(   -0.00) =    -5.98 kcal/mol
GlideScore(   -4.92)+Epik State Penalty(   -0.00) =    -4.92 kcal/mol
GlideScore(   -5.23)+Epik State Penalty(   -0.00) =    -5.23 kcal/mol
GlideScore(   -6.02)+Epik State Penalty(   -0.00) =    -6.02 kcal/mol
GlideScore(   -5.94)+Epik State Penalty(   -0.00) =    -5.94 kcal/mol
GlideScore(   -6.21)+Epik State Penalty(   -0.00) =    -6.21 kcal/mol
GlideScore(   -6.45)+Epik State Penalty(   -0.00) =    -6.45 kcal/mol
GlideScore(   -5.73)+Epik State Penalty(   -0.00) =    -5.73 kcal/mol
GlideScore(   -6.21)+Epik State Penalty(   -0.00) =    -6.21 kcal/mol
GlideScore(   -6.86)+Epik State Penalty(   -0.00) =    -6.86 kcal/mol
GlideScore(   -6.49)+Epik State Penalty(   -0.00) =    -6.49 kcal/mol
GlideScore(   -6.37)+Epik State Penalty(   -0.00) =    -6.37 kcal/mol
GlideScore(   -6.02)+Epik State Penalty(   -0.00) =    -6.02 kcal/mol
GlideScore(   -6.48)+Epik State Penalty(   -0.00) =    -6.48 kcal/mol
GlideScore(   -6.47)+Epik State Penalty(   -0.00) =    -6.47 kcal/mol
GlideScore(   -6.64)+Epik State Penalty(   -0.00) =    -6.64 kcal/mol
GlideScore(   -6.24)+Epik State Penalty(   -0.00) =    -6.24 kcal/mol
GlideScore(   -5.85)+Epik State Penalty(   -0.00) =    -5.85 kcal/mol
GlideScore(   -6.38)+Epik State Penalty(   -0.00) =    -6.38 kcal/mol
GlideScore(   -6.04)+Epik State Penalty(   -0.00) =    -6.04 kcal/mol
GlideScore(   -6.14)+Epik State Penalty(   -0.00) =    -6.14 kcal/mol
GlideScore(   -5.28)+Epik State Penalty(   -0.00) =    -5.28 kcal/mol
GlideScore(   -6.16)+Epik State Penalty(   -0.00) =    -6.16 kcal/mol
GlideScore(   -7.01)+Epik State Penalty(   -0.00) =    -7.01 kcal/mol
GlideScore(   -5.64)+Epik State Penalty(   -0.00) =    -5.64 kcal/mol
GlideScore(   -5.20)+Epik State Penalty(   -0.00) =    -5.20 kcal/mol
GlideScore(   -6.19)+Epik State Penalty(   -0.00) =    -6.19 kcal/mol
GlideScore(   -6.08)+Epik State Penalty(   -0.00) =    -6.08 kcal/mol
GlideScore(   -5.86)+Epik State Penalty(   -0.00) =    -5.86 kcal/mol
GlideScore(   -5.30)+Epik State Penalty(   -0.00) =    -5.30 kcal/mol
GlideScore(   -5.78)+Epik State Penalty(   -0.00) =    -5.78 kcal/mol
GlideScore(   -4.92)+Epik State Penalty(   -0.00) =    -4.92 kcal/mol
GlideScore(   -6.83)+Epik State Penalty(   -0.00) =    -6.83 kcal/mol
GlideScore(   -4.61)+Epik State Penalty(   -0.00) =    -4.61 kcal/mol
GlideScore(   -5.38)+Epik State Penalty(   -0.00) =    -5.38 kcal/mol
GlideScore(   -6.49)+Epik State Penalty(   -0.00) =    -6.49 kcal/mol
GlideScore(   -6.64)+Epik State Penalty(   -0.00) =    -6.64 kcal/mol
GlideScore(   -6.50)+Epik State Penalty(   -0.00) =    -6.50 kcal/mol
GlideScore(   -6.51)+Epik State Penalty(   -0.00) =    -6.51 kcal/mol
GlideScore(   -5.87)+Epik State Penalty(   -0.00) =    -5.87 kcal/mol
GlideScore(   -6.24)+Epik State Penalty(   -0.00) =    -6.24 kcal/mol
GlideScore(   -5.11)+Epik State Penalty(   -0.00) =    -5.11 kcal/mol
GlideScore(   -5.96)+Epik State Penalty(   -0.00) =    -5.96 kcal/mol
GlideScore(   -5.17)+Epik State Penalty(   -0.00) =    -5.17 kcal/mol
GlideScore(   -5.92)+Epik State Penalty(   -0.00) =    -5.92 kcal/mol
GlideScore(   -4.17)+Epik State Penalty(   -0.00) =    -4.17 kcal/mol
GlideScore(   -5.50)+Epik State Penalty(   -0.00) =    -5.50 kcal/mol
DOCKING RESULTS FOR LIGAND        1 (6ME5_lig)
Best Emodel=   -48.52 E=   -38.26 Eint=     9.74 GlideScore=    -7.31

Glide is executing the glide_sort command.
Command-line equivalent is:
 "/share/software/user/restricted/schrodinger/2021-1/utilities/glide_sort" -n 0 -o "6ME5_lig-to-AF_6ME2_pv.maegz"   -hbond_cut 0.00 -cvdw_cut 0.00 -metal_cut 10.00 -gscore_cut 100.00 -dscore_cut 100.00 "6ME5_lig-to-AF_6ME2_raw.maegz"
REPORT OF BEST 88 POSES

The receptor and sorted ligand structures were written to the file
6ME5_lig-to-AF_6ME2_pv.maegz  for use in the Pose Viewer.

Final rankings based on original docking score
0 poses were rejected by the energy filters,
    Coul+vdw Energy <=     0.0    Hbond Interaction <=     0.0    Metal Interaction <=    10.0    GlideScore <=   100.0    Docking Score <=   100.0
(If any of the above properties is not defined for a given pose,
the corresponding filter is not applied to that pose.)


glide_sort command succeeded.  Pose file 6ME5_lig-to-AF_6ME2_pv.maegz was written.

Exiting Glide
Date: Friday, December 09 2022, at 02:47:21 PST
CPU time (s): 22.5 user, 1.0 system, 25.0 real
Total elapsed time = 25 seconds
