Glide version 90161 (mmshare version 53161)
mmshare         2cb27f0eb7
glide-src       1e5ffd4733
psp-src         6c93e2fe77
macromodel-src  d47a6cf2e1
epik-src        46d635d642

Copyright (c) Schrodinger, LLC.
All Rights Reserved.

--------------------------------------------------------------------------------
JobId          : sh03-ln06-0-639418a2
Name           : 7E2Z_lig-to-AF_7E2Y
Program        : Glide
Host           : sh03-ln06.stanford.edu
Dir            : /home/users/jwang003/glosa_mods/5HT1A/docking/7E2Z_lig-to-AF_7E2Y
HostEntry      : localhost
JobHost        : sh03-ln06.stanford.edu
JobDir         : /home/users/jwang003/glosa_mods/5HT1A/docking/7E2Z_lig-to-AF_7E2Y
JobSchrodinger : /share/software/user/restricted/schrodinger/2021-1
Commandline    : /share/software/user/restricted/schrodinger/2021-1/glide -WAIT -LOCAL -RESTART 7E2Z_lig-to-AF_7E2Y.in
StartTime      : 2022-12-09-21:26:58
--------------------------------------------------------------------------------

 VdW radii of ligand atoms scaled by   0.800000000000000     
 Charge cutoff for polarity   0.150000000000000     
For enhanced sampling, increasing funnel width parameter MAXKEEP by a factor of 4 (number of samples), to 20000
 After readscreen, (nx, ny, nz) = (          30 ,           30 ,           30 ).
  Receptor setup: (nsites, nx, ny, nz, bsize)=(         512 ,           30 , 
          30 ,           30 ,    1.00000000000000      ).
 Screening setup finished.
 DOCKMAIN: getting receptor.
  DOCKMAIN after grid: (nx, ny, nz) = (          80 ,           80 , 
          80 ).
 DOCKMAIN: Grid setup finished
Calling OPLS_2005 atomtyping ...
Finished parameter assignment

Reading torsion control file '/share/software/user/restricted/schrodinger/2021-1/glide-v9.0/bin/Linux-x86_64/../../data/torcontrol.txt':
  
  Using generalized torsion control 
  
 Number of rotatable bonds            7
 Using templates for ring conformations.
For enhanced sampling, increasing funnel width parameter MAXREF by a factor of 4 (number of samples), to 1600

GlideScore version SP5.0 will be used

  
 Buried polar penalty      0.000
 Coulomb vdW cutoff        0.000
 H bond cutoff             0.000
 Metal-ligand cutoff      10.000
Assigning GlideScore SP5.0 parameters
 set icplus          16
 set icplus          18
 set icplus          22
Postdocking minimization: 100 poses; CvdW cutoffs   100.0 kcal/mol for min,     0.0 kcal/mol for report.
GlideScore(   -8.48)+Epik State Penalty(    0.19) =    -8.29 kcal/mol
GlideScore(   -8.31)+Epik State Penalty(    0.19) =    -8.12 kcal/mol
GlideScore(   -8.70)+Epik State Penalty(    0.19) =    -8.51 kcal/mol
GlideScore(   -8.52)+Epik State Penalty(    0.19) =    -8.33 kcal/mol
GlideScore(   -8.27)+Epik State Penalty(    0.19) =    -8.08 kcal/mol
GlideScore(   -8.13)+Epik State Penalty(    0.19) =    -7.93 kcal/mol
GlideScore(   -7.85)+Epik State Penalty(    0.19) =    -7.66 kcal/mol
GlideScore(   -8.05)+Epik State Penalty(    0.19) =    -7.86 kcal/mol
GlideScore(   -8.13)+Epik State Penalty(    0.19) =    -7.93 kcal/mol
GlideScore(   -8.13)+Epik State Penalty(    0.19) =    -7.94 kcal/mol
GlideScore(   -7.57)+Epik State Penalty(    0.19) =    -7.38 kcal/mol
GlideScore(   -8.15)+Epik State Penalty(    0.19) =    -7.95 kcal/mol
GlideScore(   -7.67)+Epik State Penalty(    0.19) =    -7.48 kcal/mol
GlideScore(   -7.42)+Epik State Penalty(    0.19) =    -7.23 kcal/mol
GlideScore(   -7.74)+Epik State Penalty(    0.19) =    -7.54 kcal/mol
GlideScore(   -7.99)+Epik State Penalty(    0.19) =    -7.80 kcal/mol
GlideScore(   -7.84)+Epik State Penalty(    0.19) =    -7.64 kcal/mol
GlideScore(   -7.70)+Epik State Penalty(    0.19) =    -7.50 kcal/mol
GlideScore(   -7.70)+Epik State Penalty(    0.19) =    -7.51 kcal/mol
GlideScore(   -7.77)+Epik State Penalty(    0.19) =    -7.58 kcal/mol
GlideScore(   -7.50)+Epik State Penalty(    0.19) =    -7.31 kcal/mol
GlideScore(   -7.39)+Epik State Penalty(    0.19) =    -7.20 kcal/mol
GlideScore(   -7.29)+Epik State Penalty(    0.19) =    -7.09 kcal/mol
GlideScore(   -7.67)+Epik State Penalty(    0.19) =    -7.48 kcal/mol
GlideScore(   -7.60)+Epik State Penalty(    0.19) =    -7.40 kcal/mol
GlideScore(   -7.36)+Epik State Penalty(    0.19) =    -7.16 kcal/mol
GlideScore(   -7.44)+Epik State Penalty(    0.19) =    -7.25 kcal/mol
GlideScore(   -7.42)+Epik State Penalty(    0.19) =    -7.23 kcal/mol
GlideScore(   -7.39)+Epik State Penalty(    0.19) =    -7.19 kcal/mol
GlideScore(   -7.33)+Epik State Penalty(    0.19) =    -7.14 kcal/mol
GlideScore(   -7.13)+Epik State Penalty(    0.19) =    -6.94 kcal/mol
GlideScore(   -6.86)+Epik State Penalty(    0.19) =    -6.67 kcal/mol
GlideScore(   -7.32)+Epik State Penalty(    0.19) =    -7.13 kcal/mol
GlideScore(   -7.21)+Epik State Penalty(    0.19) =    -7.02 kcal/mol
GlideScore(   -7.08)+Epik State Penalty(    0.19) =    -6.89 kcal/mol
GlideScore(   -7.02)+Epik State Penalty(    0.19) =    -6.83 kcal/mol
GlideScore(   -7.24)+Epik State Penalty(    0.19) =    -7.04 kcal/mol
GlideScore(   -7.20)+Epik State Penalty(    0.19) =    -7.01 kcal/mol
GlideScore(   -6.73)+Epik State Penalty(    0.19) =    -6.53 kcal/mol
GlideScore(   -7.20)+Epik State Penalty(    0.19) =    -7.01 kcal/mol
GlideScore(   -7.27)+Epik State Penalty(    0.19) =    -7.08 kcal/mol
GlideScore(   -6.83)+Epik State Penalty(    0.19) =    -6.64 kcal/mol
GlideScore(   -6.73)+Epik State Penalty(    0.19) =    -6.54 kcal/mol
GlideScore(   -7.55)+Epik State Penalty(    0.19) =    -7.36 kcal/mol
GlideScore(   -6.78)+Epik State Penalty(    0.19) =    -6.59 kcal/mol
GlideScore(   -7.12)+Epik State Penalty(    0.19) =    -6.92 kcal/mol
GlideScore(   -6.75)+Epik State Penalty(    0.19) =    -6.55 kcal/mol
GlideScore(   -6.67)+Epik State Penalty(    0.19) =    -6.48 kcal/mol
GlideScore(   -7.30)+Epik State Penalty(    0.19) =    -7.10 kcal/mol
GlideScore(   -6.77)+Epik State Penalty(    0.19) =    -6.58 kcal/mol
GlideScore(   -8.07)+Epik State Penalty(    0.19) =    -7.88 kcal/mol
GlideScore(   -6.64)+Epik State Penalty(    0.19) =    -6.45 kcal/mol
GlideScore(   -6.79)+Epik State Penalty(    0.19) =    -6.60 kcal/mol
GlideScore(   -6.41)+Epik State Penalty(    0.19) =    -6.22 kcal/mol
GlideScore(   -6.71)+Epik State Penalty(    0.19) =    -6.52 kcal/mol
GlideScore(   -6.64)+Epik State Penalty(    0.19) =    -6.44 kcal/mol
GlideScore(   -7.51)+Epik State Penalty(    0.19) =    -7.32 kcal/mol
GlideScore(   -6.60)+Epik State Penalty(    0.19) =    -6.41 kcal/mol
GlideScore(   -7.55)+Epik State Penalty(    0.19) =    -7.36 kcal/mol
GlideScore(   -6.25)+Epik State Penalty(    0.19) =    -6.06 kcal/mol
GlideScore(   -7.15)+Epik State Penalty(    0.19) =    -6.96 kcal/mol
GlideScore(   -7.13)+Epik State Penalty(    0.19) =    -6.94 kcal/mol
GlideScore(   -7.60)+Epik State Penalty(    0.19) =    -7.40 kcal/mol
GlideScore(   -8.06)+Epik State Penalty(    0.19) =    -7.86 kcal/mol
GlideScore(   -6.33)+Epik State Penalty(    0.19) =    -6.13 kcal/mol
GlideScore(   -6.43)+Epik State Penalty(    0.19) =    -6.23 kcal/mol
GlideScore(   -6.67)+Epik State Penalty(    0.19) =    -6.48 kcal/mol
GlideScore(   -6.52)+Epik State Penalty(    0.19) =    -6.33 kcal/mol
GlideScore(   -6.17)+Epik State Penalty(    0.19) =    -5.98 kcal/mol
GlideScore(   -6.08)+Epik State Penalty(    0.19) =    -5.89 kcal/mol
GlideScore(   -6.26)+Epik State Penalty(    0.19) =    -6.07 kcal/mol
GlideScore(   -7.49)+Epik State Penalty(    0.19) =    -7.30 kcal/mol
GlideScore(   -7.47)+Epik State Penalty(    0.19) =    -7.27 kcal/mol
GlideScore(   -6.40)+Epik State Penalty(    0.19) =    -6.21 kcal/mol
GlideScore(   -6.11)+Epik State Penalty(    0.19) =    -5.91 kcal/mol
GlideScore(   -6.20)+Epik State Penalty(    0.19) =    -6.01 kcal/mol
GlideScore(   -6.96)+Epik State Penalty(    0.19) =    -6.77 kcal/mol
GlideScore(   -6.98)+Epik State Penalty(    0.19) =    -6.79 kcal/mol
GlideScore(   -7.21)+Epik State Penalty(    0.19) =    -7.02 kcal/mol
GlideScore(   -6.57)+Epik State Penalty(    0.19) =    -6.38 kcal/mol
GlideScore(   -7.25)+Epik State Penalty(    0.19) =    -7.06 kcal/mol
GlideScore(   -6.84)+Epik State Penalty(    0.19) =    -6.65 kcal/mol
GlideScore(   -5.77)+Epik State Penalty(    0.19) =    -5.57 kcal/mol
GlideScore(   -6.61)+Epik State Penalty(    0.19) =    -6.42 kcal/mol
GlideScore(   -7.00)+Epik State Penalty(    0.19) =    -6.80 kcal/mol
GlideScore(   -6.44)+Epik State Penalty(    0.19) =    -6.25 kcal/mol
GlideScore(   -5.30)+Epik State Penalty(    0.19) =    -5.11 kcal/mol
GlideScore(   -5.40)+Epik State Penalty(    0.19) =    -5.21 kcal/mol
GlideScore(   -5.24)+Epik State Penalty(    0.19) =    -5.05 kcal/mol
GlideScore(   -5.28)+Epik State Penalty(    0.19) =    -5.08 kcal/mol
GlideScore(   -5.38)+Epik State Penalty(    0.19) =    -5.19 kcal/mol
GlideScore(   -4.83)+Epik State Penalty(    0.19) =    -4.64 kcal/mol
GlideScore(   -4.61)+Epik State Penalty(    0.19) =    -4.42 kcal/mol
GlideScore(   -5.68)+Epik State Penalty(    0.19) =    -5.48 kcal/mol
GlideScore(   -4.99)+Epik State Penalty(    0.19) =    -4.80 kcal/mol
DOCKING RESULTS FOR LIGAND        1 (7E2Z_lig)
Best Emodel=   -92.80 E=   -57.80 Eint=     1.75 GlideScore=    -8.48
Calling OPLS_2005 atomtyping ...
Finished parameter assignment
 Number of rotatable bonds            7
 Using templates for ring conformations.
GlideScore(   -6.98)+Epik State Penalty(    0.76) =    -6.22 kcal/mol
GlideScore(   -7.57)+Epik State Penalty(    0.76) =    -6.81 kcal/mol
GlideScore(   -7.21)+Epik State Penalty(    0.76) =    -6.45 kcal/mol
GlideScore(   -6.90)+Epik State Penalty(    0.76) =    -6.14 kcal/mol
GlideScore(   -7.04)+Epik State Penalty(    0.76) =    -6.28 kcal/mol
GlideScore(   -6.40)+Epik State Penalty(    0.76) =    -5.64 kcal/mol
GlideScore(   -6.90)+Epik State Penalty(    0.76) =    -6.14 kcal/mol
GlideScore(   -6.99)+Epik State Penalty(    0.76) =    -6.23 kcal/mol
GlideScore(   -7.15)+Epik State Penalty(    0.76) =    -6.39 kcal/mol
GlideScore(   -6.32)+Epik State Penalty(    0.76) =    -5.56 kcal/mol
GlideScore(   -6.40)+Epik State Penalty(    0.76) =    -5.64 kcal/mol
GlideScore(   -6.91)+Epik State Penalty(    0.76) =    -6.16 kcal/mol
GlideScore(   -7.43)+Epik State Penalty(    0.76) =    -6.68 kcal/mol
GlideScore(   -7.05)+Epik State Penalty(    0.76) =    -6.30 kcal/mol
GlideScore(   -6.17)+Epik State Penalty(    0.76) =    -5.41 kcal/mol
GlideScore(   -6.77)+Epik State Penalty(    0.76) =    -6.01 kcal/mol
GlideScore(   -6.53)+Epik State Penalty(    0.76) =    -5.77 kcal/mol
GlideScore(   -6.45)+Epik State Penalty(    0.76) =    -5.69 kcal/mol
GlideScore(   -6.25)+Epik State Penalty(    0.76) =    -5.49 kcal/mol
GlideScore(   -7.15)+Epik State Penalty(    0.76) =    -6.39 kcal/mol
GlideScore(   -5.82)+Epik State Penalty(    0.76) =    -5.06 kcal/mol
GlideScore(   -6.45)+Epik State Penalty(    0.76) =    -5.69 kcal/mol
GlideScore(   -5.96)+Epik State Penalty(    0.76) =    -5.20 kcal/mol
GlideScore(   -5.91)+Epik State Penalty(    0.76) =    -5.15 kcal/mol
GlideScore(   -5.88)+Epik State Penalty(    0.76) =    -5.12 kcal/mol
GlideScore(   -5.97)+Epik State Penalty(    0.76) =    -5.21 kcal/mol
GlideScore(   -6.04)+Epik State Penalty(    0.76) =    -5.28 kcal/mol
GlideScore(   -5.80)+Epik State Penalty(    0.76) =    -5.04 kcal/mol
GlideScore(   -5.61)+Epik State Penalty(    0.76) =    -4.85 kcal/mol
GlideScore(   -5.96)+Epik State Penalty(    0.76) =    -5.20 kcal/mol
GlideScore(   -5.78)+Epik State Penalty(    0.76) =    -5.02 kcal/mol
GlideScore(   -6.71)+Epik State Penalty(    0.76) =    -5.95 kcal/mol
GlideScore(   -5.82)+Epik State Penalty(    0.76) =    -5.06 kcal/mol
GlideScore(   -5.74)+Epik State Penalty(    0.76) =    -4.98 kcal/mol
GlideScore(   -5.49)+Epik State Penalty(    0.76) =    -4.73 kcal/mol
GlideScore(   -5.78)+Epik State Penalty(    0.76) =    -5.02 kcal/mol
GlideScore(   -5.93)+Epik State Penalty(    0.76) =    -5.17 kcal/mol
GlideScore(   -5.83)+Epik State Penalty(    0.76) =    -5.07 kcal/mol
GlideScore(   -6.16)+Epik State Penalty(    0.76) =    -5.40 kcal/mol
GlideScore(   -6.05)+Epik State Penalty(    0.76) =    -5.29 kcal/mol
GlideScore(   -6.11)+Epik State Penalty(    0.76) =    -5.35 kcal/mol
GlideScore(   -6.02)+Epik State Penalty(    0.76) =    -5.26 kcal/mol
GlideScore(   -5.72)+Epik State Penalty(    0.76) =    -4.96 kcal/mol
GlideScore(   -5.62)+Epik State Penalty(    0.76) =    -4.86 kcal/mol
GlideScore(   -6.15)+Epik State Penalty(    0.76) =    -5.39 kcal/mol
GlideScore(   -5.90)+Epik State Penalty(    0.76) =    -5.14 kcal/mol
GlideScore(   -5.82)+Epik State Penalty(    0.76) =    -5.06 kcal/mol
GlideScore(   -6.87)+Epik State Penalty(    0.76) =    -6.11 kcal/mol
GlideScore(   -6.36)+Epik State Penalty(    0.76) =    -5.60 kcal/mol
GlideScore(   -5.22)+Epik State Penalty(    0.76) =    -4.46 kcal/mol
GlideScore(   -5.85)+Epik State Penalty(    0.76) =    -5.09 kcal/mol
GlideScore(   -5.97)+Epik State Penalty(    0.76) =    -5.21 kcal/mol
GlideScore(   -5.51)+Epik State Penalty(    0.76) =    -4.75 kcal/mol
GlideScore(   -5.39)+Epik State Penalty(    0.76) =    -4.63 kcal/mol
GlideScore(   -6.68)+Epik State Penalty(    0.76) =    -5.92 kcal/mol
GlideScore(   -5.78)+Epik State Penalty(    0.76) =    -5.03 kcal/mol
GlideScore(   -6.26)+Epik State Penalty(    0.76) =    -5.50 kcal/mol
GlideScore(   -6.20)+Epik State Penalty(    0.76) =    -5.44 kcal/mol
GlideScore(   -5.83)+Epik State Penalty(    0.76) =    -5.07 kcal/mol
GlideScore(   -6.22)+Epik State Penalty(    0.76) =    -5.46 kcal/mol
GlideScore(   -4.91)+Epik State Penalty(    0.76) =    -4.15 kcal/mol
GlideScore(   -4.68)+Epik State Penalty(    0.76) =    -3.92 kcal/mol
GlideScore(   -5.11)+Epik State Penalty(    0.76) =    -4.35 kcal/mol
GlideScore(   -5.67)+Epik State Penalty(    0.76) =    -4.91 kcal/mol
GlideScore(   -6.07)+Epik State Penalty(    0.76) =    -5.31 kcal/mol
GlideScore(   -6.30)+Epik State Penalty(    0.76) =    -5.54 kcal/mol
GlideScore(   -4.05)+Epik State Penalty(    0.76) =    -3.30 kcal/mol
GlideScore(   -5.40)+Epik State Penalty(    0.76) =    -4.65 kcal/mol
GlideScore(   -6.17)+Epik State Penalty(    0.76) =    -5.41 kcal/mol
GlideScore(   -3.97)+Epik State Penalty(    0.76) =    -3.21 kcal/mol
GlideScore(   -5.29)+Epik State Penalty(    0.76) =    -4.53 kcal/mol
GlideScore(   -6.11)+Epik State Penalty(    0.76) =    -5.35 kcal/mol
GlideScore(   -6.03)+Epik State Penalty(    0.76) =    -5.27 kcal/mol
GlideScore(   -5.89)+Epik State Penalty(    0.76) =    -5.13 kcal/mol
GlideScore(   -4.88)+Epik State Penalty(    0.76) =    -4.12 kcal/mol
GlideScore(   -5.31)+Epik State Penalty(    0.76) =    -4.55 kcal/mol
GlideScore(   -5.26)+Epik State Penalty(    0.76) =    -4.50 kcal/mol
GlideScore(   -5.86)+Epik State Penalty(    0.76) =    -5.10 kcal/mol
GlideScore(   -5.19)+Epik State Penalty(    0.76) =    -4.43 kcal/mol
GlideScore(   -5.13)+Epik State Penalty(    0.76) =    -4.37 kcal/mol
GlideScore(   -5.27)+Epik State Penalty(    0.76) =    -4.51 kcal/mol
GlideScore(   -3.77)+Epik State Penalty(    0.76) =    -3.01 kcal/mol
GlideScore(   -3.83)+Epik State Penalty(    0.76) =    -3.07 kcal/mol
GlideScore(   -5.98)+Epik State Penalty(    0.76) =    -5.22 kcal/mol
GlideScore(   -4.93)+Epik State Penalty(    0.76) =    -4.17 kcal/mol
GlideScore(   -3.93)+Epik State Penalty(    0.76) =    -3.17 kcal/mol
GlideScore(   -5.28)+Epik State Penalty(    0.76) =    -4.52 kcal/mol
GlideScore(   -4.99)+Epik State Penalty(    0.76) =    -4.23 kcal/mol
GlideScore(   -4.62)+Epik State Penalty(    0.76) =    -3.86 kcal/mol
GlideScore(   -4.82)+Epik State Penalty(    0.76) =    -4.07 kcal/mol
GlideScore(   -3.04)+Epik State Penalty(    0.76) =    -2.29 kcal/mol
GlideScore(   -4.41)+Epik State Penalty(    0.76) =    -3.65 kcal/mol
GlideScore(   -4.18)+Epik State Penalty(    0.76) =    -3.42 kcal/mol
GlideScore(   -4.57)+Epik State Penalty(    0.76) =    -3.81 kcal/mol
DOCKING RESULTS FOR LIGAND        2 (7E2Z_lig)
Best Emodel=   -72.93 E=   -53.12 Eint=     3.12 GlideScore=    -6.98

Glide is executing the glide_sort command.
Command-line equivalent is:
 "/share/software/user/restricted/schrodinger/2021-1/utilities/glide_sort" -n 0 -o "7E2Z_lig-to-AF_7E2Y_pv.maegz"   -hbond_cut 0.00 -cvdw_cut 0.00 -metal_cut 10.00 -gscore_cut 100.00 -dscore_cut 100.00 "7E2Z_lig-to-AF_7E2Y_raw.maegz"
REPORT OF BEST 189 POSES

The receptor and sorted ligand structures were written to the file
7E2Z_lig-to-AF_7E2Y_pv.maegz  for use in the Pose Viewer.

Final rankings based on original docking score
0 poses were rejected by the energy filters,
    Coul+vdw Energy <=     0.0    Hbond Interaction <=     0.0    Metal Interaction <=    10.0    GlideScore <=   100.0    Docking Score <=   100.0
(If any of the above properties is not defined for a given pose,
the corresponding filter is not applied to that pose.)


glide_sort command succeeded.  Pose file 7E2Z_lig-to-AF_7E2Y_pv.maegz was written.

Exiting Glide
Date: Friday, December 09 2022, at 21:27:56 PST
CPU time (s): 54.1 user, 0.7 system, 56.1 real
Total elapsed time = 56 seconds
