Glide version 90161 (mmshare version 53161)
mmshare         2cb27f0eb7
glide-src       1e5ffd4733
psp-src         6c93e2fe77
macromodel-src  d47a6cf2e1
epik-src        46d635d642

Copyright (c) Schrodinger, LLC.
All Rights Reserved.

--------------------------------------------------------------------------------
JobId          : sh02-09n72-0-63931216
Name           : 6Z10_lig-to-AF_6RNK
Program        : Glide
Host           : sh02-09n72.int
Dir            : /home/users/jwang003/glosa_mods/SUCR1/docking/6Z10_lig-to-AF_6RNK
HostEntry      : localhost
JobHost        : sh02-09n72.int
JobDir         : /home/users/jwang003/glosa_mods/SUCR1/docking/6Z10_lig-to-AF_6RNK
JobSchrodinger : /share/software/user/restricted/schrodinger/2021-1
Commandline    : /share/software/user/restricted/schrodinger/2021-1/glide -WAIT -LOCAL -RESTART 6Z10_lig-to-AF_6RNK.in
StartTime      : 2022-12-09-02:46:46
--------------------------------------------------------------------------------

 VdW radii of ligand atoms scaled by   0.800000000000000     
 Charge cutoff for polarity   0.150000000000000     
For enhanced sampling, increasing funnel width parameter MAXKEEP by a factor of 4 (number of samples), to 20000
 After readscreen, (nx, ny, nz) = (          30 ,           30 ,           30 ).
  Receptor setup: (nsites, nx, ny, nz, bsize)=(         512 ,           30 , 
          30 ,           30 ,    1.00000000000000      ).
 Screening setup finished.
 DOCKMAIN: getting receptor.
  DOCKMAIN after grid: (nx, ny, nz) = (          80 ,           80 , 
          80 ).
 DOCKMAIN: Grid setup finished
Calling OPLS_2005 atomtyping ...
Finished parameter assignment

Reading torsion control file '/share/software/user/restricted/schrodinger/2021-1/glide-v9.0/bin/Linux-x86_64/../../data/torcontrol.txt':
  
  Using generalized torsion control 
  
 Number of rotatable bonds            8
 Using templates for ring conformations.
For enhanced sampling, increasing funnel width parameter MAXREF by a factor of 4 (number of samples), to 1600

GlideScore version SP5.0 will be used

  
 Buried polar penalty      0.000
 Coulomb vdW cutoff        0.000
 H bond cutoff             0.000
 Metal-ligand cutoff      10.000
Assigning GlideScore SP5.0 parameters
 set icplus          34
 set icplus          36
Postdocking minimization: 100 poses; CvdW cutoffs   100.0 kcal/mol for min,     0.0 kcal/mol for report.
GlideScore(   -5.25)+Epik State Penalty(   -0.00) =    -5.25 kcal/mol
GlideScore(   -5.48)+Epik State Penalty(   -0.00) =    -5.48 kcal/mol
GlideScore(   -4.80)+Epik State Penalty(   -0.00) =    -4.80 kcal/mol
GlideScore(   -4.71)+Epik State Penalty(   -0.00) =    -4.71 kcal/mol
GlideScore(   -4.31)+Epik State Penalty(   -0.00) =    -4.31 kcal/mol
GlideScore(   -3.74)+Epik State Penalty(   -0.00) =    -3.74 kcal/mol
GlideScore(   -3.46)+Epik State Penalty(   -0.00) =    -3.46 kcal/mol
GlideScore(   -3.83)+Epik State Penalty(   -0.00) =    -3.83 kcal/mol
GlideScore(   -3.19)+Epik State Penalty(   -0.00) =    -3.19 kcal/mol
GlideScore(   -3.30)+Epik State Penalty(   -0.00) =    -3.30 kcal/mol
GlideScore(   -3.58)+Epik State Penalty(   -0.00) =    -3.58 kcal/mol
GlideScore(   -3.48)+Epik State Penalty(   -0.00) =    -3.48 kcal/mol
GlideScore(   -3.11)+Epik State Penalty(   -0.00) =    -3.11 kcal/mol
GlideScore(   -3.37)+Epik State Penalty(   -0.00) =    -3.37 kcal/mol
GlideScore(   -3.01)+Epik State Penalty(   -0.00) =    -3.01 kcal/mol
GlideScore(   -3.15)+Epik State Penalty(   -0.00) =    -3.15 kcal/mol
GlideScore(   -3.30)+Epik State Penalty(   -0.00) =    -3.30 kcal/mol
GlideScore(   -3.20)+Epik State Penalty(   -0.00) =    -3.20 kcal/mol
GlideScore(   -3.19)+Epik State Penalty(   -0.00) =    -3.19 kcal/mol
GlideScore(   -3.29)+Epik State Penalty(   -0.00) =    -3.29 kcal/mol
GlideScore(   -3.08)+Epik State Penalty(   -0.00) =    -3.08 kcal/mol
GlideScore(   -2.80)+Epik State Penalty(   -0.00) =    -2.80 kcal/mol
GlideScore(   -2.94)+Epik State Penalty(   -0.00) =    -2.94 kcal/mol
GlideScore(   -3.43)+Epik State Penalty(   -0.00) =    -3.43 kcal/mol
GlideScore(   -3.00)+Epik State Penalty(   -0.00) =    -3.00 kcal/mol
GlideScore(   -3.15)+Epik State Penalty(   -0.00) =    -3.15 kcal/mol
GlideScore(   -2.61)+Epik State Penalty(   -0.00) =    -2.61 kcal/mol
GlideScore(   -2.99)+Epik State Penalty(   -0.00) =    -2.99 kcal/mol
GlideScore(   -3.06)+Epik State Penalty(   -0.00) =    -3.06 kcal/mol
GlideScore(   -3.19)+Epik State Penalty(   -0.00) =    -3.19 kcal/mol
GlideScore(   -3.33)+Epik State Penalty(   -0.00) =    -3.33 kcal/mol
GlideScore(   -2.76)+Epik State Penalty(   -0.00) =    -2.76 kcal/mol
GlideScore(   -3.18)+Epik State Penalty(   -0.00) =    -3.18 kcal/mol
GlideScore(   -2.56)+Epik State Penalty(   -0.00) =    -2.56 kcal/mol
GlideScore(   -3.17)+Epik State Penalty(   -0.00) =    -3.17 kcal/mol
GlideScore(   -2.64)+Epik State Penalty(   -0.00) =    -2.64 kcal/mol
GlideScore(   -2.37)+Epik State Penalty(   -0.00) =    -2.37 kcal/mol
GlideScore(   -2.72)+Epik State Penalty(   -0.00) =    -2.72 kcal/mol
GlideScore(   -2.75)+Epik State Penalty(   -0.00) =    -2.75 kcal/mol
GlideScore(   -2.84)+Epik State Penalty(   -0.00) =    -2.84 kcal/mol
GlideScore(   -2.88)+Epik State Penalty(   -0.00) =    -2.88 kcal/mol
GlideScore(   -2.55)+Epik State Penalty(   -0.00) =    -2.55 kcal/mol
GlideScore(   -2.61)+Epik State Penalty(   -0.00) =    -2.61 kcal/mol
GlideScore(   -2.90)+Epik State Penalty(   -0.00) =    -2.90 kcal/mol
GlideScore(   -2.77)+Epik State Penalty(   -0.00) =    -2.77 kcal/mol
GlideScore(   -2.88)+Epik State Penalty(   -0.00) =    -2.88 kcal/mol
GlideScore(   -2.68)+Epik State Penalty(   -0.00) =    -2.68 kcal/mol
GlideScore(   -2.61)+Epik State Penalty(   -0.00) =    -2.61 kcal/mol
GlideScore(   -2.75)+Epik State Penalty(   -0.00) =    -2.75 kcal/mol
GlideScore(   -2.09)+Epik State Penalty(   -0.00) =    -2.09 kcal/mol
GlideScore(   -2.55)+Epik State Penalty(   -0.00) =    -2.55 kcal/mol
GlideScore(   -2.40)+Epik State Penalty(   -0.00) =    -2.40 kcal/mol
GlideScore(   -2.36)+Epik State Penalty(   -0.00) =    -2.36 kcal/mol
GlideScore(   -2.47)+Epik State Penalty(   -0.00) =    -2.47 kcal/mol
GlideScore(   -2.56)+Epik State Penalty(   -0.00) =    -2.56 kcal/mol
GlideScore(   -2.66)+Epik State Penalty(   -0.00) =    -2.66 kcal/mol
GlideScore(   -2.57)+Epik State Penalty(   -0.00) =    -2.57 kcal/mol
GlideScore(   -2.46)+Epik State Penalty(   -0.00) =    -2.46 kcal/mol
GlideScore(   -2.25)+Epik State Penalty(   -0.00) =    -2.25 kcal/mol
GlideScore(   -2.07)+Epik State Penalty(   -0.00) =    -2.07 kcal/mol
GlideScore(   -2.36)+Epik State Penalty(   -0.00) =    -2.36 kcal/mol
GlideScore(   -2.19)+Epik State Penalty(   -0.00) =    -2.19 kcal/mol
GlideScore(   -1.88)+Epik State Penalty(   -0.00) =    -1.88 kcal/mol
GlideScore(   -2.12)+Epik State Penalty(   -0.00) =    -2.12 kcal/mol
GlideScore(   -2.11)+Epik State Penalty(   -0.00) =    -2.11 kcal/mol
GlideScore(   -2.05)+Epik State Penalty(   -0.00) =    -2.05 kcal/mol
GlideScore(   -2.45)+Epik State Penalty(   -0.00) =    -2.45 kcal/mol
GlideScore(   -2.46)+Epik State Penalty(   -0.00) =    -2.46 kcal/mol
GlideScore(   -1.80)+Epik State Penalty(   -0.00) =    -1.80 kcal/mol
GlideScore(   -2.11)+Epik State Penalty(   -0.00) =    -2.11 kcal/mol
GlideScore(   -2.04)+Epik State Penalty(   -0.00) =    -2.04 kcal/mol
GlideScore(   -2.22)+Epik State Penalty(   -0.00) =    -2.22 kcal/mol
GlideScore(   -2.02)+Epik State Penalty(   -0.00) =    -2.02 kcal/mol
GlideScore(   -1.78)+Epik State Penalty(   -0.00) =    -1.78 kcal/mol
GlideScore(   -1.70)+Epik State Penalty(   -0.00) =    -1.70 kcal/mol
GlideScore(   -2.07)+Epik State Penalty(   -0.00) =    -2.07 kcal/mol
GlideScore(   -1.95)+Epik State Penalty(   -0.00) =    -1.95 kcal/mol
GlideScore(   -2.19)+Epik State Penalty(   -0.00) =    -2.19 kcal/mol
GlideScore(   -2.15)+Epik State Penalty(   -0.00) =    -2.15 kcal/mol
GlideScore(   -1.98)+Epik State Penalty(   -0.00) =    -1.98 kcal/mol
GlideScore(   -1.83)+Epik State Penalty(   -0.00) =    -1.83 kcal/mol
GlideScore(   -2.11)+Epik State Penalty(   -0.00) =    -2.11 kcal/mol
GlideScore(   -1.94)+Epik State Penalty(   -0.00) =    -1.94 kcal/mol
GlideScore(   -1.73)+Epik State Penalty(   -0.00) =    -1.73 kcal/mol
GlideScore(   -1.89)+Epik State Penalty(   -0.00) =    -1.89 kcal/mol
GlideScore(   -1.64)+Epik State Penalty(   -0.00) =    -1.64 kcal/mol
GlideScore(   -1.62)+Epik State Penalty(   -0.00) =    -1.62 kcal/mol
GlideScore(   -1.60)+Epik State Penalty(   -0.00) =    -1.60 kcal/mol
GlideScore(   -1.48)+Epik State Penalty(   -0.00) =    -1.48 kcal/mol
GlideScore(   -1.71)+Epik State Penalty(   -0.00) =    -1.71 kcal/mol
GlideScore(   -1.71)+Epik State Penalty(   -0.00) =    -1.71 kcal/mol
DOCKING RESULTS FOR LIGAND        1 (6Z10_lig)
Best Emodel=   -64.28 E=   -49.73 Eint=    13.36 GlideScore=    -5.25
GLIDE WARNING: The above ligand had one or more atoms outside the grid box during energy evaluation or minimization.
21 out of 244637 energy evaluations were affected.

Glide is executing the glide_sort command.
Command-line equivalent is:
 "/share/software/user/restricted/schrodinger/2021-1/utilities/glide_sort" -n 0 -o "6Z10_lig-to-AF_6RNK_pv.maegz"   -hbond_cut 0.00 -cvdw_cut 0.00 -metal_cut 10.00 -gscore_cut 100.00 -dscore_cut 100.00 "6Z10_lig-to-AF_6RNK_raw.maegz"
REPORT OF BEST 91 POSES

The receptor and sorted ligand structures were written to the file
6Z10_lig-to-AF_6RNK_pv.maegz  for use in the Pose Viewer.

Final rankings based on original docking score
0 poses were rejected by the energy filters,
    Coul+vdw Energy <=     0.0    Hbond Interaction <=     0.0    Metal Interaction <=    10.0    GlideScore <=   100.0    Docking Score <=   100.0
(If any of the above properties is not defined for a given pose,
the corresponding filter is not applied to that pose.)


glide_sort command succeeded.  Pose file 6Z10_lig-to-AF_6RNK_pv.maegz was written.

Exiting Glide
Date: Friday, December 09 2022, at 02:47:25 PST
CPU time (s): 34.1 user, 1.3 system, 37.0 real
Total elapsed time = 37 seconds
