Glide version 90161 (mmshare version 53161)
mmshare         2cb27f0eb7
glide-src       1e5ffd4733
psp-src         6c93e2fe77
macromodel-src  d47a6cf2e1
epik-src        46d635d642

Copyright (c) Schrodinger, LLC.
All Rights Reserved.

--------------------------------------------------------------------------------
JobId          : sh02-17n08-0-639311a2
Name           : 7CKW_lig-to-AF_7CKW
Program        : Glide
Host           : sh02-17n08.int
Dir            : /home/users/jwang003/glosa_mods/DRD1/docking/7CKW_lig-to-AF_7CKW
HostEntry      : localhost
JobHost        : sh02-17n08.int
JobDir         : /home/users/jwang003/glosa_mods/DRD1/docking/7CKW_lig-to-AF_7CKW
JobSchrodinger : /share/software/user/restricted/schrodinger/2021-1
Commandline    : /share/software/user/restricted/schrodinger/2021-1/glide -WAIT -LOCAL -RESTART 7CKW_lig-to-AF_7CKW.in
StartTime      : 2022-12-09-02:44:51
--------------------------------------------------------------------------------

 VdW radii of ligand atoms scaled by   0.800000000000000     
 Charge cutoff for polarity   0.150000000000000     
For enhanced sampling, increasing funnel width parameter MAXKEEP by a factor of 4 (number of samples), to 20000
 After readscreen, (nx, ny, nz) = (          30 ,           30 ,           30 ).
  Receptor setup: (nsites, nx, ny, nz, bsize)=(         512 ,           30 , 
          30 ,           30 ,    1.00000000000000      ).
 Screening setup finished.
 DOCKMAIN: getting receptor.
  DOCKMAIN after grid: (nx, ny, nz) = (          80 ,           80 , 
          80 ).
 DOCKMAIN: Grid setup finished
Calling OPLS_2005 atomtyping ...
Finished parameter assignment

Reading torsion control file '/share/software/user/restricted/schrodinger/2021-1/glide-v9.0/bin/Linux-x86_64/../../data/torcontrol.txt':
  
  Using generalized torsion control 
  
 Number of rotatable bonds            3
 Failed to generate ring conformations.
 Will use conformations from input structure.
 set bad on ringconf
For enhanced sampling, increasing funnel width parameter MAXREF by a factor of 4 (number of samples), to 1600

GlideScore version SP5.0 will be used

  
 Buried polar penalty      0.000
 Coulomb vdW cutoff        0.000
 H bond cutoff             0.000
 Metal-ligand cutoff      10.000
Assigning GlideScore SP5.0 parameters
 set icplus          11
 set icplus          13
Postdocking minimization: 100 poses; CvdW cutoffs   100.0 kcal/mol for min,     0.0 kcal/mol for report.
GlideScore(   -7.47)+Epik State Penalty(    0.03) =    -7.44 kcal/mol
GlideScore(   -7.44)+Epik State Penalty(    0.03) =    -7.42 kcal/mol
GlideScore(   -6.92)+Epik State Penalty(    0.03) =    -6.90 kcal/mol
GlideScore(   -6.87)+Epik State Penalty(    0.03) =    -6.84 kcal/mol
GlideScore(   -7.10)+Epik State Penalty(    0.03) =    -7.07 kcal/mol
GlideScore(   -7.09)+Epik State Penalty(    0.03) =    -7.07 kcal/mol
GlideScore(   -7.42)+Epik State Penalty(    0.03) =    -7.39 kcal/mol
GlideScore(   -7.42)+Epik State Penalty(    0.03) =    -7.39 kcal/mol
GlideScore(   -6.73)+Epik State Penalty(    0.03) =    -6.70 kcal/mol
GlideScore(   -6.82)+Epik State Penalty(    0.03) =    -6.79 kcal/mol
GlideScore(   -7.32)+Epik State Penalty(    0.03) =    -7.29 kcal/mol
GlideScore(   -6.48)+Epik State Penalty(    0.03) =    -6.45 kcal/mol
GlideScore(   -6.47)+Epik State Penalty(    0.03) =    -6.45 kcal/mol
GlideScore(   -6.72)+Epik State Penalty(    0.03) =    -6.69 kcal/mol
GlideScore(   -6.18)+Epik State Penalty(    0.03) =    -6.15 kcal/mol
GlideScore(   -6.69)+Epik State Penalty(    0.03) =    -6.66 kcal/mol
GlideScore(   -6.24)+Epik State Penalty(    0.03) =    -6.21 kcal/mol
GlideScore(   -7.38)+Epik State Penalty(    0.03) =    -7.36 kcal/mol
GlideScore(   -7.90)+Epik State Penalty(    0.03) =    -7.87 kcal/mol
GlideScore(   -6.23)+Epik State Penalty(    0.03) =    -6.20 kcal/mol
GlideScore(   -8.14)+Epik State Penalty(    0.03) =    -8.11 kcal/mol
GlideScore(   -6.33)+Epik State Penalty(    0.03) =    -6.30 kcal/mol
GlideScore(   -7.37)+Epik State Penalty(    0.03) =    -7.34 kcal/mol
GlideScore(   -7.41)+Epik State Penalty(    0.03) =    -7.39 kcal/mol
GlideScore(   -6.03)+Epik State Penalty(    0.03) =    -6.01 kcal/mol
GlideScore(   -6.66)+Epik State Penalty(    0.03) =    -6.63 kcal/mol
GlideScore(   -6.64)+Epik State Penalty(    0.03) =    -6.61 kcal/mol
GlideScore(   -7.94)+Epik State Penalty(    0.03) =    -7.91 kcal/mol
GlideScore(   -6.55)+Epik State Penalty(    0.03) =    -6.53 kcal/mol
GlideScore(   -5.81)+Epik State Penalty(    0.03) =    -5.79 kcal/mol
GlideScore(   -5.98)+Epik State Penalty(    0.03) =    -5.95 kcal/mol
GlideScore(   -6.36)+Epik State Penalty(    0.03) =    -6.34 kcal/mol
GlideScore(   -5.95)+Epik State Penalty(    0.03) =    -5.93 kcal/mol
GlideScore(   -6.20)+Epik State Penalty(    0.03) =    -6.18 kcal/mol
GlideScore(   -7.90)+Epik State Penalty(    0.03) =    -7.87 kcal/mol
GlideScore(   -8.37)+Epik State Penalty(    0.03) =    -8.35 kcal/mol
GlideScore(   -5.61)+Epik State Penalty(    0.03) =    -5.58 kcal/mol
GlideScore(   -5.94)+Epik State Penalty(    0.03) =    -5.91 kcal/mol
GlideScore(   -5.61)+Epik State Penalty(    0.03) =    -5.58 kcal/mol
GlideScore(   -5.50)+Epik State Penalty(    0.03) =    -5.48 kcal/mol
GlideScore(   -5.14)+Epik State Penalty(    0.03) =    -5.11 kcal/mol
GlideScore(   -5.66)+Epik State Penalty(    0.03) =    -5.63 kcal/mol
GlideScore(   -5.35)+Epik State Penalty(    0.03) =    -5.32 kcal/mol
GlideScore(   -4.99)+Epik State Penalty(    0.03) =    -4.97 kcal/mol
GlideScore(   -5.80)+Epik State Penalty(    0.03) =    -5.78 kcal/mol
GlideScore(   -5.74)+Epik State Penalty(    0.03) =    -5.71 kcal/mol
GlideScore(   -6.50)+Epik State Penalty(    0.03) =    -6.47 kcal/mol
GlideScore(   -4.44)+Epik State Penalty(    0.03) =    -4.41 kcal/mol
DOCKING RESULTS FOR LIGAND        1 (7CKW_lig)
Best Emodel=   -58.18 E=   -36.57 Eint=     0.50 GlideScore=    -7.47
Calling OPLS_2005 atomtyping ...
Finished parameter assignment
 Number of rotatable bonds            4
 Failed to generate ring conformations.
 Will use conformations from input structure.
 set bad on ringconf
 set icplus          11
 set icplus          13
GlideScore(   -7.92)+Epik State Penalty(    1.99) =    -5.93 kcal/mol
GlideScore(   -7.86)+Epik State Penalty(    1.99) =    -5.87 kcal/mol
GlideScore(   -7.70)+Epik State Penalty(    1.99) =    -5.71 kcal/mol
GlideScore(   -7.86)+Epik State Penalty(    1.99) =    -5.87 kcal/mol
GlideScore(   -7.23)+Epik State Penalty(    1.99) =    -5.24 kcal/mol
GlideScore(   -7.85)+Epik State Penalty(    1.99) =    -5.86 kcal/mol
GlideScore(   -7.13)+Epik State Penalty(    1.99) =    -5.14 kcal/mol
GlideScore(   -7.14)+Epik State Penalty(    1.99) =    -5.15 kcal/mol
GlideScore(   -6.91)+Epik State Penalty(    1.99) =    -4.92 kcal/mol
GlideScore(   -7.21)+Epik State Penalty(    1.99) =    -5.22 kcal/mol
GlideScore(   -6.79)+Epik State Penalty(    1.99) =    -4.80 kcal/mol
GlideScore(   -6.75)+Epik State Penalty(    1.99) =    -4.77 kcal/mol
GlideScore(   -6.69)+Epik State Penalty(    1.99) =    -4.70 kcal/mol
GlideScore(   -6.60)+Epik State Penalty(    1.99) =    -4.62 kcal/mol
GlideScore(   -7.41)+Epik State Penalty(    1.99) =    -5.42 kcal/mol
GlideScore(   -6.63)+Epik State Penalty(    1.99) =    -4.64 kcal/mol
GlideScore(   -7.42)+Epik State Penalty(    1.99) =    -5.43 kcal/mol
GlideScore(   -6.64)+Epik State Penalty(    1.99) =    -4.65 kcal/mol
GlideScore(   -7.05)+Epik State Penalty(    1.99) =    -5.06 kcal/mol
GlideScore(   -6.68)+Epik State Penalty(    1.99) =    -4.69 kcal/mol
GlideScore(   -7.42)+Epik State Penalty(    1.99) =    -5.43 kcal/mol
GlideScore(   -7.14)+Epik State Penalty(    1.99) =    -5.15 kcal/mol
GlideScore(   -8.17)+Epik State Penalty(    1.99) =    -6.18 kcal/mol
GlideScore(   -6.86)+Epik State Penalty(    1.99) =    -4.87 kcal/mol
GlideScore(   -7.39)+Epik State Penalty(    1.99) =    -5.40 kcal/mol
GlideScore(   -6.95)+Epik State Penalty(    1.99) =    -4.96 kcal/mol
GlideScore(   -6.83)+Epik State Penalty(    1.99) =    -4.84 kcal/mol
GlideScore(   -7.58)+Epik State Penalty(    1.99) =    -5.59 kcal/mol
GlideScore(   -8.44)+Epik State Penalty(    1.99) =    -6.45 kcal/mol
GlideScore(   -7.53)+Epik State Penalty(    1.99) =    -5.55 kcal/mol
GlideScore(   -6.70)+Epik State Penalty(    1.99) =    -4.71 kcal/mol
GlideScore(   -6.87)+Epik State Penalty(    1.99) =    -4.88 kcal/mol
GlideScore(   -8.77)+Epik State Penalty(    1.99) =    -6.78 kcal/mol
GlideScore(   -7.71)+Epik State Penalty(    1.99) =    -5.72 kcal/mol
GlideScore(   -6.96)+Epik State Penalty(    1.99) =    -4.97 kcal/mol
GlideScore(   -6.48)+Epik State Penalty(    1.99) =    -4.49 kcal/mol
GlideScore(   -5.81)+Epik State Penalty(    1.99) =    -3.83 kcal/mol
GlideScore(   -6.47)+Epik State Penalty(    1.99) =    -4.48 kcal/mol
GlideScore(   -6.03)+Epik State Penalty(    1.99) =    -4.04 kcal/mol
GlideScore(   -8.61)+Epik State Penalty(    1.99) =    -6.62 kcal/mol
GlideScore(   -6.37)+Epik State Penalty(    1.99) =    -4.38 kcal/mol
GlideScore(   -6.40)+Epik State Penalty(    1.99) =    -4.41 kcal/mol
GlideScore(   -6.70)+Epik State Penalty(    1.99) =    -4.71 kcal/mol
GlideScore(   -6.56)+Epik State Penalty(    1.99) =    -4.57 kcal/mol
GlideScore(   -6.55)+Epik State Penalty(    1.99) =    -4.57 kcal/mol
GlideScore(   -6.20)+Epik State Penalty(    1.99) =    -4.21 kcal/mol
GlideScore(   -5.72)+Epik State Penalty(    1.99) =    -3.73 kcal/mol
GlideScore(   -5.88)+Epik State Penalty(    1.99) =    -3.89 kcal/mol
GlideScore(   -5.73)+Epik State Penalty(    1.99) =    -3.74 kcal/mol
GlideScore(   -5.98)+Epik State Penalty(    1.99) =    -3.99 kcal/mol
GlideScore(   -5.69)+Epik State Penalty(    1.99) =    -3.70 kcal/mol
GlideScore(   -6.21)+Epik State Penalty(    1.99) =    -4.22 kcal/mol
GlideScore(   -5.40)+Epik State Penalty(    1.99) =    -3.41 kcal/mol
GlideScore(   -7.65)+Epik State Penalty(    1.99) =    -5.66 kcal/mol
GlideScore(   -5.22)+Epik State Penalty(    1.99) =    -3.23 kcal/mol
GlideScore(   -5.14)+Epik State Penalty(    1.99) =    -3.16 kcal/mol
GlideScore(   -5.41)+Epik State Penalty(    1.99) =    -3.42 kcal/mol
GlideScore(10000.00)+Epik State Penalty(    1.99) = 10001.99 kcal/mol
GlideScore(10000.00)+Epik State Penalty(    1.99) = 10001.99 kcal/mol
GlideScore(10000.00)+Epik State Penalty(    1.99) = 10001.99 kcal/mol
GlideScore(10000.00)+Epik State Penalty(    1.99) = 10001.99 kcal/mol
GlideScore(10000.00)+Epik State Penalty(    1.99) = 10001.99 kcal/mol
GlideScore(10000.00)+Epik State Penalty(    1.99) = 10001.99 kcal/mol
GlideScore(10000.00)+Epik State Penalty(    1.99) = 10001.99 kcal/mol
DOCKING RESULTS FOR LIGAND        2 (7CKW_lig)
Best Emodel=   -63.50 E=   -40.55 Eint=     1.05 GlideScore=    -7.92

Glide is executing the glide_sort command.
Command-line equivalent is:
 "/share/software/user/restricted/schrodinger/2021-1/utilities/glide_sort" -n 0 -o "7CKW_lig-to-AF_7CKW_pv.maegz"   -hbond_cut 0.00 -cvdw_cut 0.00 -metal_cut 10.00 -gscore_cut 100.00 -dscore_cut 100.00 "7CKW_lig-to-AF_7CKW_raw.maegz"
REPORT OF BEST 105 POSES

The receptor and sorted ligand structures were written to the file
7CKW_lig-to-AF_7CKW_pv.maegz  for use in the Pose Viewer.

Final rankings based on original docking score
7 poses were rejected by the energy filters,
    Coul+vdw Energy <=     0.0    Hbond Interaction <=     0.0    Metal Interaction <=    10.0    GlideScore <=   100.0    Docking Score <=   100.0
(If any of the above properties is not defined for a given pose,
the corresponding filter is not applied to that pose.)


glide_sort command succeeded.  Pose file 7CKW_lig-to-AF_7CKW_pv.maegz was written.

Exiting Glide
Date: Friday, December 09 2022, at 02:45:27 PST
CPU time (s): 23.4 user, 0.5 system, 30.0 real
Total elapsed time = 30 seconds
