Glide version 90161 (mmshare version 53161)
mmshare         2cb27f0eb7
glide-src       1e5ffd4733
psp-src         6c93e2fe77
macromodel-src  d47a6cf2e1
epik-src        46d635d642

Copyright (c) Schrodinger, LLC.
All Rights Reserved.

--------------------------------------------------------------------------------
JobId          : sh03-ln04-0-6373622f
Name           : 6WHA_lig-to-AF_6A93
Program        : Glide
Host           : sh03-ln04.stanford.edu
Dir            : /home/users/jwang003/glosa_mods/5HT2A/docking/6WHA_lig-to-AF_6A93
HostEntry      : localhost
JobHost        : sh03-ln04.stanford.edu
JobDir         : /home/users/jwang003/glosa_mods/5HT2A/docking/6WHA_lig-to-AF_6A93
JobSchrodinger : /share/software/user/restricted/schrodinger/2021-1
Commandline    : /share/software/user/restricted/schrodinger/2021-1/glide -WAIT -LOCAL -RESTART 6WHA_lig-to-AF_6A93.in
StartTime      : 2022-11-15-01:56:00
--------------------------------------------------------------------------------

 VdW radii of ligand atoms scaled by   0.800000000000000     
 Charge cutoff for polarity   0.150000000000000     
For enhanced sampling, increasing funnel width parameter MAXKEEP by a factor of 4 (number of samples), to 20000
 After readscreen, (nx, ny, nz) = (          30 ,           30 ,           30 ).
  Receptor setup: (nsites, nx, ny, nz, bsize)=(         512 ,           30 , 
          30 ,           30 ,    1.00000000000000      ).
 Screening setup finished.
 DOCKMAIN: getting receptor.
  DOCKMAIN after grid: (nx, ny, nz) = (          80 ,           80 , 
          80 ).
 DOCKMAIN: Grid setup finished
Calling OPLS_2005 atomtyping ...
Finished parameter assignment

Reading torsion control file '/share/software/user/restricted/schrodinger/2021-1/glide-v9.0/bin/Linux-x86_64/../../data/torcontrol.txt':
  
  Using generalized torsion control 
  
 Number of rotatable bonds            8
 Using templates for ring conformations.
For enhanced sampling, increasing funnel width parameter MAXREF by a factor of 4 (number of samples), to 1600

GlideScore version SP5.0 will be used

  
 Buried polar penalty      0.000
 Coulomb vdW cutoff        0.000
 H bond cutoff             0.000
 Metal-ligand cutoff      10.000
Assigning GlideScore SP5.0 parameters
 set icplus          14
 set icplus          16
Postdocking minimization: 100 poses; CvdW cutoffs   100.0 kcal/mol for min,     0.0 kcal/mol for report.
GlideScore(   -8.01)+Epik State Penalty(    0.02) =    -7.99 kcal/mol
GlideScore(   -7.90)+Epik State Penalty(    0.02) =    -7.87 kcal/mol
GlideScore(   -7.42)+Epik State Penalty(    0.02) =    -7.39 kcal/mol
GlideScore(   -7.08)+Epik State Penalty(    0.02) =    -7.06 kcal/mol
GlideScore(   -6.89)+Epik State Penalty(    0.02) =    -6.87 kcal/mol
GlideScore(   -7.20)+Epik State Penalty(    0.02) =    -7.17 kcal/mol
GlideScore(   -6.26)+Epik State Penalty(    0.02) =    -6.24 kcal/mol
GlideScore(   -6.76)+Epik State Penalty(    0.02) =    -6.74 kcal/mol
GlideScore(   -6.98)+Epik State Penalty(    0.02) =    -6.96 kcal/mol
GlideScore(   -6.77)+Epik State Penalty(    0.02) =    -6.74 kcal/mol
GlideScore(   -6.78)+Epik State Penalty(    0.02) =    -6.76 kcal/mol
GlideScore(   -6.88)+Epik State Penalty(    0.02) =    -6.86 kcal/mol
GlideScore(   -6.59)+Epik State Penalty(    0.02) =    -6.57 kcal/mol
GlideScore(   -6.49)+Epik State Penalty(    0.02) =    -6.47 kcal/mol
GlideScore(   -6.12)+Epik State Penalty(    0.02) =    -6.09 kcal/mol
GlideScore(   -6.65)+Epik State Penalty(    0.02) =    -6.63 kcal/mol
GlideScore(   -6.52)+Epik State Penalty(    0.02) =    -6.50 kcal/mol
GlideScore(   -6.14)+Epik State Penalty(    0.02) =    -6.11 kcal/mol
GlideScore(   -6.58)+Epik State Penalty(    0.02) =    -6.56 kcal/mol
GlideScore(   -6.35)+Epik State Penalty(    0.02) =    -6.33 kcal/mol
GlideScore(   -6.65)+Epik State Penalty(    0.02) =    -6.63 kcal/mol
GlideScore(   -6.65)+Epik State Penalty(    0.02) =    -6.63 kcal/mol
GlideScore(   -6.10)+Epik State Penalty(    0.02) =    -6.08 kcal/mol
GlideScore(   -6.13)+Epik State Penalty(    0.02) =    -6.11 kcal/mol
GlideScore(   -7.68)+Epik State Penalty(    0.02) =    -7.66 kcal/mol
GlideScore(   -6.44)+Epik State Penalty(    0.02) =    -6.42 kcal/mol
GlideScore(   -5.94)+Epik State Penalty(    0.02) =    -5.92 kcal/mol
GlideScore(   -6.25)+Epik State Penalty(    0.02) =    -6.23 kcal/mol
GlideScore(   -6.10)+Epik State Penalty(    0.02) =    -6.08 kcal/mol
GlideScore(   -6.51)+Epik State Penalty(    0.02) =    -6.49 kcal/mol
GlideScore(   -5.88)+Epik State Penalty(    0.02) =    -5.85 kcal/mol
GlideScore(   -6.03)+Epik State Penalty(    0.02) =    -6.01 kcal/mol
GlideScore(   -6.07)+Epik State Penalty(    0.02) =    -6.04 kcal/mol
GlideScore(   -6.11)+Epik State Penalty(    0.02) =    -6.09 kcal/mol
GlideScore(   -6.58)+Epik State Penalty(    0.02) =    -6.56 kcal/mol
GlideScore(   -6.27)+Epik State Penalty(    0.02) =    -6.25 kcal/mol
GlideScore(   -5.99)+Epik State Penalty(    0.02) =    -5.97 kcal/mol
GlideScore(   -6.25)+Epik State Penalty(    0.02) =    -6.22 kcal/mol
GlideScore(   -6.04)+Epik State Penalty(    0.02) =    -6.01 kcal/mol
GlideScore(   -5.88)+Epik State Penalty(    0.02) =    -5.86 kcal/mol
GlideScore(   -5.88)+Epik State Penalty(    0.02) =    -5.86 kcal/mol
GlideScore(   -5.77)+Epik State Penalty(    0.02) =    -5.74 kcal/mol
GlideScore(   -6.29)+Epik State Penalty(    0.02) =    -6.26 kcal/mol
GlideScore(   -5.56)+Epik State Penalty(    0.02) =    -5.53 kcal/mol
GlideScore(   -5.95)+Epik State Penalty(    0.02) =    -5.93 kcal/mol
GlideScore(   -5.82)+Epik State Penalty(    0.02) =    -5.80 kcal/mol
GlideScore(   -5.58)+Epik State Penalty(    0.02) =    -5.56 kcal/mol
GlideScore(   -6.04)+Epik State Penalty(    0.02) =    -6.01 kcal/mol
GlideScore(   -5.88)+Epik State Penalty(    0.02) =    -5.85 kcal/mol
GlideScore(   -6.17)+Epik State Penalty(    0.02) =    -6.14 kcal/mol
GlideScore(   -5.87)+Epik State Penalty(    0.02) =    -5.85 kcal/mol
GlideScore(   -5.33)+Epik State Penalty(    0.02) =    -5.30 kcal/mol
GlideScore(   -5.76)+Epik State Penalty(    0.02) =    -5.74 kcal/mol
GlideScore(   -6.58)+Epik State Penalty(    0.02) =    -6.55 kcal/mol
GlideScore(   -5.76)+Epik State Penalty(    0.02) =    -5.74 kcal/mol
GlideScore(   -6.24)+Epik State Penalty(    0.02) =    -6.22 kcal/mol
GlideScore(   -6.05)+Epik State Penalty(    0.02) =    -6.03 kcal/mol
GlideScore(   -5.94)+Epik State Penalty(    0.02) =    -5.92 kcal/mol
GlideScore(   -5.62)+Epik State Penalty(    0.02) =    -5.60 kcal/mol
GlideScore(   -5.95)+Epik State Penalty(    0.02) =    -5.93 kcal/mol
GlideScore(   -5.42)+Epik State Penalty(    0.02) =    -5.39 kcal/mol
GlideScore(   -5.37)+Epik State Penalty(    0.02) =    -5.35 kcal/mol
GlideScore(   -5.45)+Epik State Penalty(    0.02) =    -5.42 kcal/mol
GlideScore(   -4.88)+Epik State Penalty(    0.02) =    -4.85 kcal/mol
GlideScore(   -5.28)+Epik State Penalty(    0.02) =    -5.26 kcal/mol
GlideScore(   -5.78)+Epik State Penalty(    0.02) =    -5.76 kcal/mol
GlideScore(   -4.32)+Epik State Penalty(    0.02) =    -4.30 kcal/mol
GlideScore(   -5.14)+Epik State Penalty(    0.02) =    -5.12 kcal/mol
GlideScore(   -5.00)+Epik State Penalty(    0.02) =    -4.98 kcal/mol
GlideScore(   -7.66)+Epik State Penalty(    0.02) =    -7.64 kcal/mol
GlideScore(   -5.30)+Epik State Penalty(    0.02) =    -5.28 kcal/mol
GlideScore(   -5.45)+Epik State Penalty(    0.02) =    -5.42 kcal/mol
GlideScore(   -6.17)+Epik State Penalty(    0.02) =    -6.15 kcal/mol
GlideScore(   -5.80)+Epik State Penalty(    0.02) =    -5.78 kcal/mol
GlideScore(   -5.06)+Epik State Penalty(    0.02) =    -5.03 kcal/mol
GlideScore(   -6.18)+Epik State Penalty(    0.02) =    -6.16 kcal/mol
GlideScore(   -6.82)+Epik State Penalty(    0.02) =    -6.80 kcal/mol
GlideScore(   -4.38)+Epik State Penalty(    0.02) =    -4.36 kcal/mol
GlideScore(   -6.37)+Epik State Penalty(    0.02) =    -6.35 kcal/mol
GlideScore(   -6.00)+Epik State Penalty(    0.02) =    -5.98 kcal/mol
GlideScore(   -5.76)+Epik State Penalty(    0.02) =    -5.74 kcal/mol
GlideScore(   -5.68)+Epik State Penalty(    0.02) =    -5.66 kcal/mol
GlideScore(   -5.59)+Epik State Penalty(    0.02) =    -5.57 kcal/mol
GlideScore(   -4.98)+Epik State Penalty(    0.02) =    -4.95 kcal/mol
GlideScore(   -4.85)+Epik State Penalty(    0.02) =    -4.82 kcal/mol
GlideScore(   -6.21)+Epik State Penalty(    0.02) =    -6.19 kcal/mol
GlideScore(   -5.43)+Epik State Penalty(    0.02) =    -5.41 kcal/mol
GlideScore(   -5.06)+Epik State Penalty(    0.02) =    -5.04 kcal/mol
GlideScore(   -5.27)+Epik State Penalty(    0.02) =    -5.24 kcal/mol
GlideScore(   -5.01)+Epik State Penalty(    0.02) =    -4.99 kcal/mol
GlideScore(   -5.26)+Epik State Penalty(    0.02) =    -5.24 kcal/mol
GlideScore(   -4.45)+Epik State Penalty(    0.02) =    -4.42 kcal/mol
GlideScore(   -3.68)+Epik State Penalty(    0.02) =    -3.66 kcal/mol
DOCKING RESULTS FOR LIGAND        1 (6WHA_lig)
Best Emodel=   -69.19 E=   -42.83 Eint=     6.19 GlideScore=    -8.01
Calling OPLS_2005 atomtyping ...
Finished parameter assignment
 Number of rotatable bonds            8
 Using templates for ring conformations.
GlideScore(   -6.86)+Epik State Penalty(    2.27) =    -4.59 kcal/mol
GlideScore(   -6.41)+Epik State Penalty(    2.27) =    -4.14 kcal/mol
GlideScore(   -5.85)+Epik State Penalty(    2.27) =    -3.58 kcal/mol
GlideScore(   -6.14)+Epik State Penalty(    2.27) =    -3.88 kcal/mol
GlideScore(   -6.83)+Epik State Penalty(    2.27) =    -4.57 kcal/mol
GlideScore(   -6.22)+Epik State Penalty(    2.27) =    -3.96 kcal/mol
GlideScore(   -6.10)+Epik State Penalty(    2.27) =    -3.83 kcal/mol
GlideScore(   -5.85)+Epik State Penalty(    2.27) =    -3.59 kcal/mol
GlideScore(   -5.71)+Epik State Penalty(    2.27) =    -3.45 kcal/mol
GlideScore(   -5.74)+Epik State Penalty(    2.27) =    -3.48 kcal/mol
GlideScore(   -6.03)+Epik State Penalty(    2.27) =    -3.77 kcal/mol
GlideScore(   -5.49)+Epik State Penalty(    2.27) =    -3.22 kcal/mol
GlideScore(   -5.42)+Epik State Penalty(    2.27) =    -3.15 kcal/mol
GlideScore(   -6.03)+Epik State Penalty(    2.27) =    -3.76 kcal/mol
GlideScore(   -5.35)+Epik State Penalty(    2.27) =    -3.08 kcal/mol
GlideScore(   -5.11)+Epik State Penalty(    2.27) =    -2.85 kcal/mol
GlideScore(   -5.45)+Epik State Penalty(    2.27) =    -3.18 kcal/mol
GlideScore(   -5.52)+Epik State Penalty(    2.27) =    -3.26 kcal/mol
GlideScore(   -5.61)+Epik State Penalty(    2.27) =    -3.35 kcal/mol
GlideScore(   -5.11)+Epik State Penalty(    2.27) =    -2.85 kcal/mol
GlideScore(   -5.11)+Epik State Penalty(    2.27) =    -2.84 kcal/mol
GlideScore(   -5.55)+Epik State Penalty(    2.27) =    -3.28 kcal/mol
GlideScore(   -5.98)+Epik State Penalty(    2.27) =    -3.72 kcal/mol
GlideScore(   -5.60)+Epik State Penalty(    2.27) =    -3.34 kcal/mol
GlideScore(   -5.47)+Epik State Penalty(    2.27) =    -3.20 kcal/mol
GlideScore(   -4.65)+Epik State Penalty(    2.27) =    -2.39 kcal/mol
GlideScore(   -5.43)+Epik State Penalty(    2.27) =    -3.16 kcal/mol
GlideScore(   -5.30)+Epik State Penalty(    2.27) =    -3.03 kcal/mol
GlideScore(   -6.25)+Epik State Penalty(    2.27) =    -3.98 kcal/mol
GlideScore(   -6.44)+Epik State Penalty(    2.27) =    -4.17 kcal/mol
GlideScore(   -5.34)+Epik State Penalty(    2.27) =    -3.08 kcal/mol
GlideScore(   -6.62)+Epik State Penalty(    2.27) =    -4.35 kcal/mol
GlideScore(   -5.66)+Epik State Penalty(    2.27) =    -3.40 kcal/mol
GlideScore(   -5.67)+Epik State Penalty(    2.27) =    -3.41 kcal/mol
GlideScore(   -6.62)+Epik State Penalty(    2.27) =    -4.35 kcal/mol
GlideScore(   -7.00)+Epik State Penalty(    2.27) =    -4.73 kcal/mol
GlideScore(   -4.29)+Epik State Penalty(    2.27) =    -2.02 kcal/mol
GlideScore(   -5.85)+Epik State Penalty(    2.27) =    -3.58 kcal/mol
GlideScore(   -5.51)+Epik State Penalty(    2.27) =    -3.24 kcal/mol
GlideScore(   -4.87)+Epik State Penalty(    2.27) =    -2.61 kcal/mol
GlideScore(   -6.62)+Epik State Penalty(    2.27) =    -4.36 kcal/mol
GlideScore(   -5.90)+Epik State Penalty(    2.27) =    -3.63 kcal/mol
GlideScore(   -4.35)+Epik State Penalty(    2.27) =    -2.08 kcal/mol
GlideScore(   -4.57)+Epik State Penalty(    2.27) =    -2.31 kcal/mol
GlideScore(   -4.82)+Epik State Penalty(    2.27) =    -2.56 kcal/mol
GlideScore(   -5.59)+Epik State Penalty(    2.27) =    -3.32 kcal/mol
GlideScore(   -5.29)+Epik State Penalty(    2.27) =    -3.02 kcal/mol
GlideScore(   -5.32)+Epik State Penalty(    2.27) =    -3.05 kcal/mol
GlideScore(   -4.53)+Epik State Penalty(    2.27) =    -2.26 kcal/mol
GlideScore(   -6.17)+Epik State Penalty(    2.27) =    -3.91 kcal/mol
GlideScore(   -5.62)+Epik State Penalty(    2.27) =    -3.35 kcal/mol
GlideScore(   -5.06)+Epik State Penalty(    2.27) =    -2.79 kcal/mol
GlideScore(   -5.05)+Epik State Penalty(    2.27) =    -2.78 kcal/mol
GlideScore(   -6.15)+Epik State Penalty(    2.27) =    -3.89 kcal/mol
GlideScore(   -5.27)+Epik State Penalty(    2.27) =    -3.00 kcal/mol
GlideScore(   -6.19)+Epik State Penalty(    2.27) =    -3.92 kcal/mol
GlideScore(   -5.05)+Epik State Penalty(    2.27) =    -2.78 kcal/mol
GlideScore(   -6.12)+Epik State Penalty(    2.27) =    -3.85 kcal/mol
GlideScore(   -5.99)+Epik State Penalty(    2.27) =    -3.72 kcal/mol
GlideScore(   -5.75)+Epik State Penalty(    2.27) =    -3.48 kcal/mol
GlideScore(   -4.60)+Epik State Penalty(    2.27) =    -2.33 kcal/mol
GlideScore(   -4.92)+Epik State Penalty(    2.27) =    -2.65 kcal/mol
GlideScore(   -4.82)+Epik State Penalty(    2.27) =    -2.55 kcal/mol
GlideScore(   -4.55)+Epik State Penalty(    2.27) =    -2.29 kcal/mol
GlideScore(   -5.46)+Epik State Penalty(    2.27) =    -3.19 kcal/mol
GlideScore(   -4.71)+Epik State Penalty(    2.27) =    -2.44 kcal/mol
GlideScore(   -5.21)+Epik State Penalty(    2.27) =    -2.94 kcal/mol
GlideScore(   -5.00)+Epik State Penalty(    2.27) =    -2.73 kcal/mol
GlideScore(   -5.48)+Epik State Penalty(    2.27) =    -3.22 kcal/mol
GlideScore(   -5.78)+Epik State Penalty(    2.27) =    -3.52 kcal/mol
GlideScore(   -5.27)+Epik State Penalty(    2.27) =    -3.01 kcal/mol
GlideScore(   -4.90)+Epik State Penalty(    2.27) =    -2.64 kcal/mol
GlideScore(   -5.70)+Epik State Penalty(    2.27) =    -3.44 kcal/mol
GlideScore(   -4.83)+Epik State Penalty(    2.27) =    -2.56 kcal/mol
GlideScore(   -4.83)+Epik State Penalty(    2.27) =    -2.56 kcal/mol
GlideScore(   -4.55)+Epik State Penalty(    2.27) =    -2.28 kcal/mol
GlideScore(   -5.64)+Epik State Penalty(    2.27) =    -3.37 kcal/mol
GlideScore(   -5.86)+Epik State Penalty(    2.27) =    -3.60 kcal/mol
GlideScore(   -4.37)+Epik State Penalty(    2.27) =    -2.11 kcal/mol
GlideScore(   -4.92)+Epik State Penalty(    2.27) =    -2.66 kcal/mol
GlideScore(   -4.57)+Epik State Penalty(    2.27) =    -2.31 kcal/mol
GlideScore(   -5.35)+Epik State Penalty(    2.27) =    -3.08 kcal/mol
GlideScore(   -4.45)+Epik State Penalty(    2.27) =    -2.19 kcal/mol
GlideScore(   -3.88)+Epik State Penalty(    2.27) =    -1.61 kcal/mol
DOCKING RESULTS FOR LIGAND        2 (6WHA_lig)
Best Emodel=   -59.23 E=   -43.07 Eint=     4.69 GlideScore=    -6.86
Calling OPLS_2005 atomtyping ...
Finished parameter assignment
 Number of rotatable bonds            7
 Using templates for ring conformations.
 set icplus          14
 set icplus          16
GlideScore(   -7.43)+Epik State Penalty(    2.41) =    -5.02 kcal/mol
GlideScore(   -6.23)+Epik State Penalty(    2.41) =    -3.82 kcal/mol
GlideScore(   -7.07)+Epik State Penalty(    2.41) =    -4.67 kcal/mol
GlideScore(   -6.97)+Epik State Penalty(    2.41) =    -4.56 kcal/mol
GlideScore(   -7.10)+Epik State Penalty(    2.41) =    -4.69 kcal/mol
GlideScore(   -6.50)+Epik State Penalty(    2.41) =    -4.09 kcal/mol
GlideScore(   -6.38)+Epik State Penalty(    2.41) =    -3.97 kcal/mol
GlideScore(   -6.41)+Epik State Penalty(    2.41) =    -4.01 kcal/mol
GlideScore(   -6.32)+Epik State Penalty(    2.41) =    -3.91 kcal/mol
GlideScore(   -6.92)+Epik State Penalty(    2.41) =    -4.51 kcal/mol
GlideScore(   -6.38)+Epik State Penalty(    2.41) =    -3.97 kcal/mol
GlideScore(   -6.46)+Epik State Penalty(    2.41) =    -4.05 kcal/mol
GlideScore(   -6.42)+Epik State Penalty(    2.41) =    -4.01 kcal/mol
GlideScore(   -6.46)+Epik State Penalty(    2.41) =    -4.05 kcal/mol
GlideScore(   -6.11)+Epik State Penalty(    2.41) =    -3.70 kcal/mol
GlideScore(   -5.95)+Epik State Penalty(    2.41) =    -3.54 kcal/mol
GlideScore(   -5.82)+Epik State Penalty(    2.41) =    -3.41 kcal/mol
GlideScore(   -5.98)+Epik State Penalty(    2.41) =    -3.57 kcal/mol
GlideScore(   -6.03)+Epik State Penalty(    2.41) =    -3.62 kcal/mol
GlideScore(   -6.25)+Epik State Penalty(    2.41) =    -3.84 kcal/mol
GlideScore(   -5.65)+Epik State Penalty(    2.41) =    -3.24 kcal/mol
GlideScore(   -6.16)+Epik State Penalty(    2.41) =    -3.76 kcal/mol
GlideScore(   -5.96)+Epik State Penalty(    2.41) =    -3.55 kcal/mol
GlideScore(   -5.83)+Epik State Penalty(    2.41) =    -3.42 kcal/mol
GlideScore(   -5.72)+Epik State Penalty(    2.41) =    -3.31 kcal/mol
GlideScore(   -6.39)+Epik State Penalty(    2.41) =    -3.98 kcal/mol
GlideScore(   -5.63)+Epik State Penalty(    2.41) =    -3.22 kcal/mol
GlideScore(   -6.00)+Epik State Penalty(    2.41) =    -3.59 kcal/mol
GlideScore(   -5.91)+Epik State Penalty(    2.41) =    -3.51 kcal/mol
GlideScore(   -6.22)+Epik State Penalty(    2.41) =    -3.82 kcal/mol
GlideScore(   -6.13)+Epik State Penalty(    2.41) =    -3.72 kcal/mol
GlideScore(   -5.95)+Epik State Penalty(    2.41) =    -3.55 kcal/mol
GlideScore(   -5.50)+Epik State Penalty(    2.41) =    -3.09 kcal/mol
GlideScore(   -5.94)+Epik State Penalty(    2.41) =    -3.53 kcal/mol
GlideScore(   -5.81)+Epik State Penalty(    2.41) =    -3.41 kcal/mol
GlideScore(   -6.41)+Epik State Penalty(    2.41) =    -4.00 kcal/mol
GlideScore(   -5.85)+Epik State Penalty(    2.41) =    -3.44 kcal/mol
GlideScore(   -5.62)+Epik State Penalty(    2.41) =    -3.21 kcal/mol
GlideScore(   -6.09)+Epik State Penalty(    2.41) =    -3.68 kcal/mol
GlideScore(   -5.82)+Epik State Penalty(    2.41) =    -3.41 kcal/mol
GlideScore(   -5.82)+Epik State Penalty(    2.41) =    -3.42 kcal/mol
GlideScore(   -5.53)+Epik State Penalty(    2.41) =    -3.12 kcal/mol
GlideScore(   -5.78)+Epik State Penalty(    2.41) =    -3.37 kcal/mol
GlideScore(   -5.85)+Epik State Penalty(    2.41) =    -3.44 kcal/mol
GlideScore(   -5.04)+Epik State Penalty(    2.41) =    -2.63 kcal/mol
GlideScore(   -5.57)+Epik State Penalty(    2.41) =    -3.17 kcal/mol
GlideScore(   -5.84)+Epik State Penalty(    2.41) =    -3.43 kcal/mol
GlideScore(   -5.09)+Epik State Penalty(    2.41) =    -2.68 kcal/mol
GlideScore(   -5.24)+Epik State Penalty(    2.41) =    -2.83 kcal/mol
GlideScore(   -5.34)+Epik State Penalty(    2.41) =    -2.93 kcal/mol
GlideScore(   -5.83)+Epik State Penalty(    2.41) =    -3.42 kcal/mol
GlideScore(   -5.68)+Epik State Penalty(    2.41) =    -3.27 kcal/mol
GlideScore(   -6.68)+Epik State Penalty(    2.41) =    -4.28 kcal/mol
GlideScore(   -5.26)+Epik State Penalty(    2.41) =    -2.85 kcal/mol
GlideScore(   -6.71)+Epik State Penalty(    2.41) =    -4.30 kcal/mol
GlideScore(   -5.79)+Epik State Penalty(    2.41) =    -3.38 kcal/mol
GlideScore(   -6.49)+Epik State Penalty(    2.41) =    -4.08 kcal/mol
GlideScore(   -5.65)+Epik State Penalty(    2.41) =    -3.24 kcal/mol
GlideScore(   -4.74)+Epik State Penalty(    2.41) =    -2.34 kcal/mol
GlideScore(   -5.73)+Epik State Penalty(    2.41) =    -3.32 kcal/mol
GlideScore(   -6.47)+Epik State Penalty(    2.41) =    -4.06 kcal/mol
GlideScore(   -4.90)+Epik State Penalty(    2.41) =    -2.50 kcal/mol
GlideScore(   -5.88)+Epik State Penalty(    2.41) =    -3.47 kcal/mol
GlideScore(   -6.55)+Epik State Penalty(    2.41) =    -4.14 kcal/mol
GlideScore(   -5.47)+Epik State Penalty(    2.41) =    -3.06 kcal/mol
GlideScore(   -5.05)+Epik State Penalty(    2.41) =    -2.64 kcal/mol
GlideScore(   -5.80)+Epik State Penalty(    2.41) =    -3.39 kcal/mol
GlideScore(   -5.10)+Epik State Penalty(    2.41) =    -2.69 kcal/mol
GlideScore(   -5.70)+Epik State Penalty(    2.41) =    -3.30 kcal/mol
GlideScore(   -5.47)+Epik State Penalty(    2.41) =    -3.07 kcal/mol
GlideScore(   -5.40)+Epik State Penalty(    2.41) =    -2.99 kcal/mol
GlideScore(   -6.02)+Epik State Penalty(    2.41) =    -3.61 kcal/mol
GlideScore(   -5.07)+Epik State Penalty(    2.41) =    -2.66 kcal/mol
GlideScore(   -4.29)+Epik State Penalty(    2.41) =    -1.88 kcal/mol
GlideScore(   -5.33)+Epik State Penalty(    2.41) =    -2.92 kcal/mol
GlideScore(   -4.88)+Epik State Penalty(    2.41) =    -2.47 kcal/mol
GlideScore(   -5.26)+Epik State Penalty(    2.41) =    -2.85 kcal/mol
GlideScore(   -4.60)+Epik State Penalty(    2.41) =    -2.19 kcal/mol
GlideScore(   -4.44)+Epik State Penalty(    2.41) =    -2.04 kcal/mol
GlideScore(   -6.07)+Epik State Penalty(    2.41) =    -3.66 kcal/mol
GlideScore(   -5.10)+Epik State Penalty(    2.41) =    -2.69 kcal/mol
GlideScore(   -4.65)+Epik State Penalty(    2.41) =    -2.24 kcal/mol
GlideScore(   -4.66)+Epik State Penalty(    2.41) =    -2.26 kcal/mol
GlideScore(   -4.71)+Epik State Penalty(    2.41) =    -2.30 kcal/mol
GlideScore(   -5.13)+Epik State Penalty(    2.41) =    -2.72 kcal/mol
GlideScore(   -4.53)+Epik State Penalty(    2.41) =    -2.12 kcal/mol
GlideScore(   -4.35)+Epik State Penalty(    2.41) =    -1.94 kcal/mol
GlideScore(   -4.79)+Epik State Penalty(    2.41) =    -2.38 kcal/mol
GlideScore(   -4.15)+Epik State Penalty(    2.41) =    -1.74 kcal/mol
GlideScore(   -4.77)+Epik State Penalty(    2.41) =    -2.36 kcal/mol
GlideScore(   -4.21)+Epik State Penalty(    2.41) =    -1.80 kcal/mol
DOCKING RESULTS FOR LIGAND        3 (6WHA_lig)
Best Emodel=   -59.98 E=   -40.53 Eint=     8.41 GlideScore=    -7.43

Glide is executing the glide_sort command.
Command-line equivalent is:
 "/share/software/user/restricted/schrodinger/2021-1/utilities/glide_sort" -n 0 -o "6WHA_lig-to-AF_6A93_pv.maegz"   -hbond_cut 0.00 -cvdw_cut 0.00 -metal_cut 10.00 -gscore_cut 100.00 -dscore_cut 100.00 "6WHA_lig-to-AF_6A93_raw.maegz"
REPORT OF BEST 268 POSES

The receptor and sorted ligand structures were written to the file
6WHA_lig-to-AF_6A93_pv.maegz  for use in the Pose Viewer.

Final rankings based on original docking score
0 poses were rejected by the energy filters,
    Coul+vdw Energy <=     0.0    Hbond Interaction <=     0.0    Metal Interaction <=    10.0    GlideScore <=   100.0    Docking Score <=   100.0
(If any of the above properties is not defined for a given pose,
the corresponding filter is not applied to that pose.)


glide_sort command succeeded.  Pose file 6WHA_lig-to-AF_6A93_pv.maegz was written.

Exiting Glide
Date: Tuesday, November 15 2022, at 01:57:11 PST
CPU time (s): 67.0 user, 1.6 system, 70.0 real
Total elapsed time = 70 seconds (1 minutes, 10 seconds)
