Glide version 90161 (mmshare version 53161)
mmshare         2cb27f0eb7
glide-src       1e5ffd4733
psp-src         6c93e2fe77
macromodel-src  d47a6cf2e1
epik-src        46d635d642

Copyright (c) Schrodinger, LLC.
All Rights Reserved.

--------------------------------------------------------------------------------
JobId          : sh02-17n08-0-6393120e
Name           : 7CKY_lig-to-AF_7CKW
Program        : Glide
Host           : sh02-17n08.int
Dir            : /home/users/jwang003/glosa_mods/DRD1/docking/7CKY_lig-to-AF_7CKW
HostEntry      : localhost
JobHost        : sh02-17n08.int
JobDir         : /home/users/jwang003/glosa_mods/DRD1/docking/7CKY_lig-to-AF_7CKW
JobSchrodinger : /share/software/user/restricted/schrodinger/2021-1
Commandline    : /share/software/user/restricted/schrodinger/2021-1/glide -WAIT -LOCAL -RESTART 7CKY_lig-to-AF_7CKW.in
StartTime      : 2022-12-09-02:46:39
--------------------------------------------------------------------------------

 VdW radii of ligand atoms scaled by   0.800000000000000     
 Charge cutoff for polarity   0.150000000000000     
For enhanced sampling, increasing funnel width parameter MAXKEEP by a factor of 4 (number of samples), to 20000
 After readscreen, (nx, ny, nz) = (          30 ,           30 ,           30 ).
  Receptor setup: (nsites, nx, ny, nz, bsize)=(         512 ,           30 , 
          30 ,           30 ,    1.00000000000000      ).
 Screening setup finished.
 DOCKMAIN: getting receptor.
  DOCKMAIN after grid: (nx, ny, nz) = (          80 ,           80 , 
          80 ).
 DOCKMAIN: Grid setup finished
Calling OPLS_2005 atomtyping ...
Finished parameter assignment

Reading torsion control file '/share/software/user/restricted/schrodinger/2021-1/glide-v9.0/bin/Linux-x86_64/../../data/torcontrol.txt':
  
  Using generalized torsion control 
  
 Number of rotatable bonds            5
 Using templates for ring conformations.
For enhanced sampling, increasing funnel width parameter MAXREF by a factor of 4 (number of samples), to 1600

GlideScore version SP5.0 will be used

  
 Buried polar penalty      0.000
 Coulomb vdW cutoff        0.000
 H bond cutoff             0.000
 Metal-ligand cutoff      10.000
Assigning GlideScore SP5.0 parameters
Postdocking minimization: 100 poses; CvdW cutoffs   100.0 kcal/mol for min,     0.0 kcal/mol for report.
GlideScore(   -5.42)+Epik State Penalty(    0.00) =    -5.42 kcal/mol
GlideScore(   -4.95)+Epik State Penalty(    0.00) =    -4.95 kcal/mol
GlideScore(   -5.83)+Epik State Penalty(    0.00) =    -5.82 kcal/mol
GlideScore(   -4.95)+Epik State Penalty(    0.00) =    -4.95 kcal/mol
GlideScore(   -5.05)+Epik State Penalty(    0.00) =    -5.04 kcal/mol
GlideScore(   -5.24)+Epik State Penalty(    0.00) =    -5.24 kcal/mol
GlideScore(   -4.73)+Epik State Penalty(    0.00) =    -4.73 kcal/mol
GlideScore(   -4.97)+Epik State Penalty(    0.00) =    -4.97 kcal/mol
GlideScore(   -4.85)+Epik State Penalty(    0.00) =    -4.85 kcal/mol
GlideScore(   -5.00)+Epik State Penalty(    0.00) =    -5.00 kcal/mol
GlideScore(   -4.62)+Epik State Penalty(    0.00) =    -4.62 kcal/mol
GlideScore(   -5.37)+Epik State Penalty(    0.00) =    -5.37 kcal/mol
GlideScore(   -4.41)+Epik State Penalty(    0.00) =    -4.41 kcal/mol
GlideScore(   -6.72)+Epik State Penalty(    0.00) =    -6.72 kcal/mol
GlideScore(   -4.67)+Epik State Penalty(    0.00) =    -4.67 kcal/mol
GlideScore(   -5.07)+Epik State Penalty(    0.00) =    -5.07 kcal/mol
GlideScore(   -4.57)+Epik State Penalty(    0.00) =    -4.57 kcal/mol
GlideScore(   -5.02)+Epik State Penalty(    0.00) =    -5.02 kcal/mol
GlideScore(   -4.58)+Epik State Penalty(    0.00) =    -4.58 kcal/mol
GlideScore(   -6.67)+Epik State Penalty(    0.00) =    -6.67 kcal/mol
GlideScore(   -5.11)+Epik State Penalty(    0.00) =    -5.11 kcal/mol
GlideScore(   -4.82)+Epik State Penalty(    0.00) =    -4.82 kcal/mol
GlideScore(   -4.46)+Epik State Penalty(    0.00) =    -4.46 kcal/mol
GlideScore(   -6.54)+Epik State Penalty(    0.00) =    -6.54 kcal/mol
GlideScore(   -3.87)+Epik State Penalty(    0.00) =    -3.87 kcal/mol
GlideScore(   -4.82)+Epik State Penalty(    0.00) =    -4.82 kcal/mol
GlideScore(   -4.64)+Epik State Penalty(    0.00) =    -4.64 kcal/mol
GlideScore(   -3.99)+Epik State Penalty(    0.00) =    -3.99 kcal/mol
GlideScore(   -5.81)+Epik State Penalty(    0.00) =    -5.80 kcal/mol
GlideScore(   -6.27)+Epik State Penalty(    0.00) =    -6.27 kcal/mol
GlideScore(   -6.23)+Epik State Penalty(    0.00) =    -6.23 kcal/mol
GlideScore(   -5.87)+Epik State Penalty(    0.00) =    -5.87 kcal/mol
GlideScore(   -2.97)+Epik State Penalty(    0.00) =    -2.97 kcal/mol
GlideScore(   -4.62)+Epik State Penalty(    0.00) =    -4.62 kcal/mol
GlideScore(   -5.69)+Epik State Penalty(    0.00) =    -5.69 kcal/mol
GlideScore(   -5.43)+Epik State Penalty(    0.00) =    -5.43 kcal/mol
GlideScore(   -5.62)+Epik State Penalty(    0.00) =    -5.62 kcal/mol
GlideScore(   -4.36)+Epik State Penalty(    0.00) =    -4.35 kcal/mol
GlideScore(   -4.88)+Epik State Penalty(    0.00) =    -4.88 kcal/mol
GlideScore(   -4.71)+Epik State Penalty(    0.00) =    -4.71 kcal/mol
GlideScore(   -4.44)+Epik State Penalty(    0.00) =    -4.44 kcal/mol
GlideScore(   -3.12)+Epik State Penalty(    0.00) =    -3.12 kcal/mol
GlideScore(   -4.27)+Epik State Penalty(    0.00) =    -4.27 kcal/mol
GlideScore(   -4.25)+Epik State Penalty(    0.00) =    -4.25 kcal/mol
GlideScore(   -4.14)+Epik State Penalty(    0.00) =    -4.14 kcal/mol
GlideScore(   -4.65)+Epik State Penalty(    0.00) =    -4.64 kcal/mol
GlideScore(   -4.51)+Epik State Penalty(    0.00) =    -4.51 kcal/mol
GlideScore(   -5.42)+Epik State Penalty(    0.00) =    -5.42 kcal/mol
GlideScore(   -4.64)+Epik State Penalty(    0.00) =    -4.64 kcal/mol
GlideScore(   -2.50)+Epik State Penalty(    0.00) =    -2.50 kcal/mol
GlideScore(   -4.44)+Epik State Penalty(    0.00) =    -4.44 kcal/mol
GlideScore(10000.00)+Epik State Penalty(    0.00) = 10000.00 kcal/mol
GlideScore(10000.00)+Epik State Penalty(    0.00) = 10000.00 kcal/mol
DOCKING RESULTS FOR LIGAND        1 (7CKY_lig)
Best Emodel=   -53.92 E=   -44.01 Eint=     5.03 GlideScore=    -5.42

Glide is executing the glide_sort command.
Command-line equivalent is:
 "/share/software/user/restricted/schrodinger/2021-1/utilities/glide_sort" -n 0 -o "7CKY_lig-to-AF_7CKW_pv.maegz"   -hbond_cut 0.00 -cvdw_cut 0.00 -metal_cut 10.00 -gscore_cut 100.00 -dscore_cut 100.00 "7CKY_lig-to-AF_7CKW_raw.maegz"
REPORT OF BEST 51 POSES

The receptor and sorted ligand structures were written to the file
7CKY_lig-to-AF_7CKW_pv.maegz  for use in the Pose Viewer.

Final rankings based on original docking score
2 poses were rejected by the energy filters,
    Coul+vdw Energy <=     0.0    Hbond Interaction <=     0.0    Metal Interaction <=    10.0    GlideScore <=   100.0    Docking Score <=   100.0
(If any of the above properties is not defined for a given pose,
the corresponding filter is not applied to that pose.)


glide_sort command succeeded.  Pose file 7CKY_lig-to-AF_7CKW_pv.maegz was written.

Exiting Glide
Date: Friday, December 09 2022, at 02:47:14 PST
CPU time (s): 19.5 user, 0.7 system, 23.6 real
Total elapsed time = 24 seconds
