Glide version 90161 (mmshare version 53161)
mmshare         2cb27f0eb7
glide-src       1e5ffd4733
psp-src         6c93e2fe77
macromodel-src  d47a6cf2e1
epik-src        46d635d642

Copyright (c) Schrodinger, LLC.
All Rights Reserved.

--------------------------------------------------------------------------------
JobId          : sh02-17n05-0-63931199
Name           : 7E9G_lig-to-AF_7E9G
Program        : Glide
Host           : sh02-17n05.int
Dir            : /home/users/jwang003/glosa_mods/GRM2/docking/7E9G_lig-to-AF_7E9G
HostEntry      : localhost
JobHost        : sh02-17n05.int
JobDir         : /home/users/jwang003/glosa_mods/GRM2/docking/7E9G_lig-to-AF_7E9G
JobSchrodinger : /share/software/user/restricted/schrodinger/2021-1
Commandline    : /share/software/user/restricted/schrodinger/2021-1/glide -WAIT -LOCAL -RESTART 7E9G_lig-to-AF_7E9G.in
StartTime      : 2022-12-09-02:44:41
--------------------------------------------------------------------------------

 VdW radii of ligand atoms scaled by   0.800000000000000     
 Charge cutoff for polarity   0.150000000000000     
For enhanced sampling, increasing funnel width parameter MAXKEEP by a factor of 4 (number of samples), to 20000
 After readscreen, (nx, ny, nz) = (          30 ,           30 ,           30 ).
  Receptor setup: (nsites, nx, ny, nz, bsize)=(         512 ,           30 , 
          30 ,           30 ,    1.00000000000000      ).
 Screening setup finished.
 DOCKMAIN: getting receptor.
  DOCKMAIN after grid: (nx, ny, nz) = (          80 ,           80 , 
          80 ).
 DOCKMAIN: Grid setup finished
Calling OPLS_2005 atomtyping ...
Finished parameter assignment

Reading torsion control file '/share/software/user/restricted/schrodinger/2021-1/glide-v9.0/bin/Linux-x86_64/../../data/torcontrol.txt':
  
  Using generalized torsion control 
  
 Number of rotatable bonds            5
 Using templates for ring conformations.
For enhanced sampling, increasing funnel width parameter MAXREF by a factor of 4 (number of samples), to 1600

GlideScore version SP5.0 will be used

  
 Buried polar penalty      0.000
 Coulomb vdW cutoff        0.000
 H bond cutoff             0.000
 Metal-ligand cutoff      10.000
Assigning GlideScore SP5.0 parameters
 set icplus           4
 set icplus           6
 set icplus           8
 set icplus          10
 set icplus          14
 set icplus          16
NO VALID POSES AFTER MINIMIZATION: SKIPPING.
Ligand #      1(7E9G_lig)
SKIP LIG        1 (7E9G_lig): GRID-ENERGY MIN FAILED
Calling OPLS_2005 atomtyping ...
Finished parameter assignment
 Number of rotatable bonds            5
 Using templates for ring conformations.
 Too many confs in count           9           8
 set icplus           4
 set icplus           6
 set icplus           8
 set icplus          10
 set icplus          14
 set icplus          16
NO VALID POSES AFTER MINIMIZATION: SKIPPING.
Ligand #      2(7E9G_lig)
SKIP LIG        2 (7E9G_lig): GRID-ENERGY MIN FAILED
Calling OPLS_2005 atomtyping ...
Finished parameter assignment
 Number of rotatable bonds            5
 Using templates for ring conformations.
 Too many confs in count          17          16
 set icplus           4
 set icplus           6
 set icplus           8
 set icplus          10
 set icplus          14
 set icplus          16
NO VALID POSES AFTER MINIMIZATION: SKIPPING.
Ligand #      3(7E9G_lig)
SKIP LIG        3 (7E9G_lig): GRID-ENERGY MIN FAILED
Calling OPLS_2005 atomtyping ...
Finished parameter assignment
 Number of rotatable bonds            5
 Using templates for ring conformations.
 Too many confs in count           9           8
 set icplus           4
 set icplus           6
 set icplus           8
 set icplus          10
 set icplus          14
 set icplus          16
NO VALID POSES AFTER MINIMIZATION: SKIPPING.
Ligand #      4(7E9G_lig)
SKIP LIG        4 (7E9G_lig): GRID-ENERGY MIN FAILED
Calling OPLS_2005 atomtyping ...
Finished parameter assignment
 Number of rotatable bonds            5
 Using templates for ring conformations.
 set icplus           4
 set icplus           6
 set icplus           8
 set icplus          10
 set icplus          14
 set icplus          16
NO VALID POSES AFTER MINIMIZATION: SKIPPING.
Ligand #      5(7E9G_lig)
SKIP LIG        5 (7E9G_lig): GRID-ENERGY MIN FAILED
Calling OPLS_2005 atomtyping ...
Finished parameter assignment
 Number of rotatable bonds            5
 Using templates for ring conformations.
 Too many confs in count          25          24
 set icplus           4
 set icplus           6
 set icplus           8
 set icplus          10
 set icplus          14
 set icplus          16
NO VALID POSES AFTER MINIMIZATION: SKIPPING.
Ligand #      6(7E9G_lig)
SKIP LIG        6 (7E9G_lig): GRID-ENERGY MIN FAILED
Calling OPLS_2005 atomtyping ...
Finished parameter assignment
 Number of rotatable bonds            5
 Using templates for ring conformations.
 Too many confs in count          17          16
 set icplus           4
 set icplus           6
 set icplus           8
 set icplus          10
 set icplus          14
 set icplus          16
NO VALID POSES AFTER MINIMIZATION: SKIPPING.
Ligand #      7(7E9G_lig)
SKIP LIG        7 (7E9G_lig): GRID-ENERGY MIN FAILED
Calling OPLS_2005 atomtyping ...
Finished parameter assignment
 Number of rotatable bonds            5
 Using templates for ring conformations.
 Too many confs in count          23          22
 set icplus           4
 set icplus           6
 set icplus           8
 set icplus          10
 set icplus          14
 set icplus          16
NO VALID POSES AFTER MINIMIZATION: SKIPPING.
Ligand #      8(7E9G_lig)
SKIP LIG        8 (7E9G_lig): GRID-ENERGY MIN FAILED
Calling OPLS_2005 atomtyping ...
Finished parameter assignment
 Number of rotatable bonds            5
 Using templates for ring conformations.
 Too many confs in count          23          22
 set icplus           4
 set icplus           6
 set icplus           8
 set icplus          10
 set icplus          14
 set icplus          16
NO VALID POSES AFTER MINIMIZATION: SKIPPING.
Ligand #      9(7E9G_lig)
SKIP LIG        9 (7E9G_lig): GRID-ENERGY MIN FAILED
Calling OPLS_2005 atomtyping ...
Finished parameter assignment
 Number of rotatable bonds            5
 Using templates for ring conformations.
 Too many confs in count          17          16
 set icplus           4
 set icplus           6
 set icplus           8
 set icplus          10
 set icplus          14
 set icplus          16
NO VALID POSES AFTER MINIMIZATION: SKIPPING.
Ligand #     10(7E9G_lig)
SKIP LIG       10 (7E9G_lig): GRID-ENERGY MIN FAILED
Calling OPLS_2005 atomtyping ...
Finished parameter assignment
 Number of rotatable bonds            5
 Using templates for ring conformations.
 Too many confs in count          25          24
 set icplus           4
 set icplus           6
 set icplus           8
 set icplus          10
 set icplus          14
 set icplus          16
NO VALID POSES AFTER MINIMIZATION: SKIPPING.
Ligand #     11(7E9G_lig)
SKIP LIG       11 (7E9G_lig): GRID-ENERGY MIN FAILED
Calling OPLS_2005 atomtyping ...
Finished parameter assignment
 Number of rotatable bonds            5
 Using templates for ring conformations.
 Too many confs in count           9           8
 set icplus           4
 set icplus           6
 set icplus           8
 set icplus          10
 set icplus          14
 set icplus          16
NO VALID POSES AFTER MINIMIZATION: SKIPPING.
Ligand #     12(7E9G_lig)
SKIP LIG       12 (7E9G_lig): GRID-ENERGY MIN FAILED
Calling OPLS_2005 atomtyping ...
Finished parameter assignment
 Number of rotatable bonds            5
 Using templates for ring conformations.
 Too many confs in count           9           8
 set icplus           4
 set icplus           6
 set icplus           8
 set icplus          10
 set icplus          14
 set icplus          16
NO VALID POSES AFTER MINIMIZATION: SKIPPING.
Ligand #     13(7E9G_lig)
SKIP LIG       13 (7E9G_lig): GRID-ENERGY MIN FAILED
Calling OPLS_2005 atomtyping ...
Finished parameter assignment
 Number of rotatable bonds            5
 Using templates for ring conformations.
 Too many confs in count          17          16
 set icplus           4
 set icplus           6
 set icplus           8
 set icplus          10
 set icplus          14
 set icplus          16
NO VALID POSES AFTER MINIMIZATION: SKIPPING.
Ligand #     14(7E9G_lig)
SKIP LIG       14 (7E9G_lig): GRID-ENERGY MIN FAILED
Calling OPLS_2005 atomtyping ...
Finished parameter assignment
 Number of rotatable bonds            5
 Using templates for ring conformations.
 Too many confs in count          11          10
 set icplus           4
 set icplus           6
 set icplus           8
 set icplus          10
 set icplus          14
 set icplus          16
NO VALID POSES AFTER MINIMIZATION: SKIPPING.
Ligand #     15(7E9G_lig)
SKIP LIG       15 (7E9G_lig): GRID-ENERGY MIN FAILED
Calling OPLS_2005 atomtyping ...
Finished parameter assignment
 Number of rotatable bonds            5
 Using templates for ring conformations.
 Too many confs in count          15          14
 set icplus           4
 set icplus           6
 set icplus           8
 set icplus          10
 set icplus          14
 set icplus          16
NO VALID POSES AFTER MINIMIZATION: SKIPPING.
Ligand #     16(7E9G_lig)
SKIP LIG       16 (7E9G_lig): GRID-ENERGY MIN FAILED
Calling OPLS_2005 atomtyping ...
Finished parameter assignment
 Number of rotatable bonds            5
 Using templates for ring conformations.
 set icplus           4
 set icplus           6
 set icplus           8
 set icplus          10
 set icplus          14
 set icplus          16
NO VALID POSES AFTER MINIMIZATION: SKIPPING.
Ligand #     17(7E9G_lig)
SKIP LIG       17 (7E9G_lig): GRID-ENERGY MIN FAILED
Calling OPLS_2005 atomtyping ...
Finished parameter assignment
 Number of rotatable bonds            5
 Using templates for ring conformations.
 set icplus           4
 set icplus           6
 set icplus           8
 set icplus          10
 set icplus          14
 set icplus          16
NO VALID POSES AFTER MINIMIZATION: SKIPPING.
Ligand #     18(7E9G_lig)
SKIP LIG       18 (7E9G_lig): GRID-ENERGY MIN FAILED
Calling OPLS_2005 atomtyping ...
Finished parameter assignment
 Number of rotatable bonds            5
 Using templates for ring conformations.
 set icplus           4
 set icplus           6
 set icplus           8
 set icplus          10
 set icplus          14
 set icplus          16
NO VALID POSES AFTER MINIMIZATION: SKIPPING.
Ligand #     19(7E9G_lig)
SKIP LIG       19 (7E9G_lig): GRID-ENERGY MIN FAILED
Calling OPLS_2005 atomtyping ...
Finished parameter assignment
 Number of rotatable bonds            5
 Using templates for ring conformations.
 set icplus           4
 set icplus           6
 set icplus           8
 set icplus          10
 set icplus          14
 set icplus          16
NO VALID POSES AFTER MINIMIZATION: SKIPPING.
Ligand #     20(7E9G_lig)
SKIP LIG       20 (7E9G_lig): GRID-ENERGY MIN FAILED
Calling OPLS_2005 atomtyping ...
Finished parameter assignment
 Number of rotatable bonds            5
 Using templates for ring conformations.
 set icplus           4
 set icplus           6
 set icplus           8
 set icplus          10
 set icplus          14
 set icplus          16
NO VALID POSES AFTER MINIMIZATION: SKIPPING.
Ligand #     21(7E9G_lig)
SKIP LIG       21 (7E9G_lig): GRID-ENERGY MIN FAILED
Calling OPLS_2005 atomtyping ...
Finished parameter assignment
 Number of rotatable bonds            5
 Using templates for ring conformations.
 set icplus           4
 set icplus           6
 set icplus           8
 set icplus          10
 set icplus          14
 set icplus          16
NO VALID POSES AFTER MINIMIZATION: SKIPPING.
Ligand #     22(7E9G_lig)
SKIP LIG       22 (7E9G_lig): GRID-ENERGY MIN FAILED
Calling OPLS_2005 atomtyping ...
Finished parameter assignment
 Number of rotatable bonds            5
 Using templates for ring conformations.
 set icplus           4
 set icplus           6
 set icplus           8
 set icplus          10
 set icplus          14
 set icplus          16
NO VALID POSES AFTER MINIMIZATION: SKIPPING.
Ligand #     23(7E9G_lig)
SKIP LIG       23 (7E9G_lig): GRID-ENERGY MIN FAILED
Calling OPLS_2005 atomtyping ...
Finished parameter assignment
 Number of rotatable bonds            5
 Using templates for ring conformations.
 set icplus           4
 set icplus           6
 set icplus           8
 set icplus          10
 set icplus          14
 set icplus          16
NO VALID POSES AFTER MINIMIZATION: SKIPPING.
Ligand #     24(7E9G_lig)
SKIP LIG       24 (7E9G_lig): GRID-ENERGY MIN FAILED
Calling OPLS_2005 atomtyping ...
Finished parameter assignment
 Number of rotatable bonds            5
 Using templates for ring conformations.
 set icplus           4
 set icplus           6
 set icplus           8
 set icplus          10
 set icplus          14
 set icplus          16
NO VALID POSES AFTER MINIMIZATION: SKIPPING.
Ligand #     25(7E9G_lig)
SKIP LIG       25 (7E9G_lig): GRID-ENERGY MIN FAILED
Calling OPLS_2005 atomtyping ...
Finished parameter assignment
 Number of rotatable bonds            5
 Using templates for ring conformations.
 set icplus           4
 set icplus           6
 set icplus           8
 set icplus          10
 set icplus          14
 set icplus          16
NO VALID POSES AFTER MINIMIZATION: SKIPPING.
Ligand #     26(7E9G_lig)
SKIP LIG       26 (7E9G_lig): GRID-ENERGY MIN FAILED
Calling OPLS_2005 atomtyping ...
Finished parameter assignment
 Number of rotatable bonds            5
 Using templates for ring conformations.
 set icplus           4
 set icplus           6
 set icplus           8
 set icplus          10
 set icplus          14
 set icplus          16
NO VALID POSES AFTER MINIMIZATION: SKIPPING.
Ligand #     27(7E9G_lig)
SKIP LIG       27 (7E9G_lig): GRID-ENERGY MIN FAILED
Calling OPLS_2005 atomtyping ...
Finished parameter assignment
 Number of rotatable bonds            5
 Using templates for ring conformations.
 set icplus           4
 set icplus           6
 set icplus           8
 set icplus          10
 set icplus          14
 set icplus          16
NO VALID POSES AFTER MINIMIZATION: SKIPPING.
Ligand #     28(7E9G_lig)
SKIP LIG       28 (7E9G_lig): GRID-ENERGY MIN FAILED
Calling OPLS_2005 atomtyping ...
Finished parameter assignment
 Number of rotatable bonds            5
 Using templates for ring conformations.
 set icplus           4
 set icplus           6
 set icplus           8
 set icplus          10
 set icplus          14
 set icplus          16
NO VALID POSES AFTER MINIMIZATION: SKIPPING.
Ligand #     29(7E9G_lig)
SKIP LIG       29 (7E9G_lig): GRID-ENERGY MIN FAILED
Calling OPLS_2005 atomtyping ...
Finished parameter assignment
 Number of rotatable bonds            5
 Using templates for ring conformations.
 set icplus           4
 set icplus           6
 set icplus           8
 set icplus          10
 set icplus          14
 set icplus          16
NO VALID POSES AFTER MINIMIZATION: SKIPPING.
Ligand #     30(7E9G_lig)
SKIP LIG       30 (7E9G_lig): GRID-ENERGY MIN FAILED
Calling OPLS_2005 atomtyping ...
Finished parameter assignment
 Number of rotatable bonds            5
 Using templates for ring conformations.
 set icplus           4
 set icplus           6
 set icplus           8
 set icplus          10
 set icplus          14
 set icplus          16
NO VALID POSES AFTER MINIMIZATION: SKIPPING.
Ligand #     31(7E9G_lig)
SKIP LIG       31 (7E9G_lig): GRID-ENERGY MIN FAILED
Calling OPLS_2005 atomtyping ...
Finished parameter assignment
 Number of rotatable bonds            5
 Using templates for ring conformations.
 set icplus           4
 set icplus           6
 set icplus           8
 set icplus          10
 set icplus          14
 set icplus          16
NO VALID POSES AFTER MINIMIZATION: SKIPPING.
Ligand #     32(7E9G_lig)
SKIP LIG       32 (7E9G_lig): GRID-ENERGY MIN FAILED
Calling OPLS_2005 atomtyping ...
Finished parameter assignment
 Number of rotatable bonds            5
 Using templates for ring conformations.
 Too many confs in count           9           8
 set icplus           4
 set icplus           6
 set icplus           8
NO VALID POSES AFTER MINIMIZATION: SKIPPING.
Ligand #     33(7E9G_lig)
SKIP LIG       33 (7E9G_lig): GRID-ENERGY MIN FAILED
Calling OPLS_2005 atomtyping ...
Finished parameter assignment
 Number of rotatable bonds            5
 Using templates for ring conformations.
 Too many confs in count           9           8
 set icplus           4
 set icplus           6
 set icplus           8
NO VALID POSES AFTER MINIMIZATION: SKIPPING.
Ligand #     34(7E9G_lig)
SKIP LIG       34 (7E9G_lig): GRID-ENERGY MIN FAILED
Calling OPLS_2005 atomtyping ...
Finished parameter assignment
 Number of rotatable bonds            5
 Using templates for ring conformations.
 Too many confs in count           9           8
 set icplus           4
 set icplus           6
 set icplus           8
NO VALID POSES AFTER MINIMIZATION: SKIPPING.
Ligand #     35(7E9G_lig)
SKIP LIG       35 (7E9G_lig): GRID-ENERGY MIN FAILED
Calling OPLS_2005 atomtyping ...
Finished parameter assignment
 Number of rotatable bonds            5
 Using templates for ring conformations.
 Too many confs in count           9           8
 set icplus           4
 set icplus           6
 set icplus           8
NO VALID POSES AFTER MINIMIZATION: SKIPPING.
Ligand #     36(7E9G_lig)
SKIP LIG       36 (7E9G_lig): GRID-ENERGY MIN FAILED
Calling OPLS_2005 atomtyping ...
Finished parameter assignment
 Number of rotatable bonds            5
 Using templates for ring conformations.
 set icplus           4
 set icplus           6
 set icplus           8
NO VALID POSES AFTER MINIMIZATION: SKIPPING.
Ligand #     37(7E9G_lig)
SKIP LIG       37 (7E9G_lig): GRID-ENERGY MIN FAILED
Calling OPLS_2005 atomtyping ...
Finished parameter assignment
 Number of rotatable bonds            5
 Using templates for ring conformations.
 Too many confs in count           9           8
 set icplus           4
 set icplus           6
 set icplus           8
NO VALID POSES AFTER MINIMIZATION: SKIPPING.
Ligand #     38(7E9G_lig)
SKIP LIG       38 (7E9G_lig): GRID-ENERGY MIN FAILED
Calling OPLS_2005 atomtyping ...
Finished parameter assignment
 Number of rotatable bonds            5
 Using templates for ring conformations.
 Too many confs in count           9           8
 set icplus           4
 set icplus           6
 set icplus           8
NO VALID POSES AFTER MINIMIZATION: SKIPPING.
Ligand #     39(7E9G_lig)
SKIP LIG       39 (7E9G_lig): GRID-ENERGY MIN FAILED
Calling OPLS_2005 atomtyping ...
Finished parameter assignment
 Number of rotatable bonds            5
 Using templates for ring conformations.
 Too many confs in count           9           8
 set icplus           4
 set icplus           6
 set icplus           8
NO VALID POSES AFTER MINIMIZATION: SKIPPING.
Ligand #     40(7E9G_lig)
SKIP LIG       40 (7E9G_lig): GRID-ENERGY MIN FAILED
Calling OPLS_2005 atomtyping ...
Finished parameter assignment
 Number of rotatable bonds            5
 Using templates for ring conformations.
 Too many confs in count           9           8
 set icplus           4
 set icplus           6
 set icplus           8
NO VALID POSES AFTER MINIMIZATION: SKIPPING.
Ligand #     41(7E9G_lig)
SKIP LIG       41 (7E9G_lig): GRID-ENERGY MIN FAILED
Calling OPLS_2005 atomtyping ...
Finished parameter assignment
 Number of rotatable bonds            5
 Using templates for ring conformations.
 Too many confs in count           9           8
 set icplus           4
 set icplus           6
 set icplus           8
NO VALID POSES AFTER MINIMIZATION: SKIPPING.
Ligand #     42(7E9G_lig)
SKIP LIG       42 (7E9G_lig): GRID-ENERGY MIN FAILED
Calling OPLS_2005 atomtyping ...
Finished parameter assignment
 Number of rotatable bonds            5
 Using templates for ring conformations.
 Too many confs in count           9           8
 set icplus           4
 set icplus           6
 set icplus           8
NO POSES STORED FOR LIGAND       43 (7E9G_lig)
Calling OPLS_2005 atomtyping ...
Finished parameter assignment
 Number of rotatable bonds            5
 Using templates for ring conformations.
 Too many confs in count           9           8
 set icplus           4
 set icplus           6
 set icplus           8
NO VALID POSES AFTER MINIMIZATION: SKIPPING.
Ligand #     44(7E9G_lig)
SKIP LIG       44 (7E9G_lig): GRID-ENERGY MIN FAILED
Calling OPLS_2005 atomtyping ...
Finished parameter assignment
 Number of rotatable bonds            5
 Using templates for ring conformations.
 Too many confs in count           9           8
 set icplus           4
 set icplus           6
 set icplus           8
NO VALID POSES AFTER MINIMIZATION: SKIPPING.
Ligand #     45(7E9G_lig)
SKIP LIG       45 (7E9G_lig): GRID-ENERGY MIN FAILED
Calling OPLS_2005 atomtyping ...
Finished parameter assignment
 Number of rotatable bonds            5
 Using templates for ring conformations.
 Too many confs in count           9           8
 set icplus           4
 set icplus           6
 set icplus           8
NO VALID POSES AFTER MINIMIZATION: SKIPPING.
Ligand #     46(7E9G_lig)
SKIP LIG       46 (7E9G_lig): GRID-ENERGY MIN FAILED
Calling OPLS_2005 atomtyping ...
Finished parameter assignment
 Number of rotatable bonds            5
 Using templates for ring conformations.
 Too many confs in count           9           8
 set icplus           4
 set icplus           6
 set icplus           8
NO VALID POSES AFTER MINIMIZATION: SKIPPING.
Ligand #     47(7E9G_lig)
SKIP LIG       47 (7E9G_lig): GRID-ENERGY MIN FAILED
Calling OPLS_2005 atomtyping ...
Finished parameter assignment
 Number of rotatable bonds            5
 Using templates for ring conformations.
 Too many confs in count           9           8
 set icplus           4
 set icplus           6
 set icplus           8
NO VALID POSES AFTER MINIMIZATION: SKIPPING.
Ligand #     48(7E9G_lig)
SKIP LIG       48 (7E9G_lig): GRID-ENERGY MIN FAILED
Calling OPLS_2005 atomtyping ...
Finished parameter assignment
 Number of rotatable bonds            6
 Using templates for ring conformations.
 Too many confs in count          11          10
 set icplus          10
 set icplus          14
 set icplus          16
NO VALID POSES AFTER MINIMIZATION: SKIPPING.
Ligand #     49(7E9G_lig)
SKIP LIG       49 (7E9G_lig): GRID-ENERGY MIN FAILED
Calling OPLS_2005 atomtyping ...
Finished parameter assignment
 Number of rotatable bonds            6
 Using templates for ring conformations.
 Too many confs in count          17          16
 set icplus          10
 set icplus          14
 set icplus          16
NO VALID POSES AFTER MINIMIZATION: SKIPPING.
Ligand #     50(7E9G_lig)
SKIP LIG       50 (7E9G_lig): GRID-ENERGY MIN FAILED
Calling OPLS_2005 atomtyping ...
Finished parameter assignment
 Number of rotatable bonds            6
 Using templates for ring conformations.
 Too many confs in count          25          24
 set icplus          10
 set icplus          14
 set icplus          16
NO VALID POSES AFTER MINIMIZATION: SKIPPING.
Ligand #     51(7E9G_lig)
SKIP LIG       51 (7E9G_lig): GRID-ENERGY MIN FAILED
Calling OPLS_2005 atomtyping ...
Finished parameter assignment
 Number of rotatable bonds            6
 Using templates for ring conformations.
 Too many confs in count          17          16
 set icplus          10
 set icplus          14
 set icplus          16
NO VALID POSES AFTER MINIMIZATION: SKIPPING.
Ligand #     52(7E9G_lig)
SKIP LIG       52 (7E9G_lig): GRID-ENERGY MIN FAILED
Calling OPLS_2005 atomtyping ...
Finished parameter assignment
 Number of rotatable bonds            6
 Using templates for ring conformations.
 Too many confs in count          17          16
 set icplus          10
 set icplus          14
 set icplus          16
NO VALID POSES AFTER MINIMIZATION: SKIPPING.
Ligand #     53(7E9G_lig)
SKIP LIG       53 (7E9G_lig): GRID-ENERGY MIN FAILED
Calling OPLS_2005 atomtyping ...
Finished parameter assignment
 Number of rotatable bonds            6
 Using templates for ring conformations.
 Too many confs in count          23          22
 set icplus          10
 set icplus          14
 set icplus          16
NO VALID POSES AFTER MINIMIZATION: SKIPPING.
Ligand #     54(7E9G_lig)
SKIP LIG       54 (7E9G_lig): GRID-ENERGY MIN FAILED
Calling OPLS_2005 atomtyping ...
Finished parameter assignment
 Number of rotatable bonds            6
 Using templates for ring conformations.
 Too many confs in count          17          16
 set icplus          10
 set icplus          14
 set icplus          16
NO VALID POSES AFTER MINIMIZATION: SKIPPING.
Ligand #     55(7E9G_lig)
SKIP LIG       55 (7E9G_lig): GRID-ENERGY MIN FAILED
Calling OPLS_2005 atomtyping ...
Finished parameter assignment
 Number of rotatable bonds            6
 Using templates for ring conformations.
 Too many confs in count          11          10
 set icplus          10
 set icplus          14
 set icplus          16
NO VALID POSES AFTER MINIMIZATION: SKIPPING.
Ligand #     56(7E9G_lig)
SKIP LIG       56 (7E9G_lig): GRID-ENERGY MIN FAILED
Calling OPLS_2005 atomtyping ...
Finished parameter assignment
 Number of rotatable bonds            6
 Using templates for ring conformations.
 set icplus          10
 set icplus          14
 set icplus          16
NO VALID POSES AFTER MINIMIZATION: SKIPPING.
Ligand #     57(7E9G_lig)
SKIP LIG       57 (7E9G_lig): GRID-ENERGY MIN FAILED
Calling OPLS_2005 atomtyping ...
Finished parameter assignment
 Number of rotatable bonds            6
 Using templates for ring conformations.
 set icplus          10
 set icplus          14
 set icplus          16
NO VALID POSES AFTER MINIMIZATION: SKIPPING.
Ligand #     58(7E9G_lig)
SKIP LIG       58 (7E9G_lig): GRID-ENERGY MIN FAILED
Calling OPLS_2005 atomtyping ...
Finished parameter assignment
 Number of rotatable bonds            6
 Using templates for ring conformations.
 set icplus          10
 set icplus          14
 set icplus          16
NO VALID POSES AFTER MINIMIZATION: SKIPPING.
Ligand #     59(7E9G_lig)
SKIP LIG       59 (7E9G_lig): GRID-ENERGY MIN FAILED
Calling OPLS_2005 atomtyping ...
Finished parameter assignment
 Number of rotatable bonds            6
 Using templates for ring conformations.
 set icplus          10
 set icplus          14
 set icplus          16
NO VALID POSES AFTER MINIMIZATION: SKIPPING.
Ligand #     60(7E9G_lig)
SKIP LIG       60 (7E9G_lig): GRID-ENERGY MIN FAILED
Calling OPLS_2005 atomtyping ...
Finished parameter assignment
 Number of rotatable bonds            6
 Using templates for ring conformations.
 set icplus          10
 set icplus          14
 set icplus          16
NO VALID POSES AFTER MINIMIZATION: SKIPPING.
Ligand #     61(7E9G_lig)
SKIP LIG       61 (7E9G_lig): GRID-ENERGY MIN FAILED
Calling OPLS_2005 atomtyping ...
Finished parameter assignment
 Number of rotatable bonds            6
 Using templates for ring conformations.
 set icplus          10
 set icplus          14
 set icplus          16
NO VALID POSES AFTER MINIMIZATION: SKIPPING.
Ligand #     62(7E9G_lig)
SKIP LIG       62 (7E9G_lig): GRID-ENERGY MIN FAILED
Calling OPLS_2005 atomtyping ...
Finished parameter assignment
 Number of rotatable bonds            6
 Using templates for ring conformations.
 set icplus          10
 set icplus          14
 set icplus          16
NO VALID POSES AFTER MINIMIZATION: SKIPPING.
Ligand #     63(7E9G_lig)
SKIP LIG       63 (7E9G_lig): GRID-ENERGY MIN FAILED
Calling OPLS_2005 atomtyping ...
Finished parameter assignment
 Number of rotatable bonds            6
 Using templates for ring conformations.
 set icplus          10
 set icplus          14
 set icplus          16
NO VALID POSES AFTER MINIMIZATION: SKIPPING.
Ligand #     64(7E9G_lig)
SKIP LIG       64 (7E9G_lig): GRID-ENERGY MIN FAILED
GLIDE WARNING: No Ligand Poses were written to external file 7E9G_lig-to-AF_7E9G_raw.maegz).  Cannot write sorted structure file(_pv.maegz or _lib.maegz), or report file (.rept).

Exiting Glide
Date: Friday, December 09 2022, at 02:59:02 PST
CPU time (s): 806.6 user, 45.0 system, 858.5 real
Total elapsed time = 858 seconds (14 minutes, 18 seconds)
