Glide version 90161 (mmshare version 53161)
mmshare         2cb27f0eb7
glide-src       1e5ffd4733
psp-src         6c93e2fe77
macromodel-src  d47a6cf2e1
epik-src        46d635d642

Copyright (c) Schrodinger, LLC.
All Rights Reserved.

--------------------------------------------------------------------------------
JobId          : sh02-17n08-0-639312a0
Name           : 7CRH_lig-to-AF_7CKW
Program        : Glide
Host           : sh02-17n08.int
Dir            : /home/users/jwang003/glosa_mods/DRD1/docking/7CRH_lig-to-AF_7CKW
HostEntry      : localhost
JobHost        : sh02-17n08.int
JobDir         : /home/users/jwang003/glosa_mods/DRD1/docking/7CRH_lig-to-AF_7CKW
JobSchrodinger : /share/software/user/restricted/schrodinger/2021-1
Commandline    : /share/software/user/restricted/schrodinger/2021-1/glide -WAIT -LOCAL -RESTART 7CRH_lig-to-AF_7CKW.in
StartTime      : 2022-12-09-02:49:04
--------------------------------------------------------------------------------

 VdW radii of ligand atoms scaled by   0.800000000000000     
 Charge cutoff for polarity   0.150000000000000     
For enhanced sampling, increasing funnel width parameter MAXKEEP by a factor of 4 (number of samples), to 20000
 After readscreen, (nx, ny, nz) = (          30 ,           30 ,           30 ).
  Receptor setup: (nsites, nx, ny, nz, bsize)=(         512 ,           30 , 
          30 ,           30 ,    1.00000000000000      ).
 Screening setup finished.
 DOCKMAIN: getting receptor.
  DOCKMAIN after grid: (nx, ny, nz) = (          80 ,           80 , 
          80 ).
 DOCKMAIN: Grid setup finished
Calling OPLS_2005 atomtyping ...
Finished parameter assignment

Reading torsion control file '/share/software/user/restricted/schrodinger/2021-1/glide-v9.0/bin/Linux-x86_64/../../data/torcontrol.txt':
  
  Using generalized torsion control 
  
 Number of rotatable bonds            3
 Failed to generate ring conformations.
 Will use conformations from input structure.
 set bad on ringconf
For enhanced sampling, increasing funnel width parameter MAXREF by a factor of 4 (number of samples), to 1600

GlideScore version SP5.0 will be used

  
 Buried polar penalty      0.000
 Coulomb vdW cutoff        0.000
 H bond cutoff             0.000
 Metal-ligand cutoff      10.000
Assigning GlideScore SP5.0 parameters
 set icplus           9
 set icplus          11
 set icplus          12
Postdocking minimization: 100 poses; CvdW cutoffs   100.0 kcal/mol for min,     0.0 kcal/mol for report.
GlideScore(   -6.49)+Epik State Penalty(    0.16) =    -6.33 kcal/mol
GlideScore(   -5.00)+Epik State Penalty(    0.16) =    -4.84 kcal/mol
GlideScore(   -5.65)+Epik State Penalty(    0.16) =    -5.49 kcal/mol
GlideScore(   -5.98)+Epik State Penalty(    0.16) =    -5.82 kcal/mol
GlideScore(   -5.88)+Epik State Penalty(    0.16) =    -5.72 kcal/mol
GlideScore(   -6.74)+Epik State Penalty(    0.16) =    -6.58 kcal/mol
GlideScore(   -5.63)+Epik State Penalty(    0.16) =    -5.47 kcal/mol
GlideScore(   -5.09)+Epik State Penalty(    0.16) =    -4.92 kcal/mol
GlideScore(   -5.72)+Epik State Penalty(    0.16) =    -5.56 kcal/mol
GlideScore(   -4.87)+Epik State Penalty(    0.16) =    -4.71 kcal/mol
GlideScore(   -4.60)+Epik State Penalty(    0.16) =    -4.44 kcal/mol
GlideScore(   -5.38)+Epik State Penalty(    0.16) =    -5.21 kcal/mol
GlideScore(   -5.41)+Epik State Penalty(    0.16) =    -5.25 kcal/mol
GlideScore(   -5.38)+Epik State Penalty(    0.16) =    -5.22 kcal/mol
GlideScore(   -5.25)+Epik State Penalty(    0.16) =    -5.08 kcal/mol
GlideScore(   -6.45)+Epik State Penalty(    0.16) =    -6.29 kcal/mol
GlideScore(   -6.28)+Epik State Penalty(    0.16) =    -6.12 kcal/mol
GlideScore(   -4.66)+Epik State Penalty(    0.16) =    -4.50 kcal/mol
GlideScore(   -5.92)+Epik State Penalty(    0.16) =    -5.75 kcal/mol
GlideScore(   -6.34)+Epik State Penalty(    0.16) =    -6.17 kcal/mol
GlideScore(   -5.07)+Epik State Penalty(    0.16) =    -4.90 kcal/mol
GlideScore(10000.00)+Epik State Penalty(    0.16) = 10000.16 kcal/mol
GlideScore(10000.00)+Epik State Penalty(    0.16) = 10000.16 kcal/mol
DOCKING RESULTS FOR LIGAND        1 (7CRH_lig)
Best Emodel=   -32.59 E=   -30.21 Eint=     2.52 GlideScore=    -6.49
Calling OPLS_2005 atomtyping ...
Finished parameter assignment
 Number of rotatable bonds            3
 Failed to generate ring conformations.
 Will use conformations from input structure.
 set bad on ringconf
 set icplus           9
 set icplus          11
 set icplus          12
GlideScore(   -5.27)+Epik State Penalty(    0.16) =    -5.11 kcal/mol
GlideScore(   -5.06)+Epik State Penalty(    0.16) =    -4.90 kcal/mol
GlideScore(   -4.86)+Epik State Penalty(    0.16) =    -4.69 kcal/mol
GlideScore(   -4.09)+Epik State Penalty(    0.16) =    -3.92 kcal/mol
GlideScore(   -4.86)+Epik State Penalty(    0.16) =    -4.69 kcal/mol
GlideScore(   -6.75)+Epik State Penalty(    0.16) =    -6.58 kcal/mol
GlideScore(   -6.48)+Epik State Penalty(    0.16) =    -6.31 kcal/mol
GlideScore(   -5.96)+Epik State Penalty(    0.16) =    -5.80 kcal/mol
GlideScore(   -4.16)+Epik State Penalty(    0.16) =    -3.99 kcal/mol
GlideScore(   -4.20)+Epik State Penalty(    0.16) =    -4.03 kcal/mol
GlideScore(   -6.00)+Epik State Penalty(    0.16) =    -5.84 kcal/mol
GlideScore(   -6.34)+Epik State Penalty(    0.16) =    -6.17 kcal/mol
GlideScore(   -5.43)+Epik State Penalty(    0.16) =    -5.27 kcal/mol
GlideScore(   -3.85)+Epik State Penalty(    0.16) =    -3.68 kcal/mol
GlideScore(   -5.62)+Epik State Penalty(    0.16) =    -5.46 kcal/mol
GlideScore(   -5.49)+Epik State Penalty(    0.16) =    -5.33 kcal/mol
GlideScore(   -5.11)+Epik State Penalty(    0.16) =    -4.95 kcal/mol
GlideScore(   -4.51)+Epik State Penalty(    0.16) =    -4.34 kcal/mol
DOCKING RESULTS FOR LIGAND        2 (7CRH_lig)
Best Emodel=   -31.24 E=   -32.33 Eint=     5.79 GlideScore=    -5.27
Calling OPLS_2005 atomtyping ...
Finished parameter assignment
 Number of rotatable bonds            2
 Failed to generate ring conformations.
 Will use conformations from input structure.
 set bad on ringconf
 set icplus           9
 set icplus          11
 set icplus          12
GlideScore(   -5.96)+Epik State Penalty(    1.03) =    -4.93 kcal/mol
GlideScore(   -4.71)+Epik State Penalty(    1.03) =    -3.68 kcal/mol
GlideScore(   -6.56)+Epik State Penalty(    1.03) =    -5.53 kcal/mol
GlideScore(   -5.30)+Epik State Penalty(    1.03) =    -4.27 kcal/mol
GlideScore(   -5.45)+Epik State Penalty(    1.03) =    -4.43 kcal/mol
GlideScore(   -5.16)+Epik State Penalty(    1.03) =    -4.13 kcal/mol
GlideScore(   -5.37)+Epik State Penalty(    1.03) =    -4.34 kcal/mol
GlideScore(   -4.52)+Epik State Penalty(    1.03) =    -3.49 kcal/mol
GlideScore(   -5.44)+Epik State Penalty(    1.03) =    -4.41 kcal/mol
GlideScore(   -5.21)+Epik State Penalty(    1.03) =    -4.18 kcal/mol
GlideScore(   -6.79)+Epik State Penalty(    1.03) =    -5.77 kcal/mol
GlideScore(   -5.26)+Epik State Penalty(    1.03) =    -4.23 kcal/mol
GlideScore(   -4.99)+Epik State Penalty(    1.03) =    -3.96 kcal/mol
GlideScore(   -6.02)+Epik State Penalty(    1.03) =    -4.99 kcal/mol
GlideScore(   -5.76)+Epik State Penalty(    1.03) =    -4.73 kcal/mol
GlideScore(   -6.23)+Epik State Penalty(    1.03) =    -5.20 kcal/mol
DOCKING RESULTS FOR LIGAND        3 (7CRH_lig)
Best Emodel=   -28.90 E=   -28.64 Eint=     4.90 GlideScore=    -5.96
Calling OPLS_2005 atomtyping ...
Finished parameter assignment
 Number of rotatable bonds            2
 Failed to generate ring conformations.
 Will use conformations from input structure.
 set bad on ringconf
 set icplus           9
 set icplus          11
 set icplus          12
GlideScore(   -5.04)+Epik State Penalty(    1.03) =    -4.01 kcal/mol
GlideScore(   -4.74)+Epik State Penalty(    1.03) =    -3.71 kcal/mol
GlideScore(   -5.57)+Epik State Penalty(    1.03) =    -4.54 kcal/mol
GlideScore(   -4.46)+Epik State Penalty(    1.03) =    -3.43 kcal/mol
GlideScore(   -5.70)+Epik State Penalty(    1.03) =    -4.67 kcal/mol
GlideScore(   -5.98)+Epik State Penalty(    1.03) =    -4.95 kcal/mol
GlideScore(   -4.39)+Epik State Penalty(    1.03) =    -3.36 kcal/mol
GlideScore(   -5.20)+Epik State Penalty(    1.03) =    -4.17 kcal/mol
GlideScore(   -3.38)+Epik State Penalty(    1.03) =    -2.35 kcal/mol
GlideScore(10000.00)+Epik State Penalty(    1.03) = 10001.03 kcal/mol
DOCKING RESULTS FOR LIGAND        4 (7CRH_lig)
Best Emodel=   -34.03 E=   -29.71 Eint=     5.68 GlideScore=    -5.04
Calling OPLS_2005 atomtyping ...
Finished parameter assignment
 Number of rotatable bonds            2
 Failed to generate ring conformations.
 Will use conformations from input structure.
 set bad on ringconf
 set icplus           9
 set icplus          11
 set icplus          12
GlideScore(   -4.95)+Epik State Penalty(    1.91) =    -3.04 kcal/mol
GlideScore(   -4.75)+Epik State Penalty(    1.91) =    -2.84 kcal/mol
GlideScore(   -5.36)+Epik State Penalty(    1.91) =    -3.45 kcal/mol
GlideScore(   -5.39)+Epik State Penalty(    1.91) =    -3.48 kcal/mol
GlideScore(   -5.06)+Epik State Penalty(    1.91) =    -3.15 kcal/mol
GlideScore(   -4.58)+Epik State Penalty(    1.91) =    -2.68 kcal/mol
GlideScore(   -4.87)+Epik State Penalty(    1.91) =    -2.96 kcal/mol
GlideScore(   -6.17)+Epik State Penalty(    1.91) =    -4.26 kcal/mol
GlideScore(   -4.25)+Epik State Penalty(    1.91) =    -2.34 kcal/mol
GlideScore(   -4.94)+Epik State Penalty(    1.91) =    -3.03 kcal/mol
GlideScore(   -4.73)+Epik State Penalty(    1.91) =    -2.82 kcal/mol
GlideScore(   -5.86)+Epik State Penalty(    1.91) =    -3.95 kcal/mol
GlideScore(   -4.36)+Epik State Penalty(    1.91) =    -2.45 kcal/mol
GlideScore(10000.00)+Epik State Penalty(    1.91) = 10001.91 kcal/mol
GlideScore(10000.00)+Epik State Penalty(    1.91) = 10001.91 kcal/mol
DOCKING RESULTS FOR LIGAND        5 (7CRH_lig)
Best Emodel=   -28.12 E=   -29.79 Eint=     9.76 GlideScore=    -4.95
Calling OPLS_2005 atomtyping ...
Finished parameter assignment
 Number of rotatable bonds            2
 Failed to generate ring conformations.
 Will use conformations from input structure.
 set bad on ringconf
 set icplus           9
 set icplus          11
 set icplus          12
GlideScore(   -6.81)+Epik State Penalty(    1.91) =    -4.90 kcal/mol
GlideScore(   -4.83)+Epik State Penalty(    1.91) =    -2.92 kcal/mol
GlideScore(   -4.56)+Epik State Penalty(    1.91) =    -2.65 kcal/mol
GlideScore(   -4.72)+Epik State Penalty(    1.91) =    -2.81 kcal/mol
GlideScore(   -4.88)+Epik State Penalty(    1.91) =    -2.97 kcal/mol
GlideScore(10000.00)+Epik State Penalty(    1.91) = 10001.91 kcal/mol
GlideScore(10000.00)+Epik State Penalty(    1.91) = 10001.91 kcal/mol
DOCKING RESULTS FOR LIGAND        6 (7CRH_lig)
Best Emodel=   -39.39 E=   -12.09 Eint=     1.51 GlideScore=    -6.81
Calling OPLS_2005 atomtyping ...
Finished parameter assignment
 Number of rotatable bonds            3
 Failed to generate ring conformations.
 Will use conformations from input structure.
 set bad on ringconf
GlideScore(   -5.21)+Epik State Penalty(    2.16) =    -3.05 kcal/mol
GlideScore(   -5.32)+Epik State Penalty(    2.16) =    -3.16 kcal/mol
GlideScore(   -5.56)+Epik State Penalty(    2.16) =    -3.40 kcal/mol
GlideScore(   -4.99)+Epik State Penalty(    2.16) =    -2.83 kcal/mol
GlideScore(   -4.72)+Epik State Penalty(    2.16) =    -2.56 kcal/mol
GlideScore(   -5.67)+Epik State Penalty(    2.16) =    -3.51 kcal/mol
GlideScore(   -4.88)+Epik State Penalty(    2.16) =    -2.72 kcal/mol
GlideScore(   -5.15)+Epik State Penalty(    2.16) =    -2.99 kcal/mol
GlideScore(   -6.36)+Epik State Penalty(    2.16) =    -4.21 kcal/mol
GlideScore(   -5.29)+Epik State Penalty(    2.16) =    -3.13 kcal/mol
GlideScore(   -6.84)+Epik State Penalty(    2.16) =    -4.68 kcal/mol
GlideScore(   -4.65)+Epik State Penalty(    2.16) =    -2.49 kcal/mol
GlideScore(   -5.36)+Epik State Penalty(    2.16) =    -3.20 kcal/mol
GlideScore(   -6.03)+Epik State Penalty(    2.16) =    -3.87 kcal/mol
GlideScore(   -6.43)+Epik State Penalty(    2.16) =    -4.27 kcal/mol
GlideScore(   -4.42)+Epik State Penalty(    2.16) =    -2.26 kcal/mol
GlideScore(   -5.17)+Epik State Penalty(    2.16) =    -3.01 kcal/mol
GlideScore(   -5.12)+Epik State Penalty(    2.16) =    -2.96 kcal/mol
GlideScore(   -5.02)+Epik State Penalty(    2.16) =    -2.86 kcal/mol
GlideScore(   -4.90)+Epik State Penalty(    2.16) =    -2.74 kcal/mol
GlideScore(   -4.79)+Epik State Penalty(    2.16) =    -2.63 kcal/mol
DOCKING RESULTS FOR LIGAND        7 (7CRH_lig)
Best Emodel=   -31.68 E=   -32.20 Eint=     6.05 GlideScore=    -5.21

Glide is executing the glide_sort command.
Command-line equivalent is:
 "/share/software/user/restricted/schrodinger/2021-1/utilities/glide_sort" -n 0 -o "7CRH_lig-to-AF_7CKW_pv.maegz"   -hbond_cut 0.00 -cvdw_cut 0.00 -metal_cut 10.00 -gscore_cut 100.00 -dscore_cut 100.00 "7CRH_lig-to-AF_7CKW_raw.maegz"
REPORT OF BEST 103 POSES

The receptor and sorted ligand structures were written to the file
7CRH_lig-to-AF_7CKW_pv.maegz  for use in the Pose Viewer.

Final rankings based on original docking score
7 poses were rejected by the energy filters,
    Coul+vdw Energy <=     0.0    Hbond Interaction <=     0.0    Metal Interaction <=    10.0    GlideScore <=   100.0    Docking Score <=   100.0
(If any of the above properties is not defined for a given pose,
the corresponding filter is not applied to that pose.)


glide_sort command succeeded.  Pose file 7CRH_lig-to-AF_7CKW_pv.maegz was written.

Exiting Glide
Date: Friday, December 09 2022, at 02:49:58 PST
CPU time (s): 44.0 user, 0.5 system, 50.8 real
Total elapsed time = 51 seconds
