Glide version 90161 (mmshare version 53161)
mmshare         2cb27f0eb7
glide-src       1e5ffd4733
psp-src         6c93e2fe77
macromodel-src  d47a6cf2e1
epik-src        46d635d642

Copyright (c) Schrodinger, LLC.
All Rights Reserved.

--------------------------------------------------------------------------------
JobId          : sh02-17n29-0-639311bc
Name           : 7D77_lig-to-AF_7D76
Program        : Glide
Host           : sh02-17n29.int
Dir            : /home/users/jwang003/glosa_mods/AGRG3/docking/7D77_lig-to-AF_7D76
HostEntry      : localhost
JobHost        : sh02-17n29.int
JobDir         : /home/users/jwang003/glosa_mods/AGRG3/docking/7D77_lig-to-AF_7D76
JobSchrodinger : /share/software/user/restricted/schrodinger/2021-1
Commandline    : /share/software/user/restricted/schrodinger/2021-1/glide -WAIT -LOCAL -RESTART 7D77_lig-to-AF_7D76.in
StartTime      : 2022-12-09-02:45:17
--------------------------------------------------------------------------------

 VdW radii of ligand atoms scaled by   0.800000000000000     
 Charge cutoff for polarity   0.150000000000000     
For enhanced sampling, increasing funnel width parameter MAXKEEP by a factor of 4 (number of samples), to 20000
 After readscreen, (nx, ny, nz) = (          30 ,           30 ,           30 ).
  Receptor setup: (nsites, nx, ny, nz, bsize)=(         512 ,           30 , 
          30 ,           30 ,    1.00000000000000      ).
 Screening setup finished.
 DOCKMAIN: getting receptor.
  DOCKMAIN after grid: (nx, ny, nz) = (          80 ,           80 , 
          80 ).
 DOCKMAIN: Grid setup finished
Calling OPLS_2005 atomtyping ...
Finished parameter assignment

Reading torsion control file '/share/software/user/restricted/schrodinger/2021-1/glide-v9.0/bin/Linux-x86_64/../../data/torcontrol.txt':
  
  Using generalized torsion control 
  
 Number of rotatable bonds            5
 Using templates for ring conformations.
For enhanced sampling, increasing funnel width parameter MAXREF by a factor of 4 (number of samples), to 1600

GlideScore version SP5.0 will be used

  
 Buried polar penalty      0.000
 Coulomb vdW cutoff        0.000
 H bond cutoff             0.000
 Metal-ligand cutoff      10.000
Assigning GlideScore SP5.0 parameters
Postdocking minimization: 100 poses; CvdW cutoffs   100.0 kcal/mol for min,     0.0 kcal/mol for report.
GlideScore(   -6.97)+Epik State Penalty(   -0.00) =    -6.97 kcal/mol
GlideScore(   -7.24)+Epik State Penalty(   -0.00) =    -7.24 kcal/mol
GlideScore(   -6.72)+Epik State Penalty(   -0.00) =    -6.72 kcal/mol
GlideScore(   -6.95)+Epik State Penalty(   -0.00) =    -6.95 kcal/mol
GlideScore(   -6.27)+Epik State Penalty(   -0.00) =    -6.27 kcal/mol
GlideScore(   -6.40)+Epik State Penalty(   -0.00) =    -6.40 kcal/mol
GlideScore(   -6.50)+Epik State Penalty(   -0.00) =    -6.50 kcal/mol
GlideScore(   -6.70)+Epik State Penalty(   -0.00) =    -6.70 kcal/mol
GlideScore(   -6.74)+Epik State Penalty(   -0.00) =    -6.74 kcal/mol
GlideScore(   -6.69)+Epik State Penalty(   -0.00) =    -6.69 kcal/mol
GlideScore(   -6.53)+Epik State Penalty(   -0.00) =    -6.53 kcal/mol
GlideScore(   -6.17)+Epik State Penalty(   -0.00) =    -6.17 kcal/mol
GlideScore(   -6.45)+Epik State Penalty(   -0.00) =    -6.45 kcal/mol
GlideScore(   -6.45)+Epik State Penalty(   -0.00) =    -6.45 kcal/mol
GlideScore(   -6.39)+Epik State Penalty(   -0.00) =    -6.39 kcal/mol
GlideScore(   -6.42)+Epik State Penalty(   -0.00) =    -6.42 kcal/mol
GlideScore(   -6.54)+Epik State Penalty(   -0.00) =    -6.54 kcal/mol
GlideScore(   -6.14)+Epik State Penalty(   -0.00) =    -6.14 kcal/mol
GlideScore(   -6.37)+Epik State Penalty(   -0.00) =    -6.37 kcal/mol
GlideScore(   -6.10)+Epik State Penalty(   -0.00) =    -6.10 kcal/mol
GlideScore(   -6.44)+Epik State Penalty(   -0.00) =    -6.44 kcal/mol
GlideScore(   -6.48)+Epik State Penalty(   -0.00) =    -6.48 kcal/mol
GlideScore(   -6.04)+Epik State Penalty(   -0.00) =    -6.04 kcal/mol
GlideScore(   -6.45)+Epik State Penalty(   -0.00) =    -6.45 kcal/mol
GlideScore(   -6.13)+Epik State Penalty(   -0.00) =    -6.13 kcal/mol
GlideScore(   -6.06)+Epik State Penalty(   -0.00) =    -6.06 kcal/mol
GlideScore(   -6.37)+Epik State Penalty(   -0.00) =    -6.37 kcal/mol
GlideScore(   -6.18)+Epik State Penalty(   -0.00) =    -6.18 kcal/mol
GlideScore(   -5.80)+Epik State Penalty(   -0.00) =    -5.80 kcal/mol
GlideScore(   -5.84)+Epik State Penalty(   -0.00) =    -5.84 kcal/mol
GlideScore(   -5.81)+Epik State Penalty(   -0.00) =    -5.81 kcal/mol
GlideScore(   -5.76)+Epik State Penalty(   -0.00) =    -5.76 kcal/mol
GlideScore(   -6.37)+Epik State Penalty(   -0.00) =    -6.37 kcal/mol
GlideScore(   -6.07)+Epik State Penalty(   -0.00) =    -6.07 kcal/mol
GlideScore(   -6.16)+Epik State Penalty(   -0.00) =    -6.16 kcal/mol
GlideScore(   -5.63)+Epik State Penalty(   -0.00) =    -5.63 kcal/mol
GlideScore(   -6.40)+Epik State Penalty(   -0.00) =    -6.40 kcal/mol
GlideScore(   -5.74)+Epik State Penalty(   -0.00) =    -5.74 kcal/mol
GlideScore(   -5.87)+Epik State Penalty(   -0.00) =    -5.87 kcal/mol
GlideScore(   -5.59)+Epik State Penalty(   -0.00) =    -5.59 kcal/mol
GlideScore(   -5.93)+Epik State Penalty(   -0.00) =    -5.93 kcal/mol
GlideScore(   -5.95)+Epik State Penalty(   -0.00) =    -5.95 kcal/mol
GlideScore(   -5.22)+Epik State Penalty(   -0.00) =    -5.22 kcal/mol
GlideScore(   -5.59)+Epik State Penalty(   -0.00) =    -5.59 kcal/mol
GlideScore(   -5.66)+Epik State Penalty(   -0.00) =    -5.66 kcal/mol
GlideScore(   -5.69)+Epik State Penalty(   -0.00) =    -5.69 kcal/mol
GlideScore(   -6.30)+Epik State Penalty(   -0.00) =    -6.30 kcal/mol
GlideScore(   -5.96)+Epik State Penalty(   -0.00) =    -5.96 kcal/mol
GlideScore(   -6.07)+Epik State Penalty(   -0.00) =    -6.07 kcal/mol
GlideScore(   -5.63)+Epik State Penalty(   -0.00) =    -5.63 kcal/mol
GlideScore(   -5.36)+Epik State Penalty(   -0.00) =    -5.36 kcal/mol
GlideScore(   -5.50)+Epik State Penalty(   -0.00) =    -5.50 kcal/mol
GlideScore(   -6.11)+Epik State Penalty(   -0.00) =    -6.11 kcal/mol
GlideScore(   -5.29)+Epik State Penalty(   -0.00) =    -5.29 kcal/mol
GlideScore(   -5.56)+Epik State Penalty(   -0.00) =    -5.56 kcal/mol
GlideScore(   -5.51)+Epik State Penalty(   -0.00) =    -5.51 kcal/mol
GlideScore(   -5.63)+Epik State Penalty(   -0.00) =    -5.63 kcal/mol
GlideScore(   -6.01)+Epik State Penalty(   -0.00) =    -6.01 kcal/mol
GlideScore(   -5.75)+Epik State Penalty(   -0.00) =    -5.75 kcal/mol
GlideScore(   -5.06)+Epik State Penalty(   -0.00) =    -5.06 kcal/mol
GlideScore(   -5.72)+Epik State Penalty(   -0.00) =    -5.72 kcal/mol
GlideScore(   -5.77)+Epik State Penalty(   -0.00) =    -5.77 kcal/mol
GlideScore(   -5.69)+Epik State Penalty(   -0.00) =    -5.69 kcal/mol
GlideScore(   -5.57)+Epik State Penalty(   -0.00) =    -5.57 kcal/mol
GlideScore(   -5.36)+Epik State Penalty(   -0.00) =    -5.36 kcal/mol
GlideScore(   -5.32)+Epik State Penalty(   -0.00) =    -5.32 kcal/mol
GlideScore(   -5.70)+Epik State Penalty(   -0.00) =    -5.70 kcal/mol
GlideScore(   -5.39)+Epik State Penalty(   -0.00) =    -5.39 kcal/mol
GlideScore(   -5.92)+Epik State Penalty(   -0.00) =    -5.92 kcal/mol
GlideScore(   -5.69)+Epik State Penalty(   -0.00) =    -5.69 kcal/mol
GlideScore(   -5.51)+Epik State Penalty(   -0.00) =    -5.51 kcal/mol
GlideScore(   -6.06)+Epik State Penalty(   -0.00) =    -6.06 kcal/mol
GlideScore(   -5.37)+Epik State Penalty(   -0.00) =    -5.37 kcal/mol
GlideScore(   -5.27)+Epik State Penalty(   -0.00) =    -5.27 kcal/mol
GlideScore(   -5.40)+Epik State Penalty(   -0.00) =    -5.40 kcal/mol
GlideScore(   -5.09)+Epik State Penalty(   -0.00) =    -5.09 kcal/mol
GlideScore(   -5.18)+Epik State Penalty(   -0.00) =    -5.18 kcal/mol
GlideScore(   -5.04)+Epik State Penalty(   -0.00) =    -5.04 kcal/mol
GlideScore(   -5.87)+Epik State Penalty(   -0.00) =    -5.87 kcal/mol
GlideScore(   -4.99)+Epik State Penalty(   -0.00) =    -4.99 kcal/mol
GlideScore(   -5.22)+Epik State Penalty(   -0.00) =    -5.22 kcal/mol
GlideScore(   -5.14)+Epik State Penalty(   -0.00) =    -5.14 kcal/mol
GlideScore(   -5.49)+Epik State Penalty(   -0.00) =    -5.49 kcal/mol
GlideScore(   -4.74)+Epik State Penalty(   -0.00) =    -4.74 kcal/mol
GlideScore(   -4.82)+Epik State Penalty(   -0.00) =    -4.82 kcal/mol
GlideScore(   -5.31)+Epik State Penalty(   -0.00) =    -5.31 kcal/mol
GlideScore(   -5.45)+Epik State Penalty(   -0.00) =    -5.45 kcal/mol
GlideScore(   -5.30)+Epik State Penalty(   -0.00) =    -5.30 kcal/mol
GlideScore(   -4.71)+Epik State Penalty(   -0.00) =    -4.71 kcal/mol
GlideScore(   -5.18)+Epik State Penalty(   -0.00) =    -5.18 kcal/mol
DOCKING RESULTS FOR LIGAND        1 (7D77_lig)
Best Emodel=   -51.11 E=   -38.07 Eint=     4.74 GlideScore=    -6.97

Glide is executing the glide_sort command.
Command-line equivalent is:
 "/share/software/user/restricted/schrodinger/2021-1/utilities/glide_sort" -n 0 -o "7D77_lig-to-AF_7D76_pv.maegz"   -hbond_cut 0.00 -cvdw_cut 0.00 -metal_cut 10.00 -gscore_cut 100.00 -dscore_cut 100.00 "7D77_lig-to-AF_7D76_raw.maegz"
REPORT OF BEST 90 POSES

The receptor and sorted ligand structures were written to the file
7D77_lig-to-AF_7D76_pv.maegz  for use in the Pose Viewer.

Final rankings based on original docking score
0 poses were rejected by the energy filters,
    Coul+vdw Energy <=     0.0    Hbond Interaction <=     0.0    Metal Interaction <=    10.0    GlideScore <=   100.0    Docking Score <=   100.0
(If any of the above properties is not defined for a given pose,
the corresponding filter is not applied to that pose.)


glide_sort command succeeded.  Pose file 7D77_lig-to-AF_7D76_pv.maegz was written.

Exiting Glide
Date: Friday, December 09 2022, at 02:45:46 PST
CPU time (s): 24.2 user, 0.8 system, 27.1 real
Total elapsed time = 27 seconds
