Glide version 90161 (mmshare version 53161)
mmshare         2cb27f0eb7
glide-src       1e5ffd4733
psp-src         6c93e2fe77
macromodel-src  d47a6cf2e1
epik-src        46d635d642

Copyright (c) Schrodinger, LLC.
All Rights Reserved.

--------------------------------------------------------------------------------
JobId          : sh02-09n64-0-63931199
Name           : 6IIU_lig-to-AF_6IIU
Program        : Glide
Host           : sh02-09n64.int
Dir            : /home/users/jwang003/glosa_mods/TA2R/docking/6IIU_lig-to-AF_6IIU
HostEntry      : localhost
JobHost        : sh02-09n64.int
JobDir         : /home/users/jwang003/glosa_mods/TA2R/docking/6IIU_lig-to-AF_6IIU
JobSchrodinger : /share/software/user/restricted/schrodinger/2021-1
Commandline    : /share/software/user/restricted/schrodinger/2021-1/glide -WAIT -LOCAL -RESTART 6IIU_lig-to-AF_6IIU.in
StartTime      : 2022-12-09-02:44:42
--------------------------------------------------------------------------------

 VdW radii of ligand atoms scaled by   0.800000000000000     
 Charge cutoff for polarity   0.150000000000000     
For enhanced sampling, increasing funnel width parameter MAXKEEP by a factor of 4 (number of samples), to 20000
 After readscreen, (nx, ny, nz) = (          30 ,           30 ,           30 ).
  Receptor setup: (nsites, nx, ny, nz, bsize)=(         512 ,           30 , 
          30 ,           30 ,    1.00000000000000      ).
 Screening setup finished.
 DOCKMAIN: getting receptor.
  DOCKMAIN after grid: (nx, ny, nz) = (          80 ,           80 , 
          80 ).
 DOCKMAIN: Grid setup finished
Calling OPLS_2005 atomtyping ...
Finished parameter assignment

Reading torsion control file '/share/software/user/restricted/schrodinger/2021-1/glide-v9.0/bin/Linux-x86_64/../../data/torcontrol.txt':
  
  Using generalized torsion control 
  
 Number of rotatable bonds            6
 Using templates for ring conformations.
For enhanced sampling, increasing funnel width parameter MAXREF by a factor of 4 (number of samples), to 1600

GlideScore version SP5.0 will be used

  
 Buried polar penalty      0.000
 Coulomb vdW cutoff        0.000
 H bond cutoff             0.000
 Metal-ligand cutoff      10.000
Assigning GlideScore SP5.0 parameters
Postdocking minimization: 100 poses; CvdW cutoffs   100.0 kcal/mol for min,     0.0 kcal/mol for report.
GlideScore(   -7.37)+Epik State Penalty(    0.00) =    -7.37 kcal/mol
GlideScore(   -7.32)+Epik State Penalty(    0.00) =    -7.32 kcal/mol
GlideScore(   -7.25)+Epik State Penalty(    0.00) =    -7.25 kcal/mol
GlideScore(   -7.31)+Epik State Penalty(    0.00) =    -7.31 kcal/mol
GlideScore(   -6.56)+Epik State Penalty(    0.00) =    -6.55 kcal/mol
GlideScore(   -7.09)+Epik State Penalty(    0.00) =    -7.09 kcal/mol
GlideScore(   -6.41)+Epik State Penalty(    0.00) =    -6.40 kcal/mol
GlideScore(   -6.42)+Epik State Penalty(    0.00) =    -6.41 kcal/mol
GlideScore(   -6.80)+Epik State Penalty(    0.00) =    -6.80 kcal/mol
GlideScore(   -7.04)+Epik State Penalty(    0.00) =    -7.04 kcal/mol
GlideScore(   -6.16)+Epik State Penalty(    0.00) =    -6.16 kcal/mol
GlideScore(   -6.91)+Epik State Penalty(    0.00) =    -6.91 kcal/mol
GlideScore(   -6.21)+Epik State Penalty(    0.00) =    -6.21 kcal/mol
GlideScore(   -6.55)+Epik State Penalty(    0.00) =    -6.55 kcal/mol
GlideScore(   -6.38)+Epik State Penalty(    0.00) =    -6.38 kcal/mol
GlideScore(   -6.85)+Epik State Penalty(    0.00) =    -6.85 kcal/mol
GlideScore(   -6.61)+Epik State Penalty(    0.00) =    -6.61 kcal/mol
GlideScore(   -6.34)+Epik State Penalty(    0.00) =    -6.34 kcal/mol
GlideScore(   -6.82)+Epik State Penalty(    0.00) =    -6.82 kcal/mol
GlideScore(   -3.55)+Epik State Penalty(    0.00) =    -3.55 kcal/mol
GlideScore(   -6.78)+Epik State Penalty(    0.00) =    -6.78 kcal/mol
GlideScore(   -3.48)+Epik State Penalty(    0.00) =    -3.48 kcal/mol
GlideScore(   -6.22)+Epik State Penalty(    0.00) =    -6.22 kcal/mol
GlideScore(   -6.12)+Epik State Penalty(    0.00) =    -6.12 kcal/mol
GlideScore(   -3.65)+Epik State Penalty(    0.00) =    -3.65 kcal/mol
GlideScore(   -2.86)+Epik State Penalty(    0.00) =    -2.86 kcal/mol
GlideScore(   -2.95)+Epik State Penalty(    0.00) =    -2.95 kcal/mol
GlideScore(   -6.63)+Epik State Penalty(    0.00) =    -6.63 kcal/mol
GlideScore(   -3.01)+Epik State Penalty(    0.00) =    -3.01 kcal/mol
GlideScore(   -3.31)+Epik State Penalty(    0.00) =    -3.31 kcal/mol
GlideScore(   -2.84)+Epik State Penalty(    0.00) =    -2.83 kcal/mol
GlideScore(   -3.11)+Epik State Penalty(    0.00) =    -3.11 kcal/mol
GlideScore(   -5.71)+Epik State Penalty(    0.00) =    -5.71 kcal/mol
GlideScore(   -5.69)+Epik State Penalty(    0.00) =    -5.69 kcal/mol
GlideScore(   -5.51)+Epik State Penalty(    0.00) =    -5.51 kcal/mol
GlideScore(   -2.33)+Epik State Penalty(    0.00) =    -2.33 kcal/mol
GlideScore(   -3.05)+Epik State Penalty(    0.00) =    -3.04 kcal/mol
GlideScore(   -2.91)+Epik State Penalty(    0.00) =    -2.91 kcal/mol
GlideScore(   -5.41)+Epik State Penalty(    0.00) =    -5.41 kcal/mol
GlideScore(   -2.35)+Epik State Penalty(    0.00) =    -2.35 kcal/mol
GlideScore(   -5.94)+Epik State Penalty(    0.00) =    -5.94 kcal/mol
GlideScore(   -2.24)+Epik State Penalty(    0.00) =    -2.24 kcal/mol
GlideScore(   -5.93)+Epik State Penalty(    0.00) =    -5.93 kcal/mol
GlideScore(   -2.16)+Epik State Penalty(    0.00) =    -2.16 kcal/mol
GlideScore(   -2.15)+Epik State Penalty(    0.00) =    -2.15 kcal/mol
GlideScore(   -2.68)+Epik State Penalty(    0.00) =    -2.68 kcal/mol
GlideScore(   -1.49)+Epik State Penalty(    0.00) =    -1.49 kcal/mol
GlideScore(   -1.58)+Epik State Penalty(    0.00) =    -1.58 kcal/mol
GlideScore(   -2.06)+Epik State Penalty(    0.00) =    -2.05 kcal/mol
GlideScore(   -1.63)+Epik State Penalty(    0.00) =    -1.62 kcal/mol
GlideScore(   -1.63)+Epik State Penalty(    0.00) =    -1.63 kcal/mol
GlideScore(   -5.75)+Epik State Penalty(    0.00) =    -5.75 kcal/mol
GlideScore(   -1.23)+Epik State Penalty(    0.00) =    -1.23 kcal/mol
GlideScore(   -5.36)+Epik State Penalty(    0.00) =    -5.35 kcal/mol
GlideScore(   -0.91)+Epik State Penalty(    0.00) =    -0.91 kcal/mol
GlideScore(   -4.81)+Epik State Penalty(    0.00) =    -4.81 kcal/mol
GlideScore(   -0.26)+Epik State Penalty(    0.00) =    -0.26 kcal/mol
GlideScore(   -1.57)+Epik State Penalty(    0.00) =    -1.57 kcal/mol
GlideScore(   -4.23)+Epik State Penalty(    0.00) =    -4.23 kcal/mol
GlideScore(10000.00)+Epik State Penalty(    0.00) = 10000.00 kcal/mol
GlideScore(10000.00)+Epik State Penalty(    0.00) = 10000.00 kcal/mol
DOCKING RESULTS FOR LIGAND        1 (6IIU_lig)
Best Emodel=   -44.57 E=   -34.27 Eint=     3.88 GlideScore=    -7.37

Glide is executing the glide_sort command.
Command-line equivalent is:
 "/share/software/user/restricted/schrodinger/2021-1/utilities/glide_sort" -n 0 -o "6IIU_lig-to-AF_6IIU_pv.maegz"   -hbond_cut 0.00 -cvdw_cut 0.00 -metal_cut 10.00 -gscore_cut 100.00 -dscore_cut 100.00 "6IIU_lig-to-AF_6IIU_raw.maegz"
REPORT OF BEST 59 POSES

The receptor and sorted ligand structures were written to the file
6IIU_lig-to-AF_6IIU_pv.maegz  for use in the Pose Viewer.

Final rankings based on original docking score
2 poses were rejected by the energy filters,
    Coul+vdw Energy <=     0.0    Hbond Interaction <=     0.0    Metal Interaction <=    10.0    GlideScore <=   100.0    Docking Score <=   100.0
(If any of the above properties is not defined for a given pose,
the corresponding filter is not applied to that pose.)


glide_sort command succeeded.  Pose file 6IIU_lig-to-AF_6IIU_pv.maegz was written.

Exiting Glide
Date: Friday, December 09 2022, at 02:45:13 PST
CPU time (s): 26.1 user, 0.5 system, 28.8 real
Total elapsed time = 29 seconds
