Glide version 90161 (mmshare version 53161)
mmshare         2cb27f0eb7
glide-src       1e5ffd4733
psp-src         6c93e2fe77
macromodel-src  d47a6cf2e1
epik-src        46d635d642

Copyright (c) Schrodinger, LLC.
All Rights Reserved.

--------------------------------------------------------------------------------
JobId          : sh02-10n02-0-6393121e
Name           : 7D7M_lig-to-AF_5YHL
Program        : Glide
Host           : sh02-10n02.int
Dir            : /home/users/jwang003/glosa_mods/PE2R4/docking/7D7M_lig-to-AF_5YHL
HostEntry      : localhost
JobHost        : sh02-10n02.int
JobDir         : /home/users/jwang003/glosa_mods/PE2R4/docking/7D7M_lig-to-AF_5YHL
JobSchrodinger : /share/software/user/restricted/schrodinger/2021-1
Commandline    : /share/software/user/restricted/schrodinger/2021-1/glide -WAIT -LOCAL -RESTART 7D7M_lig-to-AF_5YHL.in
StartTime      : 2022-12-09-02:46:54
--------------------------------------------------------------------------------

 VdW radii of ligand atoms scaled by   0.800000000000000     
 Charge cutoff for polarity   0.150000000000000     
For enhanced sampling, increasing funnel width parameter MAXKEEP by a factor of 4 (number of samples), to 20000
 After readscreen, (nx, ny, nz) = (          30 ,           30 ,           30 ).
  Receptor setup: (nsites, nx, ny, nz, bsize)=(         512 ,           30 , 
          30 ,           30 ,    1.00000000000000      ).
 Screening setup finished.
 DOCKMAIN: getting receptor.
  DOCKMAIN after grid: (nx, ny, nz) = (          80 ,           80 , 
          80 ).
 DOCKMAIN: Grid setup finished
Calling OPLS_2005 atomtyping ...
Finished parameter assignment

Reading torsion control file '/share/software/user/restricted/schrodinger/2021-1/glide-v9.0/bin/Linux-x86_64/../../data/torcontrol.txt':
  
  Using generalized torsion control 
  
 Number of rotatable bonds           14
 Using templates for ring conformations.
For enhanced sampling, increasing funnel width parameter MAXREF by a factor of 4 (number of samples), to 1600

GlideScore version SP5.0 will be used

  
 Buried polar penalty      0.000
 Coulomb vdW cutoff        0.000
 H bond cutoff             0.000
 Metal-ligand cutoff      10.000
Assigning GlideScore SP5.0 parameters
Postdocking minimization: 100 poses; CvdW cutoffs   100.0 kcal/mol for min,     0.0 kcal/mol for report.
GlideScore(   -8.23)+Epik State Penalty(    0.00) =    -8.22 kcal/mol
GlideScore(   -7.81)+Epik State Penalty(    0.00) =    -7.80 kcal/mol
GlideScore(   -8.90)+Epik State Penalty(    0.00) =    -8.90 kcal/mol
GlideScore(   -7.75)+Epik State Penalty(    0.00) =    -7.74 kcal/mol
GlideScore(   -7.61)+Epik State Penalty(    0.00) =    -7.61 kcal/mol
GlideScore(   -7.67)+Epik State Penalty(    0.00) =    -7.67 kcal/mol
GlideScore(   -8.21)+Epik State Penalty(    0.00) =    -8.21 kcal/mol
GlideScore(   -7.87)+Epik State Penalty(    0.00) =    -7.87 kcal/mol
GlideScore(   -7.82)+Epik State Penalty(    0.00) =    -7.82 kcal/mol
GlideScore(   -7.54)+Epik State Penalty(    0.00) =    -7.54 kcal/mol
GlideScore(   -7.37)+Epik State Penalty(    0.00) =    -7.37 kcal/mol
GlideScore(   -7.07)+Epik State Penalty(    0.00) =    -7.06 kcal/mol
GlideScore(   -7.57)+Epik State Penalty(    0.00) =    -7.56 kcal/mol
GlideScore(   -6.27)+Epik State Penalty(    0.00) =    -6.27 kcal/mol
GlideScore(   -7.29)+Epik State Penalty(    0.00) =    -7.28 kcal/mol
GlideScore(   -7.15)+Epik State Penalty(    0.00) =    -7.15 kcal/mol
GlideScore(   -6.47)+Epik State Penalty(    0.00) =    -6.46 kcal/mol
GlideScore(   -7.43)+Epik State Penalty(    0.00) =    -7.43 kcal/mol
GlideScore(   -6.87)+Epik State Penalty(    0.00) =    -6.87 kcal/mol
GlideScore(   -7.41)+Epik State Penalty(    0.00) =    -7.41 kcal/mol
GlideScore(   -7.44)+Epik State Penalty(    0.00) =    -7.44 kcal/mol
GlideScore(   -6.88)+Epik State Penalty(    0.00) =    -6.87 kcal/mol
GlideScore(   -6.91)+Epik State Penalty(    0.00) =    -6.91 kcal/mol
GlideScore(   -6.31)+Epik State Penalty(    0.00) =    -6.31 kcal/mol
GlideScore(   -6.70)+Epik State Penalty(    0.00) =    -6.70 kcal/mol
GlideScore(   -7.30)+Epik State Penalty(    0.00) =    -7.30 kcal/mol
GlideScore(   -6.06)+Epik State Penalty(    0.00) =    -6.06 kcal/mol
GlideScore(   -6.66)+Epik State Penalty(    0.00) =    -6.66 kcal/mol
GlideScore(   -6.79)+Epik State Penalty(    0.00) =    -6.78 kcal/mol
GlideScore(   -6.82)+Epik State Penalty(    0.00) =    -6.82 kcal/mol
GlideScore(   -7.19)+Epik State Penalty(    0.00) =    -7.19 kcal/mol
GlideScore(   -7.00)+Epik State Penalty(    0.00) =    -7.00 kcal/mol
GlideScore(   -6.22)+Epik State Penalty(    0.00) =    -6.21 kcal/mol
GlideScore(   -6.86)+Epik State Penalty(    0.00) =    -6.86 kcal/mol
GlideScore(   -5.65)+Epik State Penalty(    0.00) =    -5.65 kcal/mol
GlideScore(   -6.35)+Epik State Penalty(    0.00) =    -6.35 kcal/mol
GlideScore(   -6.44)+Epik State Penalty(    0.00) =    -6.44 kcal/mol
GlideScore(   -5.88)+Epik State Penalty(    0.00) =    -5.87 kcal/mol
GlideScore(   -6.37)+Epik State Penalty(    0.00) =    -6.36 kcal/mol
GlideScore(   -6.61)+Epik State Penalty(    0.00) =    -6.60 kcal/mol
GlideScore(   -6.26)+Epik State Penalty(    0.00) =    -6.25 kcal/mol
GlideScore(   -6.18)+Epik State Penalty(    0.00) =    -6.18 kcal/mol
GlideScore(   -5.76)+Epik State Penalty(    0.00) =    -5.75 kcal/mol
GlideScore(   -6.37)+Epik State Penalty(    0.00) =    -6.37 kcal/mol
GlideScore(   -6.56)+Epik State Penalty(    0.00) =    -6.56 kcal/mol
GlideScore(   -6.25)+Epik State Penalty(    0.00) =    -6.25 kcal/mol
GlideScore(   -7.13)+Epik State Penalty(    0.00) =    -7.12 kcal/mol
GlideScore(   -6.91)+Epik State Penalty(    0.00) =    -6.90 kcal/mol
GlideScore(   -6.06)+Epik State Penalty(    0.00) =    -6.06 kcal/mol
GlideScore(   -6.55)+Epik State Penalty(    0.00) =    -6.55 kcal/mol
GlideScore(   -5.90)+Epik State Penalty(    0.00) =    -5.90 kcal/mol
GlideScore(   -6.58)+Epik State Penalty(    0.00) =    -6.57 kcal/mol
GlideScore(   -6.18)+Epik State Penalty(    0.00) =    -6.17 kcal/mol
GlideScore(   -6.12)+Epik State Penalty(    0.00) =    -6.11 kcal/mol
GlideScore(   -6.57)+Epik State Penalty(    0.00) =    -6.57 kcal/mol
GlideScore(   -6.06)+Epik State Penalty(    0.00) =    -6.05 kcal/mol
GlideScore(   -6.21)+Epik State Penalty(    0.00) =    -6.21 kcal/mol
GlideScore(   -6.42)+Epik State Penalty(    0.00) =    -6.41 kcal/mol
GlideScore(   -6.31)+Epik State Penalty(    0.00) =    -6.31 kcal/mol
GlideScore(   -6.51)+Epik State Penalty(    0.00) =    -6.50 kcal/mol
GlideScore(   -6.63)+Epik State Penalty(    0.00) =    -6.63 kcal/mol
GlideScore(   -6.38)+Epik State Penalty(    0.00) =    -6.38 kcal/mol
GlideScore(   -6.09)+Epik State Penalty(    0.00) =    -6.08 kcal/mol
GlideScore(   -5.52)+Epik State Penalty(    0.00) =    -5.52 kcal/mol
GlideScore(   -6.04)+Epik State Penalty(    0.00) =    -6.03 kcal/mol
GlideScore(   -6.23)+Epik State Penalty(    0.00) =    -6.23 kcal/mol
GlideScore(   -6.43)+Epik State Penalty(    0.00) =    -6.43 kcal/mol
GlideScore(   -6.08)+Epik State Penalty(    0.00) =    -6.08 kcal/mol
GlideScore(   -6.06)+Epik State Penalty(    0.00) =    -6.05 kcal/mol
GlideScore(   -6.46)+Epik State Penalty(    0.00) =    -6.46 kcal/mol
GlideScore(   -6.72)+Epik State Penalty(    0.00) =    -6.71 kcal/mol
GlideScore(   -6.49)+Epik State Penalty(    0.00) =    -6.48 kcal/mol
GlideScore(   -6.48)+Epik State Penalty(    0.00) =    -6.48 kcal/mol
GlideScore(   -6.16)+Epik State Penalty(    0.00) =    -6.16 kcal/mol
GlideScore(   -5.81)+Epik State Penalty(    0.00) =    -5.81 kcal/mol
GlideScore(   -4.95)+Epik State Penalty(    0.00) =    -4.95 kcal/mol
GlideScore(   -5.90)+Epik State Penalty(    0.00) =    -5.89 kcal/mol
GlideScore(   -5.38)+Epik State Penalty(    0.00) =    -5.38 kcal/mol
GlideScore(   -7.16)+Epik State Penalty(    0.00) =    -7.16 kcal/mol
GlideScore(   -5.99)+Epik State Penalty(    0.00) =    -5.98 kcal/mol
GlideScore(   -6.31)+Epik State Penalty(    0.00) =    -6.31 kcal/mol
GlideScore(   -5.58)+Epik State Penalty(    0.00) =    -5.58 kcal/mol
GlideScore(   -6.27)+Epik State Penalty(    0.00) =    -6.27 kcal/mol
GlideScore(   -5.68)+Epik State Penalty(    0.00) =    -5.68 kcal/mol
GlideScore(   -5.92)+Epik State Penalty(    0.00) =    -5.92 kcal/mol
GlideScore(   -6.34)+Epik State Penalty(    0.00) =    -6.34 kcal/mol
GlideScore(   -5.23)+Epik State Penalty(    0.00) =    -5.22 kcal/mol
GlideScore(   -5.28)+Epik State Penalty(    0.00) =    -5.28 kcal/mol
GlideScore(   -5.46)+Epik State Penalty(    0.00) =    -5.46 kcal/mol
GlideScore(   -6.91)+Epik State Penalty(    0.00) =    -6.91 kcal/mol
GlideScore(   -5.87)+Epik State Penalty(    0.00) =    -5.87 kcal/mol
GlideScore(   -5.37)+Epik State Penalty(    0.00) =    -5.37 kcal/mol
GlideScore(   -5.53)+Epik State Penalty(    0.00) =    -5.53 kcal/mol
GlideScore(   -5.94)+Epik State Penalty(    0.00) =    -5.93 kcal/mol
GlideScore(   -4.78)+Epik State Penalty(    0.00) =    -4.78 kcal/mol
GlideScore(   -5.13)+Epik State Penalty(    0.00) =    -5.13 kcal/mol
GlideScore(   -5.27)+Epik State Penalty(    0.00) =    -5.27 kcal/mol
DOCKING RESULTS FOR LIGAND        1 (7D7M_lig)
Best Emodel=   -64.62 E=   -43.32 Eint=     5.01 GlideScore=    -8.23

Glide is executing the glide_sort command.
Command-line equivalent is:
 "/share/software/user/restricted/schrodinger/2021-1/utilities/glide_sort" -n 0 -o "7D7M_lig-to-AF_5YHL_pv.maegz"   -hbond_cut 0.00 -cvdw_cut 0.00 -metal_cut 10.00 -gscore_cut 100.00 -dscore_cut 100.00 "7D7M_lig-to-AF_5YHL_raw.maegz"
REPORT OF BEST 97 POSES

The receptor and sorted ligand structures were written to the file
7D7M_lig-to-AF_5YHL_pv.maegz  for use in the Pose Viewer.

Final rankings based on original docking score
0 poses were rejected by the energy filters,
    Coul+vdw Energy <=     0.0    Hbond Interaction <=     0.0    Metal Interaction <=    10.0    GlideScore <=   100.0    Docking Score <=   100.0
(If any of the above properties is not defined for a given pose,
the corresponding filter is not applied to that pose.)


glide_sort command succeeded.  Pose file 7D7M_lig-to-AF_5YHL_pv.maegz was written.

Exiting Glide
Date: Friday, December 09 2022, at 02:50:08 PST
CPU time (s): 166.4 user, 22.4 system, 191.2 real
Total elapsed time = 191 seconds (3 minutes, 11 seconds)
