Glide version 90161 (mmshare version 53161)
mmshare         2cb27f0eb7
glide-src       1e5ffd4733
psp-src         6c93e2fe77
macromodel-src  d47a6cf2e1
epik-src        46d635d642

Copyright (c) Schrodinger, LLC.
All Rights Reserved.

--------------------------------------------------------------------------------
JobId          : sh02-17n08-0-6393125c
Name           : 7CKZ_lig-to-AF_7CKW
Program        : Glide
Host           : sh02-17n08.int
Dir            : /home/users/jwang003/glosa_mods/DRD1/docking/7CKZ_lig-to-AF_7CKW
HostEntry      : localhost
JobHost        : sh02-17n08.int
JobDir         : /home/users/jwang003/glosa_mods/DRD1/docking/7CKZ_lig-to-AF_7CKW
JobSchrodinger : /share/software/user/restricted/schrodinger/2021-1
Commandline    : /share/software/user/restricted/schrodinger/2021-1/glide -WAIT -LOCAL -RESTART 7CKZ_lig-to-AF_7CKW.in
StartTime      : 2022-12-09-02:47:58
--------------------------------------------------------------------------------

 VdW radii of ligand atoms scaled by   0.800000000000000     
 Charge cutoff for polarity   0.150000000000000     
For enhanced sampling, increasing funnel width parameter MAXKEEP by a factor of 4 (number of samples), to 20000
 After readscreen, (nx, ny, nz) = (          30 ,           30 ,           30 ).
  Receptor setup: (nsites, nx, ny, nz, bsize)=(         512 ,           30 , 
          30 ,           30 ,    1.00000000000000      ).
 Screening setup finished.
 DOCKMAIN: getting receptor.
  DOCKMAIN after grid: (nx, ny, nz) = (          80 ,           80 , 
          80 ).
 DOCKMAIN: Grid setup finished
Calling OPLS_2005 atomtyping ...
Finished parameter assignment

Reading torsion control file '/share/software/user/restricted/schrodinger/2021-1/glide-v9.0/bin/Linux-x86_64/../../data/torcontrol.txt':
  
  Using generalized torsion control 
  
 Number of rotatable bonds            4
 Using templates for ring conformations.
For enhanced sampling, increasing funnel width parameter MAXREF by a factor of 4 (number of samples), to 1600

GlideScore version SP5.0 will be used

  
 Buried polar penalty      0.000
 Coulomb vdW cutoff        0.000
 H bond cutoff             0.000
 Metal-ligand cutoff      10.000
Assigning GlideScore SP5.0 parameters
 set icplus           2
Postdocking minimization: 100 poses; CvdW cutoffs   100.0 kcal/mol for min,     0.0 kcal/mol for report.
GlideScore(   -7.50)+Epik State Penalty(   -0.00) =    -7.50 kcal/mol
GlideScore(   -7.08)+Epik State Penalty(   -0.00) =    -7.08 kcal/mol
GlideScore(   -7.33)+Epik State Penalty(   -0.00) =    -7.33 kcal/mol
GlideScore(   -6.71)+Epik State Penalty(   -0.00) =    -6.71 kcal/mol
GlideScore(   -6.84)+Epik State Penalty(   -0.00) =    -6.84 kcal/mol
GlideScore(   -7.07)+Epik State Penalty(   -0.00) =    -7.07 kcal/mol
GlideScore(   -7.15)+Epik State Penalty(   -0.00) =    -7.15 kcal/mol
GlideScore(   -7.02)+Epik State Penalty(   -0.00) =    -7.02 kcal/mol
GlideScore(   -6.76)+Epik State Penalty(   -0.00) =    -6.76 kcal/mol
GlideScore(   -6.54)+Epik State Penalty(   -0.00) =    -6.54 kcal/mol
GlideScore(   -7.04)+Epik State Penalty(   -0.00) =    -7.04 kcal/mol
GlideScore(   -6.49)+Epik State Penalty(   -0.00) =    -6.49 kcal/mol
GlideScore(   -6.54)+Epik State Penalty(   -0.00) =    -6.54 kcal/mol
GlideScore(   -6.66)+Epik State Penalty(   -0.00) =    -6.66 kcal/mol
GlideScore(   -6.50)+Epik State Penalty(   -0.00) =    -6.50 kcal/mol
GlideScore(   -6.54)+Epik State Penalty(   -0.00) =    -6.54 kcal/mol
GlideScore(   -6.68)+Epik State Penalty(   -0.00) =    -6.68 kcal/mol
GlideScore(   -6.55)+Epik State Penalty(   -0.00) =    -6.55 kcal/mol
GlideScore(   -6.44)+Epik State Penalty(   -0.00) =    -6.44 kcal/mol
GlideScore(   -6.38)+Epik State Penalty(   -0.00) =    -6.38 kcal/mol
GlideScore(   -6.76)+Epik State Penalty(   -0.00) =    -6.76 kcal/mol
GlideScore(   -6.14)+Epik State Penalty(   -0.00) =    -6.14 kcal/mol
GlideScore(   -6.43)+Epik State Penalty(   -0.00) =    -6.43 kcal/mol
GlideScore(   -6.08)+Epik State Penalty(   -0.00) =    -6.08 kcal/mol
GlideScore(   -6.64)+Epik State Penalty(   -0.00) =    -6.64 kcal/mol
GlideScore(   -6.75)+Epik State Penalty(   -0.00) =    -6.75 kcal/mol
GlideScore(   -6.17)+Epik State Penalty(   -0.00) =    -6.17 kcal/mol
GlideScore(   -6.00)+Epik State Penalty(   -0.00) =    -6.00 kcal/mol
GlideScore(   -6.34)+Epik State Penalty(   -0.00) =    -6.34 kcal/mol
GlideScore(   -6.87)+Epik State Penalty(   -0.00) =    -6.87 kcal/mol
GlideScore(   -6.45)+Epik State Penalty(   -0.00) =    -6.45 kcal/mol
GlideScore(   -5.96)+Epik State Penalty(   -0.00) =    -5.96 kcal/mol
GlideScore(   -7.03)+Epik State Penalty(   -0.00) =    -7.03 kcal/mol
GlideScore(   -6.14)+Epik State Penalty(   -0.00) =    -6.14 kcal/mol
GlideScore(   -5.90)+Epik State Penalty(   -0.00) =    -5.90 kcal/mol
GlideScore(   -6.74)+Epik State Penalty(   -0.00) =    -6.74 kcal/mol
GlideScore(   -6.21)+Epik State Penalty(   -0.00) =    -6.21 kcal/mol
GlideScore(   -5.80)+Epik State Penalty(   -0.00) =    -5.80 kcal/mol
GlideScore(   -5.85)+Epik State Penalty(   -0.00) =    -5.85 kcal/mol
GlideScore(   -5.83)+Epik State Penalty(   -0.00) =    -5.83 kcal/mol
GlideScore(   -6.79)+Epik State Penalty(   -0.00) =    -6.79 kcal/mol
GlideScore(   -5.89)+Epik State Penalty(   -0.00) =    -5.89 kcal/mol
GlideScore(   -6.10)+Epik State Penalty(   -0.00) =    -6.10 kcal/mol
GlideScore(   -5.70)+Epik State Penalty(   -0.00) =    -5.70 kcal/mol
GlideScore(   -6.11)+Epik State Penalty(   -0.00) =    -6.11 kcal/mol
GlideScore(   -6.28)+Epik State Penalty(   -0.00) =    -6.28 kcal/mol
GlideScore(   -6.11)+Epik State Penalty(   -0.00) =    -6.11 kcal/mol
GlideScore(   -5.85)+Epik State Penalty(   -0.00) =    -5.85 kcal/mol
GlideScore(   -6.28)+Epik State Penalty(   -0.00) =    -6.28 kcal/mol
GlideScore(   -5.79)+Epik State Penalty(   -0.00) =    -5.79 kcal/mol
GlideScore(   -5.87)+Epik State Penalty(   -0.00) =    -5.87 kcal/mol
GlideScore(   -5.85)+Epik State Penalty(   -0.00) =    -5.85 kcal/mol
GlideScore(   -5.90)+Epik State Penalty(   -0.00) =    -5.90 kcal/mol
GlideScore(   -5.65)+Epik State Penalty(   -0.00) =    -5.65 kcal/mol
GlideScore(   -5.32)+Epik State Penalty(   -0.00) =    -5.32 kcal/mol
GlideScore(   -6.24)+Epik State Penalty(   -0.00) =    -6.24 kcal/mol
GlideScore(   -6.10)+Epik State Penalty(   -0.00) =    -6.10 kcal/mol
GlideScore(   -5.68)+Epik State Penalty(   -0.00) =    -5.68 kcal/mol
GlideScore(   -6.12)+Epik State Penalty(   -0.00) =    -6.12 kcal/mol
GlideScore(   -5.77)+Epik State Penalty(   -0.00) =    -5.77 kcal/mol
GlideScore(   -5.99)+Epik State Penalty(   -0.00) =    -5.99 kcal/mol
GlideScore(   -5.77)+Epik State Penalty(   -0.00) =    -5.77 kcal/mol
GlideScore(   -5.61)+Epik State Penalty(   -0.00) =    -5.61 kcal/mol
GlideScore(   -5.77)+Epik State Penalty(   -0.00) =    -5.77 kcal/mol
GlideScore(   -5.45)+Epik State Penalty(   -0.00) =    -5.45 kcal/mol
GlideScore(   -5.39)+Epik State Penalty(   -0.00) =    -5.39 kcal/mol
GlideScore(   -5.61)+Epik State Penalty(   -0.00) =    -5.61 kcal/mol
GlideScore(   -5.79)+Epik State Penalty(   -0.00) =    -5.79 kcal/mol
GlideScore(   -5.57)+Epik State Penalty(   -0.00) =    -5.57 kcal/mol
GlideScore(   -5.75)+Epik State Penalty(   -0.00) =    -5.75 kcal/mol
GlideScore(   -5.14)+Epik State Penalty(   -0.00) =    -5.14 kcal/mol
GlideScore(   -5.06)+Epik State Penalty(   -0.00) =    -5.06 kcal/mol
GlideScore(   -5.53)+Epik State Penalty(   -0.00) =    -5.53 kcal/mol
GlideScore(   -4.69)+Epik State Penalty(   -0.00) =    -4.69 kcal/mol
GlideScore(   -5.51)+Epik State Penalty(   -0.00) =    -5.51 kcal/mol
GlideScore(   -4.67)+Epik State Penalty(   -0.00) =    -4.67 kcal/mol
GlideScore(   -5.04)+Epik State Penalty(   -0.00) =    -5.04 kcal/mol
GlideScore(   -5.08)+Epik State Penalty(   -0.00) =    -5.08 kcal/mol
GlideScore(   -5.06)+Epik State Penalty(   -0.00) =    -5.06 kcal/mol
GlideScore(   -5.31)+Epik State Penalty(   -0.00) =    -5.31 kcal/mol
GlideScore(   -5.18)+Epik State Penalty(   -0.00) =    -5.18 kcal/mol
GlideScore(   -4.59)+Epik State Penalty(   -0.00) =    -4.59 kcal/mol
GlideScore(   -5.03)+Epik State Penalty(   -0.00) =    -5.03 kcal/mol
GlideScore(   -4.13)+Epik State Penalty(   -0.00) =    -4.13 kcal/mol
DOCKING RESULTS FOR LIGAND        1 (7CKZ_lig)
Best Emodel=   -50.81 E=   -29.95 Eint=     0.67 GlideScore=    -7.50

Glide is executing the glide_sort command.
Command-line equivalent is:
 "/share/software/user/restricted/schrodinger/2021-1/utilities/glide_sort" -n 0 -o "7CKZ_lig-to-AF_7CKW_pv.maegz"   -hbond_cut 0.00 -cvdw_cut 0.00 -metal_cut 10.00 -gscore_cut 100.00 -dscore_cut 100.00 "7CKZ_lig-to-AF_7CKW_raw.maegz"
REPORT OF BEST 84 POSES

The receptor and sorted ligand structures were written to the file
7CKZ_lig-to-AF_7CKW_pv.maegz  for use in the Pose Viewer.

Final rankings based on original docking score
0 poses were rejected by the energy filters,
    Coul+vdw Energy <=     0.0    Hbond Interaction <=     0.0    Metal Interaction <=    10.0    GlideScore <=   100.0    Docking Score <=   100.0
(If any of the above properties is not defined for a given pose,
the corresponding filter is not applied to that pose.)


glide_sort command succeeded.  Pose file 7CKZ_lig-to-AF_7CKW_pv.maegz was written.

Exiting Glide
Date: Friday, December 09 2022, at 02:48:29 PST
CPU time (s): 17.4 user, 0.5 system, 23.0 real
Total elapsed time = 23 seconds
