Glide version 90161 (mmshare version 53161)
mmshare         2cb27f0eb7
glide-src       1e5ffd4733
psp-src         6c93e2fe77
macromodel-src  d47a6cf2e1
epik-src        46d635d642

Copyright (c) Schrodinger, LLC.
All Rights Reserved.

--------------------------------------------------------------------------------
JobId          : sh03-ln04-0-6373616f
Name           : 6A93_lig-to-AF_6A93
Program        : Glide
Host           : sh03-ln04.stanford.edu
Dir            : /home/users/jwang003/glosa_mods/5HT2A/docking/6A93_lig-to-AF_6A93
HostEntry      : localhost
JobHost        : sh03-ln04.stanford.edu
JobDir         : /home/users/jwang003/glosa_mods/5HT2A/docking/6A93_lig-to-AF_6A93
JobSchrodinger : /share/software/user/restricted/schrodinger/2021-1
Commandline    : /share/software/user/restricted/schrodinger/2021-1/glide -WAIT -LOCAL -RESTART 6A93_lig-to-AF_6A93.in
StartTime      : 2022-11-15-01:52:47
--------------------------------------------------------------------------------

 VdW radii of ligand atoms scaled by   0.800000000000000     
 Charge cutoff for polarity   0.150000000000000     
For enhanced sampling, increasing funnel width parameter MAXKEEP by a factor of 4 (number of samples), to 20000
 After readscreen, (nx, ny, nz) = (          30 ,           30 ,           30 ).
  Receptor setup: (nsites, nx, ny, nz, bsize)=(         512 ,           30 , 
          30 ,           30 ,    1.00000000000000      ).
 Screening setup finished.
 DOCKMAIN: getting receptor.
  DOCKMAIN after grid: (nx, ny, nz) = (          80 ,           80 , 
          80 ).
 DOCKMAIN: Grid setup finished
Calling OPLS_2005 atomtyping ...
Finished parameter assignment

Reading torsion control file '/share/software/user/restricted/schrodinger/2021-1/glide-v9.0/bin/Linux-x86_64/../../data/torcontrol.txt':
  
  Using generalized torsion control 
  
 Number of rotatable bonds            4
 Using templates for ring conformations.
For enhanced sampling, increasing funnel width parameter MAXREF by a factor of 4 (number of samples), to 1600

GlideScore version SP5.0 will be used

  
 Buried polar penalty      0.000
 Coulomb vdW cutoff        0.000
 H bond cutoff             0.000
 Metal-ligand cutoff      10.000
Assigning GlideScore SP5.0 parameters
 set icplus          14
 set icplus          16
 set icplus          18
Postdocking minimization: 100 poses; CvdW cutoffs   100.0 kcal/mol for min,     0.0 kcal/mol for report.
GlideScore(   -8.07)+Epik State Penalty(    0.01) =    -8.06 kcal/mol
GlideScore(   -7.60)+Epik State Penalty(    0.01) =    -7.59 kcal/mol
GlideScore(   -7.11)+Epik State Penalty(    0.01) =    -7.10 kcal/mol
GlideScore(   -7.61)+Epik State Penalty(    0.01) =    -7.60 kcal/mol
GlideScore(   -7.14)+Epik State Penalty(    0.01) =    -7.13 kcal/mol
GlideScore(   -7.17)+Epik State Penalty(    0.01) =    -7.16 kcal/mol
GlideScore(   -8.16)+Epik State Penalty(    0.01) =    -8.15 kcal/mol
GlideScore(   -7.32)+Epik State Penalty(    0.01) =    -7.31 kcal/mol
GlideScore(   -7.10)+Epik State Penalty(    0.01) =    -7.09 kcal/mol
GlideScore(   -6.98)+Epik State Penalty(    0.01) =    -6.97 kcal/mol
GlideScore(   -7.16)+Epik State Penalty(    0.01) =    -7.15 kcal/mol
GlideScore(   -7.15)+Epik State Penalty(    0.01) =    -7.14 kcal/mol
GlideScore(   -7.10)+Epik State Penalty(    0.01) =    -7.09 kcal/mol
GlideScore(   -7.47)+Epik State Penalty(    0.01) =    -7.46 kcal/mol
GlideScore(   -7.35)+Epik State Penalty(    0.01) =    -7.34 kcal/mol
GlideScore(   -6.96)+Epik State Penalty(    0.01) =    -6.95 kcal/mol
GlideScore(   -6.38)+Epik State Penalty(    0.01) =    -6.37 kcal/mol
GlideScore(   -7.54)+Epik State Penalty(    0.01) =    -7.53 kcal/mol
GlideScore(   -7.11)+Epik State Penalty(    0.01) =    -7.10 kcal/mol
GlideScore(   -7.08)+Epik State Penalty(    0.01) =    -7.07 kcal/mol
GlideScore(   -7.27)+Epik State Penalty(    0.01) =    -7.26 kcal/mol
GlideScore(   -7.07)+Epik State Penalty(    0.01) =    -7.06 kcal/mol
GlideScore(   -6.35)+Epik State Penalty(    0.01) =    -6.34 kcal/mol
GlideScore(   -6.89)+Epik State Penalty(    0.01) =    -6.88 kcal/mol
GlideScore(   -6.75)+Epik State Penalty(    0.01) =    -6.74 kcal/mol
GlideScore(   -6.74)+Epik State Penalty(    0.01) =    -6.73 kcal/mol
GlideScore(   -6.31)+Epik State Penalty(    0.01) =    -6.30 kcal/mol
GlideScore(   -6.61)+Epik State Penalty(    0.01) =    -6.60 kcal/mol
GlideScore(   -6.84)+Epik State Penalty(    0.01) =    -6.83 kcal/mol
GlideScore(   -7.30)+Epik State Penalty(    0.01) =    -7.29 kcal/mol
GlideScore(   -5.70)+Epik State Penalty(    0.01) =    -5.69 kcal/mol
GlideScore(   -5.60)+Epik State Penalty(    0.01) =    -5.59 kcal/mol
GlideScore(   -6.89)+Epik State Penalty(    0.01) =    -6.88 kcal/mol
GlideScore(   -7.37)+Epik State Penalty(    0.01) =    -7.36 kcal/mol
GlideScore(   -7.20)+Epik State Penalty(    0.01) =    -7.19 kcal/mol
GlideScore(   -6.76)+Epik State Penalty(    0.01) =    -6.75 kcal/mol
GlideScore(   -7.09)+Epik State Penalty(    0.01) =    -7.08 kcal/mol
GlideScore(   -6.72)+Epik State Penalty(    0.01) =    -6.71 kcal/mol
GlideScore(   -6.08)+Epik State Penalty(    0.01) =    -6.07 kcal/mol
GlideScore(   -6.81)+Epik State Penalty(    0.01) =    -6.80 kcal/mol
GlideScore(   -6.10)+Epik State Penalty(    0.01) =    -6.09 kcal/mol
GlideScore(   -6.02)+Epik State Penalty(    0.01) =    -6.01 kcal/mol
GlideScore(   -6.76)+Epik State Penalty(    0.01) =    -6.75 kcal/mol
GlideScore(   -7.30)+Epik State Penalty(    0.01) =    -7.29 kcal/mol
GlideScore(   -5.47)+Epik State Penalty(    0.01) =    -5.46 kcal/mol
GlideScore(   -7.31)+Epik State Penalty(    0.01) =    -7.30 kcal/mol
GlideScore(   -6.36)+Epik State Penalty(    0.01) =    -6.35 kcal/mol
GlideScore(   -6.04)+Epik State Penalty(    0.01) =    -6.03 kcal/mol
GlideScore(   -6.89)+Epik State Penalty(    0.01) =    -6.88 kcal/mol
GlideScore(   -6.64)+Epik State Penalty(    0.01) =    -6.63 kcal/mol
GlideScore(   -6.80)+Epik State Penalty(    0.01) =    -6.79 kcal/mol
GlideScore(   -7.14)+Epik State Penalty(    0.01) =    -7.13 kcal/mol
GlideScore(   -6.91)+Epik State Penalty(    0.01) =    -6.90 kcal/mol
GlideScore(   -6.53)+Epik State Penalty(    0.01) =    -6.52 kcal/mol
GlideScore(   -6.78)+Epik State Penalty(    0.01) =    -6.77 kcal/mol
GlideScore(   -5.79)+Epik State Penalty(    0.01) =    -5.78 kcal/mol
GlideScore(   -6.86)+Epik State Penalty(    0.01) =    -6.85 kcal/mol
GlideScore(   -6.00)+Epik State Penalty(    0.01) =    -5.99 kcal/mol
GlideScore(   -6.46)+Epik State Penalty(    0.01) =    -6.45 kcal/mol
GlideScore(   -6.44)+Epik State Penalty(    0.01) =    -6.43 kcal/mol
GlideScore(   -6.49)+Epik State Penalty(    0.01) =    -6.48 kcal/mol
GlideScore(   -6.02)+Epik State Penalty(    0.01) =    -6.01 kcal/mol
GlideScore(   -6.04)+Epik State Penalty(    0.01) =    -6.03 kcal/mol
GlideScore(   -6.10)+Epik State Penalty(    0.01) =    -6.09 kcal/mol
GlideScore(   -6.14)+Epik State Penalty(    0.01) =    -6.13 kcal/mol
GlideScore(   -6.57)+Epik State Penalty(    0.01) =    -6.56 kcal/mol
GlideScore(   -6.55)+Epik State Penalty(    0.01) =    -6.54 kcal/mol
GlideScore(   -6.42)+Epik State Penalty(    0.01) =    -6.41 kcal/mol
GlideScore(   -4.19)+Epik State Penalty(    0.01) =    -4.18 kcal/mol
GlideScore(   -6.58)+Epik State Penalty(    0.01) =    -6.57 kcal/mol
GlideScore(   -5.68)+Epik State Penalty(    0.01) =    -5.67 kcal/mol
GlideScore(   -6.43)+Epik State Penalty(    0.01) =    -6.42 kcal/mol
GlideScore(   -6.37)+Epik State Penalty(    0.01) =    -6.36 kcal/mol
GlideScore(   -6.83)+Epik State Penalty(    0.01) =    -6.82 kcal/mol
GlideScore(   -5.65)+Epik State Penalty(    0.01) =    -5.64 kcal/mol
GlideScore(   -6.25)+Epik State Penalty(    0.01) =    -6.24 kcal/mol
GlideScore(   -5.53)+Epik State Penalty(    0.01) =    -5.52 kcal/mol
GlideScore(   -6.02)+Epik State Penalty(    0.01) =    -6.01 kcal/mol
GlideScore(   -6.55)+Epik State Penalty(    0.01) =    -6.54 kcal/mol
GlideScore(   -6.03)+Epik State Penalty(    0.01) =    -6.02 kcal/mol
GlideScore(   -6.11)+Epik State Penalty(    0.01) =    -6.10 kcal/mol
GlideScore(   -5.98)+Epik State Penalty(    0.01) =    -5.97 kcal/mol
GlideScore(   -7.96)+Epik State Penalty(    0.01) =    -7.95 kcal/mol
GlideScore(   -5.64)+Epik State Penalty(    0.01) =    -5.63 kcal/mol
GlideScore(   -5.47)+Epik State Penalty(    0.01) =    -5.46 kcal/mol
GlideScore(   -5.66)+Epik State Penalty(    0.01) =    -5.65 kcal/mol
GlideScore(   -5.04)+Epik State Penalty(    0.01) =    -5.03 kcal/mol
GlideScore(   -4.17)+Epik State Penalty(    0.01) =    -4.16 kcal/mol
GlideScore(   -5.22)+Epik State Penalty(    0.01) =    -5.21 kcal/mol
DOCKING RESULTS FOR LIGAND        1 (6A93_lig)
Best Emodel=   -67.05 E=   -44.63 Eint=     7.01 GlideScore=    -8.07
Calling OPLS_2005 atomtyping ...
Finished parameter assignment
 Number of rotatable bonds            4
 Using templates for ring conformations.
 set icplus          14
 set icplus          16
 set icplus          18
GlideScore(   -7.66)+Epik State Penalty(    0.01) =    -7.65 kcal/mol
GlideScore(   -6.53)+Epik State Penalty(    0.01) =    -6.52 kcal/mol
GlideScore(   -6.40)+Epik State Penalty(    0.01) =    -6.39 kcal/mol
GlideScore(   -7.25)+Epik State Penalty(    0.01) =    -7.24 kcal/mol
GlideScore(   -6.22)+Epik State Penalty(    0.01) =    -6.21 kcal/mol
GlideScore(   -6.45)+Epik State Penalty(    0.01) =    -6.44 kcal/mol
GlideScore(   -7.00)+Epik State Penalty(    0.01) =    -6.99 kcal/mol
GlideScore(   -7.59)+Epik State Penalty(    0.01) =    -7.58 kcal/mol
GlideScore(   -6.12)+Epik State Penalty(    0.01) =    -6.11 kcal/mol
GlideScore(   -7.03)+Epik State Penalty(    0.01) =    -7.02 kcal/mol
GlideScore(   -5.93)+Epik State Penalty(    0.01) =    -5.92 kcal/mol
GlideScore(   -6.30)+Epik State Penalty(    0.01) =    -6.29 kcal/mol
GlideScore(   -7.03)+Epik State Penalty(    0.01) =    -7.02 kcal/mol
GlideScore(   -7.39)+Epik State Penalty(    0.01) =    -7.38 kcal/mol
GlideScore(   -7.14)+Epik State Penalty(    0.01) =    -7.13 kcal/mol
GlideScore(   -6.55)+Epik State Penalty(    0.01) =    -6.54 kcal/mol
GlideScore(   -6.25)+Epik State Penalty(    0.01) =    -6.24 kcal/mol
GlideScore(   -7.71)+Epik State Penalty(    0.01) =    -7.70 kcal/mol
GlideScore(   -7.21)+Epik State Penalty(    0.01) =    -7.20 kcal/mol
GlideScore(   -7.17)+Epik State Penalty(    0.01) =    -7.16 kcal/mol
GlideScore(   -7.00)+Epik State Penalty(    0.01) =    -6.99 kcal/mol
GlideScore(   -7.20)+Epik State Penalty(    0.01) =    -7.19 kcal/mol
GlideScore(   -7.40)+Epik State Penalty(    0.01) =    -7.39 kcal/mol
GlideScore(   -7.15)+Epik State Penalty(    0.01) =    -7.14 kcal/mol
GlideScore(   -7.18)+Epik State Penalty(    0.01) =    -7.17 kcal/mol
GlideScore(   -6.70)+Epik State Penalty(    0.01) =    -6.69 kcal/mol
GlideScore(   -5.91)+Epik State Penalty(    0.01) =    -5.90 kcal/mol
GlideScore(   -7.38)+Epik State Penalty(    0.01) =    -7.37 kcal/mol
GlideScore(   -6.54)+Epik State Penalty(    0.01) =    -6.53 kcal/mol
GlideScore(   -7.25)+Epik State Penalty(    0.01) =    -7.24 kcal/mol
GlideScore(   -5.79)+Epik State Penalty(    0.01) =    -5.78 kcal/mol
GlideScore(   -6.69)+Epik State Penalty(    0.01) =    -6.68 kcal/mol
GlideScore(   -6.41)+Epik State Penalty(    0.01) =    -6.40 kcal/mol
GlideScore(   -5.94)+Epik State Penalty(    0.01) =    -5.93 kcal/mol
GlideScore(   -7.02)+Epik State Penalty(    0.01) =    -7.01 kcal/mol
GlideScore(   -6.75)+Epik State Penalty(    0.01) =    -6.74 kcal/mol
GlideScore(   -7.06)+Epik State Penalty(    0.01) =    -7.05 kcal/mol
GlideScore(   -6.91)+Epik State Penalty(    0.01) =    -6.90 kcal/mol
GlideScore(   -7.20)+Epik State Penalty(    0.01) =    -7.19 kcal/mol
GlideScore(   -6.07)+Epik State Penalty(    0.01) =    -6.06 kcal/mol
GlideScore(   -4.93)+Epik State Penalty(    0.01) =    -4.92 kcal/mol
GlideScore(   -6.33)+Epik State Penalty(    0.01) =    -6.32 kcal/mol
GlideScore(   -6.52)+Epik State Penalty(    0.01) =    -6.51 kcal/mol
GlideScore(   -6.50)+Epik State Penalty(    0.01) =    -6.49 kcal/mol
GlideScore(   -6.19)+Epik State Penalty(    0.01) =    -6.18 kcal/mol
GlideScore(   -6.73)+Epik State Penalty(    0.01) =    -6.72 kcal/mol
GlideScore(   -6.11)+Epik State Penalty(    0.01) =    -6.10 kcal/mol
GlideScore(   -6.23)+Epik State Penalty(    0.01) =    -6.22 kcal/mol
GlideScore(   -6.71)+Epik State Penalty(    0.01) =    -6.70 kcal/mol
GlideScore(   -6.16)+Epik State Penalty(    0.01) =    -6.15 kcal/mol
GlideScore(   -5.27)+Epik State Penalty(    0.01) =    -5.26 kcal/mol
GlideScore(   -6.78)+Epik State Penalty(    0.01) =    -6.77 kcal/mol
GlideScore(   -6.28)+Epik State Penalty(    0.01) =    -6.27 kcal/mol
GlideScore(   -6.66)+Epik State Penalty(    0.01) =    -6.65 kcal/mol
GlideScore(   -5.74)+Epik State Penalty(    0.01) =    -5.73 kcal/mol
GlideScore(   -6.17)+Epik State Penalty(    0.01) =    -6.16 kcal/mol
GlideScore(   -4.93)+Epik State Penalty(    0.01) =    -4.92 kcal/mol
GlideScore(   -6.41)+Epik State Penalty(    0.01) =    -6.40 kcal/mol
GlideScore(   -6.74)+Epik State Penalty(    0.01) =    -6.73 kcal/mol
GlideScore(   -5.97)+Epik State Penalty(    0.01) =    -5.96 kcal/mol
GlideScore(   -5.97)+Epik State Penalty(    0.01) =    -5.96 kcal/mol
GlideScore(   -6.13)+Epik State Penalty(    0.01) =    -6.12 kcal/mol
GlideScore(   -5.93)+Epik State Penalty(    0.01) =    -5.92 kcal/mol
GlideScore(   -3.98)+Epik State Penalty(    0.01) =    -3.97 kcal/mol
GlideScore(   -5.90)+Epik State Penalty(    0.01) =    -5.89 kcal/mol
GlideScore(   -6.07)+Epik State Penalty(    0.01) =    -6.06 kcal/mol
GlideScore(   -6.51)+Epik State Penalty(    0.01) =    -6.50 kcal/mol
GlideScore(   -5.38)+Epik State Penalty(    0.01) =    -5.37 kcal/mol
GlideScore(   -6.30)+Epik State Penalty(    0.01) =    -6.29 kcal/mol
GlideScore(   -5.59)+Epik State Penalty(    0.01) =    -5.58 kcal/mol
GlideScore(   -5.56)+Epik State Penalty(    0.01) =    -5.55 kcal/mol
GlideScore(   -6.37)+Epik State Penalty(    0.01) =    -6.36 kcal/mol
GlideScore(   -5.98)+Epik State Penalty(    0.01) =    -5.97 kcal/mol
GlideScore(   -4.35)+Epik State Penalty(    0.01) =    -4.34 kcal/mol
GlideScore(   -6.82)+Epik State Penalty(    0.01) =    -6.81 kcal/mol
GlideScore(   -6.29)+Epik State Penalty(    0.01) =    -6.28 kcal/mol
GlideScore(   -6.04)+Epik State Penalty(    0.01) =    -6.03 kcal/mol
GlideScore(   -5.53)+Epik State Penalty(    0.01) =    -5.52 kcal/mol
GlideScore(   -5.27)+Epik State Penalty(    0.01) =    -5.26 kcal/mol
GlideScore(   -5.91)+Epik State Penalty(    0.01) =    -5.90 kcal/mol
GlideScore(   -5.67)+Epik State Penalty(    0.01) =    -5.66 kcal/mol
GlideScore(   -5.79)+Epik State Penalty(    0.01) =    -5.78 kcal/mol
GlideScore(   -4.90)+Epik State Penalty(    0.01) =    -4.89 kcal/mol
GlideScore(   -6.46)+Epik State Penalty(    0.01) =    -6.45 kcal/mol
GlideScore(   -5.57)+Epik State Penalty(    0.01) =    -5.56 kcal/mol
GlideScore(   -5.49)+Epik State Penalty(    0.01) =    -5.48 kcal/mol
GlideScore(   -5.40)+Epik State Penalty(    0.01) =    -5.39 kcal/mol
GlideScore(   -4.93)+Epik State Penalty(    0.01) =    -4.92 kcal/mol
DOCKING RESULTS FOR LIGAND        2 (6A93_lig)
Best Emodel=   -70.12 E=   -48.12 Eint=     5.67 GlideScore=    -7.66
Calling OPLS_2005 atomtyping ...
Finished parameter assignment
 Number of rotatable bonds            4
 Using templates for ring conformations.
 Too many confs in count          33          32
GlideScore(   -6.99)+Epik State Penalty(    2.42) =    -4.57 kcal/mol
GlideScore(   -6.94)+Epik State Penalty(    2.42) =    -4.52 kcal/mol
GlideScore(   -6.49)+Epik State Penalty(    2.42) =    -4.07 kcal/mol
GlideScore(   -6.55)+Epik State Penalty(    2.42) =    -4.12 kcal/mol
GlideScore(   -7.61)+Epik State Penalty(    2.42) =    -5.19 kcal/mol
GlideScore(   -6.35)+Epik State Penalty(    2.42) =    -3.93 kcal/mol
GlideScore(   -6.37)+Epik State Penalty(    2.42) =    -3.95 kcal/mol
GlideScore(   -6.39)+Epik State Penalty(    2.42) =    -3.97 kcal/mol
GlideScore(   -7.18)+Epik State Penalty(    2.42) =    -4.76 kcal/mol
GlideScore(   -7.27)+Epik State Penalty(    2.42) =    -4.85 kcal/mol
GlideScore(   -6.03)+Epik State Penalty(    2.42) =    -3.61 kcal/mol
GlideScore(   -6.02)+Epik State Penalty(    2.42) =    -3.60 kcal/mol
GlideScore(   -6.15)+Epik State Penalty(    2.42) =    -3.72 kcal/mol
GlideScore(   -6.37)+Epik State Penalty(    2.42) =    -3.95 kcal/mol
GlideScore(   -7.37)+Epik State Penalty(    2.42) =    -4.95 kcal/mol
GlideScore(   -5.85)+Epik State Penalty(    2.42) =    -3.43 kcal/mol
GlideScore(   -8.01)+Epik State Penalty(    2.42) =    -5.59 kcal/mol
GlideScore(   -6.17)+Epik State Penalty(    2.42) =    -3.74 kcal/mol
GlideScore(   -6.61)+Epik State Penalty(    2.42) =    -4.18 kcal/mol
GlideScore(   -6.89)+Epik State Penalty(    2.42) =    -4.47 kcal/mol
GlideScore(   -6.74)+Epik State Penalty(    2.42) =    -4.31 kcal/mol
GlideScore(   -6.10)+Epik State Penalty(    2.42) =    -3.68 kcal/mol
GlideScore(   -6.50)+Epik State Penalty(    2.42) =    -4.08 kcal/mol
GlideScore(   -7.17)+Epik State Penalty(    2.42) =    -4.75 kcal/mol
GlideScore(   -7.10)+Epik State Penalty(    2.42) =    -4.68 kcal/mol
GlideScore(   -7.28)+Epik State Penalty(    2.42) =    -4.85 kcal/mol
GlideScore(   -5.75)+Epik State Penalty(    2.42) =    -3.32 kcal/mol
GlideScore(   -6.83)+Epik State Penalty(    2.42) =    -4.41 kcal/mol
GlideScore(   -6.32)+Epik State Penalty(    2.42) =    -3.90 kcal/mol
GlideScore(   -6.93)+Epik State Penalty(    2.42) =    -4.51 kcal/mol
GlideScore(   -5.93)+Epik State Penalty(    2.42) =    -3.51 kcal/mol
GlideScore(   -6.75)+Epik State Penalty(    2.42) =    -4.33 kcal/mol
GlideScore(   -6.95)+Epik State Penalty(    2.42) =    -4.53 kcal/mol
GlideScore(   -7.35)+Epik State Penalty(    2.42) =    -4.92 kcal/mol
GlideScore(   -6.45)+Epik State Penalty(    2.42) =    -4.03 kcal/mol
GlideScore(   -5.58)+Epik State Penalty(    2.42) =    -3.16 kcal/mol
GlideScore(   -6.09)+Epik State Penalty(    2.42) =    -3.66 kcal/mol
GlideScore(   -6.58)+Epik State Penalty(    2.42) =    -4.15 kcal/mol
GlideScore(   -5.93)+Epik State Penalty(    2.42) =    -3.51 kcal/mol
GlideScore(   -6.27)+Epik State Penalty(    2.42) =    -3.84 kcal/mol
GlideScore(   -5.64)+Epik State Penalty(    2.42) =    -3.22 kcal/mol
GlideScore(   -6.92)+Epik State Penalty(    2.42) =    -4.50 kcal/mol
GlideScore(   -4.94)+Epik State Penalty(    2.42) =    -2.52 kcal/mol
GlideScore(   -6.14)+Epik State Penalty(    2.42) =    -3.72 kcal/mol
GlideScore(   -6.10)+Epik State Penalty(    2.42) =    -3.68 kcal/mol
GlideScore(   -6.66)+Epik State Penalty(    2.42) =    -4.24 kcal/mol
GlideScore(   -6.44)+Epik State Penalty(    2.42) =    -4.02 kcal/mol
GlideScore(   -5.51)+Epik State Penalty(    2.42) =    -3.09 kcal/mol
GlideScore(   -6.68)+Epik State Penalty(    2.42) =    -4.26 kcal/mol
GlideScore(   -6.90)+Epik State Penalty(    2.42) =    -4.48 kcal/mol
GlideScore(   -6.03)+Epik State Penalty(    2.42) =    -3.61 kcal/mol
GlideScore(   -6.10)+Epik State Penalty(    2.42) =    -3.68 kcal/mol
GlideScore(   -5.91)+Epik State Penalty(    2.42) =    -3.48 kcal/mol
GlideScore(   -5.35)+Epik State Penalty(    2.42) =    -2.93 kcal/mol
GlideScore(   -6.57)+Epik State Penalty(    2.42) =    -4.15 kcal/mol
GlideScore(   -4.89)+Epik State Penalty(    2.42) =    -2.47 kcal/mol
GlideScore(   -6.58)+Epik State Penalty(    2.42) =    -4.16 kcal/mol
GlideScore(   -6.33)+Epik State Penalty(    2.42) =    -3.91 kcal/mol
GlideScore(   -6.17)+Epik State Penalty(    2.42) =    -3.75 kcal/mol
GlideScore(   -6.07)+Epik State Penalty(    2.42) =    -3.65 kcal/mol
GlideScore(   -6.12)+Epik State Penalty(    2.42) =    -3.70 kcal/mol
GlideScore(   -5.92)+Epik State Penalty(    2.42) =    -3.50 kcal/mol
GlideScore(   -6.06)+Epik State Penalty(    2.42) =    -3.64 kcal/mol
GlideScore(   -6.49)+Epik State Penalty(    2.42) =    -4.07 kcal/mol
GlideScore(   -5.77)+Epik State Penalty(    2.42) =    -3.35 kcal/mol
GlideScore(   -6.48)+Epik State Penalty(    2.42) =    -4.06 kcal/mol
GlideScore(   -5.78)+Epik State Penalty(    2.42) =    -3.36 kcal/mol
GlideScore(   -6.04)+Epik State Penalty(    2.42) =    -3.62 kcal/mol
GlideScore(   -4.46)+Epik State Penalty(    2.42) =    -2.04 kcal/mol
GlideScore(   -5.34)+Epik State Penalty(    2.42) =    -2.92 kcal/mol
GlideScore(   -4.91)+Epik State Penalty(    2.42) =    -2.49 kcal/mol
GlideScore(   -5.95)+Epik State Penalty(    2.42) =    -3.53 kcal/mol
GlideScore(   -6.18)+Epik State Penalty(    2.42) =    -3.76 kcal/mol
GlideScore(   -6.22)+Epik State Penalty(    2.42) =    -3.80 kcal/mol
GlideScore(   -6.78)+Epik State Penalty(    2.42) =    -4.36 kcal/mol
GlideScore(   -6.20)+Epik State Penalty(    2.42) =    -3.78 kcal/mol
GlideScore(   -6.43)+Epik State Penalty(    2.42) =    -4.01 kcal/mol
GlideScore(   -6.01)+Epik State Penalty(    2.42) =    -3.59 kcal/mol
GlideScore(   -3.89)+Epik State Penalty(    2.42) =    -1.47 kcal/mol
GlideScore(   -5.04)+Epik State Penalty(    2.42) =    -2.62 kcal/mol
GlideScore(   -6.37)+Epik State Penalty(    2.42) =    -3.94 kcal/mol
GlideScore(   -4.56)+Epik State Penalty(    2.42) =    -2.14 kcal/mol
GlideScore(   -6.12)+Epik State Penalty(    2.42) =    -3.70 kcal/mol
GlideScore(   -6.35)+Epik State Penalty(    2.42) =    -3.93 kcal/mol
GlideScore(   -5.64)+Epik State Penalty(    2.42) =    -3.22 kcal/mol
GlideScore(   -5.74)+Epik State Penalty(    2.42) =    -3.32 kcal/mol
GlideScore(   -5.03)+Epik State Penalty(    2.42) =    -2.60 kcal/mol
GlideScore(   -5.19)+Epik State Penalty(    2.42) =    -2.77 kcal/mol
GlideScore(   -5.77)+Epik State Penalty(    2.42) =    -3.35 kcal/mol
GlideScore(   -5.85)+Epik State Penalty(    2.42) =    -3.42 kcal/mol
GlideScore(   -5.72)+Epik State Penalty(    2.42) =    -3.30 kcal/mol
GlideScore(   -5.31)+Epik State Penalty(    2.42) =    -2.89 kcal/mol
GlideScore(   -4.09)+Epik State Penalty(    2.42) =    -1.67 kcal/mol
DOCKING RESULTS FOR LIGAND        3 (6A93_lig)
Best Emodel=   -66.74 E=   -48.64 Eint=     5.42 GlideScore=    -6.99

Glide is executing the glide_sort command.
Command-line equivalent is:
 "/share/software/user/restricted/schrodinger/2021-1/utilities/glide_sort" -n 0 -o "6A93_lig-to-AF_6A93_pv.maegz"   -hbond_cut 0.00 -cvdw_cut 0.00 -metal_cut 10.00 -gscore_cut 100.00 -dscore_cut 100.00 "6A93_lig-to-AF_6A93_raw.maegz"
REPORT OF BEST 270 POSES

The receptor and sorted ligand structures were written to the file
6A93_lig-to-AF_6A93_pv.maegz  for use in the Pose Viewer.

Final rankings based on original docking score
0 poses were rejected by the energy filters,
    Coul+vdw Energy <=     0.0    Hbond Interaction <=     0.0    Metal Interaction <=    10.0    GlideScore <=   100.0    Docking Score <=   100.0
(If any of the above properties is not defined for a given pose,
the corresponding filter is not applied to that pose.)


glide_sort command succeeded.  Pose file 6A93_lig-to-AF_6A93_pv.maegz was written.

Exiting Glide
Date: Tuesday, November 15 2022, at 01:53:36 PST
CPU time (s): 46.2 user, 0.3 system, 48.1 real
Total elapsed time = 48 seconds
