Glide version 90161 (mmshare version 53161)
mmshare         2cb27f0eb7
glide-src       1e5ffd4733
psp-src         6c93e2fe77
macromodel-src  d47a6cf2e1
epik-src        46d635d642

Copyright (c) Schrodinger, LLC.
All Rights Reserved.

--------------------------------------------------------------------------------
JobId          : sh02-17n08-0-639312e6
Name           : 7JOZ_lig-to-AF_7CKW
Program        : Glide
Host           : sh02-17n08.int
Dir            : /home/users/jwang003/glosa_mods/DRD1/docking/7JOZ_lig-to-AF_7CKW
HostEntry      : localhost
JobHost        : sh02-17n08.int
JobDir         : /home/users/jwang003/glosa_mods/DRD1/docking/7JOZ_lig-to-AF_7CKW
JobSchrodinger : /share/software/user/restricted/schrodinger/2021-1
Commandline    : /share/software/user/restricted/schrodinger/2021-1/glide -WAIT -LOCAL -RESTART 7JOZ_lig-to-AF_7CKW.in
StartTime      : 2022-12-09-02:50:14
--------------------------------------------------------------------------------

 VdW radii of ligand atoms scaled by   0.800000000000000     
 Charge cutoff for polarity   0.150000000000000     
For enhanced sampling, increasing funnel width parameter MAXKEEP by a factor of 4 (number of samples), to 20000
 After readscreen, (nx, ny, nz) = (          30 ,           30 ,           30 ).
  Receptor setup: (nsites, nx, ny, nz, bsize)=(         512 ,           30 , 
          30 ,           30 ,    1.00000000000000      ).
 Screening setup finished.
 DOCKMAIN: getting receptor.
  DOCKMAIN after grid: (nx, ny, nz) = (          80 ,           80 , 
          80 ).
 DOCKMAIN: Grid setup finished
Calling OPLS_2005 atomtyping ...
Finished parameter assignment

Reading torsion control file '/share/software/user/restricted/schrodinger/2021-1/glide-v9.0/bin/Linux-x86_64/../../data/torcontrol.txt':
  
  Using generalized torsion control 
  
 Number of rotatable bonds            3
 Using templates for ring conformations.
For enhanced sampling, increasing funnel width parameter MAXREF by a factor of 4 (number of samples), to 1600

GlideScore version SP5.0 will be used

  
 Buried polar penalty      0.000
 Coulomb vdW cutoff        0.000
 H bond cutoff             0.000
 Metal-ligand cutoff      10.000
Assigning GlideScore SP5.0 parameters
Postdocking minimization: 100 poses; CvdW cutoffs   100.0 kcal/mol for min,     0.0 kcal/mol for report.
GlideScore(   -5.62)+Epik State Penalty(    0.00) =    -5.62 kcal/mol
GlideScore(   -5.35)+Epik State Penalty(    0.00) =    -5.35 kcal/mol
GlideScore(   -5.90)+Epik State Penalty(    0.00) =    -5.90 kcal/mol
GlideScore(   -6.07)+Epik State Penalty(    0.00) =    -6.07 kcal/mol
GlideScore(   -5.36)+Epik State Penalty(    0.00) =    -5.36 kcal/mol
GlideScore(   -5.39)+Epik State Penalty(    0.00) =    -5.39 kcal/mol
GlideScore(   -4.71)+Epik State Penalty(    0.00) =    -4.71 kcal/mol
GlideScore(   -4.56)+Epik State Penalty(    0.00) =    -4.56 kcal/mol
GlideScore(   -5.25)+Epik State Penalty(    0.00) =    -5.25 kcal/mol
GlideScore(   -5.20)+Epik State Penalty(    0.00) =    -5.19 kcal/mol
GlideScore(   -4.83)+Epik State Penalty(    0.00) =    -4.83 kcal/mol
GlideScore(   -5.27)+Epik State Penalty(    0.00) =    -5.27 kcal/mol
GlideScore(   -5.72)+Epik State Penalty(    0.00) =    -5.72 kcal/mol
GlideScore(   -5.23)+Epik State Penalty(    0.00) =    -5.23 kcal/mol
GlideScore(   -4.31)+Epik State Penalty(    0.00) =    -4.31 kcal/mol
GlideScore(   -5.05)+Epik State Penalty(    0.00) =    -5.05 kcal/mol
GlideScore(   -5.91)+Epik State Penalty(    0.00) =    -5.90 kcal/mol
GlideScore(   -6.75)+Epik State Penalty(    0.00) =    -6.75 kcal/mol
GlideScore(   -5.01)+Epik State Penalty(    0.00) =    -5.01 kcal/mol
GlideScore(   -3.23)+Epik State Penalty(    0.00) =    -3.23 kcal/mol
GlideScore(   -3.22)+Epik State Penalty(    0.00) =    -3.22 kcal/mol
GlideScore(   -3.10)+Epik State Penalty(    0.00) =    -3.10 kcal/mol
GlideScore(   -4.20)+Epik State Penalty(    0.00) =    -4.20 kcal/mol
GlideScore(   -4.37)+Epik State Penalty(    0.00) =    -4.37 kcal/mol
GlideScore(   -5.14)+Epik State Penalty(    0.00) =    -5.14 kcal/mol
GlideScore(   -4.28)+Epik State Penalty(    0.00) =    -4.28 kcal/mol
GlideScore(   -4.29)+Epik State Penalty(    0.00) =    -4.29 kcal/mol
GlideScore(   -4.43)+Epik State Penalty(    0.00) =    -4.43 kcal/mol
GlideScore(   -2.57)+Epik State Penalty(    0.00) =    -2.57 kcal/mol
GlideScore(   -5.33)+Epik State Penalty(    0.00) =    -5.33 kcal/mol
GlideScore(   -2.37)+Epik State Penalty(    0.00) =    -2.37 kcal/mol
GlideScore(   -5.26)+Epik State Penalty(    0.00) =    -5.26 kcal/mol
GlideScore(   -3.29)+Epik State Penalty(    0.00) =    -3.29 kcal/mol
GlideScore(10000.00)+Epik State Penalty(    0.00) = 10000.00 kcal/mol
GlideScore(10000.00)+Epik State Penalty(    0.00) = 10000.00 kcal/mol
GlideScore(10000.00)+Epik State Penalty(    0.00) = 10000.00 kcal/mol
DOCKING RESULTS FOR LIGAND        1 (7JOZ_lig)
Best Emodel=   -58.55 E=   -45.99 Eint=     1.32 GlideScore=    -5.62

Glide is executing the glide_sort command.
Command-line equivalent is:
 "/share/software/user/restricted/schrodinger/2021-1/utilities/glide_sort" -n 0 -o "7JOZ_lig-to-AF_7CKW_pv.maegz"   -hbond_cut 0.00 -cvdw_cut 0.00 -metal_cut 10.00 -gscore_cut 100.00 -dscore_cut 100.00 "7JOZ_lig-to-AF_7CKW_raw.maegz"
REPORT OF BEST 33 POSES

The receptor and sorted ligand structures were written to the file
7JOZ_lig-to-AF_7CKW_pv.maegz  for use in the Pose Viewer.

Final rankings based on original docking score
3 poses were rejected by the energy filters,
    Coul+vdw Energy <=     0.0    Hbond Interaction <=     0.0    Metal Interaction <=    10.0    GlideScore <=   100.0    Docking Score <=   100.0
(If any of the above properties is not defined for a given pose,
the corresponding filter is not applied to that pose.)


glide_sort command succeeded.  Pose file 7JOZ_lig-to-AF_7CKW_pv.maegz was written.

Exiting Glide
Date: Friday, December 09 2022, at 02:50:31 PST
CPU time (s): 10.9 user, 0.3 system, 14.2 real
Total elapsed time = 14 seconds
