Glide version 90161 (mmshare version 53161)
mmshare         2cb27f0eb7
glide-src       1e5ffd4733
psp-src         6c93e2fe77
macromodel-src  d47a6cf2e1
epik-src        46d635d642

Copyright (c) Schrodinger, LLC.
All Rights Reserved.

--------------------------------------------------------------------------------
JobId          : sh02-09n64-0-639311da
Name           : 6IIV_lig-to-AF_6IIU
Program        : Glide
Host           : sh02-09n64.int
Dir            : /home/users/jwang003/glosa_mods/TA2R/docking/6IIV_lig-to-AF_6IIU
HostEntry      : localhost
JobHost        : sh02-09n64.int
JobDir         : /home/users/jwang003/glosa_mods/TA2R/docking/6IIV_lig-to-AF_6IIU
JobSchrodinger : /share/software/user/restricted/schrodinger/2021-1
Commandline    : /share/software/user/restricted/schrodinger/2021-1/glide -WAIT -LOCAL -RESTART 6IIV_lig-to-AF_6IIU.in
StartTime      : 2022-12-09-02:45:47
--------------------------------------------------------------------------------

 VdW radii of ligand atoms scaled by   0.800000000000000     
 Charge cutoff for polarity   0.150000000000000     
For enhanced sampling, increasing funnel width parameter MAXKEEP by a factor of 4 (number of samples), to 20000
 After readscreen, (nx, ny, nz) = (          30 ,           30 ,           30 ).
  Receptor setup: (nsites, nx, ny, nz, bsize)=(         512 ,           30 , 
          30 ,           30 ,    1.00000000000000      ).
 Screening setup finished.
 DOCKMAIN: getting receptor.
  DOCKMAIN after grid: (nx, ny, nz) = (          80 ,           80 , 
          80 ).
 DOCKMAIN: Grid setup finished
Calling OPLS_2005 atomtyping ...
Finished parameter assignment

Reading torsion control file '/share/software/user/restricted/schrodinger/2021-1/glide-v9.0/bin/Linux-x86_64/../../data/torcontrol.txt':
  
  Using generalized torsion control 
  
 Number of rotatable bonds            7
 Using templates for ring conformations.
For enhanced sampling, increasing funnel width parameter MAXREF by a factor of 4 (number of samples), to 1600

GlideScore version SP5.0 will be used

  
 Buried polar penalty      0.000
 Coulomb vdW cutoff        0.000
 H bond cutoff             0.000
 Metal-ligand cutoff      10.000
Assigning GlideScore SP5.0 parameters
Postdocking minimization: 100 poses; CvdW cutoffs   100.0 kcal/mol for min,     0.0 kcal/mol for report.
GlideScore(   -6.40)+Epik State Penalty(    0.00) =    -6.40 kcal/mol
GlideScore(   -6.31)+Epik State Penalty(    0.00) =    -6.31 kcal/mol
GlideScore(   -6.40)+Epik State Penalty(    0.00) =    -6.40 kcal/mol
GlideScore(   -7.74)+Epik State Penalty(    0.00) =    -7.74 kcal/mol
GlideScore(   -6.66)+Epik State Penalty(    0.00) =    -6.66 kcal/mol
GlideScore(   -6.39)+Epik State Penalty(    0.00) =    -6.39 kcal/mol
GlideScore(   -6.52)+Epik State Penalty(    0.00) =    -6.52 kcal/mol
GlideScore(   -7.26)+Epik State Penalty(    0.00) =    -7.26 kcal/mol
GlideScore(   -6.61)+Epik State Penalty(    0.00) =    -6.61 kcal/mol
GlideScore(   -7.18)+Epik State Penalty(    0.00) =    -7.18 kcal/mol
GlideScore(   -6.31)+Epik State Penalty(    0.00) =    -6.31 kcal/mol
GlideScore(   -7.28)+Epik State Penalty(    0.00) =    -7.28 kcal/mol
GlideScore(   -5.19)+Epik State Penalty(    0.00) =    -5.18 kcal/mol
GlideScore(   -5.34)+Epik State Penalty(    0.00) =    -5.34 kcal/mol
GlideScore(   -5.76)+Epik State Penalty(    0.00) =    -5.76 kcal/mol
GlideScore(   -5.94)+Epik State Penalty(    0.00) =    -5.94 kcal/mol
GlideScore(   -4.55)+Epik State Penalty(    0.00) =    -4.55 kcal/mol
GlideScore(   -4.61)+Epik State Penalty(    0.00) =    -4.61 kcal/mol
GlideScore(   -3.68)+Epik State Penalty(    0.00) =    -3.68 kcal/mol
GlideScore(   -4.56)+Epik State Penalty(    0.00) =    -4.56 kcal/mol
GlideScore(   -5.92)+Epik State Penalty(    0.00) =    -5.92 kcal/mol
GlideScore(   -4.94)+Epik State Penalty(    0.00) =    -4.94 kcal/mol
GlideScore(   -4.88)+Epik State Penalty(    0.00) =    -4.88 kcal/mol
GlideScore(   -6.54)+Epik State Penalty(    0.00) =    -6.54 kcal/mol
GlideScore(   -4.55)+Epik State Penalty(    0.00) =    -4.55 kcal/mol
GlideScore(   -4.42)+Epik State Penalty(    0.00) =    -4.42 kcal/mol
GlideScore(   -3.85)+Epik State Penalty(    0.00) =    -3.85 kcal/mol
GlideScore(   -5.42)+Epik State Penalty(    0.00) =    -5.42 kcal/mol
GlideScore(   -4.02)+Epik State Penalty(    0.00) =    -4.02 kcal/mol
GlideScore(   -3.88)+Epik State Penalty(    0.00) =    -3.88 kcal/mol
GlideScore(   -4.64)+Epik State Penalty(    0.00) =    -4.64 kcal/mol
GlideScore(   -4.52)+Epik State Penalty(    0.00) =    -4.52 kcal/mol
GlideScore(   -4.40)+Epik State Penalty(    0.00) =    -4.40 kcal/mol
GlideScore(   -4.60)+Epik State Penalty(    0.00) =    -4.60 kcal/mol
GlideScore(   -4.78)+Epik State Penalty(    0.00) =    -4.78 kcal/mol
GlideScore(   -3.97)+Epik State Penalty(    0.00) =    -3.96 kcal/mol
GlideScore(   -4.42)+Epik State Penalty(    0.00) =    -4.42 kcal/mol
GlideScore(   -3.52)+Epik State Penalty(    0.00) =    -3.52 kcal/mol
GlideScore(   -3.65)+Epik State Penalty(    0.00) =    -3.65 kcal/mol
GlideScore(   -4.76)+Epik State Penalty(    0.00) =    -4.76 kcal/mol
GlideScore(   -5.65)+Epik State Penalty(    0.00) =    -5.65 kcal/mol
GlideScore(   -3.36)+Epik State Penalty(    0.00) =    -3.36 kcal/mol
GlideScore(   -3.40)+Epik State Penalty(    0.00) =    -3.40 kcal/mol
GlideScore(   -4.16)+Epik State Penalty(    0.00) =    -4.16 kcal/mol
GlideScore(   -3.78)+Epik State Penalty(    0.00) =    -3.77 kcal/mol
GlideScore(   -3.38)+Epik State Penalty(    0.00) =    -3.38 kcal/mol
GlideScore(   -4.61)+Epik State Penalty(    0.00) =    -4.61 kcal/mol
GlideScore(   -3.53)+Epik State Penalty(    0.00) =    -3.53 kcal/mol
GlideScore(   -4.91)+Epik State Penalty(    0.00) =    -4.91 kcal/mol
GlideScore(   -3.85)+Epik State Penalty(    0.00) =    -3.85 kcal/mol
GlideScore(   -3.84)+Epik State Penalty(    0.00) =    -3.84 kcal/mol
GlideScore(   -3.56)+Epik State Penalty(    0.00) =    -3.56 kcal/mol
GlideScore(   -3.46)+Epik State Penalty(    0.00) =    -3.45 kcal/mol
GlideScore(   -2.39)+Epik State Penalty(    0.00) =    -2.38 kcal/mol
GlideScore(   -4.99)+Epik State Penalty(    0.00) =    -4.99 kcal/mol
GlideScore(   -3.26)+Epik State Penalty(    0.00) =    -3.26 kcal/mol
GlideScore(   -3.14)+Epik State Penalty(    0.00) =    -3.14 kcal/mol
GlideScore(   -3.43)+Epik State Penalty(    0.00) =    -3.43 kcal/mol
GlideScore(   -3.95)+Epik State Penalty(    0.00) =    -3.94 kcal/mol
GlideScore(   -3.27)+Epik State Penalty(    0.00) =    -3.27 kcal/mol
GlideScore(   -1.88)+Epik State Penalty(    0.00) =    -1.88 kcal/mol
GlideScore(   -4.29)+Epik State Penalty(    0.00) =    -4.29 kcal/mol
GlideScore(   -3.46)+Epik State Penalty(    0.00) =    -3.46 kcal/mol
GlideScore(   -0.69)+Epik State Penalty(    0.00) =    -0.69 kcal/mol
GlideScore(   -2.18)+Epik State Penalty(    0.00) =    -2.18 kcal/mol
GlideScore(   -3.54)+Epik State Penalty(    0.00) =    -3.54 kcal/mol
GlideScore(   -3.05)+Epik State Penalty(    0.00) =    -3.05 kcal/mol
GlideScore(   -1.43)+Epik State Penalty(    0.00) =    -1.43 kcal/mol
GlideScore(   -4.50)+Epik State Penalty(    0.00) =    -4.50 kcal/mol
GlideScore(   -2.94)+Epik State Penalty(    0.00) =    -2.94 kcal/mol
GlideScore(   -2.94)+Epik State Penalty(    0.00) =    -2.94 kcal/mol
GlideScore(   -3.42)+Epik State Penalty(    0.00) =    -3.42 kcal/mol
GlideScore(   -2.72)+Epik State Penalty(    0.00) =    -2.72 kcal/mol
GlideScore(   -3.29)+Epik State Penalty(    0.00) =    -3.29 kcal/mol
GlideScore(   -1.80)+Epik State Penalty(    0.00) =    -1.80 kcal/mol
GlideScore(10000.00)+Epik State Penalty(    0.00) = 10000.00 kcal/mol
DOCKING RESULTS FOR LIGAND        1 (6IIV_lig)
Best Emodel=   -52.21 E=   -38.84 Eint=    11.32 GlideScore=    -6.40

Glide is executing the glide_sort command.
Command-line equivalent is:
 "/share/software/user/restricted/schrodinger/2021-1/utilities/glide_sort" -n 0 -o "6IIV_lig-to-AF_6IIU_pv.maegz"   -hbond_cut 0.00 -cvdw_cut 0.00 -metal_cut 10.00 -gscore_cut 100.00 -dscore_cut 100.00 "6IIV_lig-to-AF_6IIU_raw.maegz"
REPORT OF BEST 75 POSES

The receptor and sorted ligand structures were written to the file
6IIV_lig-to-AF_6IIU_pv.maegz  for use in the Pose Viewer.

Final rankings based on original docking score
1 poses were rejected by the energy filters,
    Coul+vdw Energy <=     0.0    Hbond Interaction <=     0.0    Metal Interaction <=    10.0    GlideScore <=   100.0    Docking Score <=   100.0
(If any of the above properties is not defined for a given pose,
the corresponding filter is not applied to that pose.)


glide_sort command succeeded.  Pose file 6IIV_lig-to-AF_6IIU_pv.maegz was written.

Exiting Glide
Date: Friday, December 09 2022, at 02:46:16 PST
CPU time (s): 24.4 user, 1.2 system, 27.1 real
Total elapsed time = 27 seconds
