Glide version 90161 (mmshare version 53161)
mmshare         2cb27f0eb7
glide-src       1e5ffd4733
psp-src         6c93e2fe77
macromodel-src  d47a6cf2e1
epik-src        46d635d642

Copyright (c) Schrodinger, LLC.
All Rights Reserved.

--------------------------------------------------------------------------------
JobId          : sh02-17n08-0-63931352
Name           : 7JVP_lig-to-AF_7CKW
Program        : Glide
Host           : sh02-17n08.int
Dir            : /home/users/jwang003/glosa_mods/DRD1/docking/7JVP_lig-to-AF_7CKW
HostEntry      : localhost
JobHost        : sh02-17n08.int
JobDir         : /home/users/jwang003/glosa_mods/DRD1/docking/7JVP_lig-to-AF_7CKW
JobSchrodinger : /share/software/user/restricted/schrodinger/2021-1
Commandline    : /share/software/user/restricted/schrodinger/2021-1/glide -WAIT -LOCAL -RESTART 7JVP_lig-to-AF_7CKW.in
StartTime      : 2022-12-09-02:52:03
--------------------------------------------------------------------------------

 VdW radii of ligand atoms scaled by   0.800000000000000     
 Charge cutoff for polarity   0.150000000000000     
For enhanced sampling, increasing funnel width parameter MAXKEEP by a factor of 4 (number of samples), to 20000
 After readscreen, (nx, ny, nz) = (          30 ,           30 ,           30 ).
  Receptor setup: (nsites, nx, ny, nz, bsize)=(         512 ,           30 , 
          30 ,           30 ,    1.00000000000000      ).
 Screening setup finished.
 DOCKMAIN: getting receptor.
  DOCKMAIN after grid: (nx, ny, nz) = (          80 ,           80 , 
          80 ).
 DOCKMAIN: Grid setup finished
Calling OPLS_2005 atomtyping ...
Finished parameter assignment

Reading torsion control file '/share/software/user/restricted/schrodinger/2021-1/glide-v9.0/bin/Linux-x86_64/../../data/torcontrol.txt':
  
  Using generalized torsion control 
  
 Number of rotatable bonds            3
 Failed to generate ring conformations.
 Will use conformations from input structure.
 set bad on ringconf
For enhanced sampling, increasing funnel width parameter MAXREF by a factor of 4 (number of samples), to 1600

GlideScore version SP5.0 will be used

  
 Buried polar penalty      0.000
 Coulomb vdW cutoff        0.000
 H bond cutoff             0.000
 Metal-ligand cutoff      10.000
Assigning GlideScore SP5.0 parameters
 set icplus           9
 set icplus          11
 set icplus          12
Postdocking minimization: 100 poses; CvdW cutoffs   100.0 kcal/mol for min,     0.0 kcal/mol for report.
GlideScore(   -6.50)+Epik State Penalty(    0.16) =    -6.33 kcal/mol
GlideScore(   -6.30)+Epik State Penalty(    0.16) =    -6.13 kcal/mol
GlideScore(   -6.93)+Epik State Penalty(    0.16) =    -6.77 kcal/mol
GlideScore(   -6.74)+Epik State Penalty(    0.16) =    -6.58 kcal/mol
GlideScore(   -5.61)+Epik State Penalty(    0.16) =    -5.44 kcal/mol
GlideScore(   -6.88)+Epik State Penalty(    0.16) =    -6.72 kcal/mol
GlideScore(   -6.31)+Epik State Penalty(    0.16) =    -6.14 kcal/mol
GlideScore(   -6.03)+Epik State Penalty(    0.16) =    -5.87 kcal/mol
GlideScore(   -5.38)+Epik State Penalty(    0.16) =    -5.22 kcal/mol
GlideScore(   -6.14)+Epik State Penalty(    0.16) =    -5.97 kcal/mol
GlideScore(   -5.82)+Epik State Penalty(    0.16) =    -5.66 kcal/mol
GlideScore(   -5.18)+Epik State Penalty(    0.16) =    -5.01 kcal/mol
GlideScore(   -4.96)+Epik State Penalty(    0.16) =    -4.79 kcal/mol
GlideScore(   -5.04)+Epik State Penalty(    0.16) =    -4.87 kcal/mol
GlideScore(   -5.98)+Epik State Penalty(    0.16) =    -5.82 kcal/mol
GlideScore(   -5.67)+Epik State Penalty(    0.16) =    -5.50 kcal/mol
GlideScore(   -5.74)+Epik State Penalty(    0.16) =    -5.58 kcal/mol
GlideScore(   -4.42)+Epik State Penalty(    0.16) =    -4.25 kcal/mol
GlideScore(   -5.48)+Epik State Penalty(    0.16) =    -5.32 kcal/mol
GlideScore(   -5.56)+Epik State Penalty(    0.16) =    -5.40 kcal/mol
GlideScore(   -5.14)+Epik State Penalty(    0.16) =    -4.97 kcal/mol
GlideScore(10000.00)+Epik State Penalty(    0.16) = 10000.16 kcal/mol
GlideScore(10000.00)+Epik State Penalty(    0.16) = 10000.16 kcal/mol
GlideScore(10000.00)+Epik State Penalty(    0.16) = 10000.16 kcal/mol
DOCKING RESULTS FOR LIGAND        1 (7JVP_lig)
Best Emodel=   -39.49 E=   -34.42 Eint=     0.64 GlideScore=    -6.50
Calling OPLS_2005 atomtyping ...
Finished parameter assignment
 Number of rotatable bonds            3
 Failed to generate ring conformations.
 Will use conformations from input structure.
 set bad on ringconf
 set icplus           9
 set icplus          11
 set icplus          12
GlideScore(   -7.71)+Epik State Penalty(    0.16) =    -7.55 kcal/mol
GlideScore(   -7.50)+Epik State Penalty(    0.16) =    -7.33 kcal/mol
GlideScore(   -7.00)+Epik State Penalty(    0.16) =    -6.84 kcal/mol
GlideScore(   -6.98)+Epik State Penalty(    0.16) =    -6.82 kcal/mol
GlideScore(   -6.57)+Epik State Penalty(    0.16) =    -6.40 kcal/mol
GlideScore(   -7.62)+Epik State Penalty(    0.16) =    -7.46 kcal/mol
GlideScore(   -6.05)+Epik State Penalty(    0.16) =    -5.88 kcal/mol
GlideScore(   -7.01)+Epik State Penalty(    0.16) =    -6.85 kcal/mol
GlideScore(   -6.28)+Epik State Penalty(    0.16) =    -6.11 kcal/mol
GlideScore(   -5.91)+Epik State Penalty(    0.16) =    -5.75 kcal/mol
GlideScore(   -5.89)+Epik State Penalty(    0.16) =    -5.73 kcal/mol
GlideScore(   -5.88)+Epik State Penalty(    0.16) =    -5.71 kcal/mol
GlideScore(   -5.57)+Epik State Penalty(    0.16) =    -5.40 kcal/mol
GlideScore(   -6.92)+Epik State Penalty(    0.16) =    -6.75 kcal/mol
GlideScore(   -7.31)+Epik State Penalty(    0.16) =    -7.15 kcal/mol
GlideScore(   -7.09)+Epik State Penalty(    0.16) =    -6.93 kcal/mol
GlideScore(   -6.33)+Epik State Penalty(    0.16) =    -6.17 kcal/mol
GlideScore(   -6.14)+Epik State Penalty(    0.16) =    -5.97 kcal/mol
GlideScore(   -6.95)+Epik State Penalty(    0.16) =    -6.78 kcal/mol
GlideScore(   -4.86)+Epik State Penalty(    0.16) =    -4.70 kcal/mol
GlideScore(   -6.90)+Epik State Penalty(    0.16) =    -6.74 kcal/mol
GlideScore(   -6.79)+Epik State Penalty(    0.16) =    -6.63 kcal/mol
GlideScore(10000.00)+Epik State Penalty(    0.16) = 10000.16 kcal/mol
GlideScore(10000.00)+Epik State Penalty(    0.16) = 10000.16 kcal/mol
GlideScore(10000.00)+Epik State Penalty(    0.16) = 10000.16 kcal/mol
DOCKING RESULTS FOR LIGAND        2 (7JVP_lig)
Best Emodel=   -39.94 E=   -36.01 Eint=     2.20 GlideScore=    -7.71
Calling OPLS_2005 atomtyping ...
Finished parameter assignment
 Number of rotatable bonds            2
 Failed to generate ring conformations.
 Will use conformations from input structure.
 set bad on ringconf
 set icplus           9
 set icplus          11
 set icplus          12
GlideScore(   -5.59)+Epik State Penalty(    1.03) =    -4.56 kcal/mol
GlideScore(   -6.68)+Epik State Penalty(    1.03) =    -5.66 kcal/mol
GlideScore(   -5.28)+Epik State Penalty(    1.03) =    -4.25 kcal/mol
GlideScore(   -6.23)+Epik State Penalty(    1.03) =    -5.20 kcal/mol
GlideScore(   -5.62)+Epik State Penalty(    1.03) =    -4.59 kcal/mol
GlideScore(   -4.79)+Epik State Penalty(    1.03) =    -3.76 kcal/mol
GlideScore(   -5.03)+Epik State Penalty(    1.03) =    -4.00 kcal/mol
GlideScore(   -5.59)+Epik State Penalty(    1.03) =    -4.56 kcal/mol
GlideScore(   -5.77)+Epik State Penalty(    1.03) =    -4.74 kcal/mol
GlideScore(   -5.75)+Epik State Penalty(    1.03) =    -4.72 kcal/mol
GlideScore(   -5.04)+Epik State Penalty(    1.03) =    -4.01 kcal/mol
GlideScore(   -6.81)+Epik State Penalty(    1.03) =    -5.78 kcal/mol
GlideScore(   -4.94)+Epik State Penalty(    1.03) =    -3.91 kcal/mol
GlideScore(10000.00)+Epik State Penalty(    1.03) = 10001.03 kcal/mol
DOCKING RESULTS FOR LIGAND        3 (7JVP_lig)
Best Emodel=   -37.32 E=   -28.68 Eint=     0.63 GlideScore=    -5.59
Calling OPLS_2005 atomtyping ...
Finished parameter assignment
 Number of rotatable bonds            2
 Failed to generate ring conformations.
 Will use conformations from input structure.
 set bad on ringconf
 set icplus           9
 set icplus          11
 set icplus          12
GlideScore(   -6.82)+Epik State Penalty(    1.03) =    -5.79 kcal/mol
GlideScore(   -6.43)+Epik State Penalty(    1.03) =    -5.41 kcal/mol
GlideScore(   -6.72)+Epik State Penalty(    1.03) =    -5.70 kcal/mol
GlideScore(   -5.83)+Epik State Penalty(    1.03) =    -4.80 kcal/mol
GlideScore(   -5.75)+Epik State Penalty(    1.03) =    -4.72 kcal/mol
GlideScore(   -5.16)+Epik State Penalty(    1.03) =    -4.13 kcal/mol
GlideScore(   -6.38)+Epik State Penalty(    1.03) =    -5.35 kcal/mol
GlideScore(   -6.09)+Epik State Penalty(    1.03) =    -5.06 kcal/mol
GlideScore(   -6.63)+Epik State Penalty(    1.03) =    -5.60 kcal/mol
GlideScore(   -6.34)+Epik State Penalty(    1.03) =    -5.31 kcal/mol
GlideScore(   -6.27)+Epik State Penalty(    1.03) =    -5.25 kcal/mol
GlideScore(10000.00)+Epik State Penalty(    1.03) = 10001.03 kcal/mol
GlideScore(10000.00)+Epik State Penalty(    1.03) = 10001.03 kcal/mol
DOCKING RESULTS FOR LIGAND        4 (7JVP_lig)
Best Emodel=   -30.93 E=   -30.72 Eint=     0.98 GlideScore=    -6.82
Calling OPLS_2005 atomtyping ...
Finished parameter assignment
 Number of rotatable bonds            2
 Failed to generate ring conformations.
 Will use conformations from input structure.
 set bad on ringconf
 set icplus           9
 set icplus          11
 set icplus          12
GlideScore(   -6.37)+Epik State Penalty(    1.91) =    -4.46 kcal/mol
GlideScore(   -6.08)+Epik State Penalty(    1.91) =    -4.17 kcal/mol
GlideScore(   -5.16)+Epik State Penalty(    1.91) =    -3.25 kcal/mol
GlideScore(   -4.93)+Epik State Penalty(    1.91) =    -3.02 kcal/mol
GlideScore(   -5.06)+Epik State Penalty(    1.91) =    -3.15 kcal/mol
GlideScore(   -4.36)+Epik State Penalty(    1.91) =    -2.46 kcal/mol
GlideScore(   -6.24)+Epik State Penalty(    1.91) =    -4.33 kcal/mol
GlideScore(   -5.93)+Epik State Penalty(    1.91) =    -4.02 kcal/mol
GlideScore(   -6.42)+Epik State Penalty(    1.91) =    -4.52 kcal/mol
GlideScore(   -3.05)+Epik State Penalty(    1.91) =    -1.15 kcal/mol
GlideScore(10000.00)+Epik State Penalty(    1.91) = 10001.91 kcal/mol
DOCKING RESULTS FOR LIGAND        5 (7JVP_lig)
Best Emodel=   -32.28 E=   -29.05 Eint=     2.37 GlideScore=    -6.37
Calling OPLS_2005 atomtyping ...
Finished parameter assignment
 Number of rotatable bonds            2
 Failed to generate ring conformations.
 Will use conformations from input structure.
 set bad on ringconf
 set icplus           9
 set icplus          11
 set icplus          12
GlideScore(   -6.67)+Epik State Penalty(    1.91) =    -4.76 kcal/mol
GlideScore(   -6.13)+Epik State Penalty(    1.91) =    -4.22 kcal/mol
GlideScore(   -6.06)+Epik State Penalty(    1.91) =    -4.16 kcal/mol
GlideScore(   -5.78)+Epik State Penalty(    1.91) =    -3.87 kcal/mol
GlideScore(   -5.18)+Epik State Penalty(    1.91) =    -3.27 kcal/mol
GlideScore(   -5.23)+Epik State Penalty(    1.91) =    -3.32 kcal/mol
GlideScore(   -6.89)+Epik State Penalty(    1.91) =    -4.98 kcal/mol
GlideScore(   -4.91)+Epik State Penalty(    1.91) =    -3.00 kcal/mol
GlideScore(   -5.90)+Epik State Penalty(    1.91) =    -3.99 kcal/mol
GlideScore(   -5.17)+Epik State Penalty(    1.91) =    -3.26 kcal/mol
GlideScore(   -6.95)+Epik State Penalty(    1.91) =    -5.04 kcal/mol
GlideScore(   -6.89)+Epik State Penalty(    1.91) =    -4.98 kcal/mol
GlideScore(10000.00)+Epik State Penalty(    1.91) = 10001.91 kcal/mol
DOCKING RESULTS FOR LIGAND        6 (7JVP_lig)
Best Emodel=   -29.14 E=   -28.12 Eint=     1.04 GlideScore=    -6.67
Calling OPLS_2005 atomtyping ...
Finished parameter assignment
 Number of rotatable bonds            3
 Failed to generate ring conformations.
 Will use conformations from input structure.
 set bad on ringconf
GlideScore(   -5.49)+Epik State Penalty(    2.16) =    -3.33 kcal/mol
GlideScore(   -4.91)+Epik State Penalty(    2.16) =    -2.75 kcal/mol
GlideScore(   -4.04)+Epik State Penalty(    2.16) =    -1.89 kcal/mol
GlideScore(   -4.16)+Epik State Penalty(    2.16) =    -2.00 kcal/mol
GlideScore(   -3.86)+Epik State Penalty(    2.16) =    -1.70 kcal/mol
GlideScore(10000.00)+Epik State Penalty(    2.16) = 10002.16 kcal/mol
GlideScore(10000.00)+Epik State Penalty(    2.16) = 10002.16 kcal/mol
GlideScore(10000.00)+Epik State Penalty(    2.16) = 10002.16 kcal/mol
GlideScore(10000.00)+Epik State Penalty(    2.16) = 10002.16 kcal/mol
DOCKING RESULTS FOR LIGAND        7 (7JVP_lig)
Best Emodel=   -32.90 E=   -30.81 Eint=     0.55 GlideScore=    -5.49

Glide is executing the glide_sort command.
Command-line equivalent is:
 "/share/software/user/restricted/schrodinger/2021-1/utilities/glide_sort" -n 0 -o "7JVP_lig-to-AF_7CKW_pv.maegz"   -hbond_cut 0.00 -cvdw_cut 0.00 -metal_cut 10.00 -gscore_cut 100.00 -dscore_cut 100.00 "7JVP_lig-to-AF_7CKW_raw.maegz"
REPORT OF BEST 94 POSES

The receptor and sorted ligand structures were written to the file
7JVP_lig-to-AF_7CKW_pv.maegz  for use in the Pose Viewer.

Final rankings based on original docking score
15 poses were rejected by the energy filters,
    Coul+vdw Energy <=     0.0    Hbond Interaction <=     0.0    Metal Interaction <=    10.0    GlideScore <=   100.0    Docking Score <=   100.0
(If any of the above properties is not defined for a given pose,
the corresponding filter is not applied to that pose.)


glide_sort command succeeded.  Pose file 7JVP_lig-to-AF_7CKW_pv.maegz was written.

Exiting Glide
Date: Friday, December 09 2022, at 02:52:59 PST
CPU time (s): 44.4 user, 0.5 system, 52.1 real
Total elapsed time = 52 seconds
