Glide version 90161 (mmshare version 53161)
mmshare         2cb27f0eb7
glide-src       1e5ffd4733
psp-src         6c93e2fe77
macromodel-src  d47a6cf2e1
epik-src        46d635d642

Copyright (c) Schrodinger, LLC.
All Rights Reserved.

--------------------------------------------------------------------------------
JobId          : sh02-10n24-0-639311bc
Name           : 6D27_lig-to-AF_6D26
Program        : Glide
Host           : sh02-10n24.int
Dir            : /home/users/jwang003/glosa_mods/PD2R2/docking/6D27_lig-to-AF_6D26
HostEntry      : localhost
JobHost        : sh02-10n24.int
JobDir         : /home/users/jwang003/glosa_mods/PD2R2/docking/6D27_lig-to-AF_6D26
JobSchrodinger : /share/software/user/restricted/schrodinger/2021-1
Commandline    : /share/software/user/restricted/schrodinger/2021-1/glide -WAIT -LOCAL -RESTART 6D27_lig-to-AF_6D26.in
StartTime      : 2022-12-09-02:45:17
--------------------------------------------------------------------------------

 VdW radii of ligand atoms scaled by   0.800000000000000     
 Charge cutoff for polarity   0.150000000000000     
For enhanced sampling, increasing funnel width parameter MAXKEEP by a factor of 4 (number of samples), to 20000
 After readscreen, (nx, ny, nz) = (          30 ,           30 ,           30 ).
  Receptor setup: (nsites, nx, ny, nz, bsize)=(         512 ,           30 , 
          30 ,           30 ,    1.00000000000000      ).
 Screening setup finished.
 DOCKMAIN: getting receptor.
  DOCKMAIN after grid: (nx, ny, nz) = (          80 ,           80 , 
          80 ).
 DOCKMAIN: Grid setup finished
Calling OPLS_2005 atomtyping ...
Finished parameter assignment

Reading torsion control file '/share/software/user/restricted/schrodinger/2021-1/glide-v9.0/bin/Linux-x86_64/../../data/torcontrol.txt':
  
  Using generalized torsion control 
  
 Number of rotatable bonds            5
 Using templates for ring conformations.
For enhanced sampling, increasing funnel width parameter MAXREF by a factor of 4 (number of samples), to 1600

GlideScore version SP5.0 will be used

  
 Buried polar penalty      0.000
 Coulomb vdW cutoff        0.000
 H bond cutoff             0.000
 Metal-ligand cutoff      10.000
Assigning GlideScore SP5.0 parameters
Postdocking minimization: 100 poses; CvdW cutoffs   100.0 kcal/mol for min,     0.0 kcal/mol for report.
GlideScore(   -8.00)+Epik State Penalty(   -0.00) =    -8.00 kcal/mol
GlideScore(   -7.46)+Epik State Penalty(   -0.00) =    -7.46 kcal/mol
GlideScore(   -8.15)+Epik State Penalty(   -0.00) =    -8.15 kcal/mol
GlideScore(   -7.85)+Epik State Penalty(   -0.00) =    -7.85 kcal/mol
GlideScore(   -7.52)+Epik State Penalty(   -0.00) =    -7.52 kcal/mol
GlideScore(   -7.10)+Epik State Penalty(   -0.00) =    -7.10 kcal/mol
GlideScore(   -7.06)+Epik State Penalty(   -0.00) =    -7.06 kcal/mol
GlideScore(   -7.30)+Epik State Penalty(   -0.00) =    -7.30 kcal/mol
GlideScore(   -7.35)+Epik State Penalty(   -0.00) =    -7.35 kcal/mol
GlideScore(   -7.10)+Epik State Penalty(   -0.00) =    -7.10 kcal/mol
GlideScore(   -6.63)+Epik State Penalty(   -0.00) =    -6.63 kcal/mol
GlideScore(   -7.43)+Epik State Penalty(   -0.00) =    -7.43 kcal/mol
GlideScore(   -7.49)+Epik State Penalty(   -0.00) =    -7.49 kcal/mol
GlideScore(   -7.01)+Epik State Penalty(   -0.00) =    -7.01 kcal/mol
GlideScore(   -7.50)+Epik State Penalty(   -0.00) =    -7.50 kcal/mol
GlideScore(   -7.75)+Epik State Penalty(   -0.00) =    -7.75 kcal/mol
GlideScore(   -6.85)+Epik State Penalty(   -0.00) =    -6.85 kcal/mol
GlideScore(   -7.85)+Epik State Penalty(   -0.00) =    -7.85 kcal/mol
GlideScore(   -6.34)+Epik State Penalty(   -0.00) =    -6.34 kcal/mol
GlideScore(   -7.85)+Epik State Penalty(   -0.00) =    -7.85 kcal/mol
GlideScore(   -6.91)+Epik State Penalty(   -0.00) =    -6.91 kcal/mol
GlideScore(   -6.97)+Epik State Penalty(   -0.00) =    -6.97 kcal/mol
GlideScore(   -7.57)+Epik State Penalty(   -0.00) =    -7.57 kcal/mol
GlideScore(   -7.25)+Epik State Penalty(   -0.00) =    -7.25 kcal/mol
GlideScore(   -6.18)+Epik State Penalty(   -0.00) =    -6.18 kcal/mol
GlideScore(   -6.86)+Epik State Penalty(   -0.00) =    -6.86 kcal/mol
GlideScore(   -6.48)+Epik State Penalty(   -0.00) =    -6.48 kcal/mol
GlideScore(   -7.49)+Epik State Penalty(   -0.00) =    -7.49 kcal/mol
GlideScore(   -6.43)+Epik State Penalty(   -0.00) =    -6.43 kcal/mol
GlideScore(   -6.60)+Epik State Penalty(   -0.00) =    -6.60 kcal/mol
GlideScore(   -6.79)+Epik State Penalty(   -0.00) =    -6.79 kcal/mol
GlideScore(   -6.35)+Epik State Penalty(   -0.00) =    -6.35 kcal/mol
GlideScore(   -5.89)+Epik State Penalty(   -0.00) =    -5.89 kcal/mol
GlideScore(   -5.94)+Epik State Penalty(   -0.00) =    -5.94 kcal/mol
GlideScore(   -6.58)+Epik State Penalty(   -0.00) =    -6.58 kcal/mol
GlideScore(   -6.75)+Epik State Penalty(   -0.00) =    -6.75 kcal/mol
GlideScore(   -5.95)+Epik State Penalty(   -0.00) =    -5.95 kcal/mol
GlideScore(   -5.85)+Epik State Penalty(   -0.00) =    -5.85 kcal/mol
GlideScore(   -7.29)+Epik State Penalty(   -0.00) =    -7.29 kcal/mol
GlideScore(   -7.31)+Epik State Penalty(   -0.00) =    -7.31 kcal/mol
GlideScore(   -6.58)+Epik State Penalty(   -0.00) =    -6.58 kcal/mol
GlideScore(   -7.17)+Epik State Penalty(   -0.00) =    -7.17 kcal/mol
GlideScore(   -6.07)+Epik State Penalty(   -0.00) =    -6.07 kcal/mol
GlideScore(   -5.50)+Epik State Penalty(   -0.00) =    -5.50 kcal/mol
GlideScore(   -5.91)+Epik State Penalty(   -0.00) =    -5.91 kcal/mol
GlideScore(   -5.70)+Epik State Penalty(   -0.00) =    -5.70 kcal/mol
GlideScore(   -5.41)+Epik State Penalty(   -0.00) =    -5.41 kcal/mol
GlideScore(   -6.43)+Epik State Penalty(   -0.00) =    -6.43 kcal/mol
GlideScore(   -6.02)+Epik State Penalty(   -0.00) =    -6.02 kcal/mol
GlideScore(   -6.80)+Epik State Penalty(   -0.00) =    -6.80 kcal/mol
GlideScore(   -6.53)+Epik State Penalty(   -0.00) =    -6.53 kcal/mol
GlideScore(   -5.49)+Epik State Penalty(   -0.00) =    -5.49 kcal/mol
GlideScore(   -6.11)+Epik State Penalty(   -0.00) =    -6.11 kcal/mol
GlideScore(   -5.44)+Epik State Penalty(   -0.00) =    -5.44 kcal/mol
GlideScore(   -6.08)+Epik State Penalty(   -0.00) =    -6.08 kcal/mol
GlideScore(   -4.61)+Epik State Penalty(   -0.00) =    -4.61 kcal/mol
GlideScore(   -5.55)+Epik State Penalty(   -0.00) =    -5.55 kcal/mol
GlideScore(   -7.04)+Epik State Penalty(   -0.00) =    -7.04 kcal/mol
GlideScore(   -6.42)+Epik State Penalty(   -0.00) =    -6.42 kcal/mol
GlideScore(   -6.75)+Epik State Penalty(   -0.00) =    -6.75 kcal/mol
GlideScore(   -4.48)+Epik State Penalty(   -0.00) =    -4.48 kcal/mol
GlideScore(   -4.69)+Epik State Penalty(   -0.00) =    -4.69 kcal/mol
GlideScore(   -4.88)+Epik State Penalty(   -0.00) =    -4.88 kcal/mol
GlideScore(   -6.35)+Epik State Penalty(   -0.00) =    -6.35 kcal/mol
GlideScore(   -6.47)+Epik State Penalty(   -0.00) =    -6.47 kcal/mol
GlideScore(   -4.62)+Epik State Penalty(   -0.00) =    -4.62 kcal/mol
GlideScore(   -5.22)+Epik State Penalty(   -0.00) =    -5.22 kcal/mol
GlideScore(   -5.68)+Epik State Penalty(   -0.00) =    -5.68 kcal/mol
GlideScore(   -4.83)+Epik State Penalty(   -0.00) =    -4.83 kcal/mol
GlideScore(   -4.91)+Epik State Penalty(   -0.00) =    -4.91 kcal/mol
GlideScore(   -6.04)+Epik State Penalty(   -0.00) =    -6.04 kcal/mol
GlideScore(   -4.13)+Epik State Penalty(   -0.00) =    -4.13 kcal/mol
GlideScore(   -3.95)+Epik State Penalty(   -0.00) =    -3.95 kcal/mol
GlideScore(   -4.84)+Epik State Penalty(   -0.00) =    -4.84 kcal/mol
GlideScore(   -4.55)+Epik State Penalty(   -0.00) =    -4.55 kcal/mol
GlideScore(   -4.00)+Epik State Penalty(   -0.00) =    -4.00 kcal/mol
GlideScore(   -3.51)+Epik State Penalty(   -0.00) =    -3.51 kcal/mol
DOCKING RESULTS FOR LIGAND        1 (6D27_lig)
Best Emodel=   -78.80 E=   -46.81 Eint=     5.60 GlideScore=    -8.00

Glide is executing the glide_sort command.
Command-line equivalent is:
 "/share/software/user/restricted/schrodinger/2021-1/utilities/glide_sort" -n 0 -o "6D27_lig-to-AF_6D26_pv.maegz"   -hbond_cut 0.00 -cvdw_cut 0.00 -metal_cut 10.00 -gscore_cut 100.00 -dscore_cut 100.00 "6D27_lig-to-AF_6D26_raw.maegz"
REPORT OF BEST 77 POSES

The receptor and sorted ligand structures were written to the file
6D27_lig-to-AF_6D26_pv.maegz  for use in the Pose Viewer.

Final rankings based on original docking score
0 poses were rejected by the energy filters,
    Coul+vdw Energy <=     0.0    Hbond Interaction <=     0.0    Metal Interaction <=    10.0    GlideScore <=   100.0    Docking Score <=   100.0
(If any of the above properties is not defined for a given pose,
the corresponding filter is not applied to that pose.)


glide_sort command succeeded.  Pose file 6D27_lig-to-AF_6D26_pv.maegz was written.

Exiting Glide
Date: Friday, December 09 2022, at 02:45:57 PST
CPU time (s): 35.2 user, 1.3 system, 38.5 real
Total elapsed time = 39 seconds
