Glide version 90161 (mmshare version 53161)
mmshare         2cb27f0eb7
glide-src       1e5ffd4733
psp-src         6c93e2fe77
macromodel-src  d47a6cf2e1
epik-src        46d635d642

Copyright (c) Schrodinger, LLC.
All Rights Reserved.

--------------------------------------------------------------------------------
JobId          : sh02-10n24-0-63931199
Name           : 6D26_lig-to-AF_6D26
Program        : Glide
Host           : sh02-10n24.int
Dir            : /home/users/jwang003/glosa_mods/PD2R2/docking/6D26_lig-to-AF_6D26
HostEntry      : localhost
JobHost        : sh02-10n24.int
JobDir         : /home/users/jwang003/glosa_mods/PD2R2/docking/6D26_lig-to-AF_6D26
JobSchrodinger : /share/software/user/restricted/schrodinger/2021-1
Commandline    : /share/software/user/restricted/schrodinger/2021-1/glide -WAIT -LOCAL -RESTART 6D26_lig-to-AF_6D26.in
StartTime      : 2022-12-09-02:44:41
--------------------------------------------------------------------------------

 VdW radii of ligand atoms scaled by   0.800000000000000     
 Charge cutoff for polarity   0.150000000000000     
For enhanced sampling, increasing funnel width parameter MAXKEEP by a factor of 4 (number of samples), to 20000
 After readscreen, (nx, ny, nz) = (          30 ,           30 ,           30 ).
  Receptor setup: (nsites, nx, ny, nz, bsize)=(         512 ,           30 , 
          30 ,           30 ,    1.00000000000000      ).
 Screening setup finished.
 DOCKMAIN: getting receptor.
  DOCKMAIN after grid: (nx, ny, nz) = (          80 ,           80 , 
          80 ).
 DOCKMAIN: Grid setup finished
Calling OPLS_2005 atomtyping ...
Finished parameter assignment

Reading torsion control file '/share/software/user/restricted/schrodinger/2021-1/glide-v9.0/bin/Linux-x86_64/../../data/torcontrol.txt':
  
  Using generalized torsion control 
  
 Number of rotatable bonds            6
 Using templates for ring conformations.
For enhanced sampling, increasing funnel width parameter MAXREF by a factor of 4 (number of samples), to 1600

GlideScore version SP5.0 will be used

  
 Buried polar penalty      0.000
 Coulomb vdW cutoff        0.000
 H bond cutoff             0.000
 Metal-ligand cutoff      10.000
Assigning GlideScore SP5.0 parameters
Postdocking minimization: 100 poses; CvdW cutoffs   100.0 kcal/mol for min,     0.0 kcal/mol for report.
GlideScore(   -8.06)+Epik State Penalty(   -0.00) =    -8.06 kcal/mol
GlideScore(   -7.80)+Epik State Penalty(   -0.00) =    -7.80 kcal/mol
GlideScore(   -7.29)+Epik State Penalty(   -0.00) =    -7.29 kcal/mol
GlideScore(   -8.05)+Epik State Penalty(   -0.00) =    -8.05 kcal/mol
GlideScore(   -7.85)+Epik State Penalty(   -0.00) =    -7.85 kcal/mol
GlideScore(   -7.43)+Epik State Penalty(   -0.00) =    -7.43 kcal/mol
GlideScore(   -7.58)+Epik State Penalty(   -0.00) =    -7.58 kcal/mol
GlideScore(   -7.12)+Epik State Penalty(   -0.00) =    -7.12 kcal/mol
GlideScore(   -7.45)+Epik State Penalty(   -0.00) =    -7.45 kcal/mol
GlideScore(   -7.43)+Epik State Penalty(   -0.00) =    -7.43 kcal/mol
GlideScore(   -7.64)+Epik State Penalty(   -0.00) =    -7.64 kcal/mol
GlideScore(   -7.51)+Epik State Penalty(   -0.00) =    -7.51 kcal/mol
GlideScore(   -7.73)+Epik State Penalty(   -0.00) =    -7.73 kcal/mol
GlideScore(   -7.61)+Epik State Penalty(   -0.00) =    -7.61 kcal/mol
GlideScore(   -7.18)+Epik State Penalty(   -0.00) =    -7.18 kcal/mol
GlideScore(   -7.31)+Epik State Penalty(   -0.00) =    -7.31 kcal/mol
GlideScore(   -7.11)+Epik State Penalty(   -0.00) =    -7.11 kcal/mol
GlideScore(   -7.41)+Epik State Penalty(   -0.00) =    -7.41 kcal/mol
GlideScore(   -7.16)+Epik State Penalty(   -0.00) =    -7.16 kcal/mol
GlideScore(   -7.69)+Epik State Penalty(   -0.00) =    -7.69 kcal/mol
GlideScore(   -7.34)+Epik State Penalty(   -0.00) =    -7.34 kcal/mol
GlideScore(   -7.04)+Epik State Penalty(   -0.00) =    -7.04 kcal/mol
GlideScore(   -7.06)+Epik State Penalty(   -0.00) =    -7.06 kcal/mol
GlideScore(   -7.34)+Epik State Penalty(   -0.00) =    -7.34 kcal/mol
GlideScore(   -6.68)+Epik State Penalty(   -0.00) =    -6.68 kcal/mol
GlideScore(   -7.21)+Epik State Penalty(   -0.00) =    -7.21 kcal/mol
GlideScore(   -6.71)+Epik State Penalty(   -0.00) =    -6.71 kcal/mol
GlideScore(   -7.52)+Epik State Penalty(   -0.00) =    -7.52 kcal/mol
GlideScore(   -6.68)+Epik State Penalty(   -0.00) =    -6.68 kcal/mol
GlideScore(   -6.92)+Epik State Penalty(   -0.00) =    -6.92 kcal/mol
GlideScore(   -6.99)+Epik State Penalty(   -0.00) =    -6.99 kcal/mol
GlideScore(   -6.95)+Epik State Penalty(   -0.00) =    -6.95 kcal/mol
GlideScore(   -7.14)+Epik State Penalty(   -0.00) =    -7.14 kcal/mol
GlideScore(   -7.34)+Epik State Penalty(   -0.00) =    -7.34 kcal/mol
GlideScore(   -6.72)+Epik State Penalty(   -0.00) =    -6.72 kcal/mol
GlideScore(   -6.46)+Epik State Penalty(   -0.00) =    -6.46 kcal/mol
GlideScore(   -6.65)+Epik State Penalty(   -0.00) =    -6.65 kcal/mol
GlideScore(   -6.54)+Epik State Penalty(   -0.00) =    -6.54 kcal/mol
GlideScore(   -7.29)+Epik State Penalty(   -0.00) =    -7.29 kcal/mol
GlideScore(   -6.44)+Epik State Penalty(   -0.00) =    -6.44 kcal/mol
GlideScore(   -7.70)+Epik State Penalty(   -0.00) =    -7.70 kcal/mol
GlideScore(   -6.60)+Epik State Penalty(   -0.00) =    -6.60 kcal/mol
GlideScore(   -6.85)+Epik State Penalty(   -0.00) =    -6.85 kcal/mol
GlideScore(   -6.31)+Epik State Penalty(   -0.00) =    -6.31 kcal/mol
GlideScore(   -6.43)+Epik State Penalty(   -0.00) =    -6.43 kcal/mol
GlideScore(   -6.16)+Epik State Penalty(   -0.00) =    -6.16 kcal/mol
GlideScore(   -6.07)+Epik State Penalty(   -0.00) =    -6.07 kcal/mol
GlideScore(   -5.96)+Epik State Penalty(   -0.00) =    -5.96 kcal/mol
GlideScore(   -6.57)+Epik State Penalty(   -0.00) =    -6.57 kcal/mol
GlideScore(   -6.26)+Epik State Penalty(   -0.00) =    -6.26 kcal/mol
GlideScore(   -7.05)+Epik State Penalty(   -0.00) =    -7.05 kcal/mol
GlideScore(   -6.56)+Epik State Penalty(   -0.00) =    -6.56 kcal/mol
GlideScore(   -6.39)+Epik State Penalty(   -0.00) =    -6.39 kcal/mol
GlideScore(   -5.99)+Epik State Penalty(   -0.00) =    -5.99 kcal/mol
GlideScore(   -6.01)+Epik State Penalty(   -0.00) =    -6.01 kcal/mol
GlideScore(   -5.54)+Epik State Penalty(   -0.00) =    -5.54 kcal/mol
GlideScore(   -7.11)+Epik State Penalty(   -0.00) =    -7.11 kcal/mol
GlideScore(   -5.39)+Epik State Penalty(   -0.00) =    -5.39 kcal/mol
GlideScore(   -6.27)+Epik State Penalty(   -0.00) =    -6.27 kcal/mol
GlideScore(   -5.60)+Epik State Penalty(   -0.00) =    -5.60 kcal/mol
GlideScore(   -5.55)+Epik State Penalty(   -0.00) =    -5.55 kcal/mol
GlideScore(   -5.88)+Epik State Penalty(   -0.00) =    -5.88 kcal/mol
GlideScore(   -5.93)+Epik State Penalty(   -0.00) =    -5.93 kcal/mol
GlideScore(   -6.06)+Epik State Penalty(   -0.00) =    -6.06 kcal/mol
GlideScore(   -5.18)+Epik State Penalty(   -0.00) =    -5.18 kcal/mol
GlideScore(   -6.45)+Epik State Penalty(   -0.00) =    -6.45 kcal/mol
GlideScore(   -6.72)+Epik State Penalty(   -0.00) =    -6.72 kcal/mol
GlideScore(   -5.43)+Epik State Penalty(   -0.00) =    -5.43 kcal/mol
GlideScore(   -5.61)+Epik State Penalty(   -0.00) =    -5.61 kcal/mol
GlideScore(   -6.38)+Epik State Penalty(   -0.00) =    -6.38 kcal/mol
GlideScore(   -5.41)+Epik State Penalty(   -0.00) =    -5.41 kcal/mol
GlideScore(   -5.75)+Epik State Penalty(   -0.00) =    -5.75 kcal/mol
GlideScore(   -4.72)+Epik State Penalty(   -0.00) =    -4.72 kcal/mol
GlideScore(   -5.49)+Epik State Penalty(   -0.00) =    -5.49 kcal/mol
GlideScore(   -5.32)+Epik State Penalty(   -0.00) =    -5.32 kcal/mol
GlideScore(   -5.23)+Epik State Penalty(   -0.00) =    -5.23 kcal/mol
GlideScore(   -5.14)+Epik State Penalty(   -0.00) =    -5.14 kcal/mol
DOCKING RESULTS FOR LIGAND        1 (6D26_lig)
Best Emodel=   -72.66 E=   -47.34 Eint=     8.61 GlideScore=    -8.06

Glide is executing the glide_sort command.
Command-line equivalent is:
 "/share/software/user/restricted/schrodinger/2021-1/utilities/glide_sort" -n 0 -o "6D26_lig-to-AF_6D26_pv.maegz"   -hbond_cut 0.00 -cvdw_cut 0.00 -metal_cut 10.00 -gscore_cut 100.00 -dscore_cut 100.00 "6D26_lig-to-AF_6D26_raw.maegz"
REPORT OF BEST 77 POSES

The receptor and sorted ligand structures were written to the file
6D26_lig-to-AF_6D26_pv.maegz  for use in the Pose Viewer.

Final rankings based on original docking score
0 poses were rejected by the energy filters,
    Coul+vdw Energy <=     0.0    Hbond Interaction <=     0.0    Metal Interaction <=    10.0    GlideScore <=   100.0    Docking Score <=   100.0
(If any of the above properties is not defined for a given pose,
the corresponding filter is not applied to that pose.)


glide_sort command succeeded.  Pose file 6D26_lig-to-AF_6D26_pv.maegz was written.

Exiting Glide
Date: Friday, December 09 2022, at 02:45:03 PST
CPU time (s): 16.8 user, 0.6 system, 19.1 real
Total elapsed time = 19 seconds
