Glide version 90161 (mmshare version 53161)
mmshare         2cb27f0eb7
glide-src       1e5ffd4733
psp-src         6c93e2fe77
macromodel-src  d47a6cf2e1
epik-src        46d635d642

Copyright (c) Schrodinger, LLC.
All Rights Reserved.

--------------------------------------------------------------------------------
JobId          : sh02-10n50-0-639313f6
Name           : 6HLL_lig-to-AF_6E59
Program        : Glide
Host           : sh02-10n50.int
Dir            : /home/users/jwang003/glosa_mods/NK1R/docking/6HLL_lig-to-AF_6E59
HostEntry      : localhost
JobHost        : sh02-10n50.int
JobDir         : /home/users/jwang003/glosa_mods/NK1R/docking/6HLL_lig-to-AF_6E59
JobSchrodinger : /share/software/user/restricted/schrodinger/2021-1
Commandline    : /share/software/user/restricted/schrodinger/2021-1/glide -WAIT -LOCAL -RESTART 6HLL_lig-to-AF_6E59.in
StartTime      : 2022-12-09-02:54:47
--------------------------------------------------------------------------------

 VdW radii of ligand atoms scaled by   0.800000000000000     
 Charge cutoff for polarity   0.150000000000000     
For enhanced sampling, increasing funnel width parameter MAXKEEP by a factor of 4 (number of samples), to 20000
 After readscreen, (nx, ny, nz) = (          30 ,           30 ,           30 ).
  Receptor setup: (nsites, nx, ny, nz, bsize)=(         512 ,           30 , 
          30 ,           30 ,    1.00000000000000      ).
 Screening setup finished.
 DOCKMAIN: getting receptor.
  DOCKMAIN after grid: (nx, ny, nz) = (          80 ,           80 , 
          80 ).
 DOCKMAIN: Grid setup finished
Calling OPLS_2005 atomtyping ...
Finished parameter assignment

Reading torsion control file '/share/software/user/restricted/schrodinger/2021-1/glide-v9.0/bin/Linux-x86_64/../../data/torcontrol.txt':
  
  Using generalized torsion control 
  
 Number of rotatable bonds            5
 Using templates for ring conformations.
For enhanced sampling, increasing funnel width parameter MAXREF by a factor of 4 (number of samples), to 1600

GlideScore version SP5.0 will be used

  
 Buried polar penalty      0.000
 Coulomb vdW cutoff        0.000
 H bond cutoff             0.000
 Metal-ligand cutoff      10.000
Assigning GlideScore SP5.0 parameters
 set icplus          14
 set icplus          16
Postdocking minimization: 100 poses; CvdW cutoffs   100.0 kcal/mol for min,     0.0 kcal/mol for report.
GlideScore(   -8.40)+Epik State Penalty(    0.14) =    -8.26 kcal/mol
GlideScore(   -7.56)+Epik State Penalty(    0.14) =    -7.42 kcal/mol
GlideScore(   -8.36)+Epik State Penalty(    0.14) =    -8.21 kcal/mol
GlideScore(   -7.69)+Epik State Penalty(    0.14) =    -7.54 kcal/mol
GlideScore(   -7.55)+Epik State Penalty(    0.14) =    -7.40 kcal/mol
GlideScore(   -7.70)+Epik State Penalty(    0.14) =    -7.56 kcal/mol
GlideScore(   -7.28)+Epik State Penalty(    0.14) =    -7.14 kcal/mol
GlideScore(   -7.15)+Epik State Penalty(    0.14) =    -7.01 kcal/mol
GlideScore(   -7.40)+Epik State Penalty(    0.14) =    -7.25 kcal/mol
GlideScore(   -8.13)+Epik State Penalty(    0.14) =    -7.99 kcal/mol
GlideScore(   -6.98)+Epik State Penalty(    0.14) =    -6.83 kcal/mol
GlideScore(   -7.30)+Epik State Penalty(    0.14) =    -7.16 kcal/mol
GlideScore(   -7.48)+Epik State Penalty(    0.14) =    -7.34 kcal/mol
GlideScore(   -7.55)+Epik State Penalty(    0.14) =    -7.40 kcal/mol
GlideScore(   -7.09)+Epik State Penalty(    0.14) =    -6.95 kcal/mol
GlideScore(   -7.21)+Epik State Penalty(    0.14) =    -7.06 kcal/mol
GlideScore(   -7.16)+Epik State Penalty(    0.14) =    -7.01 kcal/mol
GlideScore(   -6.94)+Epik State Penalty(    0.14) =    -6.80 kcal/mol
GlideScore(   -7.40)+Epik State Penalty(    0.14) =    -7.25 kcal/mol
GlideScore(   -7.13)+Epik State Penalty(    0.14) =    -6.99 kcal/mol
GlideScore(   -7.08)+Epik State Penalty(    0.14) =    -6.94 kcal/mol
GlideScore(   -7.29)+Epik State Penalty(    0.14) =    -7.15 kcal/mol
GlideScore(   -6.96)+Epik State Penalty(    0.14) =    -6.81 kcal/mol
GlideScore(   -7.69)+Epik State Penalty(    0.14) =    -7.55 kcal/mol
GlideScore(   -6.89)+Epik State Penalty(    0.14) =    -6.75 kcal/mol
GlideScore(   -7.33)+Epik State Penalty(    0.14) =    -7.19 kcal/mol
GlideScore(   -6.97)+Epik State Penalty(    0.14) =    -6.82 kcal/mol
GlideScore(   -7.14)+Epik State Penalty(    0.14) =    -7.00 kcal/mol
GlideScore(   -7.43)+Epik State Penalty(    0.14) =    -7.28 kcal/mol
GlideScore(   -7.13)+Epik State Penalty(    0.14) =    -6.99 kcal/mol
GlideScore(   -6.59)+Epik State Penalty(    0.14) =    -6.45 kcal/mol
GlideScore(   -7.44)+Epik State Penalty(    0.14) =    -7.30 kcal/mol
GlideScore(   -6.81)+Epik State Penalty(    0.14) =    -6.67 kcal/mol
GlideScore(   -7.31)+Epik State Penalty(    0.14) =    -7.17 kcal/mol
GlideScore(   -6.74)+Epik State Penalty(    0.14) =    -6.59 kcal/mol
GlideScore(   -7.16)+Epik State Penalty(    0.14) =    -7.02 kcal/mol
GlideScore(   -6.65)+Epik State Penalty(    0.14) =    -6.51 kcal/mol
GlideScore(   -7.48)+Epik State Penalty(    0.14) =    -7.34 kcal/mol
GlideScore(   -6.08)+Epik State Penalty(    0.14) =    -5.94 kcal/mol
GlideScore(   -6.56)+Epik State Penalty(    0.14) =    -6.41 kcal/mol
GlideScore(   -6.74)+Epik State Penalty(    0.14) =    -6.59 kcal/mol
GlideScore(   -6.78)+Epik State Penalty(    0.14) =    -6.64 kcal/mol
GlideScore(   -6.72)+Epik State Penalty(    0.14) =    -6.58 kcal/mol
GlideScore(   -6.70)+Epik State Penalty(    0.14) =    -6.56 kcal/mol
GlideScore(   -7.05)+Epik State Penalty(    0.14) =    -6.90 kcal/mol
GlideScore(   -7.22)+Epik State Penalty(    0.14) =    -7.08 kcal/mol
GlideScore(   -6.10)+Epik State Penalty(    0.14) =    -5.95 kcal/mol
GlideScore(   -6.22)+Epik State Penalty(    0.14) =    -6.07 kcal/mol
GlideScore(   -6.26)+Epik State Penalty(    0.14) =    -6.12 kcal/mol
GlideScore(   -6.29)+Epik State Penalty(    0.14) =    -6.15 kcal/mol
GlideScore(   -5.93)+Epik State Penalty(    0.14) =    -5.79 kcal/mol
GlideScore(   -6.39)+Epik State Penalty(    0.14) =    -6.25 kcal/mol
GlideScore(   -6.65)+Epik State Penalty(    0.14) =    -6.51 kcal/mol
GlideScore(   -6.61)+Epik State Penalty(    0.14) =    -6.46 kcal/mol
GlideScore(   -6.96)+Epik State Penalty(    0.14) =    -6.82 kcal/mol
GlideScore(   -6.70)+Epik State Penalty(    0.14) =    -6.56 kcal/mol
GlideScore(   -6.02)+Epik State Penalty(    0.14) =    -5.88 kcal/mol
GlideScore(   -7.40)+Epik State Penalty(    0.14) =    -7.26 kcal/mol
GlideScore(   -6.32)+Epik State Penalty(    0.14) =    -6.17 kcal/mol
GlideScore(   -6.79)+Epik State Penalty(    0.14) =    -6.65 kcal/mol
GlideScore(   -6.30)+Epik State Penalty(    0.14) =    -6.16 kcal/mol
GlideScore(   -6.66)+Epik State Penalty(    0.14) =    -6.51 kcal/mol
GlideScore(   -6.55)+Epik State Penalty(    0.14) =    -6.41 kcal/mol
GlideScore(   -5.86)+Epik State Penalty(    0.14) =    -5.71 kcal/mol
GlideScore(   -6.22)+Epik State Penalty(    0.14) =    -6.07 kcal/mol
GlideScore(   -6.52)+Epik State Penalty(    0.14) =    -6.37 kcal/mol
GlideScore(   -6.04)+Epik State Penalty(    0.14) =    -5.89 kcal/mol
GlideScore(   -6.18)+Epik State Penalty(    0.14) =    -6.04 kcal/mol
GlideScore(   -6.41)+Epik State Penalty(    0.14) =    -6.26 kcal/mol
GlideScore(   -7.05)+Epik State Penalty(    0.14) =    -6.91 kcal/mol
GlideScore(   -7.29)+Epik State Penalty(    0.14) =    -7.15 kcal/mol
GlideScore(   -5.78)+Epik State Penalty(    0.14) =    -5.63 kcal/mol
GlideScore(   -5.77)+Epik State Penalty(    0.14) =    -5.63 kcal/mol
GlideScore(   -5.97)+Epik State Penalty(    0.14) =    -5.82 kcal/mol
GlideScore(   -5.81)+Epik State Penalty(    0.14) =    -5.67 kcal/mol
GlideScore(   -6.15)+Epik State Penalty(    0.14) =    -6.00 kcal/mol
GlideScore(   -6.46)+Epik State Penalty(    0.14) =    -6.31 kcal/mol
GlideScore(   -6.93)+Epik State Penalty(    0.14) =    -6.79 kcal/mol
GlideScore(   -5.09)+Epik State Penalty(    0.14) =    -4.95 kcal/mol
GlideScore(   -6.69)+Epik State Penalty(    0.14) =    -6.55 kcal/mol
GlideScore(   -5.49)+Epik State Penalty(    0.14) =    -5.35 kcal/mol
GlideScore(   -6.75)+Epik State Penalty(    0.14) =    -6.61 kcal/mol
GlideScore(   -5.59)+Epik State Penalty(    0.14) =    -5.45 kcal/mol
DOCKING RESULTS FOR LIGAND        1 (6HLL_lig)
Best Emodel=   -57.83 E=   -38.47 Eint=     3.26 GlideScore=    -8.40
Calling OPLS_2005 atomtyping ...
Finished parameter assignment
 Number of rotatable bonds            5
 Using templates for ring conformations.
 set icplus           9
 set icplus          11
GlideScore(   -7.64)+Epik State Penalty(    1.35) =    -6.29 kcal/mol
GlideScore(   -7.94)+Epik State Penalty(    1.35) =    -6.59 kcal/mol
GlideScore(   -7.01)+Epik State Penalty(    1.35) =    -5.66 kcal/mol
GlideScore(   -7.42)+Epik State Penalty(    1.35) =    -6.07 kcal/mol
GlideScore(   -7.37)+Epik State Penalty(    1.35) =    -6.02 kcal/mol
GlideScore(   -8.07)+Epik State Penalty(    1.35) =    -6.72 kcal/mol
GlideScore(   -7.51)+Epik State Penalty(    1.35) =    -6.16 kcal/mol
GlideScore(   -7.58)+Epik State Penalty(    1.35) =    -6.23 kcal/mol
GlideScore(   -6.66)+Epik State Penalty(    1.35) =    -5.31 kcal/mol
GlideScore(   -7.44)+Epik State Penalty(    1.35) =    -6.09 kcal/mol
GlideScore(   -6.90)+Epik State Penalty(    1.35) =    -5.55 kcal/mol
GlideScore(   -7.25)+Epik State Penalty(    1.35) =    -5.90 kcal/mol
GlideScore(   -7.39)+Epik State Penalty(    1.35) =    -6.03 kcal/mol
GlideScore(   -6.85)+Epik State Penalty(    1.35) =    -5.50 kcal/mol
GlideScore(   -7.30)+Epik State Penalty(    1.35) =    -5.95 kcal/mol
GlideScore(   -6.70)+Epik State Penalty(    1.35) =    -5.35 kcal/mol
GlideScore(   -7.44)+Epik State Penalty(    1.35) =    -6.09 kcal/mol
GlideScore(   -6.66)+Epik State Penalty(    1.35) =    -5.31 kcal/mol
GlideScore(   -7.27)+Epik State Penalty(    1.35) =    -5.92 kcal/mol
GlideScore(   -7.38)+Epik State Penalty(    1.35) =    -6.02 kcal/mol
GlideScore(   -7.48)+Epik State Penalty(    1.35) =    -6.12 kcal/mol
GlideScore(   -6.97)+Epik State Penalty(    1.35) =    -5.62 kcal/mol
GlideScore(   -6.81)+Epik State Penalty(    1.35) =    -5.46 kcal/mol
GlideScore(   -7.01)+Epik State Penalty(    1.35) =    -5.66 kcal/mol
GlideScore(   -6.90)+Epik State Penalty(    1.35) =    -5.55 kcal/mol
GlideScore(   -6.51)+Epik State Penalty(    1.35) =    -5.16 kcal/mol
GlideScore(   -7.70)+Epik State Penalty(    1.35) =    -6.34 kcal/mol
GlideScore(   -6.66)+Epik State Penalty(    1.35) =    -5.31 kcal/mol
GlideScore(   -6.38)+Epik State Penalty(    1.35) =    -5.03 kcal/mol
GlideScore(   -7.91)+Epik State Penalty(    1.35) =    -6.56 kcal/mol
GlideScore(   -7.18)+Epik State Penalty(    1.35) =    -5.83 kcal/mol
GlideScore(   -6.65)+Epik State Penalty(    1.35) =    -5.30 kcal/mol
GlideScore(   -7.18)+Epik State Penalty(    1.35) =    -5.83 kcal/mol
GlideScore(   -6.59)+Epik State Penalty(    1.35) =    -5.24 kcal/mol
GlideScore(   -7.09)+Epik State Penalty(    1.35) =    -5.74 kcal/mol
GlideScore(   -7.50)+Epik State Penalty(    1.35) =    -6.15 kcal/mol
GlideScore(   -7.12)+Epik State Penalty(    1.35) =    -5.76 kcal/mol
GlideScore(   -7.58)+Epik State Penalty(    1.35) =    -6.23 kcal/mol
GlideScore(   -7.54)+Epik State Penalty(    1.35) =    -6.19 kcal/mol
GlideScore(   -6.99)+Epik State Penalty(    1.35) =    -5.64 kcal/mol
GlideScore(   -7.00)+Epik State Penalty(    1.35) =    -5.65 kcal/mol
GlideScore(   -6.66)+Epik State Penalty(    1.35) =    -5.31 kcal/mol
GlideScore(   -7.23)+Epik State Penalty(    1.35) =    -5.88 kcal/mol
GlideScore(   -6.58)+Epik State Penalty(    1.35) =    -5.23 kcal/mol
GlideScore(   -6.77)+Epik State Penalty(    1.35) =    -5.42 kcal/mol
GlideScore(   -6.82)+Epik State Penalty(    1.35) =    -5.47 kcal/mol
GlideScore(   -7.11)+Epik State Penalty(    1.35) =    -5.75 kcal/mol
GlideScore(   -6.65)+Epik State Penalty(    1.35) =    -5.30 kcal/mol
GlideScore(   -7.06)+Epik State Penalty(    1.35) =    -5.71 kcal/mol
GlideScore(   -7.33)+Epik State Penalty(    1.35) =    -5.98 kcal/mol
GlideScore(   -6.20)+Epik State Penalty(    1.35) =    -4.85 kcal/mol
GlideScore(   -7.31)+Epik State Penalty(    1.35) =    -5.96 kcal/mol
GlideScore(   -6.68)+Epik State Penalty(    1.35) =    -5.33 kcal/mol
GlideScore(   -6.37)+Epik State Penalty(    1.35) =    -5.02 kcal/mol
GlideScore(   -6.74)+Epik State Penalty(    1.35) =    -5.39 kcal/mol
GlideScore(   -6.54)+Epik State Penalty(    1.35) =    -5.19 kcal/mol
GlideScore(   -6.30)+Epik State Penalty(    1.35) =    -4.95 kcal/mol
GlideScore(   -6.62)+Epik State Penalty(    1.35) =    -5.27 kcal/mol
GlideScore(   -6.58)+Epik State Penalty(    1.35) =    -5.23 kcal/mol
GlideScore(   -6.94)+Epik State Penalty(    1.35) =    -5.59 kcal/mol
GlideScore(   -7.19)+Epik State Penalty(    1.35) =    -5.84 kcal/mol
GlideScore(   -7.03)+Epik State Penalty(    1.35) =    -5.68 kcal/mol
GlideScore(   -6.09)+Epik State Penalty(    1.35) =    -4.74 kcal/mol
GlideScore(   -6.66)+Epik State Penalty(    1.35) =    -5.31 kcal/mol
GlideScore(   -6.52)+Epik State Penalty(    1.35) =    -5.17 kcal/mol
GlideScore(   -6.14)+Epik State Penalty(    1.35) =    -4.79 kcal/mol
GlideScore(   -7.36)+Epik State Penalty(    1.35) =    -6.01 kcal/mol
GlideScore(   -6.74)+Epik State Penalty(    1.35) =    -5.39 kcal/mol
GlideScore(   -6.77)+Epik State Penalty(    1.35) =    -5.42 kcal/mol
GlideScore(   -6.84)+Epik State Penalty(    1.35) =    -5.49 kcal/mol
GlideScore(   -6.58)+Epik State Penalty(    1.35) =    -5.23 kcal/mol
GlideScore(   -6.39)+Epik State Penalty(    1.35) =    -5.03 kcal/mol
GlideScore(   -6.16)+Epik State Penalty(    1.35) =    -4.81 kcal/mol
GlideScore(   -6.10)+Epik State Penalty(    1.35) =    -4.74 kcal/mol
GlideScore(   -6.49)+Epik State Penalty(    1.35) =    -5.14 kcal/mol
GlideScore(   -6.74)+Epik State Penalty(    1.35) =    -5.39 kcal/mol
GlideScore(   -5.66)+Epik State Penalty(    1.35) =    -4.31 kcal/mol
GlideScore(   -6.54)+Epik State Penalty(    1.35) =    -5.19 kcal/mol
GlideScore(   -6.36)+Epik State Penalty(    1.35) =    -5.01 kcal/mol
GlideScore(   -5.85)+Epik State Penalty(    1.35) =    -4.50 kcal/mol
GlideScore(   -5.60)+Epik State Penalty(    1.35) =    -4.25 kcal/mol
GlideScore(   -6.94)+Epik State Penalty(    1.35) =    -5.59 kcal/mol
GlideScore(   -5.62)+Epik State Penalty(    1.35) =    -4.27 kcal/mol
GlideScore(   -6.93)+Epik State Penalty(    1.35) =    -5.58 kcal/mol
GlideScore(   -6.32)+Epik State Penalty(    1.35) =    -4.97 kcal/mol
GlideScore(   -5.70)+Epik State Penalty(    1.35) =    -4.34 kcal/mol
GlideScore(   -5.73)+Epik State Penalty(    1.35) =    -4.38 kcal/mol
GlideScore(   -5.38)+Epik State Penalty(    1.35) =    -4.03 kcal/mol
GlideScore(   -5.77)+Epik State Penalty(    1.35) =    -4.42 kcal/mol
GlideScore(   -6.35)+Epik State Penalty(    1.35) =    -5.00 kcal/mol
GlideScore(   -4.18)+Epik State Penalty(    1.35) =    -2.82 kcal/mol
GlideScore(   -5.26)+Epik State Penalty(    1.35) =    -3.91 kcal/mol
DOCKING RESULTS FOR LIGAND        2 (6HLL_lig)
Best Emodel=   -51.67 E=   -35.54 Eint=     2.08 GlideScore=    -7.64
Calling OPLS_2005 atomtyping ...
Finished parameter assignment
 Number of rotatable bonds            5
 Using templates for ring conformations.
 set icplus           9
 set icplus          11
 set icplus          14
 set icplus          16
GlideScore(   -8.14)+Epik State Penalty(    1.49) =    -6.66 kcal/mol
GlideScore(   -7.60)+Epik State Penalty(    1.49) =    -6.11 kcal/mol
GlideScore(   -7.16)+Epik State Penalty(    1.49) =    -5.68 kcal/mol
GlideScore(   -6.96)+Epik State Penalty(    1.49) =    -5.48 kcal/mol
GlideScore(   -7.17)+Epik State Penalty(    1.49) =    -5.68 kcal/mol
GlideScore(   -7.70)+Epik State Penalty(    1.49) =    -6.21 kcal/mol
GlideScore(   -8.23)+Epik State Penalty(    1.49) =    -6.74 kcal/mol
GlideScore(   -8.16)+Epik State Penalty(    1.49) =    -6.67 kcal/mol
GlideScore(   -7.40)+Epik State Penalty(    1.49) =    -5.91 kcal/mol
GlideScore(   -7.91)+Epik State Penalty(    1.49) =    -6.42 kcal/mol
GlideScore(   -7.50)+Epik State Penalty(    1.49) =    -6.01 kcal/mol
GlideScore(   -7.46)+Epik State Penalty(    1.49) =    -5.98 kcal/mol
GlideScore(   -7.18)+Epik State Penalty(    1.49) =    -5.70 kcal/mol
GlideScore(   -7.23)+Epik State Penalty(    1.49) =    -5.74 kcal/mol
GlideScore(   -6.72)+Epik State Penalty(    1.49) =    -5.24 kcal/mol
GlideScore(   -7.38)+Epik State Penalty(    1.49) =    -5.89 kcal/mol
GlideScore(   -7.32)+Epik State Penalty(    1.49) =    -5.84 kcal/mol
GlideScore(   -7.42)+Epik State Penalty(    1.49) =    -5.93 kcal/mol
GlideScore(   -7.54)+Epik State Penalty(    1.49) =    -6.06 kcal/mol
GlideScore(   -7.23)+Epik State Penalty(    1.49) =    -5.74 kcal/mol
GlideScore(   -7.27)+Epik State Penalty(    1.49) =    -5.78 kcal/mol
GlideScore(   -6.76)+Epik State Penalty(    1.49) =    -5.27 kcal/mol
GlideScore(   -7.27)+Epik State Penalty(    1.49) =    -5.78 kcal/mol
GlideScore(   -7.34)+Epik State Penalty(    1.49) =    -5.86 kcal/mol
GlideScore(   -6.99)+Epik State Penalty(    1.49) =    -5.50 kcal/mol
GlideScore(   -7.46)+Epik State Penalty(    1.49) =    -5.97 kcal/mol
GlideScore(   -7.08)+Epik State Penalty(    1.49) =    -5.59 kcal/mol
GlideScore(   -7.42)+Epik State Penalty(    1.49) =    -5.94 kcal/mol
GlideScore(   -6.93)+Epik State Penalty(    1.49) =    -5.45 kcal/mol
GlideScore(   -7.09)+Epik State Penalty(    1.49) =    -5.60 kcal/mol
GlideScore(   -7.14)+Epik State Penalty(    1.49) =    -5.66 kcal/mol
GlideScore(   -7.30)+Epik State Penalty(    1.49) =    -5.81 kcal/mol
GlideScore(   -7.07)+Epik State Penalty(    1.49) =    -5.58 kcal/mol
GlideScore(   -6.54)+Epik State Penalty(    1.49) =    -5.06 kcal/mol
GlideScore(   -6.94)+Epik State Penalty(    1.49) =    -5.45 kcal/mol
GlideScore(   -7.25)+Epik State Penalty(    1.49) =    -5.76 kcal/mol
GlideScore(   -7.09)+Epik State Penalty(    1.49) =    -5.60 kcal/mol
GlideScore(   -6.69)+Epik State Penalty(    1.49) =    -5.20 kcal/mol
GlideScore(   -6.86)+Epik State Penalty(    1.49) =    -5.37 kcal/mol
GlideScore(   -7.09)+Epik State Penalty(    1.49) =    -5.60 kcal/mol
GlideScore(   -6.71)+Epik State Penalty(    1.49) =    -5.22 kcal/mol
GlideScore(   -6.52)+Epik State Penalty(    1.49) =    -5.03 kcal/mol
GlideScore(   -6.82)+Epik State Penalty(    1.49) =    -5.33 kcal/mol
GlideScore(   -6.68)+Epik State Penalty(    1.49) =    -5.19 kcal/mol
GlideScore(   -6.94)+Epik State Penalty(    1.49) =    -5.46 kcal/mol
GlideScore(   -6.78)+Epik State Penalty(    1.49) =    -5.29 kcal/mol
GlideScore(   -7.48)+Epik State Penalty(    1.49) =    -5.99 kcal/mol
GlideScore(   -7.50)+Epik State Penalty(    1.49) =    -6.01 kcal/mol
GlideScore(   -6.32)+Epik State Penalty(    1.49) =    -4.83 kcal/mol
GlideScore(   -6.91)+Epik State Penalty(    1.49) =    -5.42 kcal/mol
GlideScore(   -7.18)+Epik State Penalty(    1.49) =    -5.70 kcal/mol
GlideScore(   -6.68)+Epik State Penalty(    1.49) =    -5.19 kcal/mol
GlideScore(   -6.52)+Epik State Penalty(    1.49) =    -5.04 kcal/mol
GlideScore(   -6.88)+Epik State Penalty(    1.49) =    -5.39 kcal/mol
GlideScore(   -7.34)+Epik State Penalty(    1.49) =    -5.85 kcal/mol
GlideScore(   -6.17)+Epik State Penalty(    1.49) =    -4.69 kcal/mol
GlideScore(   -6.52)+Epik State Penalty(    1.49) =    -5.03 kcal/mol
GlideScore(   -7.21)+Epik State Penalty(    1.49) =    -5.72 kcal/mol
GlideScore(   -6.41)+Epik State Penalty(    1.49) =    -4.92 kcal/mol
GlideScore(   -6.39)+Epik State Penalty(    1.49) =    -4.90 kcal/mol
GlideScore(   -7.66)+Epik State Penalty(    1.49) =    -6.17 kcal/mol
GlideScore(   -6.65)+Epik State Penalty(    1.49) =    -5.16 kcal/mol
GlideScore(   -6.08)+Epik State Penalty(    1.49) =    -4.59 kcal/mol
GlideScore(   -6.68)+Epik State Penalty(    1.49) =    -5.19 kcal/mol
GlideScore(   -6.34)+Epik State Penalty(    1.49) =    -4.85 kcal/mol
GlideScore(   -6.83)+Epik State Penalty(    1.49) =    -5.35 kcal/mol
GlideScore(   -6.97)+Epik State Penalty(    1.49) =    -5.48 kcal/mol
GlideScore(   -6.29)+Epik State Penalty(    1.49) =    -4.80 kcal/mol
GlideScore(   -6.68)+Epik State Penalty(    1.49) =    -5.19 kcal/mol
GlideScore(   -6.52)+Epik State Penalty(    1.49) =    -5.03 kcal/mol
GlideScore(   -7.30)+Epik State Penalty(    1.49) =    -5.82 kcal/mol
GlideScore(   -6.26)+Epik State Penalty(    1.49) =    -4.77 kcal/mol
GlideScore(   -6.47)+Epik State Penalty(    1.49) =    -4.98 kcal/mol
GlideScore(   -4.85)+Epik State Penalty(    1.49) =    -3.36 kcal/mol
GlideScore(   -5.68)+Epik State Penalty(    1.49) =    -4.20 kcal/mol
GlideScore(   -6.06)+Epik State Penalty(    1.49) =    -4.58 kcal/mol
GlideScore(   -6.43)+Epik State Penalty(    1.49) =    -4.94 kcal/mol
GlideScore(   -6.62)+Epik State Penalty(    1.49) =    -5.14 kcal/mol
GlideScore(   -6.99)+Epik State Penalty(    1.49) =    -5.50 kcal/mol
GlideScore(   -7.16)+Epik State Penalty(    1.49) =    -5.68 kcal/mol
GlideScore(   -4.39)+Epik State Penalty(    1.49) =    -2.90 kcal/mol
GlideScore(   -4.39)+Epik State Penalty(    1.49) =    -2.91 kcal/mol
GlideScore(   -4.35)+Epik State Penalty(    1.49) =    -2.86 kcal/mol
GlideScore(   -5.43)+Epik State Penalty(    1.49) =    -3.94 kcal/mol
DOCKING RESULTS FOR LIGAND        3 (6HLL_lig)
Best Emodel=   -54.66 E=   -35.38 Eint=     2.70 GlideScore=    -8.14
Calling OPLS_2005 atomtyping ...
Finished parameter assignment
 Number of rotatable bonds            5
 Using templates for ring conformations.
GlideScore(   -8.27)+Epik State Penalty(    2.04) =    -6.23 kcal/mol
GlideScore(   -7.34)+Epik State Penalty(    2.04) =    -5.30 kcal/mol
GlideScore(   -7.66)+Epik State Penalty(    2.04) =    -5.62 kcal/mol
GlideScore(   -7.14)+Epik State Penalty(    2.04) =    -5.09 kcal/mol
GlideScore(   -7.36)+Epik State Penalty(    2.04) =    -5.32 kcal/mol
GlideScore(   -7.75)+Epik State Penalty(    2.04) =    -5.71 kcal/mol
GlideScore(   -7.59)+Epik State Penalty(    2.04) =    -5.54 kcal/mol
GlideScore(   -7.54)+Epik State Penalty(    2.04) =    -5.50 kcal/mol
GlideScore(   -7.22)+Epik State Penalty(    2.04) =    -5.18 kcal/mol
GlideScore(   -7.42)+Epik State Penalty(    2.04) =    -5.38 kcal/mol
GlideScore(   -7.15)+Epik State Penalty(    2.04) =    -5.11 kcal/mol
GlideScore(   -7.22)+Epik State Penalty(    2.04) =    -5.18 kcal/mol
GlideScore(   -7.09)+Epik State Penalty(    2.04) =    -5.05 kcal/mol
GlideScore(   -7.04)+Epik State Penalty(    2.04) =    -5.00 kcal/mol
GlideScore(   -7.26)+Epik State Penalty(    2.04) =    -5.22 kcal/mol
GlideScore(   -6.97)+Epik State Penalty(    2.04) =    -4.93 kcal/mol
GlideScore(   -6.96)+Epik State Penalty(    2.04) =    -4.92 kcal/mol
GlideScore(   -7.05)+Epik State Penalty(    2.04) =    -5.01 kcal/mol
GlideScore(   -6.70)+Epik State Penalty(    2.04) =    -4.65 kcal/mol
GlideScore(   -6.99)+Epik State Penalty(    2.04) =    -4.95 kcal/mol
GlideScore(   -7.36)+Epik State Penalty(    2.04) =    -5.32 kcal/mol
GlideScore(   -6.71)+Epik State Penalty(    2.04) =    -4.67 kcal/mol
GlideScore(   -7.41)+Epik State Penalty(    2.04) =    -5.37 kcal/mol
GlideScore(   -6.51)+Epik State Penalty(    2.04) =    -4.47 kcal/mol
GlideScore(   -6.71)+Epik State Penalty(    2.04) =    -4.66 kcal/mol
GlideScore(   -6.75)+Epik State Penalty(    2.04) =    -4.71 kcal/mol
GlideScore(   -6.47)+Epik State Penalty(    2.04) =    -4.43 kcal/mol
GlideScore(   -7.02)+Epik State Penalty(    2.04) =    -4.97 kcal/mol
GlideScore(   -6.93)+Epik State Penalty(    2.04) =    -4.89 kcal/mol
GlideScore(   -6.42)+Epik State Penalty(    2.04) =    -4.38 kcal/mol
GlideScore(   -6.46)+Epik State Penalty(    2.04) =    -4.41 kcal/mol
GlideScore(   -6.74)+Epik State Penalty(    2.04) =    -4.70 kcal/mol
GlideScore(   -6.51)+Epik State Penalty(    2.04) =    -4.47 kcal/mol
GlideScore(   -7.67)+Epik State Penalty(    2.04) =    -5.63 kcal/mol
GlideScore(   -6.46)+Epik State Penalty(    2.04) =    -4.42 kcal/mol
GlideScore(   -6.30)+Epik State Penalty(    2.04) =    -4.26 kcal/mol
GlideScore(   -6.45)+Epik State Penalty(    2.04) =    -4.41 kcal/mol
GlideScore(   -7.25)+Epik State Penalty(    2.04) =    -5.21 kcal/mol
GlideScore(   -6.57)+Epik State Penalty(    2.04) =    -4.53 kcal/mol
GlideScore(   -7.15)+Epik State Penalty(    2.04) =    -5.11 kcal/mol
GlideScore(   -6.97)+Epik State Penalty(    2.04) =    -4.93 kcal/mol
GlideScore(   -6.24)+Epik State Penalty(    2.04) =    -4.20 kcal/mol
GlideScore(   -6.76)+Epik State Penalty(    2.04) =    -4.72 kcal/mol
GlideScore(   -6.61)+Epik State Penalty(    2.04) =    -4.57 kcal/mol
GlideScore(   -6.53)+Epik State Penalty(    2.04) =    -4.49 kcal/mol
GlideScore(   -6.90)+Epik State Penalty(    2.04) =    -4.86 kcal/mol
GlideScore(   -6.78)+Epik State Penalty(    2.04) =    -4.74 kcal/mol
GlideScore(   -6.66)+Epik State Penalty(    2.04) =    -4.62 kcal/mol
GlideScore(   -6.27)+Epik State Penalty(    2.04) =    -4.22 kcal/mol
GlideScore(   -6.95)+Epik State Penalty(    2.04) =    -4.90 kcal/mol
GlideScore(   -6.55)+Epik State Penalty(    2.04) =    -4.51 kcal/mol
GlideScore(   -6.36)+Epik State Penalty(    2.04) =    -4.32 kcal/mol
GlideScore(   -7.24)+Epik State Penalty(    2.04) =    -5.20 kcal/mol
GlideScore(   -6.51)+Epik State Penalty(    2.04) =    -4.46 kcal/mol
GlideScore(   -7.48)+Epik State Penalty(    2.04) =    -5.44 kcal/mol
GlideScore(   -6.26)+Epik State Penalty(    2.04) =    -4.22 kcal/mol
GlideScore(   -7.12)+Epik State Penalty(    2.04) =    -5.07 kcal/mol
GlideScore(   -7.28)+Epik State Penalty(    2.04) =    -5.24 kcal/mol
GlideScore(   -7.05)+Epik State Penalty(    2.04) =    -5.00 kcal/mol
GlideScore(   -6.49)+Epik State Penalty(    2.04) =    -4.45 kcal/mol
GlideScore(   -6.26)+Epik State Penalty(    2.04) =    -4.22 kcal/mol
GlideScore(   -6.36)+Epik State Penalty(    2.04) =    -4.32 kcal/mol
GlideScore(   -6.45)+Epik State Penalty(    2.04) =    -4.41 kcal/mol
GlideScore(   -6.17)+Epik State Penalty(    2.04) =    -4.13 kcal/mol
GlideScore(   -6.09)+Epik State Penalty(    2.04) =    -4.05 kcal/mol
GlideScore(   -6.26)+Epik State Penalty(    2.04) =    -4.22 kcal/mol
GlideScore(   -6.64)+Epik State Penalty(    2.04) =    -4.59 kcal/mol
GlideScore(   -7.20)+Epik State Penalty(    2.04) =    -5.16 kcal/mol
GlideScore(   -7.04)+Epik State Penalty(    2.04) =    -5.00 kcal/mol
GlideScore(   -5.90)+Epik State Penalty(    2.04) =    -3.86 kcal/mol
GlideScore(   -6.38)+Epik State Penalty(    2.04) =    -4.34 kcal/mol
GlideScore(   -5.90)+Epik State Penalty(    2.04) =    -3.86 kcal/mol
GlideScore(   -5.55)+Epik State Penalty(    2.04) =    -3.50 kcal/mol
GlideScore(   -6.68)+Epik State Penalty(    2.04) =    -4.64 kcal/mol
GlideScore(   -6.35)+Epik State Penalty(    2.04) =    -4.31 kcal/mol
GlideScore(   -6.85)+Epik State Penalty(    2.04) =    -4.81 kcal/mol
GlideScore(   -7.08)+Epik State Penalty(    2.04) =    -5.03 kcal/mol
GlideScore(   -5.84)+Epik State Penalty(    2.04) =    -3.80 kcal/mol
GlideScore(   -6.00)+Epik State Penalty(    2.04) =    -3.95 kcal/mol
GlideScore(   -5.91)+Epik State Penalty(    2.04) =    -3.87 kcal/mol
GlideScore(   -5.87)+Epik State Penalty(    2.04) =    -3.83 kcal/mol
GlideScore(   -6.67)+Epik State Penalty(    2.04) =    -4.62 kcal/mol
GlideScore(   -6.56)+Epik State Penalty(    2.04) =    -4.52 kcal/mol
GlideScore(   -7.39)+Epik State Penalty(    2.04) =    -5.34 kcal/mol
GlideScore(   -6.19)+Epik State Penalty(    2.04) =    -4.14 kcal/mol
GlideScore(   -6.85)+Epik State Penalty(    2.04) =    -4.81 kcal/mol
GlideScore(   -6.69)+Epik State Penalty(    2.04) =    -4.65 kcal/mol
GlideScore(   -6.67)+Epik State Penalty(    2.04) =    -4.63 kcal/mol
GlideScore(   -6.27)+Epik State Penalty(    2.04) =    -4.23 kcal/mol
GlideScore(   -5.96)+Epik State Penalty(    2.04) =    -3.91 kcal/mol
GlideScore(   -5.75)+Epik State Penalty(    2.04) =    -3.71 kcal/mol
DOCKING RESULTS FOR LIGAND        4 (6HLL_lig)
Best Emodel=   -54.73 E=   -38.67 Eint=     6.35 GlideScore=    -8.27

Glide is executing the glide_sort command.
Command-line equivalent is:
 "/share/software/user/restricted/schrodinger/2021-1/utilities/glide_sort" -n 0 -o "6HLL_lig-to-AF_6E59_pv.maegz"   -hbond_cut 0.00 -cvdw_cut 0.00 -metal_cut 10.00 -gscore_cut 100.00 -dscore_cut 100.00 "6HLL_lig-to-AF_6E59_raw.maegz"
REPORT OF BEST 350 POSES

The receptor and sorted ligand structures were written to the file
6HLL_lig-to-AF_6E59_pv.maegz  for use in the Pose Viewer.

Final rankings based on original docking score
0 poses were rejected by the energy filters,
    Coul+vdw Energy <=     0.0    Hbond Interaction <=     0.0    Metal Interaction <=    10.0    GlideScore <=   100.0    Docking Score <=   100.0
(If any of the above properties is not defined for a given pose,
the corresponding filter is not applied to that pose.)


glide_sort command succeeded.  Pose file 6HLL_lig-to-AF_6E59_pv.maegz was written.

Exiting Glide
Date: Friday, December 09 2022, at 02:58:02 PST
CPU time (s): 187.2 user, 1.4 system, 193.0 real
Total elapsed time = 193 seconds (3 minutes, 13 seconds)
