Glide version 90161 (mmshare version 53161)
mmshare         2cb27f0eb7
glide-src       1e5ffd4733
psp-src         6c93e2fe77
macromodel-src  d47a6cf2e1
epik-src        46d635d642

Copyright (c) Schrodinger, LLC.
All Rights Reserved.

--------------------------------------------------------------------------------
JobId          : sh02-10n50-0-639315ab
Name           : 6J20_lig-to-AF_6E59
Program        : Glide
Host           : sh02-10n50.int
Dir            : /home/users/jwang003/glosa_mods/NK1R/docking/6J20_lig-to-AF_6E59
HostEntry      : localhost
JobHost        : sh02-10n50.int
JobDir         : /home/users/jwang003/glosa_mods/NK1R/docking/6J20_lig-to-AF_6E59
JobSchrodinger : /share/software/user/restricted/schrodinger/2021-1
Commandline    : /share/software/user/restricted/schrodinger/2021-1/glide -WAIT -LOCAL -RESTART 6J20_lig-to-AF_6E59.in
StartTime      : 2022-12-09-03:02:03
--------------------------------------------------------------------------------

 VdW radii of ligand atoms scaled by   0.800000000000000     
 Charge cutoff for polarity   0.150000000000000     
For enhanced sampling, increasing funnel width parameter MAXKEEP by a factor of 4 (number of samples), to 20000
 After readscreen, (nx, ny, nz) = (          30 ,           30 ,           30 ).
  Receptor setup: (nsites, nx, ny, nz, bsize)=(         512 ,           30 , 
          30 ,           30 ,    1.00000000000000      ).
 Screening setup finished.
 DOCKMAIN: getting receptor.
  DOCKMAIN after grid: (nx, ny, nz) = (          80 ,           80 , 
          80 ).
 DOCKMAIN: Grid setup finished
Calling OPLS_2005 atomtyping ...
Finished parameter assignment

Reading torsion control file '/share/software/user/restricted/schrodinger/2021-1/glide-v9.0/bin/Linux-x86_64/../../data/torcontrol.txt':
  
  Using generalized torsion control 
  
 Number of rotatable bonds            8
 Using templates for ring conformations.
 Too many confs in count          63          62
For enhanced sampling, increasing funnel width parameter MAXREF by a factor of 4 (number of samples), to 1600

GlideScore version SP5.0 will be used

  
 Buried polar penalty      0.000
 Coulomb vdW cutoff        0.000
 H bond cutoff             0.000
 Metal-ligand cutoff      10.000
Assigning GlideScore SP5.0 parameters
Postdocking minimization: 100 poses; CvdW cutoffs   100.0 kcal/mol for min,     0.0 kcal/mol for report.
GlideScore(   -8.11)+Epik State Penalty(   -0.00) =    -8.11 kcal/mol
GlideScore(   -7.50)+Epik State Penalty(   -0.00) =    -7.50 kcal/mol
GlideScore(   -7.95)+Epik State Penalty(   -0.00) =    -7.95 kcal/mol
GlideScore(   -7.73)+Epik State Penalty(   -0.00) =    -7.73 kcal/mol
GlideScore(   -7.27)+Epik State Penalty(   -0.00) =    -7.27 kcal/mol
GlideScore(   -7.74)+Epik State Penalty(   -0.00) =    -7.74 kcal/mol
GlideScore(   -6.67)+Epik State Penalty(   -0.00) =    -6.67 kcal/mol
GlideScore(   -7.14)+Epik State Penalty(   -0.00) =    -7.14 kcal/mol
GlideScore(   -6.91)+Epik State Penalty(   -0.00) =    -6.91 kcal/mol
GlideScore(   -7.40)+Epik State Penalty(   -0.00) =    -7.40 kcal/mol
GlideScore(   -7.40)+Epik State Penalty(   -0.00) =    -7.40 kcal/mol
GlideScore(   -8.41)+Epik State Penalty(   -0.00) =    -8.41 kcal/mol
GlideScore(   -7.33)+Epik State Penalty(   -0.00) =    -7.33 kcal/mol
GlideScore(   -7.35)+Epik State Penalty(   -0.00) =    -7.35 kcal/mol
GlideScore(   -6.83)+Epik State Penalty(   -0.00) =    -6.83 kcal/mol
GlideScore(   -7.37)+Epik State Penalty(   -0.00) =    -7.37 kcal/mol
GlideScore(   -6.61)+Epik State Penalty(   -0.00) =    -6.61 kcal/mol
GlideScore(   -7.62)+Epik State Penalty(   -0.00) =    -7.62 kcal/mol
GlideScore(   -6.85)+Epik State Penalty(   -0.00) =    -6.85 kcal/mol
GlideScore(   -6.06)+Epik State Penalty(   -0.00) =    -6.06 kcal/mol
GlideScore(   -6.79)+Epik State Penalty(   -0.00) =    -6.79 kcal/mol
GlideScore(   -6.23)+Epik State Penalty(   -0.00) =    -6.23 kcal/mol
GlideScore(   -5.84)+Epik State Penalty(   -0.00) =    -5.84 kcal/mol
GlideScore(   -4.92)+Epik State Penalty(   -0.00) =    -4.92 kcal/mol
GlideScore(   -6.55)+Epik State Penalty(   -0.00) =    -6.55 kcal/mol
GlideScore(   -6.63)+Epik State Penalty(   -0.00) =    -6.63 kcal/mol
GlideScore(   -6.75)+Epik State Penalty(   -0.00) =    -6.75 kcal/mol
GlideScore(   -5.50)+Epik State Penalty(   -0.00) =    -5.50 kcal/mol
GlideScore(   -4.87)+Epik State Penalty(   -0.00) =    -4.87 kcal/mol
GlideScore(   -4.48)+Epik State Penalty(   -0.00) =    -4.48 kcal/mol
GlideScore(   -6.18)+Epik State Penalty(   -0.00) =    -6.18 kcal/mol
GlideScore(   -7.63)+Epik State Penalty(   -0.00) =    -7.63 kcal/mol
GlideScore(   -6.54)+Epik State Penalty(   -0.00) =    -6.54 kcal/mol
GlideScore(   -6.17)+Epik State Penalty(   -0.00) =    -6.17 kcal/mol
GlideScore(   -4.85)+Epik State Penalty(   -0.00) =    -4.85 kcal/mol
GlideScore(   -7.30)+Epik State Penalty(   -0.00) =    -7.30 kcal/mol
GlideScore(   -5.57)+Epik State Penalty(   -0.00) =    -5.57 kcal/mol
GlideScore(   -5.28)+Epik State Penalty(   -0.00) =    -5.28 kcal/mol
GlideScore(   -6.22)+Epik State Penalty(   -0.00) =    -6.22 kcal/mol
GlideScore(   -4.59)+Epik State Penalty(   -0.00) =    -4.59 kcal/mol
GlideScore(   -4.25)+Epik State Penalty(   -0.00) =    -4.25 kcal/mol
GlideScore(   -4.65)+Epik State Penalty(   -0.00) =    -4.65 kcal/mol
GlideScore(   -5.27)+Epik State Penalty(   -0.00) =    -5.27 kcal/mol
GlideScore(   -6.37)+Epik State Penalty(   -0.00) =    -6.37 kcal/mol
GlideScore(   -5.15)+Epik State Penalty(   -0.00) =    -5.15 kcal/mol
GlideScore(   -5.01)+Epik State Penalty(   -0.00) =    -5.01 kcal/mol
GlideScore(   -3.93)+Epik State Penalty(   -0.00) =    -3.93 kcal/mol
GlideScore(   -3.77)+Epik State Penalty(   -0.00) =    -3.77 kcal/mol
GlideScore(   -4.78)+Epik State Penalty(   -0.00) =    -4.78 kcal/mol
GlideScore(   -4.40)+Epik State Penalty(   -0.00) =    -4.40 kcal/mol
GlideScore(   -4.89)+Epik State Penalty(   -0.00) =    -4.89 kcal/mol
GlideScore(   -6.37)+Epik State Penalty(   -0.00) =    -6.37 kcal/mol
GlideScore(   -5.30)+Epik State Penalty(   -0.00) =    -5.30 kcal/mol
GlideScore(   -4.61)+Epik State Penalty(   -0.00) =    -4.61 kcal/mol
GlideScore(   -4.50)+Epik State Penalty(   -0.00) =    -4.50 kcal/mol
GlideScore(   -4.17)+Epik State Penalty(   -0.00) =    -4.17 kcal/mol
GlideScore(   -3.84)+Epik State Penalty(   -0.00) =    -3.84 kcal/mol
GlideScore(   -4.65)+Epik State Penalty(   -0.00) =    -4.65 kcal/mol
GlideScore(   -3.94)+Epik State Penalty(   -0.00) =    -3.94 kcal/mol
GlideScore(   -4.80)+Epik State Penalty(   -0.00) =    -4.80 kcal/mol
GlideScore(   -4.21)+Epik State Penalty(   -0.00) =    -4.21 kcal/mol
GlideScore(   -4.14)+Epik State Penalty(   -0.00) =    -4.14 kcal/mol
GlideScore(   -4.32)+Epik State Penalty(   -0.00) =    -4.32 kcal/mol
GlideScore(   -4.22)+Epik State Penalty(   -0.00) =    -4.22 kcal/mol
GlideScore(   -4.10)+Epik State Penalty(   -0.00) =    -4.10 kcal/mol
GlideScore(   -4.16)+Epik State Penalty(   -0.00) =    -4.16 kcal/mol
GlideScore(   -4.13)+Epik State Penalty(   -0.00) =    -4.13 kcal/mol
GlideScore(   -3.82)+Epik State Penalty(   -0.00) =    -3.82 kcal/mol
GlideScore(   -4.24)+Epik State Penalty(   -0.00) =    -4.24 kcal/mol
GlideScore(   -4.35)+Epik State Penalty(   -0.00) =    -4.35 kcal/mol
GlideScore(   -4.01)+Epik State Penalty(   -0.00) =    -4.01 kcal/mol
GlideScore(   -3.95)+Epik State Penalty(   -0.00) =    -3.95 kcal/mol
GlideScore(   -4.25)+Epik State Penalty(   -0.00) =    -4.25 kcal/mol
GlideScore(   -3.89)+Epik State Penalty(   -0.00) =    -3.89 kcal/mol
GlideScore(   -4.46)+Epik State Penalty(   -0.00) =    -4.46 kcal/mol
GlideScore(   -4.02)+Epik State Penalty(   -0.00) =    -4.02 kcal/mol
GlideScore(   -4.86)+Epik State Penalty(   -0.00) =    -4.86 kcal/mol
GlideScore(   -3.71)+Epik State Penalty(   -0.00) =    -3.71 kcal/mol
GlideScore(   -4.58)+Epik State Penalty(   -0.00) =    -4.58 kcal/mol
GlideScore(   -3.15)+Epik State Penalty(   -0.00) =    -3.15 kcal/mol
GlideScore(   -3.73)+Epik State Penalty(   -0.00) =    -3.73 kcal/mol
GlideScore(   -4.98)+Epik State Penalty(   -0.00) =    -4.98 kcal/mol
GlideScore(   -3.60)+Epik State Penalty(   -0.00) =    -3.60 kcal/mol
GlideScore(   -3.05)+Epik State Penalty(   -0.00) =    -3.05 kcal/mol
DOCKING RESULTS FOR LIGAND        1 (6J20_lig)
Best Emodel=   -72.31 E=   -52.74 Eint=    11.55 GlideScore=    -8.11

Glide is executing the glide_sort command.
Command-line equivalent is:
 "/share/software/user/restricted/schrodinger/2021-1/utilities/glide_sort" -n 0 -o "6J20_lig-to-AF_6E59_pv.maegz"   -hbond_cut 0.00 -cvdw_cut 0.00 -metal_cut 10.00 -gscore_cut 100.00 -dscore_cut 100.00 "6J20_lig-to-AF_6E59_raw.maegz"
REPORT OF BEST 84 POSES

The receptor and sorted ligand structures were written to the file
6J20_lig-to-AF_6E59_pv.maegz  for use in the Pose Viewer.

Final rankings based on original docking score
0 poses were rejected by the energy filters,
    Coul+vdw Energy <=     0.0    Hbond Interaction <=     0.0    Metal Interaction <=    10.0    GlideScore <=   100.0    Docking Score <=   100.0
(If any of the above properties is not defined for a given pose,
the corresponding filter is not applied to that pose.)


glide_sort command succeeded.  Pose file 6J20_lig-to-AF_6E59_pv.maegz was written.

Exiting Glide
Date: Friday, December 09 2022, at 03:03:02 PST
CPU time (s): 48.6 user, 5.9 system, 56.2 real
Total elapsed time = 56 seconds
