Glide version 90161 (mmshare version 53161)
mmshare         2cb27f0eb7
glide-src       1e5ffd4733
psp-src         6c93e2fe77
macromodel-src  d47a6cf2e1
epik-src        46d635d642

Copyright (c) Schrodinger, LLC.
All Rights Reserved.

--------------------------------------------------------------------------------
JobId          : sh03-ln06-0-63941892
Name           : 7E2Y_lig-to-AF_7E2Y
Program        : Glide
Host           : sh03-ln06.stanford.edu
Dir            : /home/users/jwang003/glosa_mods/5HT1A/docking/7E2Y_lig-to-AF_7E2Y
HostEntry      : localhost
JobHost        : sh03-ln06.stanford.edu
JobDir         : /home/users/jwang003/glosa_mods/5HT1A/docking/7E2Y_lig-to-AF_7E2Y
JobSchrodinger : /share/software/user/restricted/schrodinger/2021-1
Commandline    : /share/software/user/restricted/schrodinger/2021-1/glide -WAIT -LOCAL -RESTART 7E2Y_lig-to-AF_7E2Y.in
StartTime      : 2022-12-09-21:26:42
--------------------------------------------------------------------------------

 VdW radii of ligand atoms scaled by   0.800000000000000     
 Charge cutoff for polarity   0.150000000000000     
For enhanced sampling, increasing funnel width parameter MAXKEEP by a factor of 4 (number of samples), to 20000
 After readscreen, (nx, ny, nz) = (          30 ,           30 ,           30 ).
  Receptor setup: (nsites, nx, ny, nz, bsize)=(         512 ,           30 , 
          30 ,           30 ,    1.00000000000000      ).
 Screening setup finished.
 DOCKMAIN: getting receptor.
  DOCKMAIN after grid: (nx, ny, nz) = (          80 ,           80 , 
          80 ).
 DOCKMAIN: Grid setup finished
Calling OPLS_2005 atomtyping ...
Finished parameter assignment

Reading torsion control file '/share/software/user/restricted/schrodinger/2021-1/glide-v9.0/bin/Linux-x86_64/../../data/torcontrol.txt':
  
  Using generalized torsion control 
  
 Number of rotatable bonds            3
 Using templates for ring conformations.
For enhanced sampling, increasing funnel width parameter MAXREF by a factor of 4 (number of samples), to 1600

GlideScore version SP5.0 will be used

  
 Buried polar penalty      0.000
 Coulomb vdW cutoff        0.000
 H bond cutoff             0.000
 Metal-ligand cutoff      10.000
Assigning GlideScore SP5.0 parameters
 set icplus          12
Postdocking minimization: 100 poses; CvdW cutoffs   100.0 kcal/mol for min,     0.0 kcal/mol for report.
GlideScore(   -7.41)+Epik State Penalty(   -0.00) =    -7.41 kcal/mol
GlideScore(   -7.52)+Epik State Penalty(   -0.00) =    -7.52 kcal/mol
GlideScore(   -8.03)+Epik State Penalty(   -0.00) =    -8.03 kcal/mol
GlideScore(   -7.18)+Epik State Penalty(   -0.00) =    -7.18 kcal/mol
GlideScore(   -6.90)+Epik State Penalty(   -0.00) =    -6.90 kcal/mol
GlideScore(   -6.90)+Epik State Penalty(   -0.00) =    -6.90 kcal/mol
GlideScore(   -7.01)+Epik State Penalty(   -0.00) =    -7.01 kcal/mol
GlideScore(   -7.86)+Epik State Penalty(   -0.00) =    -7.86 kcal/mol
GlideScore(   -6.64)+Epik State Penalty(   -0.00) =    -6.64 kcal/mol
GlideScore(   -6.51)+Epik State Penalty(   -0.00) =    -6.51 kcal/mol
GlideScore(   -6.44)+Epik State Penalty(   -0.00) =    -6.44 kcal/mol
GlideScore(   -6.57)+Epik State Penalty(   -0.00) =    -6.57 kcal/mol
GlideScore(   -6.87)+Epik State Penalty(   -0.00) =    -6.87 kcal/mol
GlideScore(   -6.95)+Epik State Penalty(   -0.00) =    -6.95 kcal/mol
GlideScore(   -6.93)+Epik State Penalty(   -0.00) =    -6.93 kcal/mol
GlideScore(   -6.52)+Epik State Penalty(   -0.00) =    -6.52 kcal/mol
GlideScore(   -7.30)+Epik State Penalty(   -0.00) =    -7.30 kcal/mol
GlideScore(   -7.43)+Epik State Penalty(   -0.00) =    -7.43 kcal/mol
GlideScore(   -6.32)+Epik State Penalty(   -0.00) =    -6.32 kcal/mol
GlideScore(   -6.22)+Epik State Penalty(   -0.00) =    -6.22 kcal/mol
GlideScore(   -6.27)+Epik State Penalty(   -0.00) =    -6.27 kcal/mol
GlideScore(   -6.44)+Epik State Penalty(   -0.00) =    -6.44 kcal/mol
GlideScore(   -6.81)+Epik State Penalty(   -0.00) =    -6.81 kcal/mol
GlideScore(   -6.60)+Epik State Penalty(   -0.00) =    -6.60 kcal/mol
GlideScore(   -6.19)+Epik State Penalty(   -0.00) =    -6.19 kcal/mol
GlideScore(   -6.57)+Epik State Penalty(   -0.00) =    -6.57 kcal/mol
GlideScore(   -6.47)+Epik State Penalty(   -0.00) =    -6.47 kcal/mol
GlideScore(   -6.83)+Epik State Penalty(   -0.00) =    -6.83 kcal/mol
GlideScore(   -6.61)+Epik State Penalty(   -0.00) =    -6.61 kcal/mol
GlideScore(   -6.20)+Epik State Penalty(   -0.00) =    -6.20 kcal/mol
GlideScore(   -6.14)+Epik State Penalty(   -0.00) =    -6.14 kcal/mol
GlideScore(   -5.98)+Epik State Penalty(   -0.00) =    -5.98 kcal/mol
GlideScore(   -6.09)+Epik State Penalty(   -0.00) =    -6.09 kcal/mol
GlideScore(   -6.32)+Epik State Penalty(   -0.00) =    -6.32 kcal/mol
GlideScore(   -6.59)+Epik State Penalty(   -0.00) =    -6.59 kcal/mol
GlideScore(   -5.65)+Epik State Penalty(   -0.00) =    -5.65 kcal/mol
GlideScore(   -6.25)+Epik State Penalty(   -0.00) =    -6.25 kcal/mol
GlideScore(   -6.06)+Epik State Penalty(   -0.00) =    -6.06 kcal/mol
GlideScore(   -6.13)+Epik State Penalty(   -0.00) =    -6.13 kcal/mol
GlideScore(   -6.04)+Epik State Penalty(   -0.00) =    -6.04 kcal/mol
GlideScore(   -5.94)+Epik State Penalty(   -0.00) =    -5.94 kcal/mol
GlideScore(   -5.78)+Epik State Penalty(   -0.00) =    -5.78 kcal/mol
GlideScore(   -6.01)+Epik State Penalty(   -0.00) =    -6.01 kcal/mol
GlideScore(   -6.34)+Epik State Penalty(   -0.00) =    -6.34 kcal/mol
GlideScore(   -6.07)+Epik State Penalty(   -0.00) =    -6.07 kcal/mol
GlideScore(   -5.76)+Epik State Penalty(   -0.00) =    -5.76 kcal/mol
GlideScore(   -6.38)+Epik State Penalty(   -0.00) =    -6.38 kcal/mol
GlideScore(   -5.67)+Epik State Penalty(   -0.00) =    -5.67 kcal/mol
GlideScore(   -6.73)+Epik State Penalty(   -0.00) =    -6.73 kcal/mol
GlideScore(   -6.26)+Epik State Penalty(   -0.00) =    -6.26 kcal/mol
GlideScore(   -6.43)+Epik State Penalty(   -0.00) =    -6.43 kcal/mol
GlideScore(   -6.15)+Epik State Penalty(   -0.00) =    -6.15 kcal/mol
GlideScore(   -5.66)+Epik State Penalty(   -0.00) =    -5.66 kcal/mol
GlideScore(   -5.49)+Epik State Penalty(   -0.00) =    -5.49 kcal/mol
GlideScore(   -6.06)+Epik State Penalty(   -0.00) =    -6.06 kcal/mol
GlideScore(   -5.87)+Epik State Penalty(   -0.00) =    -5.87 kcal/mol
GlideScore(   -5.50)+Epik State Penalty(   -0.00) =    -5.50 kcal/mol
GlideScore(   -6.05)+Epik State Penalty(   -0.00) =    -6.05 kcal/mol
GlideScore(   -5.40)+Epik State Penalty(   -0.00) =    -5.40 kcal/mol
GlideScore(   -4.85)+Epik State Penalty(   -0.00) =    -4.85 kcal/mol
GlideScore(   -5.55)+Epik State Penalty(   -0.00) =    -5.55 kcal/mol
GlideScore(   -5.62)+Epik State Penalty(   -0.00) =    -5.62 kcal/mol
GlideScore(   -5.42)+Epik State Penalty(   -0.00) =    -5.42 kcal/mol
GlideScore(   -5.38)+Epik State Penalty(   -0.00) =    -5.38 kcal/mol
GlideScore(   -5.74)+Epik State Penalty(   -0.00) =    -5.74 kcal/mol
GlideScore(   -5.32)+Epik State Penalty(   -0.00) =    -5.32 kcal/mol
GlideScore(   -5.32)+Epik State Penalty(   -0.00) =    -5.32 kcal/mol
GlideScore(   -5.87)+Epik State Penalty(   -0.00) =    -5.87 kcal/mol
GlideScore(   -4.55)+Epik State Penalty(   -0.00) =    -4.55 kcal/mol
GlideScore(   -5.35)+Epik State Penalty(   -0.00) =    -5.35 kcal/mol
GlideScore(   -4.53)+Epik State Penalty(   -0.00) =    -4.53 kcal/mol
GlideScore(   -4.19)+Epik State Penalty(   -0.00) =    -4.19 kcal/mol
GlideScore(   -5.86)+Epik State Penalty(   -0.00) =    -5.86 kcal/mol
GlideScore(   -5.15)+Epik State Penalty(   -0.00) =    -5.15 kcal/mol
GlideScore(   -4.48)+Epik State Penalty(   -0.00) =    -4.48 kcal/mol
GlideScore(   -3.98)+Epik State Penalty(   -0.00) =    -3.98 kcal/mol
GlideScore(   -4.05)+Epik State Penalty(   -0.00) =    -4.05 kcal/mol
GlideScore(   -4.03)+Epik State Penalty(   -0.00) =    -4.03 kcal/mol
GlideScore(   -5.25)+Epik State Penalty(   -0.00) =    -5.25 kcal/mol
GlideScore(   -4.10)+Epik State Penalty(   -0.00) =    -4.10 kcal/mol
GlideScore(   -3.86)+Epik State Penalty(   -0.00) =    -3.86 kcal/mol
DOCKING RESULTS FOR LIGAND        1 (7E2Y_lig)
Best Emodel=   -58.12 E=   -35.31 Eint=     1.00 GlideScore=    -7.41

Glide is executing the glide_sort command.
Command-line equivalent is:
 "/share/software/user/restricted/schrodinger/2021-1/utilities/glide_sort" -n 0 -o "7E2Y_lig-to-AF_7E2Y_pv.maegz"   -hbond_cut 0.00 -cvdw_cut 0.00 -metal_cut 10.00 -gscore_cut 100.00 -dscore_cut 100.00 "7E2Y_lig-to-AF_7E2Y_raw.maegz"
REPORT OF BEST 81 POSES

The receptor and sorted ligand structures were written to the file
7E2Y_lig-to-AF_7E2Y_pv.maegz  for use in the Pose Viewer.

Final rankings based on original docking score
0 poses were rejected by the energy filters,
    Coul+vdw Energy <=     0.0    Hbond Interaction <=     0.0    Metal Interaction <=    10.0    GlideScore <=   100.0    Docking Score <=   100.0
(If any of the above properties is not defined for a given pose,
the corresponding filter is not applied to that pose.)


glide_sort command succeeded.  Pose file 7E2Y_lig-to-AF_7E2Y_pv.maegz was written.

Exiting Glide
Date: Friday, December 09 2022, at 21:26:54 PST
CPU time (s): 9.1 user, 0.3 system, 10.2 real
Total elapsed time = 10 seconds
