Glide version 90161 (mmshare version 53161)
mmshare         2cb27f0eb7
glide-src       1e5ffd4733
psp-src         6c93e2fe77
macromodel-src  d47a6cf2e1
epik-src        46d635d642

Copyright (c) Schrodinger, LLC.
All Rights Reserved.

--------------------------------------------------------------------------------
JobId          : sh02-17n08-0-63931397
Name           : 7JVQ_lig-to-AF_7CKW
Program        : Glide
Host           : sh02-17n08.int
Dir            : /home/users/jwang003/glosa_mods/DRD1/docking/7JVQ_lig-to-AF_7CKW
HostEntry      : localhost
JobHost        : sh02-17n08.int
JobDir         : /home/users/jwang003/glosa_mods/DRD1/docking/7JVQ_lig-to-AF_7CKW
JobSchrodinger : /share/software/user/restricted/schrodinger/2021-1
Commandline    : /share/software/user/restricted/schrodinger/2021-1/glide -WAIT -LOCAL -RESTART 7JVQ_lig-to-AF_7CKW.in
StartTime      : 2022-12-09-02:53:12
--------------------------------------------------------------------------------

 VdW radii of ligand atoms scaled by   0.800000000000000     
 Charge cutoff for polarity   0.150000000000000     
For enhanced sampling, increasing funnel width parameter MAXKEEP by a factor of 4 (number of samples), to 20000
 After readscreen, (nx, ny, nz) = (          30 ,           30 ,           30 ).
  Receptor setup: (nsites, nx, ny, nz, bsize)=(         512 ,           30 , 
          30 ,           30 ,    1.00000000000000      ).
 Screening setup finished.
 DOCKMAIN: getting receptor.
  DOCKMAIN after grid: (nx, ny, nz) = (          80 ,           80 , 
          80 ).
 DOCKMAIN: Grid setup finished
Calling OPLS_2005 atomtyping ...
Finished parameter assignment

Reading torsion control file '/share/software/user/restricted/schrodinger/2021-1/glide-v9.0/bin/Linux-x86_64/../../data/torcontrol.txt':
  
  Using generalized torsion control 
  
 Number of rotatable bonds            2
 Failed to generate ring conformations.
 Will use conformations from input structure.
 set bad on ringconf
For enhanced sampling, increasing funnel width parameter MAXREF by a factor of 4 (number of samples), to 1600

GlideScore version SP5.0 will be used

  
 Buried polar penalty      0.000
 Coulomb vdW cutoff        0.000
 H bond cutoff             0.000
 Metal-ligand cutoff      10.000
Assigning GlideScore SP5.0 parameters
 set icplus           9
 set icplus          11
 set icplus          12
Postdocking minimization: 100 poses; CvdW cutoffs   100.0 kcal/mol for min,     0.0 kcal/mol for report.
GlideScore(   -7.99)+Epik State Penalty(    0.04) =    -7.94 kcal/mol
GlideScore(   -8.20)+Epik State Penalty(    0.04) =    -8.16 kcal/mol
GlideScore(   -8.08)+Epik State Penalty(    0.04) =    -8.04 kcal/mol
GlideScore(   -8.04)+Epik State Penalty(    0.04) =    -7.99 kcal/mol
GlideScore(   -7.92)+Epik State Penalty(    0.04) =    -7.88 kcal/mol
GlideScore(   -7.84)+Epik State Penalty(    0.04) =    -7.80 kcal/mol
GlideScore(   -8.13)+Epik State Penalty(    0.04) =    -8.08 kcal/mol
GlideScore(   -7.09)+Epik State Penalty(    0.04) =    -7.05 kcal/mol
GlideScore(   -7.10)+Epik State Penalty(    0.04) =    -7.06 kcal/mol
GlideScore(   -7.50)+Epik State Penalty(    0.04) =    -7.46 kcal/mol
GlideScore(   -6.70)+Epik State Penalty(    0.04) =    -6.66 kcal/mol
GlideScore(   -6.53)+Epik State Penalty(    0.04) =    -6.49 kcal/mol
GlideScore(   -6.82)+Epik State Penalty(    0.04) =    -6.78 kcal/mol
GlideScore(   -6.71)+Epik State Penalty(    0.04) =    -6.67 kcal/mol
GlideScore(   -6.47)+Epik State Penalty(    0.04) =    -6.43 kcal/mol
GlideScore(   -6.51)+Epik State Penalty(    0.04) =    -6.47 kcal/mol
GlideScore(   -6.68)+Epik State Penalty(    0.04) =    -6.63 kcal/mol
GlideScore(   -6.68)+Epik State Penalty(    0.04) =    -6.63 kcal/mol
GlideScore(   -6.95)+Epik State Penalty(    0.04) =    -6.91 kcal/mol
GlideScore(   -6.42)+Epik State Penalty(    0.04) =    -6.37 kcal/mol
GlideScore(   -6.95)+Epik State Penalty(    0.04) =    -6.91 kcal/mol
GlideScore(   -5.89)+Epik State Penalty(    0.04) =    -5.85 kcal/mol
GlideScore(   -5.76)+Epik State Penalty(    0.04) =    -5.72 kcal/mol
GlideScore(   -5.82)+Epik State Penalty(    0.04) =    -5.78 kcal/mol
GlideScore(   -6.89)+Epik State Penalty(    0.04) =    -6.84 kcal/mol
GlideScore(   -5.83)+Epik State Penalty(    0.04) =    -5.79 kcal/mol
GlideScore(   -6.12)+Epik State Penalty(    0.04) =    -6.07 kcal/mol
GlideScore(   -5.58)+Epik State Penalty(    0.04) =    -5.54 kcal/mol
GlideScore(   -5.65)+Epik State Penalty(    0.04) =    -5.61 kcal/mol
GlideScore(   -4.04)+Epik State Penalty(    0.04) =    -4.00 kcal/mol
GlideScore(   -5.09)+Epik State Penalty(    0.04) =    -5.05 kcal/mol
GlideScore(   -4.63)+Epik State Penalty(    0.04) =    -4.59 kcal/mol
GlideScore(   -3.68)+Epik State Penalty(    0.04) =    -3.64 kcal/mol
GlideScore(10000.00)+Epik State Penalty(    0.04) = 10000.04 kcal/mol
GlideScore(10000.00)+Epik State Penalty(    0.04) = 10000.04 kcal/mol
GlideScore(10000.00)+Epik State Penalty(    0.04) = 10000.04 kcal/mol
GlideScore(10000.00)+Epik State Penalty(    0.04) = 10000.04 kcal/mol
GlideScore(10000.00)+Epik State Penalty(    0.04) = 10000.04 kcal/mol
GlideScore(10000.00)+Epik State Penalty(    0.04) = 10000.04 kcal/mol
GlideScore(10000.00)+Epik State Penalty(    0.04) = 10000.04 kcal/mol
GlideScore(10000.00)+Epik State Penalty(    0.04) = 10000.04 kcal/mol
DOCKING RESULTS FOR LIGAND        1 (7JVQ_lig)
Best Emodel=   -59.48 E=   -36.54 Eint=     0.07 GlideScore=    -7.99
Calling OPLS_2005 atomtyping ...
Finished parameter assignment
 Number of rotatable bonds            2
 Failed to generate ring conformations.
 Will use conformations from input structure.
 set bad on ringconf
 set icplus           9
 set icplus          11
 set icplus          12
GlideScore(   -7.09)+Epik State Penalty(    0.04) =    -7.05 kcal/mol
GlideScore(   -7.96)+Epik State Penalty(    0.04) =    -7.91 kcal/mol
GlideScore(   -6.88)+Epik State Penalty(    0.04) =    -6.83 kcal/mol
GlideScore(   -7.21)+Epik State Penalty(    0.04) =    -7.16 kcal/mol
GlideScore(   -7.64)+Epik State Penalty(    0.04) =    -7.60 kcal/mol
GlideScore(   -7.04)+Epik State Penalty(    0.04) =    -7.00 kcal/mol
GlideScore(   -6.99)+Epik State Penalty(    0.04) =    -6.95 kcal/mol
GlideScore(   -6.99)+Epik State Penalty(    0.04) =    -6.94 kcal/mol
GlideScore(   -6.92)+Epik State Penalty(    0.04) =    -6.87 kcal/mol
GlideScore(   -7.50)+Epik State Penalty(    0.04) =    -7.45 kcal/mol
GlideScore(   -6.36)+Epik State Penalty(    0.04) =    -6.32 kcal/mol
GlideScore(   -7.21)+Epik State Penalty(    0.04) =    -7.16 kcal/mol
GlideScore(   -6.92)+Epik State Penalty(    0.04) =    -6.87 kcal/mol
GlideScore(   -6.83)+Epik State Penalty(    0.04) =    -6.79 kcal/mol
GlideScore(   -7.17)+Epik State Penalty(    0.04) =    -7.13 kcal/mol
GlideScore(   -6.33)+Epik State Penalty(    0.04) =    -6.28 kcal/mol
GlideScore(   -7.25)+Epik State Penalty(    0.04) =    -7.21 kcal/mol
GlideScore(   -6.85)+Epik State Penalty(    0.04) =    -6.81 kcal/mol
GlideScore(   -6.20)+Epik State Penalty(    0.04) =    -6.16 kcal/mol
GlideScore(   -7.19)+Epik State Penalty(    0.04) =    -7.14 kcal/mol
GlideScore(   -6.78)+Epik State Penalty(    0.04) =    -6.74 kcal/mol
GlideScore(   -7.17)+Epik State Penalty(    0.04) =    -7.12 kcal/mol
GlideScore(   -7.51)+Epik State Penalty(    0.04) =    -7.46 kcal/mol
GlideScore(   -7.43)+Epik State Penalty(    0.04) =    -7.38 kcal/mol
GlideScore(   -6.43)+Epik State Penalty(    0.04) =    -6.38 kcal/mol
GlideScore(   -6.84)+Epik State Penalty(    0.04) =    -6.80 kcal/mol
GlideScore(   -6.32)+Epik State Penalty(    0.04) =    -6.28 kcal/mol
GlideScore(   -6.74)+Epik State Penalty(    0.04) =    -6.69 kcal/mol
GlideScore(   -6.37)+Epik State Penalty(    0.04) =    -6.33 kcal/mol
GlideScore(   -6.77)+Epik State Penalty(    0.04) =    -6.73 kcal/mol
GlideScore(   -6.00)+Epik State Penalty(    0.04) =    -5.96 kcal/mol
GlideScore(   -5.63)+Epik State Penalty(    0.04) =    -5.58 kcal/mol
GlideScore(   -6.07)+Epik State Penalty(    0.04) =    -6.02 kcal/mol
GlideScore(   -7.10)+Epik State Penalty(    0.04) =    -7.06 kcal/mol
GlideScore(   -5.85)+Epik State Penalty(    0.04) =    -5.81 kcal/mol
GlideScore(   -5.64)+Epik State Penalty(    0.04) =    -5.59 kcal/mol
GlideScore(   -5.14)+Epik State Penalty(    0.04) =    -5.09 kcal/mol
GlideScore(   -5.61)+Epik State Penalty(    0.04) =    -5.57 kcal/mol
GlideScore(   -5.59)+Epik State Penalty(    0.04) =    -5.55 kcal/mol
GlideScore(   -5.55)+Epik State Penalty(    0.04) =    -5.50 kcal/mol
GlideScore(   -4.19)+Epik State Penalty(    0.04) =    -4.15 kcal/mol
GlideScore(   -5.16)+Epik State Penalty(    0.04) =    -5.12 kcal/mol
GlideScore(   -6.03)+Epik State Penalty(    0.04) =    -5.99 kcal/mol
GlideScore(   -5.18)+Epik State Penalty(    0.04) =    -5.13 kcal/mol
GlideScore(   -5.28)+Epik State Penalty(    0.04) =    -5.24 kcal/mol
GlideScore(   -5.34)+Epik State Penalty(    0.04) =    -5.29 kcal/mol
GlideScore(   -5.80)+Epik State Penalty(    0.04) =    -5.76 kcal/mol
GlideScore(   -5.03)+Epik State Penalty(    0.04) =    -4.99 kcal/mol
GlideScore(   -4.39)+Epik State Penalty(    0.04) =    -4.35 kcal/mol
GlideScore(   -5.00)+Epik State Penalty(    0.04) =    -4.95 kcal/mol
GlideScore(10000.00)+Epik State Penalty(    0.04) = 10000.04 kcal/mol
GlideScore(10000.00)+Epik State Penalty(    0.04) = 10000.04 kcal/mol
GlideScore(10000.00)+Epik State Penalty(    0.04) = 10000.04 kcal/mol
GlideScore(10000.00)+Epik State Penalty(    0.04) = 10000.04 kcal/mol
GlideScore(10000.00)+Epik State Penalty(    0.04) = 10000.04 kcal/mol
GlideScore(10000.00)+Epik State Penalty(    0.04) = 10000.04 kcal/mol
GlideScore(10000.00)+Epik State Penalty(    0.04) = 10000.04 kcal/mol
DOCKING RESULTS FOR LIGAND        2 (7JVQ_lig)
Best Emodel=   -47.86 E=   -34.91 Eint=     0.01 GlideScore=    -7.09
Calling OPLS_2005 atomtyping ...
Finished parameter assignment
 Number of rotatable bonds            2
 Failed to generate ring conformations.
 Will use conformations from input structure.
 set bad on ringconf
GlideScore(   -7.78)+Epik State Penalty(    1.56) =    -6.22 kcal/mol
GlideScore(   -7.86)+Epik State Penalty(    1.56) =    -6.30 kcal/mol
GlideScore(   -7.41)+Epik State Penalty(    1.56) =    -5.85 kcal/mol
GlideScore(   -7.68)+Epik State Penalty(    1.56) =    -6.11 kcal/mol
GlideScore(   -6.71)+Epik State Penalty(    1.56) =    -5.15 kcal/mol
GlideScore(   -7.46)+Epik State Penalty(    1.56) =    -5.89 kcal/mol
GlideScore(   -7.36)+Epik State Penalty(    1.56) =    -5.79 kcal/mol
GlideScore(   -7.07)+Epik State Penalty(    1.56) =    -5.51 kcal/mol
GlideScore(   -6.55)+Epik State Penalty(    1.56) =    -4.99 kcal/mol
GlideScore(   -6.65)+Epik State Penalty(    1.56) =    -5.09 kcal/mol
GlideScore(   -7.19)+Epik State Penalty(    1.56) =    -5.62 kcal/mol
GlideScore(   -6.59)+Epik State Penalty(    1.56) =    -5.02 kcal/mol
GlideScore(   -6.45)+Epik State Penalty(    1.56) =    -4.89 kcal/mol
GlideScore(   -6.53)+Epik State Penalty(    1.56) =    -4.97 kcal/mol
GlideScore(   -6.43)+Epik State Penalty(    1.56) =    -4.86 kcal/mol
GlideScore(   -7.28)+Epik State Penalty(    1.56) =    -5.72 kcal/mol
GlideScore(   -6.40)+Epik State Penalty(    1.56) =    -4.83 kcal/mol
GlideScore(   -6.71)+Epik State Penalty(    1.56) =    -5.15 kcal/mol
GlideScore(   -7.16)+Epik State Penalty(    1.56) =    -5.60 kcal/mol
GlideScore(   -6.59)+Epik State Penalty(    1.56) =    -5.02 kcal/mol
GlideScore(   -6.22)+Epik State Penalty(    1.56) =    -4.66 kcal/mol
GlideScore(   -6.31)+Epik State Penalty(    1.56) =    -4.75 kcal/mol
GlideScore(   -5.93)+Epik State Penalty(    1.56) =    -4.37 kcal/mol
GlideScore(   -6.56)+Epik State Penalty(    1.56) =    -5.00 kcal/mol
GlideScore(   -6.93)+Epik State Penalty(    1.56) =    -5.37 kcal/mol
GlideScore(   -6.54)+Epik State Penalty(    1.56) =    -4.97 kcal/mol
GlideScore(   -6.58)+Epik State Penalty(    1.56) =    -5.01 kcal/mol
GlideScore(   -6.09)+Epik State Penalty(    1.56) =    -4.53 kcal/mol
GlideScore(   -6.04)+Epik State Penalty(    1.56) =    -4.48 kcal/mol
GlideScore(   -6.22)+Epik State Penalty(    1.56) =    -4.66 kcal/mol
GlideScore(   -5.66)+Epik State Penalty(    1.56) =    -4.10 kcal/mol
GlideScore(   -6.00)+Epik State Penalty(    1.56) =    -4.44 kcal/mol
GlideScore(   -5.64)+Epik State Penalty(    1.56) =    -4.07 kcal/mol
GlideScore(   -6.12)+Epik State Penalty(    1.56) =    -4.56 kcal/mol
GlideScore(   -6.27)+Epik State Penalty(    1.56) =    -4.71 kcal/mol
GlideScore(   -4.94)+Epik State Penalty(    1.56) =    -3.38 kcal/mol
GlideScore(   -5.37)+Epik State Penalty(    1.56) =    -3.80 kcal/mol
GlideScore(   -6.05)+Epik State Penalty(    1.56) =    -4.49 kcal/mol
GlideScore(   -5.40)+Epik State Penalty(    1.56) =    -3.83 kcal/mol
GlideScore(   -6.43)+Epik State Penalty(    1.56) =    -4.87 kcal/mol
GlideScore(   -5.65)+Epik State Penalty(    1.56) =    -4.09 kcal/mol
GlideScore(   -6.55)+Epik State Penalty(    1.56) =    -4.98 kcal/mol
GlideScore(   -5.64)+Epik State Penalty(    1.56) =    -4.08 kcal/mol
GlideScore(   -6.25)+Epik State Penalty(    1.56) =    -4.69 kcal/mol
GlideScore(   -3.88)+Epik State Penalty(    1.56) =    -2.31 kcal/mol
GlideScore(   -3.75)+Epik State Penalty(    1.56) =    -2.18 kcal/mol
GlideScore(   -5.00)+Epik State Penalty(    1.56) =    -3.43 kcal/mol
GlideScore(   -4.63)+Epik State Penalty(    1.56) =    -3.06 kcal/mol
GlideScore(   -3.81)+Epik State Penalty(    1.56) =    -2.24 kcal/mol
GlideScore(   -4.51)+Epik State Penalty(    1.56) =    -2.95 kcal/mol
GlideScore(   -4.12)+Epik State Penalty(    1.56) =    -2.55 kcal/mol
GlideScore(   -3.24)+Epik State Penalty(    1.56) =    -1.67 kcal/mol
GlideScore(   -4.12)+Epik State Penalty(    1.56) =    -2.56 kcal/mol
GlideScore(   -3.54)+Epik State Penalty(    1.56) =    -1.98 kcal/mol
GlideScore(10000.00)+Epik State Penalty(    1.56) = 10001.56 kcal/mol
GlideScore(10000.00)+Epik State Penalty(    1.56) = 10001.56 kcal/mol
GlideScore(10000.00)+Epik State Penalty(    1.56) = 10001.56 kcal/mol
GlideScore(10000.00)+Epik State Penalty(    1.56) = 10001.56 kcal/mol
GlideScore(10000.00)+Epik State Penalty(    1.56) = 10001.56 kcal/mol
GlideScore(10000.00)+Epik State Penalty(    1.56) = 10001.56 kcal/mol
DOCKING RESULTS FOR LIGAND        3 (7JVQ_lig)
Best Emodel=   -50.03 E=   -35.90 Eint=     3.39 GlideScore=    -7.78

Glide is executing the glide_sort command.
Command-line equivalent is:
 "/share/software/user/restricted/schrodinger/2021-1/utilities/glide_sort" -n 0 -o "7JVQ_lig-to-AF_7CKW_pv.maegz"   -hbond_cut 0.00 -cvdw_cut 0.00 -metal_cut 10.00 -gscore_cut 100.00 -dscore_cut 100.00 "7JVQ_lig-to-AF_7CKW_raw.maegz"
REPORT OF BEST 136 POSES

The receptor and sorted ligand structures were written to the file
7JVQ_lig-to-AF_7CKW_pv.maegz  for use in the Pose Viewer.

Final rankings based on original docking score
22 poses were rejected by the energy filters,
    Coul+vdw Energy <=     0.0    Hbond Interaction <=     0.0    Metal Interaction <=    10.0    GlideScore <=   100.0    Docking Score <=   100.0
(If any of the above properties is not defined for a given pose,
the corresponding filter is not applied to that pose.)


glide_sort command succeeded.  Pose file 7JVQ_lig-to-AF_7CKW_pv.maegz was written.

Exiting Glide
Date: Friday, December 09 2022, at 02:53:52 PST
CPU time (s): 27.1 user, 0.4 system, 31.3 real
Total elapsed time = 31 seconds
