Glide version 90161 (mmshare version 53161)
mmshare         2cb27f0eb7
glide-src       1e5ffd4733
psp-src         6c93e2fe77
macromodel-src  d47a6cf2e1
epik-src        46d635d642

Copyright (c) Schrodinger, LLC.
All Rights Reserved.

--------------------------------------------------------------------------------
JobId          : sh02-10n10-0-6393119a
Name           : 6AK3_lig-to-AF_6AK3
Program        : Glide
Host           : sh02-10n10.int
Dir            : /home/users/jwang003/glosa_mods/PE2R3/docking/6AK3_lig-to-AF_6AK3
HostEntry      : localhost
JobHost        : sh02-10n10.int
JobDir         : /home/users/jwang003/glosa_mods/PE2R3/docking/6AK3_lig-to-AF_6AK3
JobSchrodinger : /share/software/user/restricted/schrodinger/2021-1
Commandline    : /share/software/user/restricted/schrodinger/2021-1/glide -WAIT -LOCAL -RESTART 6AK3_lig-to-AF_6AK3.in
StartTime      : 2022-12-09-02:44:43
--------------------------------------------------------------------------------

 VdW radii of ligand atoms scaled by   0.800000000000000     
 Charge cutoff for polarity   0.150000000000000     
For enhanced sampling, increasing funnel width parameter MAXKEEP by a factor of 4 (number of samples), to 20000
 After readscreen, (nx, ny, nz) = (          30 ,           30 ,           30 ).
  Receptor setup: (nsites, nx, ny, nz, bsize)=(         512 ,           30 , 
          30 ,           30 ,    1.00000000000000      ).
 Screening setup finished.
 DOCKMAIN: getting receptor.
  DOCKMAIN after grid: (nx, ny, nz) = (          80 ,           80 , 
          80 ).
 DOCKMAIN: Grid setup finished
Calling OPLS_2005 atomtyping ...
Finished parameter assignment

Reading torsion control file '/share/software/user/restricted/schrodinger/2021-1/glide-v9.0/bin/Linux-x86_64/../../data/torcontrol.txt':
  
  Using generalized torsion control 
  
 Number of rotatable bonds           14
 Using templates for ring conformations.
For enhanced sampling, increasing funnel width parameter MAXREF by a factor of 4 (number of samples), to 1600

GlideScore version SP5.0 will be used

  
 Buried polar penalty      0.000
 Coulomb vdW cutoff        0.000
 H bond cutoff             0.000
 Metal-ligand cutoff      10.000
Assigning GlideScore SP5.0 parameters
Postdocking minimization: 100 poses; CvdW cutoffs   100.0 kcal/mol for min,     0.0 kcal/mol for report.
GlideScore(   -8.25)+Epik State Penalty(    0.00) =    -8.24 kcal/mol
GlideScore(   -8.26)+Epik State Penalty(    0.00) =    -8.26 kcal/mol
GlideScore(   -7.14)+Epik State Penalty(    0.00) =    -7.13 kcal/mol
GlideScore(   -7.71)+Epik State Penalty(    0.00) =    -7.71 kcal/mol
GlideScore(   -7.55)+Epik State Penalty(    0.00) =    -7.55 kcal/mol
GlideScore(   -8.09)+Epik State Penalty(    0.00) =    -8.09 kcal/mol
GlideScore(   -7.64)+Epik State Penalty(    0.00) =    -7.64 kcal/mol
GlideScore(   -7.87)+Epik State Penalty(    0.00) =    -7.86 kcal/mol
GlideScore(   -7.41)+Epik State Penalty(    0.00) =    -7.40 kcal/mol
GlideScore(   -7.84)+Epik State Penalty(    0.00) =    -7.84 kcal/mol
GlideScore(   -7.25)+Epik State Penalty(    0.00) =    -7.25 kcal/mol
GlideScore(   -7.36)+Epik State Penalty(    0.00) =    -7.36 kcal/mol
GlideScore(   -7.30)+Epik State Penalty(    0.00) =    -7.29 kcal/mol
GlideScore(   -8.07)+Epik State Penalty(    0.00) =    -8.06 kcal/mol
GlideScore(   -8.75)+Epik State Penalty(    0.00) =    -8.74 kcal/mol
GlideScore(   -7.54)+Epik State Penalty(    0.00) =    -7.54 kcal/mol
GlideScore(   -7.20)+Epik State Penalty(    0.00) =    -7.20 kcal/mol
GlideScore(   -7.27)+Epik State Penalty(    0.00) =    -7.27 kcal/mol
GlideScore(   -6.79)+Epik State Penalty(    0.00) =    -6.78 kcal/mol
GlideScore(   -7.28)+Epik State Penalty(    0.00) =    -7.27 kcal/mol
GlideScore(   -7.53)+Epik State Penalty(    0.00) =    -7.53 kcal/mol
GlideScore(   -7.41)+Epik State Penalty(    0.00) =    -7.41 kcal/mol
GlideScore(   -7.96)+Epik State Penalty(    0.00) =    -7.95 kcal/mol
GlideScore(   -8.48)+Epik State Penalty(    0.00) =    -8.48 kcal/mol
GlideScore(   -7.97)+Epik State Penalty(    0.00) =    -7.97 kcal/mol
GlideScore(   -7.28)+Epik State Penalty(    0.00) =    -7.28 kcal/mol
GlideScore(   -6.79)+Epik State Penalty(    0.00) =    -6.79 kcal/mol
GlideScore(   -6.19)+Epik State Penalty(    0.00) =    -6.19 kcal/mol
GlideScore(   -6.61)+Epik State Penalty(    0.00) =    -6.60 kcal/mol
GlideScore(   -6.31)+Epik State Penalty(    0.00) =    -6.31 kcal/mol
GlideScore(   -6.34)+Epik State Penalty(    0.00) =    -6.33 kcal/mol
GlideScore(   -5.85)+Epik State Penalty(    0.00) =    -5.84 kcal/mol
GlideScore(   -6.80)+Epik State Penalty(    0.00) =    -6.80 kcal/mol
GlideScore(   -6.21)+Epik State Penalty(    0.00) =    -6.21 kcal/mol
GlideScore(   -6.13)+Epik State Penalty(    0.00) =    -6.13 kcal/mol
GlideScore(   -5.55)+Epik State Penalty(    0.00) =    -5.55 kcal/mol
GlideScore(   -6.15)+Epik State Penalty(    0.00) =    -6.15 kcal/mol
GlideScore(   -6.09)+Epik State Penalty(    0.00) =    -6.08 kcal/mol
GlideScore(   -5.59)+Epik State Penalty(    0.00) =    -5.58 kcal/mol
GlideScore(   -5.37)+Epik State Penalty(    0.00) =    -5.37 kcal/mol
GlideScore(   -7.00)+Epik State Penalty(    0.00) =    -7.00 kcal/mol
GlideScore(   -5.26)+Epik State Penalty(    0.00) =    -5.26 kcal/mol
GlideScore(   -5.93)+Epik State Penalty(    0.00) =    -5.93 kcal/mol
GlideScore(   -6.33)+Epik State Penalty(    0.00) =    -6.32 kcal/mol
GlideScore(   -6.00)+Epik State Penalty(    0.00) =    -6.00 kcal/mol
GlideScore(   -5.56)+Epik State Penalty(    0.00) =    -5.56 kcal/mol
GlideScore(   -5.50)+Epik State Penalty(    0.00) =    -5.50 kcal/mol
GlideScore(   -5.93)+Epik State Penalty(    0.00) =    -5.93 kcal/mol
GlideScore(   -5.01)+Epik State Penalty(    0.00) =    -5.01 kcal/mol
GlideScore(   -5.82)+Epik State Penalty(    0.00) =    -5.82 kcal/mol
GlideScore(   -5.23)+Epik State Penalty(    0.00) =    -5.23 kcal/mol
GlideScore(   -5.53)+Epik State Penalty(    0.00) =    -5.52 kcal/mol
GlideScore(   -6.26)+Epik State Penalty(    0.00) =    -6.26 kcal/mol
GlideScore(   -6.18)+Epik State Penalty(    0.00) =    -6.18 kcal/mol
GlideScore(   -5.39)+Epik State Penalty(    0.00) =    -5.38 kcal/mol
GlideScore(   -6.02)+Epik State Penalty(    0.00) =    -6.02 kcal/mol
GlideScore(   -5.15)+Epik State Penalty(    0.00) =    -5.15 kcal/mol
GlideScore(   -5.64)+Epik State Penalty(    0.00) =    -5.64 kcal/mol
GlideScore(   -5.04)+Epik State Penalty(    0.00) =    -5.04 kcal/mol
GlideScore(   -5.22)+Epik State Penalty(    0.00) =    -5.22 kcal/mol
GlideScore(   -5.93)+Epik State Penalty(    0.00) =    -5.93 kcal/mol
GlideScore(   -5.44)+Epik State Penalty(    0.00) =    -5.43 kcal/mol
GlideScore(   -5.04)+Epik State Penalty(    0.00) =    -5.04 kcal/mol
GlideScore(   -4.96)+Epik State Penalty(    0.00) =    -4.95 kcal/mol
GlideScore(   -4.53)+Epik State Penalty(    0.00) =    -4.52 kcal/mol
GlideScore(   -6.22)+Epik State Penalty(    0.00) =    -6.22 kcal/mol
GlideScore(   -4.04)+Epik State Penalty(    0.00) =    -4.03 kcal/mol
GlideScore(   -4.61)+Epik State Penalty(    0.00) =    -4.61 kcal/mol
GlideScore(   -4.18)+Epik State Penalty(    0.00) =    -4.18 kcal/mol
GlideScore(   -1.57)+Epik State Penalty(    0.00) =    -1.57 kcal/mol
GlideScore(   -3.56)+Epik State Penalty(    0.00) =    -3.55 kcal/mol
GlideScore(   -1.01)+Epik State Penalty(    0.00) =    -1.01 kcal/mol
GlideScore(   -1.23)+Epik State Penalty(    0.00) =    -1.22 kcal/mol
GlideScore(10000.00)+Epik State Penalty(    0.00) = 10000.00 kcal/mol
DOCKING RESULTS FOR LIGAND        1 (6AK3_lig)
Best Emodel=   -70.62 E=   -44.86 Eint=     6.75 GlideScore=    -8.25

Glide is executing the glide_sort command.
Command-line equivalent is:
 "/share/software/user/restricted/schrodinger/2021-1/utilities/glide_sort" -n 0 -o "6AK3_lig-to-AF_6AK3_pv.maegz"   -hbond_cut 0.00 -cvdw_cut 0.00 -metal_cut 10.00 -gscore_cut 100.00 -dscore_cut 100.00 "6AK3_lig-to-AF_6AK3_raw.maegz"
REPORT OF BEST 73 POSES

The receptor and sorted ligand structures were written to the file
6AK3_lig-to-AF_6AK3_pv.maegz  for use in the Pose Viewer.

Final rankings based on original docking score
1 poses were rejected by the energy filters,
    Coul+vdw Energy <=     0.0    Hbond Interaction <=     0.0    Metal Interaction <=    10.0    GlideScore <=   100.0    Docking Score <=   100.0
(If any of the above properties is not defined for a given pose,
the corresponding filter is not applied to that pose.)


glide_sort command succeeded.  Pose file 6AK3_lig-to-AF_6AK3_pv.maegz was written.

Exiting Glide
Date: Friday, December 09 2022, at 02:46:43 PST
CPU time (s): 94.8 user, 20.8 system, 118.2 real
Total elapsed time = 118 seconds (1 minutes, 58 seconds)
