Glide version 90161 (mmshare version 53161)
mmshare         2cb27f0eb7
glide-src       1e5ffd4733
psp-src         6c93e2fe77
macromodel-src  d47a6cf2e1
epik-src        46d635d642

Copyright (c) Schrodinger, LLC.
All Rights Reserved.

--------------------------------------------------------------------------------
JobId          : sh03-ln04-0-637361af
Name           : 6A94_lig-to-AF_6A93
Program        : Glide
Host           : sh03-ln04.stanford.edu
Dir            : /home/users/jwang003/glosa_mods/5HT2A/docking/6A94_lig-to-AF_6A93
HostEntry      : localhost
JobHost        : sh03-ln04.stanford.edu
JobDir         : /home/users/jwang003/glosa_mods/5HT2A/docking/6A94_lig-to-AF_6A93
JobSchrodinger : /share/software/user/restricted/schrodinger/2021-1
Commandline    : /share/software/user/restricted/schrodinger/2021-1/glide -WAIT -LOCAL -RESTART 6A94_lig-to-AF_6A93.in
StartTime      : 2022-11-15-01:53:51
--------------------------------------------------------------------------------

 VdW radii of ligand atoms scaled by   0.800000000000000     
 Charge cutoff for polarity   0.150000000000000     
For enhanced sampling, increasing funnel width parameter MAXKEEP by a factor of 4 (number of samples), to 20000
 After readscreen, (nx, ny, nz) = (          30 ,           30 ,           30 ).
  Receptor setup: (nsites, nx, ny, nz, bsize)=(         512 ,           30 , 
          30 ,           30 ,    1.00000000000000      ).
 Screening setup finished.
 DOCKMAIN: getting receptor.
  DOCKMAIN after grid: (nx, ny, nz) = (          80 ,           80 , 
          80 ).
 DOCKMAIN: Grid setup finished
Calling OPLS_2005 atomtyping ...
Finished parameter assignment

Reading torsion control file '/share/software/user/restricted/schrodinger/2021-1/glide-v9.0/bin/Linux-x86_64/../../data/torcontrol.txt':
  
  Using generalized torsion control 
  
 Number of rotatable bonds            4
 Using templates for ring conformations.
For enhanced sampling, increasing funnel width parameter MAXREF by a factor of 4 (number of samples), to 1600

GlideScore version SP5.0 will be used

  
 Buried polar penalty      0.000
 Coulomb vdW cutoff        0.000
 H bond cutoff             0.000
 Metal-ligand cutoff      10.000
Assigning GlideScore SP5.0 parameters
 set icplus           1
 set icplus           3
 set icplus           4
Postdocking minimization: 100 poses; CvdW cutoffs   100.0 kcal/mol for min,     0.0 kcal/mol for report.
GlideScore(   -7.93)+Epik State Penalty(   -0.00) =    -7.93 kcal/mol
GlideScore(   -6.90)+Epik State Penalty(   -0.00) =    -6.90 kcal/mol
GlideScore(   -7.49)+Epik State Penalty(   -0.00) =    -7.49 kcal/mol
GlideScore(   -6.25)+Epik State Penalty(   -0.00) =    -6.25 kcal/mol
GlideScore(   -6.39)+Epik State Penalty(   -0.00) =    -6.39 kcal/mol
GlideScore(   -7.50)+Epik State Penalty(   -0.00) =    -7.50 kcal/mol
GlideScore(   -6.05)+Epik State Penalty(   -0.00) =    -6.05 kcal/mol
GlideScore(   -5.68)+Epik State Penalty(   -0.00) =    -5.68 kcal/mol
GlideScore(   -7.55)+Epik State Penalty(   -0.00) =    -7.55 kcal/mol
GlideScore(   -6.91)+Epik State Penalty(   -0.00) =    -6.91 kcal/mol
GlideScore(   -7.43)+Epik State Penalty(   -0.00) =    -7.43 kcal/mol
GlideScore(   -6.17)+Epik State Penalty(   -0.00) =    -6.17 kcal/mol
GlideScore(   -6.33)+Epik State Penalty(   -0.00) =    -6.33 kcal/mol
GlideScore(   -6.75)+Epik State Penalty(   -0.00) =    -6.75 kcal/mol
GlideScore(   -7.52)+Epik State Penalty(   -0.00) =    -7.52 kcal/mol
GlideScore(   -6.04)+Epik State Penalty(   -0.00) =    -6.04 kcal/mol
GlideScore(   -5.76)+Epik State Penalty(   -0.00) =    -5.76 kcal/mol
GlideScore(   -7.00)+Epik State Penalty(   -0.00) =    -7.00 kcal/mol
GlideScore(   -6.74)+Epik State Penalty(   -0.00) =    -6.74 kcal/mol
GlideScore(   -6.18)+Epik State Penalty(   -0.00) =    -6.18 kcal/mol
GlideScore(   -7.90)+Epik State Penalty(   -0.00) =    -7.90 kcal/mol
GlideScore(   -7.68)+Epik State Penalty(   -0.00) =    -7.68 kcal/mol
GlideScore(   -5.50)+Epik State Penalty(   -0.00) =    -5.50 kcal/mol
GlideScore(   -6.43)+Epik State Penalty(   -0.00) =    -6.43 kcal/mol
GlideScore(   -5.37)+Epik State Penalty(   -0.00) =    -5.37 kcal/mol
GlideScore(   -5.60)+Epik State Penalty(   -0.00) =    -5.60 kcal/mol
GlideScore(   -5.10)+Epik State Penalty(   -0.00) =    -5.10 kcal/mol
GlideScore(   -6.78)+Epik State Penalty(   -0.00) =    -6.78 kcal/mol
GlideScore(   -5.58)+Epik State Penalty(   -0.00) =    -5.58 kcal/mol
GlideScore(   -5.73)+Epik State Penalty(   -0.00) =    -5.73 kcal/mol
GlideScore(   -7.53)+Epik State Penalty(   -0.00) =    -7.53 kcal/mol
GlideScore(   -6.90)+Epik State Penalty(   -0.00) =    -6.90 kcal/mol
GlideScore(   -5.54)+Epik State Penalty(   -0.00) =    -5.54 kcal/mol
GlideScore(   -5.55)+Epik State Penalty(   -0.00) =    -5.55 kcal/mol
GlideScore(   -7.13)+Epik State Penalty(   -0.00) =    -7.13 kcal/mol
GlideScore(   -5.05)+Epik State Penalty(   -0.00) =    -5.05 kcal/mol
GlideScore(   -5.65)+Epik State Penalty(   -0.00) =    -5.65 kcal/mol
GlideScore(   -6.63)+Epik State Penalty(   -0.00) =    -6.63 kcal/mol
GlideScore(   -7.42)+Epik State Penalty(   -0.00) =    -7.42 kcal/mol
GlideScore(   -5.94)+Epik State Penalty(   -0.00) =    -5.94 kcal/mol
GlideScore(   -6.28)+Epik State Penalty(   -0.00) =    -6.28 kcal/mol
GlideScore(   -5.66)+Epik State Penalty(   -0.00) =    -5.66 kcal/mol
GlideScore(   -5.58)+Epik State Penalty(   -0.00) =    -5.58 kcal/mol
GlideScore(   -7.05)+Epik State Penalty(   -0.00) =    -7.05 kcal/mol
GlideScore(   -6.53)+Epik State Penalty(   -0.00) =    -6.53 kcal/mol
GlideScore(   -4.79)+Epik State Penalty(   -0.00) =    -4.79 kcal/mol
GlideScore(   -6.75)+Epik State Penalty(   -0.00) =    -6.75 kcal/mol
GlideScore(   -6.66)+Epik State Penalty(   -0.00) =    -6.66 kcal/mol
GlideScore(   -5.87)+Epik State Penalty(   -0.00) =    -5.87 kcal/mol
GlideScore(   -5.85)+Epik State Penalty(   -0.00) =    -5.85 kcal/mol
GlideScore(   -5.68)+Epik State Penalty(   -0.00) =    -5.68 kcal/mol
GlideScore(   -5.34)+Epik State Penalty(   -0.00) =    -5.34 kcal/mol
GlideScore(   -5.85)+Epik State Penalty(   -0.00) =    -5.85 kcal/mol
GlideScore(   -6.85)+Epik State Penalty(   -0.00) =    -6.85 kcal/mol
GlideScore(   -5.02)+Epik State Penalty(   -0.00) =    -5.02 kcal/mol
GlideScore(   -5.07)+Epik State Penalty(   -0.00) =    -5.07 kcal/mol
GlideScore(   -5.09)+Epik State Penalty(   -0.00) =    -5.09 kcal/mol
GlideScore(   -4.03)+Epik State Penalty(   -0.00) =    -4.03 kcal/mol
GlideScore(   -5.65)+Epik State Penalty(   -0.00) =    -5.65 kcal/mol
GlideScore(   -5.57)+Epik State Penalty(   -0.00) =    -5.57 kcal/mol
GlideScore(   -5.42)+Epik State Penalty(   -0.00) =    -5.42 kcal/mol
GlideScore(   -5.58)+Epik State Penalty(   -0.00) =    -5.58 kcal/mol
GlideScore(   -5.03)+Epik State Penalty(   -0.00) =    -5.03 kcal/mol
GlideScore(   -4.77)+Epik State Penalty(   -0.00) =    -4.77 kcal/mol
GlideScore(10000.00)+Epik State Penalty(   -0.00) = 10000.00 kcal/mol
GlideScore(10000.00)+Epik State Penalty(   -0.00) = 10000.00 kcal/mol
GlideScore(10000.00)+Epik State Penalty(   -0.00) = 10000.00 kcal/mol
GlideScore(10000.00)+Epik State Penalty(   -0.00) = 10000.00 kcal/mol
GlideScore(10000.00)+Epik State Penalty(   -0.00) = 10000.00 kcal/mol
GlideScore(10000.00)+Epik State Penalty(   -0.00) = 10000.00 kcal/mol
GlideScore(10000.00)+Epik State Penalty(   -0.00) = 10000.00 kcal/mol
DOCKING RESULTS FOR LIGAND        1 (6A94_lig)
Best Emodel=   -60.56 E=   -38.20 Eint=     4.22 GlideScore=    -7.93

Glide is executing the glide_sort command.
Command-line equivalent is:
 "/share/software/user/restricted/schrodinger/2021-1/utilities/glide_sort" -n 0 -o "6A94_lig-to-AF_6A93_pv.maegz"   -hbond_cut 0.00 -cvdw_cut 0.00 -metal_cut 10.00 -gscore_cut 100.00 -dscore_cut 100.00 "6A94_lig-to-AF_6A93_raw.maegz"
REPORT OF BEST 64 POSES

The receptor and sorted ligand structures were written to the file
6A94_lig-to-AF_6A93_pv.maegz  for use in the Pose Viewer.

Final rankings based on original docking score
7 poses were rejected by the energy filters,
    Coul+vdw Energy <=     0.0    Hbond Interaction <=     0.0    Metal Interaction <=    10.0    GlideScore <=   100.0    Docking Score <=   100.0
(If any of the above properties is not defined for a given pose,
the corresponding filter is not applied to that pose.)


glide_sort command succeeded.  Pose file 6A94_lig-to-AF_6A93_pv.maegz was written.

Exiting Glide
Date: Tuesday, November 15 2022, at 01:54:33 PST
CPU time (s): 38.5 user, 0.8 system, 40.1 real
Total elapsed time = 40 seconds
