Glide version 90161 (mmshare version 53161)
mmshare         2cb27f0eb7
glide-src       1e5ffd4733
psp-src         6c93e2fe77
macromodel-src  d47a6cf2e1
epik-src        46d635d642

Copyright (c) Schrodinger, LLC.
All Rights Reserved.

--------------------------------------------------------------------------------
JobId          : sh02-10n56-0-63931199
Name           : 6ME6_lig-to-AF_6ME7
Program        : Glide
Host           : sh02-10n56.int
Dir            : /home/users/jwang003/glosa_mods/MTR1B/docking/6ME6_lig-to-AF_6ME7
HostEntry      : localhost
JobHost        : sh02-10n56.int
JobDir         : /home/users/jwang003/glosa_mods/MTR1B/docking/6ME6_lig-to-AF_6ME7
JobSchrodinger : /share/software/user/restricted/schrodinger/2021-1
Commandline    : /share/software/user/restricted/schrodinger/2021-1/glide -WAIT -LOCAL -RESTART 6ME6_lig-to-AF_6ME7.in
StartTime      : 2022-12-09-02:44:41
--------------------------------------------------------------------------------

 VdW radii of ligand atoms scaled by   0.800000000000000     
 Charge cutoff for polarity   0.150000000000000     
For enhanced sampling, increasing funnel width parameter MAXKEEP by a factor of 4 (number of samples), to 20000
 After readscreen, (nx, ny, nz) = (          30 ,           30 ,           30 ).
  Receptor setup: (nsites, nx, ny, nz, bsize)=(         512 ,           30 , 
          30 ,           30 ,    1.00000000000000      ).
 Screening setup finished.
 DOCKMAIN: getting receptor.
  DOCKMAIN after grid: (nx, ny, nz) = (          80 ,           80 , 
          80 ).
 DOCKMAIN: Grid setup finished
Calling OPLS_2005 atomtyping ...
Finished parameter assignment

Reading torsion control file '/share/software/user/restricted/schrodinger/2021-1/glide-v9.0/bin/Linux-x86_64/../../data/torcontrol.txt':
  
  Using generalized torsion control 
  
 Number of rotatable bonds            6
 Using templates for ring conformations.
For enhanced sampling, increasing funnel width parameter MAXREF by a factor of 4 (number of samples), to 1600

GlideScore version SP5.0 will be used

  
 Buried polar penalty      0.000
 Coulomb vdW cutoff        0.000
 H bond cutoff             0.000
 Metal-ligand cutoff      10.000
Assigning GlideScore SP5.0 parameters
Postdocking minimization: 100 poses; CvdW cutoffs   100.0 kcal/mol for min,     0.0 kcal/mol for report.
GlideScore(   -8.48)+Epik State Penalty(   -0.00) =    -8.48 kcal/mol
GlideScore(   -8.43)+Epik State Penalty(   -0.00) =    -8.43 kcal/mol
GlideScore(   -8.13)+Epik State Penalty(   -0.00) =    -8.13 kcal/mol
GlideScore(   -8.25)+Epik State Penalty(   -0.00) =    -8.25 kcal/mol
GlideScore(   -8.40)+Epik State Penalty(   -0.00) =    -8.40 kcal/mol
GlideScore(   -7.48)+Epik State Penalty(   -0.00) =    -7.48 kcal/mol
GlideScore(   -7.39)+Epik State Penalty(   -0.00) =    -7.39 kcal/mol
GlideScore(   -7.17)+Epik State Penalty(   -0.00) =    -7.17 kcal/mol
GlideScore(   -7.83)+Epik State Penalty(   -0.00) =    -7.83 kcal/mol
GlideScore(   -7.38)+Epik State Penalty(   -0.00) =    -7.38 kcal/mol
GlideScore(   -8.41)+Epik State Penalty(   -0.00) =    -8.41 kcal/mol
GlideScore(   -8.39)+Epik State Penalty(   -0.00) =    -8.39 kcal/mol
GlideScore(   -6.85)+Epik State Penalty(   -0.00) =    -6.85 kcal/mol
GlideScore(   -6.97)+Epik State Penalty(   -0.00) =    -6.97 kcal/mol
GlideScore(   -7.77)+Epik State Penalty(   -0.00) =    -7.77 kcal/mol
GlideScore(   -7.31)+Epik State Penalty(   -0.00) =    -7.31 kcal/mol
GlideScore(   -7.74)+Epik State Penalty(   -0.00) =    -7.74 kcal/mol
GlideScore(   -6.91)+Epik State Penalty(   -0.00) =    -6.91 kcal/mol
GlideScore(   -8.27)+Epik State Penalty(   -0.00) =    -8.27 kcal/mol
GlideScore(   -7.24)+Epik State Penalty(   -0.00) =    -7.24 kcal/mol
GlideScore(   -8.48)+Epik State Penalty(   -0.00) =    -8.48 kcal/mol
GlideScore(   -7.46)+Epik State Penalty(   -0.00) =    -7.46 kcal/mol
GlideScore(   -8.12)+Epik State Penalty(   -0.00) =    -8.12 kcal/mol
GlideScore(   -7.74)+Epik State Penalty(   -0.00) =    -7.74 kcal/mol
GlideScore(   -6.67)+Epik State Penalty(   -0.00) =    -6.67 kcal/mol
GlideScore(   -7.65)+Epik State Penalty(   -0.00) =    -7.65 kcal/mol
GlideScore(   -8.15)+Epik State Penalty(   -0.00) =    -8.15 kcal/mol
GlideScore(   -8.30)+Epik State Penalty(   -0.00) =    -8.30 kcal/mol
GlideScore(   -8.21)+Epik State Penalty(   -0.00) =    -8.21 kcal/mol
GlideScore(   -7.79)+Epik State Penalty(   -0.00) =    -7.79 kcal/mol
GlideScore(   -7.61)+Epik State Penalty(   -0.00) =    -7.61 kcal/mol
GlideScore(   -7.58)+Epik State Penalty(   -0.00) =    -7.58 kcal/mol
GlideScore(   -7.08)+Epik State Penalty(   -0.00) =    -7.08 kcal/mol
GlideScore(   -6.79)+Epik State Penalty(   -0.00) =    -6.79 kcal/mol
GlideScore(   -6.55)+Epik State Penalty(   -0.00) =    -6.55 kcal/mol
GlideScore(   -7.63)+Epik State Penalty(   -0.00) =    -7.63 kcal/mol
GlideScore(   -7.41)+Epik State Penalty(   -0.00) =    -7.41 kcal/mol
GlideScore(   -7.11)+Epik State Penalty(   -0.00) =    -7.11 kcal/mol
GlideScore(   -7.37)+Epik State Penalty(   -0.00) =    -7.37 kcal/mol
GlideScore(   -6.63)+Epik State Penalty(   -0.00) =    -6.63 kcal/mol
GlideScore(   -7.12)+Epik State Penalty(   -0.00) =    -7.12 kcal/mol
GlideScore(   -7.03)+Epik State Penalty(   -0.00) =    -7.03 kcal/mol
GlideScore(   -7.12)+Epik State Penalty(   -0.00) =    -7.12 kcal/mol
GlideScore(   -7.03)+Epik State Penalty(   -0.00) =    -7.03 kcal/mol
GlideScore(   -7.42)+Epik State Penalty(   -0.00) =    -7.42 kcal/mol
GlideScore(   -6.84)+Epik State Penalty(   -0.00) =    -6.84 kcal/mol
GlideScore(   -6.60)+Epik State Penalty(   -0.00) =    -6.60 kcal/mol
GlideScore(   -7.30)+Epik State Penalty(   -0.00) =    -7.30 kcal/mol
GlideScore(   -6.58)+Epik State Penalty(   -0.00) =    -6.58 kcal/mol
GlideScore(   -7.40)+Epik State Penalty(   -0.00) =    -7.40 kcal/mol
GlideScore(   -7.42)+Epik State Penalty(   -0.00) =    -7.42 kcal/mol
GlideScore(   -6.76)+Epik State Penalty(   -0.00) =    -6.76 kcal/mol
GlideScore(   -6.62)+Epik State Penalty(   -0.00) =    -6.62 kcal/mol
GlideScore(   -7.40)+Epik State Penalty(   -0.00) =    -7.40 kcal/mol
GlideScore(   -7.19)+Epik State Penalty(   -0.00) =    -7.19 kcal/mol
GlideScore(   -7.16)+Epik State Penalty(   -0.00) =    -7.16 kcal/mol
GlideScore(   -6.78)+Epik State Penalty(   -0.00) =    -6.78 kcal/mol
GlideScore(   -7.08)+Epik State Penalty(   -0.00) =    -7.08 kcal/mol
GlideScore(   -6.86)+Epik State Penalty(   -0.00) =    -6.86 kcal/mol
GlideScore(   -7.49)+Epik State Penalty(   -0.00) =    -7.49 kcal/mol
GlideScore(   -6.35)+Epik State Penalty(   -0.00) =    -6.35 kcal/mol
GlideScore(   -5.80)+Epik State Penalty(   -0.00) =    -5.80 kcal/mol
GlideScore(   -5.97)+Epik State Penalty(   -0.00) =    -5.97 kcal/mol
GlideScore(   -5.47)+Epik State Penalty(   -0.00) =    -5.47 kcal/mol
GlideScore(   -5.76)+Epik State Penalty(   -0.00) =    -5.76 kcal/mol
GlideScore(   -7.08)+Epik State Penalty(   -0.00) =    -7.08 kcal/mol
GlideScore(   -6.66)+Epik State Penalty(   -0.00) =    -6.66 kcal/mol
GlideScore(   -6.99)+Epik State Penalty(   -0.00) =    -6.99 kcal/mol
GlideScore(   -6.24)+Epik State Penalty(   -0.00) =    -6.24 kcal/mol
GlideScore(   -6.76)+Epik State Penalty(   -0.00) =    -6.76 kcal/mol
GlideScore(   -6.63)+Epik State Penalty(   -0.00) =    -6.63 kcal/mol
GlideScore(   -6.10)+Epik State Penalty(   -0.00) =    -6.10 kcal/mol
GlideScore(   -5.86)+Epik State Penalty(   -0.00) =    -5.86 kcal/mol
GlideScore(   -6.81)+Epik State Penalty(   -0.00) =    -6.81 kcal/mol
GlideScore(   -7.30)+Epik State Penalty(   -0.00) =    -7.30 kcal/mol
GlideScore(   -5.89)+Epik State Penalty(   -0.00) =    -5.89 kcal/mol
GlideScore(   -7.07)+Epik State Penalty(   -0.00) =    -7.07 kcal/mol
GlideScore(   -6.14)+Epik State Penalty(   -0.00) =    -6.14 kcal/mol
GlideScore(   -6.96)+Epik State Penalty(   -0.00) =    -6.96 kcal/mol
GlideScore(   -6.37)+Epik State Penalty(   -0.00) =    -6.37 kcal/mol
GlideScore(   -4.45)+Epik State Penalty(   -0.00) =    -4.45 kcal/mol
GlideScore(   -5.21)+Epik State Penalty(   -0.00) =    -5.21 kcal/mol
GlideScore(   -5.44)+Epik State Penalty(   -0.00) =    -5.44 kcal/mol
GlideScore(   -5.14)+Epik State Penalty(   -0.00) =    -5.14 kcal/mol
GlideScore(   -4.04)+Epik State Penalty(   -0.00) =    -4.04 kcal/mol
DOCKING RESULTS FOR LIGAND        1 (6ME6_lig)
Best Emodel=   -66.10 E=   -47.76 Eint=     7.24 GlideScore=    -8.48

Glide is executing the glide_sort command.
Command-line equivalent is:
 "/share/software/user/restricted/schrodinger/2021-1/utilities/glide_sort" -n 0 -o "6ME6_lig-to-AF_6ME7_pv.maegz"   -hbond_cut 0.00 -cvdw_cut 0.00 -metal_cut 10.00 -gscore_cut 100.00 -dscore_cut 100.00 "6ME6_lig-to-AF_6ME7_raw.maegz"
REPORT OF BEST 85 POSES

The receptor and sorted ligand structures were written to the file
6ME6_lig-to-AF_6ME7_pv.maegz  for use in the Pose Viewer.

Final rankings based on original docking score
0 poses were rejected by the energy filters,
    Coul+vdw Energy <=     0.0    Hbond Interaction <=     0.0    Metal Interaction <=    10.0    GlideScore <=   100.0    Docking Score <=   100.0
(If any of the above properties is not defined for a given pose,
the corresponding filter is not applied to that pose.)


glide_sort command succeeded.  Pose file 6ME6_lig-to-AF_6ME7_pv.maegz was written.

Exiting Glide
Date: Friday, December 09 2022, at 02:45:36 PST
CPU time (s): 47.2 user, 3.0 system, 52.7 real
Total elapsed time = 53 seconds
