Glide version 90161 (mmshare version 53161)
mmshare         2cb27f0eb7
glide-src       1e5ffd4733
psp-src         6c93e2fe77
macromodel-src  d47a6cf2e1
epik-src        46d635d642

Copyright (c) Schrodinger, LLC.
All Rights Reserved.

--------------------------------------------------------------------------------
JobId          : sh03-ln04-0-6373620f
Name           : 6WH4_lig-to-AF_6A93
Program        : Glide
Host           : sh03-ln04.stanford.edu
Dir            : /home/users/jwang003/glosa_mods/5HT2A/docking/6WH4_lig-to-AF_6A93
HostEntry      : localhost
JobHost        : sh03-ln04.stanford.edu
JobDir         : /home/users/jwang003/glosa_mods/5HT2A/docking/6WH4_lig-to-AF_6A93
JobSchrodinger : /share/software/user/restricted/schrodinger/2021-1
Commandline    : /share/software/user/restricted/schrodinger/2021-1/glide -WAIT -LOCAL -RESTART 6WH4_lig-to-AF_6A93.in
StartTime      : 2022-11-15-01:55:27
--------------------------------------------------------------------------------

 VdW radii of ligand atoms scaled by   0.800000000000000     
 Charge cutoff for polarity   0.150000000000000     
For enhanced sampling, increasing funnel width parameter MAXKEEP by a factor of 4 (number of samples), to 20000
 After readscreen, (nx, ny, nz) = (          30 ,           30 ,           30 ).
  Receptor setup: (nsites, nx, ny, nz, bsize)=(         512 ,           30 , 
          30 ,           30 ,    1.00000000000000      ).
 Screening setup finished.
 DOCKMAIN: getting receptor.
  DOCKMAIN after grid: (nx, ny, nz) = (          80 ,           80 , 
          80 ).
 DOCKMAIN: Grid setup finished
Calling OPLS_2005 atomtyping ...
Finished parameter assignment

Reading torsion control file '/share/software/user/restricted/schrodinger/2021-1/glide-v9.0/bin/Linux-x86_64/../../data/torcontrol.txt':
  
  Using generalized torsion control 
  
 Number of rotatable bonds            2
 Using templates for ring conformations.
For enhanced sampling, increasing funnel width parameter MAXREF by a factor of 4 (number of samples), to 1600

GlideScore version SP5.0 will be used

  
 Buried polar penalty      0.000
 Coulomb vdW cutoff        0.000
 H bond cutoff             0.000
 Metal-ligand cutoff      10.000
Assigning GlideScore SP5.0 parameters
 set icplus           4
 set icplus           6
 set icplus           8
Postdocking minimization: 100 poses; CvdW cutoffs   100.0 kcal/mol for min,     0.0 kcal/mol for report.
GlideScore(   -6.12)+Epik State Penalty(    0.33) =    -5.79 kcal/mol
GlideScore(   -6.57)+Epik State Penalty(    0.33) =    -6.24 kcal/mol
GlideScore(   -5.62)+Epik State Penalty(    0.33) =    -5.29 kcal/mol
GlideScore(   -5.74)+Epik State Penalty(    0.33) =    -5.41 kcal/mol
GlideScore(   -5.14)+Epik State Penalty(    0.33) =    -4.81 kcal/mol
GlideScore(   -6.46)+Epik State Penalty(    0.33) =    -6.13 kcal/mol
GlideScore(   -5.68)+Epik State Penalty(    0.33) =    -5.35 kcal/mol
GlideScore(   -5.41)+Epik State Penalty(    0.33) =    -5.08 kcal/mol
GlideScore(   -7.26)+Epik State Penalty(    0.33) =    -6.93 kcal/mol
GlideScore(   -5.31)+Epik State Penalty(    0.33) =    -4.98 kcal/mol
GlideScore(   -7.03)+Epik State Penalty(    0.33) =    -6.70 kcal/mol
GlideScore(   -4.76)+Epik State Penalty(    0.33) =    -4.43 kcal/mol
GlideScore(   -7.53)+Epik State Penalty(    0.33) =    -7.20 kcal/mol
GlideScore(   -7.33)+Epik State Penalty(    0.33) =    -7.00 kcal/mol
GlideScore(   -5.99)+Epik State Penalty(    0.33) =    -5.66 kcal/mol
GlideScore(   -5.53)+Epik State Penalty(    0.33) =    -5.20 kcal/mol
GlideScore(   -4.38)+Epik State Penalty(    0.33) =    -4.05 kcal/mol
GlideScore(   -4.24)+Epik State Penalty(    0.33) =    -3.91 kcal/mol
GlideScore(10000.00)+Epik State Penalty(    0.33) = 10000.33 kcal/mol
DOCKING RESULTS FOR LIGAND        1 (6WH4_lig)
Best Emodel=   -46.78 E=   -35.47 Eint=     5.09 GlideScore=    -6.12
Calling OPLS_2005 atomtyping ...
Finished parameter assignment
 Number of rotatable bonds            2
 Using templates for ring conformations.
 set icplus           1
 set icplus           3
 set icplus           7
GlideScore(   -6.11)+Epik State Penalty(    0.54) =    -5.57 kcal/mol
GlideScore(   -7.38)+Epik State Penalty(    0.54) =    -6.84 kcal/mol
GlideScore(   -6.29)+Epik State Penalty(    0.54) =    -5.75 kcal/mol
GlideScore(   -5.82)+Epik State Penalty(    0.54) =    -5.28 kcal/mol
GlideScore(   -5.95)+Epik State Penalty(    0.54) =    -5.41 kcal/mol
GlideScore(   -7.12)+Epik State Penalty(    0.54) =    -6.58 kcal/mol
GlideScore(   -5.58)+Epik State Penalty(    0.54) =    -5.04 kcal/mol
GlideScore(   -6.48)+Epik State Penalty(    0.54) =    -5.94 kcal/mol
GlideScore(   -8.18)+Epik State Penalty(    0.54) =    -7.64 kcal/mol
GlideScore(   -5.92)+Epik State Penalty(    0.54) =    -5.38 kcal/mol
GlideScore(   -6.43)+Epik State Penalty(    0.54) =    -5.89 kcal/mol
GlideScore(   -5.79)+Epik State Penalty(    0.54) =    -5.25 kcal/mol
GlideScore(   -5.59)+Epik State Penalty(    0.54) =    -5.05 kcal/mol
GlideScore(   -5.79)+Epik State Penalty(    0.54) =    -5.25 kcal/mol
GlideScore(   -5.34)+Epik State Penalty(    0.54) =    -4.80 kcal/mol
GlideScore(   -6.09)+Epik State Penalty(    0.54) =    -5.55 kcal/mol
GlideScore(   -6.37)+Epik State Penalty(    0.54) =    -5.83 kcal/mol
GlideScore(   -5.67)+Epik State Penalty(    0.54) =    -5.14 kcal/mol
GlideScore(   -5.86)+Epik State Penalty(    0.54) =    -5.32 kcal/mol
GlideScore(   -6.24)+Epik State Penalty(    0.54) =    -5.70 kcal/mol
GlideScore(   -6.55)+Epik State Penalty(    0.54) =    -6.01 kcal/mol
GlideScore(   -5.04)+Epik State Penalty(    0.54) =    -4.50 kcal/mol
GlideScore(   -5.08)+Epik State Penalty(    0.54) =    -4.54 kcal/mol
GlideScore(   -5.73)+Epik State Penalty(    0.54) =    -5.19 kcal/mol
GlideScore(   -5.60)+Epik State Penalty(    0.54) =    -5.06 kcal/mol
GlideScore(   -6.78)+Epik State Penalty(    0.54) =    -6.24 kcal/mol
GlideScore(   -4.89)+Epik State Penalty(    0.54) =    -4.35 kcal/mol
GlideScore(   -5.58)+Epik State Penalty(    0.54) =    -5.04 kcal/mol
GlideScore(   -5.26)+Epik State Penalty(    0.54) =    -4.72 kcal/mol
GlideScore(   -5.76)+Epik State Penalty(    0.54) =    -5.22 kcal/mol
GlideScore(   -4.95)+Epik State Penalty(    0.54) =    -4.41 kcal/mol
GlideScore(   -4.89)+Epik State Penalty(    0.54) =    -4.36 kcal/mol
GlideScore(   -4.76)+Epik State Penalty(    0.54) =    -4.23 kcal/mol
GlideScore(   -5.57)+Epik State Penalty(    0.54) =    -5.03 kcal/mol
GlideScore(   -4.50)+Epik State Penalty(    0.54) =    -3.96 kcal/mol
GlideScore(   -6.76)+Epik State Penalty(    0.54) =    -6.22 kcal/mol
GlideScore(   -4.34)+Epik State Penalty(    0.54) =    -3.80 kcal/mol
GlideScore(   -4.76)+Epik State Penalty(    0.54) =    -4.22 kcal/mol
GlideScore(   -4.42)+Epik State Penalty(    0.54) =    -3.88 kcal/mol
DOCKING RESULTS FOR LIGAND        2 (6WH4_lig)
Best Emodel=   -57.73 E=   -38.83 Eint=     0.77 GlideScore=    -6.11
Calling OPLS_2005 atomtyping ...
Finished parameter assignment
 Number of rotatable bonds            2
 Using templates for ring conformations.
GlideScore(   -5.87)+Epik State Penalty(    2.23) =    -3.64 kcal/mol
GlideScore(   -7.19)+Epik State Penalty(    2.23) =    -4.96 kcal/mol
GlideScore(   -5.74)+Epik State Penalty(    2.23) =    -3.51 kcal/mol
GlideScore(   -5.14)+Epik State Penalty(    2.23) =    -2.92 kcal/mol
GlideScore(   -5.17)+Epik State Penalty(    2.23) =    -2.94 kcal/mol
GlideScore(   -5.54)+Epik State Penalty(    2.23) =    -3.31 kcal/mol
GlideScore(   -6.89)+Epik State Penalty(    2.23) =    -4.66 kcal/mol
GlideScore(   -4.91)+Epik State Penalty(    2.23) =    -2.68 kcal/mol
GlideScore(   -5.88)+Epik State Penalty(    2.23) =    -3.65 kcal/mol
GlideScore(   -5.29)+Epik State Penalty(    2.23) =    -3.07 kcal/mol
GlideScore(   -5.29)+Epik State Penalty(    2.23) =    -3.06 kcal/mol
GlideScore(   -4.87)+Epik State Penalty(    2.23) =    -2.64 kcal/mol
GlideScore(   -5.33)+Epik State Penalty(    2.23) =    -3.11 kcal/mol
GlideScore(   -5.01)+Epik State Penalty(    2.23) =    -2.78 kcal/mol
GlideScore(   -4.79)+Epik State Penalty(    2.23) =    -2.56 kcal/mol
GlideScore(   -5.93)+Epik State Penalty(    2.23) =    -3.70 kcal/mol
GlideScore(   -5.69)+Epik State Penalty(    2.23) =    -3.47 kcal/mol
GlideScore(   -5.62)+Epik State Penalty(    2.23) =    -3.39 kcal/mol
GlideScore(   -5.41)+Epik State Penalty(    2.23) =    -3.18 kcal/mol
GlideScore(   -6.01)+Epik State Penalty(    2.23) =    -3.79 kcal/mol
GlideScore(   -6.01)+Epik State Penalty(    2.23) =    -3.79 kcal/mol
GlideScore(   -4.80)+Epik State Penalty(    2.23) =    -2.58 kcal/mol
GlideScore(   -6.06)+Epik State Penalty(    2.23) =    -3.84 kcal/mol
GlideScore(   -5.97)+Epik State Penalty(    2.23) =    -3.74 kcal/mol
GlideScore(   -5.08)+Epik State Penalty(    2.23) =    -2.85 kcal/mol
GlideScore(   -5.01)+Epik State Penalty(    2.23) =    -2.78 kcal/mol
GlideScore(   -5.02)+Epik State Penalty(    2.23) =    -2.79 kcal/mol
GlideScore(   -5.05)+Epik State Penalty(    2.23) =    -2.82 kcal/mol
GlideScore(   -6.11)+Epik State Penalty(    2.23) =    -3.88 kcal/mol
GlideScore(   -5.42)+Epik State Penalty(    2.23) =    -3.20 kcal/mol
GlideScore(   -6.18)+Epik State Penalty(    2.23) =    -3.95 kcal/mol
GlideScore(   -4.30)+Epik State Penalty(    2.23) =    -2.07 kcal/mol
GlideScore(   -5.12)+Epik State Penalty(    2.23) =    -2.89 kcal/mol
GlideScore(   -4.77)+Epik State Penalty(    2.23) =    -2.55 kcal/mol
GlideScore(   -4.50)+Epik State Penalty(    2.23) =    -2.27 kcal/mol
GlideScore(   -5.03)+Epik State Penalty(    2.23) =    -2.80 kcal/mol
GlideScore(   -4.92)+Epik State Penalty(    2.23) =    -2.69 kcal/mol
GlideScore(   -5.15)+Epik State Penalty(    2.23) =    -2.92 kcal/mol
GlideScore(   -6.57)+Epik State Penalty(    2.23) =    -4.34 kcal/mol
GlideScore(   -5.40)+Epik State Penalty(    2.23) =    -3.17 kcal/mol
GlideScore(   -7.34)+Epik State Penalty(    2.23) =    -5.12 kcal/mol
GlideScore(   -4.79)+Epik State Penalty(    2.23) =    -2.56 kcal/mol
GlideScore(   -5.70)+Epik State Penalty(    2.23) =    -3.47 kcal/mol
GlideScore(   -4.44)+Epik State Penalty(    2.23) =    -2.22 kcal/mol
GlideScore(   -4.52)+Epik State Penalty(    2.23) =    -2.29 kcal/mol
GlideScore(   -4.16)+Epik State Penalty(    2.23) =    -1.93 kcal/mol
GlideScore(   -6.25)+Epik State Penalty(    2.23) =    -4.03 kcal/mol
GlideScore(   -3.98)+Epik State Penalty(    2.23) =    -1.76 kcal/mol
GlideScore(   -4.41)+Epik State Penalty(    2.23) =    -2.18 kcal/mol
GlideScore(10000.00)+Epik State Penalty(    2.23) = 10002.23 kcal/mol
GlideScore(10000.00)+Epik State Penalty(    2.23) = 10002.23 kcal/mol
GlideScore(10000.00)+Epik State Penalty(    2.23) = 10002.23 kcal/mol
GlideScore(10000.00)+Epik State Penalty(    2.23) = 10002.23 kcal/mol
DOCKING RESULTS FOR LIGAND        3 (6WH4_lig)
Best Emodel=   -47.03 E=   -36.79 Eint=     0.32 GlideScore=    -5.87

Glide is executing the glide_sort command.
Command-line equivalent is:
 "/share/software/user/restricted/schrodinger/2021-1/utilities/glide_sort" -n 0 -o "6WH4_lig-to-AF_6A93_pv.maegz"   -hbond_cut 0.00 -cvdw_cut 0.00 -metal_cut 10.00 -gscore_cut 100.00 -dscore_cut 100.00 "6WH4_lig-to-AF_6A93_raw.maegz"
REPORT OF BEST 106 POSES

The receptor and sorted ligand structures were written to the file
6WH4_lig-to-AF_6A93_pv.maegz  for use in the Pose Viewer.

Final rankings based on original docking score
5 poses were rejected by the energy filters,
    Coul+vdw Energy <=     0.0    Hbond Interaction <=     0.0    Metal Interaction <=    10.0    GlideScore <=   100.0    Docking Score <=   100.0
(If any of the above properties is not defined for a given pose,
the corresponding filter is not applied to that pose.)


glide_sort command succeeded.  Pose file 6WH4_lig-to-AF_6A93_pv.maegz was written.

Exiting Glide
Date: Tuesday, November 15 2022, at 01:55:54 PST
CPU time (s): 23.7 user, 0.4 system, 25.0 real
Total elapsed time = 25 seconds
