Glide version 90161 (mmshare version 53161)
mmshare         2cb27f0eb7
glide-src       1e5ffd4733
psp-src         6c93e2fe77
macromodel-src  d47a6cf2e1
epik-src        46d635d642

Copyright (c) Schrodinger, LLC.
All Rights Reserved.

--------------------------------------------------------------------------------
JobId          : sh02-17n10-0-63931198
Name           : 5ZTY_lig-to-AF_5ZTY
Program        : Glide
Host           : sh02-17n10.int
Dir            : /home/users/jwang003/glosa_mods/CNR2/docking/5ZTY_lig-to-AF_5ZTY
HostEntry      : localhost
JobHost        : sh02-17n10.int
JobDir         : /home/users/jwang003/glosa_mods/CNR2/docking/5ZTY_lig-to-AF_5ZTY
JobSchrodinger : /share/software/user/restricted/schrodinger/2021-1
Commandline    : /share/software/user/restricted/schrodinger/2021-1/glide -WAIT -LOCAL -RESTART 5ZTY_lig-to-AF_5ZTY.in
StartTime      : 2022-12-09-02:44:41
--------------------------------------------------------------------------------

 VdW radii of ligand atoms scaled by   0.800000000000000     
 Charge cutoff for polarity   0.150000000000000     
For enhanced sampling, increasing funnel width parameter MAXKEEP by a factor of 4 (number of samples), to 20000
 After readscreen, (nx, ny, nz) = (          30 ,           30 ,           30 ).
  Receptor setup: (nsites, nx, ny, nz, bsize)=(         512 ,           30 , 
          30 ,           30 ,    1.00000000000000      ).
 Screening setup finished.
 DOCKMAIN: getting receptor.
  DOCKMAIN after grid: (nx, ny, nz) = (          80 ,           80 , 
          80 ).
 DOCKMAIN: Grid setup finished
Calling OPLS_2005 atomtyping ...
Finished parameter assignment

Reading torsion control file '/share/software/user/restricted/schrodinger/2021-1/glide-v9.0/bin/Linux-x86_64/../../data/torcontrol.txt':
  
  Using generalized torsion control 
  
 Number of rotatable bonds           10
 Using templates for ring conformations.
For enhanced sampling, increasing funnel width parameter MAXREF by a factor of 4 (number of samples), to 1600

GlideScore version SP5.0 will be used

  
 Buried polar penalty      0.000
 Coulomb vdW cutoff        0.000
 H bond cutoff             0.000
 Metal-ligand cutoff      10.000
Assigning GlideScore SP5.0 parameters
Postdocking minimization: 100 poses; CvdW cutoffs   100.0 kcal/mol for min,     0.0 kcal/mol for report.
GlideScore(  -10.98)+Epik State Penalty(   -0.00) =   -10.98 kcal/mol
GlideScore(  -10.31)+Epik State Penalty(   -0.00) =   -10.31 kcal/mol
GlideScore(   -9.82)+Epik State Penalty(   -0.00) =    -9.82 kcal/mol
GlideScore(  -10.04)+Epik State Penalty(   -0.00) =   -10.04 kcal/mol
GlideScore(   -9.85)+Epik State Penalty(   -0.00) =    -9.85 kcal/mol
GlideScore(  -10.79)+Epik State Penalty(   -0.00) =   -10.79 kcal/mol
GlideScore(  -10.22)+Epik State Penalty(   -0.00) =   -10.22 kcal/mol
GlideScore(   -9.93)+Epik State Penalty(   -0.00) =    -9.93 kcal/mol
GlideScore(   -8.95)+Epik State Penalty(   -0.00) =    -8.95 kcal/mol
GlideScore(   -9.80)+Epik State Penalty(   -0.00) =    -9.80 kcal/mol
GlideScore(   -9.92)+Epik State Penalty(   -0.00) =    -9.92 kcal/mol
GlideScore(   -9.63)+Epik State Penalty(   -0.00) =    -9.63 kcal/mol
GlideScore(  -10.24)+Epik State Penalty(   -0.00) =   -10.24 kcal/mol
GlideScore(   -9.84)+Epik State Penalty(   -0.00) =    -9.84 kcal/mol
GlideScore(   -9.31)+Epik State Penalty(   -0.00) =    -9.31 kcal/mol
GlideScore(   -9.26)+Epik State Penalty(   -0.00) =    -9.26 kcal/mol
GlideScore(   -8.47)+Epik State Penalty(   -0.00) =    -8.47 kcal/mol
GlideScore(   -9.22)+Epik State Penalty(   -0.00) =    -9.22 kcal/mol
GlideScore(   -9.29)+Epik State Penalty(   -0.00) =    -9.29 kcal/mol
GlideScore(   -9.26)+Epik State Penalty(   -0.00) =    -9.26 kcal/mol
GlideScore(   -8.22)+Epik State Penalty(   -0.00) =    -8.22 kcal/mol
GlideScore(   -9.32)+Epik State Penalty(   -0.00) =    -9.32 kcal/mol
GlideScore(   -8.06)+Epik State Penalty(   -0.00) =    -8.06 kcal/mol
GlideScore(   -9.62)+Epik State Penalty(   -0.00) =    -9.62 kcal/mol
GlideScore(   -9.76)+Epik State Penalty(   -0.00) =    -9.76 kcal/mol
GlideScore(   -8.02)+Epik State Penalty(   -0.00) =    -8.02 kcal/mol
GlideScore(   -9.59)+Epik State Penalty(   -0.00) =    -9.59 kcal/mol
GlideScore(   -8.21)+Epik State Penalty(   -0.00) =    -8.21 kcal/mol
GlideScore(   -7.76)+Epik State Penalty(   -0.00) =    -7.76 kcal/mol
GlideScore(   -7.66)+Epik State Penalty(   -0.00) =    -7.66 kcal/mol
GlideScore(   -9.04)+Epik State Penalty(   -0.00) =    -9.04 kcal/mol
GlideScore(   -9.64)+Epik State Penalty(   -0.00) =    -9.64 kcal/mol
GlideScore(   -9.55)+Epik State Penalty(   -0.00) =    -9.55 kcal/mol
GlideScore(   -7.61)+Epik State Penalty(   -0.00) =    -7.61 kcal/mol
GlideScore(   -9.26)+Epik State Penalty(   -0.00) =    -9.26 kcal/mol
GlideScore(   -9.57)+Epik State Penalty(   -0.00) =    -9.57 kcal/mol
GlideScore(   -7.25)+Epik State Penalty(   -0.00) =    -7.25 kcal/mol
GlideScore(   -9.15)+Epik State Penalty(   -0.00) =    -9.15 kcal/mol
GlideScore(   -9.21)+Epik State Penalty(   -0.00) =    -9.21 kcal/mol
GlideScore(   -7.92)+Epik State Penalty(   -0.00) =    -7.92 kcal/mol
GlideScore(   -9.44)+Epik State Penalty(   -0.00) =    -9.44 kcal/mol
GlideScore(   -8.87)+Epik State Penalty(   -0.00) =    -8.87 kcal/mol
GlideScore(   -7.91)+Epik State Penalty(   -0.00) =    -7.91 kcal/mol
GlideScore(   -7.74)+Epik State Penalty(   -0.00) =    -7.74 kcal/mol
GlideScore(   -7.49)+Epik State Penalty(   -0.00) =    -7.49 kcal/mol
GlideScore(   -7.59)+Epik State Penalty(   -0.00) =    -7.59 kcal/mol
GlideScore(   -8.93)+Epik State Penalty(   -0.00) =    -8.93 kcal/mol
GlideScore(   -7.29)+Epik State Penalty(   -0.00) =    -7.29 kcal/mol
GlideScore(   -8.89)+Epik State Penalty(   -0.00) =    -8.89 kcal/mol
GlideScore(   -7.60)+Epik State Penalty(   -0.00) =    -7.60 kcal/mol
GlideScore(   -7.29)+Epik State Penalty(   -0.00) =    -7.29 kcal/mol
GlideScore(   -8.93)+Epik State Penalty(   -0.00) =    -8.93 kcal/mol
GlideScore(   -8.84)+Epik State Penalty(   -0.00) =    -8.84 kcal/mol
GlideScore(   -7.29)+Epik State Penalty(   -0.00) =    -7.29 kcal/mol
GlideScore(   -9.04)+Epik State Penalty(   -0.00) =    -9.04 kcal/mol
GlideScore(   -6.72)+Epik State Penalty(   -0.00) =    -6.72 kcal/mol
GlideScore(   -6.88)+Epik State Penalty(   -0.00) =    -6.88 kcal/mol
GlideScore(   -7.06)+Epik State Penalty(   -0.00) =    -7.06 kcal/mol
GlideScore(   -7.79)+Epik State Penalty(   -0.00) =    -7.79 kcal/mol
GlideScore(   -9.27)+Epik State Penalty(   -0.00) =    -9.27 kcal/mol
GlideScore(   -7.42)+Epik State Penalty(   -0.00) =    -7.42 kcal/mol
GlideScore(   -7.90)+Epik State Penalty(   -0.00) =    -7.90 kcal/mol
GlideScore(   -7.57)+Epik State Penalty(   -0.00) =    -7.57 kcal/mol
GlideScore(   -7.00)+Epik State Penalty(   -0.00) =    -7.00 kcal/mol
GlideScore(   -9.69)+Epik State Penalty(   -0.00) =    -9.69 kcal/mol
GlideScore(   -6.49)+Epik State Penalty(   -0.00) =    -6.49 kcal/mol
GlideScore(   -7.49)+Epik State Penalty(   -0.00) =    -7.49 kcal/mol
GlideScore(   -9.08)+Epik State Penalty(   -0.00) =    -9.08 kcal/mol
GlideScore(   -7.51)+Epik State Penalty(   -0.00) =    -7.51 kcal/mol
GlideScore(   -6.65)+Epik State Penalty(   -0.00) =    -6.65 kcal/mol
GlideScore(   -7.64)+Epik State Penalty(   -0.00) =    -7.64 kcal/mol
GlideScore(   -9.01)+Epik State Penalty(   -0.00) =    -9.01 kcal/mol
GlideScore(   -8.98)+Epik State Penalty(   -0.00) =    -8.98 kcal/mol
GlideScore(   -6.99)+Epik State Penalty(   -0.00) =    -6.99 kcal/mol
GlideScore(   -6.23)+Epik State Penalty(   -0.00) =    -6.23 kcal/mol
GlideScore(   -8.60)+Epik State Penalty(   -0.00) =    -8.60 kcal/mol
GlideScore(   -9.25)+Epik State Penalty(   -0.00) =    -9.25 kcal/mol
GlideScore(   -6.95)+Epik State Penalty(   -0.00) =    -6.95 kcal/mol
GlideScore(   -7.61)+Epik State Penalty(   -0.00) =    -7.61 kcal/mol
GlideScore(   -7.17)+Epik State Penalty(   -0.00) =    -7.17 kcal/mol
GlideScore(   -7.82)+Epik State Penalty(   -0.00) =    -7.82 kcal/mol
GlideScore(   -7.11)+Epik State Penalty(   -0.00) =    -7.11 kcal/mol
GlideScore(   -6.86)+Epik State Penalty(   -0.00) =    -6.86 kcal/mol
DOCKING RESULTS FOR LIGAND        1 (5ZTY_lig)
Best Emodel=   -81.34 E=   -51.16 Eint=     4.12 GlideScore=   -10.98

Glide is executing the glide_sort command.
Command-line equivalent is:
 "/share/software/user/restricted/schrodinger/2021-1/utilities/glide_sort" -n 0 -o "5ZTY_lig-to-AF_5ZTY_pv.maegz"   -hbond_cut 0.00 -cvdw_cut 0.00 -metal_cut 10.00 -gscore_cut 100.00 -dscore_cut 100.00 "5ZTY_lig-to-AF_5ZTY_raw.maegz"
REPORT OF BEST 83 POSES

The receptor and sorted ligand structures were written to the file
5ZTY_lig-to-AF_5ZTY_pv.maegz  for use in the Pose Viewer.

Final rankings based on original docking score
0 poses were rejected by the energy filters,
    Coul+vdw Energy <=     0.0    Hbond Interaction <=     0.0    Metal Interaction <=    10.0    GlideScore <=   100.0    Docking Score <=   100.0
(If any of the above properties is not defined for a given pose,
the corresponding filter is not applied to that pose.)


glide_sort command succeeded.  Pose file 5ZTY_lig-to-AF_5ZTY_pv.maegz was written.

Exiting Glide
Date: Friday, December 09 2022, at 02:45:40 PST
CPU time (s): 53.4 user, 1.2 system, 57.1 real
Total elapsed time = 57 seconds
