Glide version 90161 (mmshare version 53161)
mmshare         2cb27f0eb7
glide-src       1e5ffd4733
psp-src         6c93e2fe77
macromodel-src  d47a6cf2e1
epik-src        46d635d642

Copyright (c) Schrodinger, LLC.
All Rights Reserved.

--------------------------------------------------------------------------------
JobId          : sh02-17n08-0-639311ea
Name           : 7CKX_lig-to-AF_7CKW
Program        : Glide
Host           : sh02-17n08.int
Dir            : /home/users/jwang003/glosa_mods/DRD1/docking/7CKX_lig-to-AF_7CKW
HostEntry      : localhost
JobHost        : sh02-17n08.int
JobDir         : /home/users/jwang003/glosa_mods/DRD1/docking/7CKX_lig-to-AF_7CKW
JobSchrodinger : /share/software/user/restricted/schrodinger/2021-1
Commandline    : /share/software/user/restricted/schrodinger/2021-1/glide -WAIT -LOCAL -RESTART 7CKX_lig-to-AF_7CKW.in
StartTime      : 2022-12-09-02:46:03
--------------------------------------------------------------------------------

 VdW radii of ligand atoms scaled by   0.800000000000000     
 Charge cutoff for polarity   0.150000000000000     
For enhanced sampling, increasing funnel width parameter MAXKEEP by a factor of 4 (number of samples), to 20000
 After readscreen, (nx, ny, nz) = (          30 ,           30 ,           30 ).
  Receptor setup: (nsites, nx, ny, nz, bsize)=(         512 ,           30 , 
          30 ,           30 ,    1.00000000000000      ).
 Screening setup finished.
 DOCKMAIN: getting receptor.
  DOCKMAIN after grid: (nx, ny, nz) = (          80 ,           80 , 
          80 ).
 DOCKMAIN: Grid setup finished
Calling OPLS_2005 atomtyping ...
Finished parameter assignment

Reading torsion control file '/share/software/user/restricted/schrodinger/2021-1/glide-v9.0/bin/Linux-x86_64/../../data/torcontrol.txt':
  
  Using generalized torsion control 
  
 Number of rotatable bonds            4
 Using templates for ring conformations.
For enhanced sampling, increasing funnel width parameter MAXREF by a factor of 4 (number of samples), to 1600

GlideScore version SP5.0 will be used

  
 Buried polar penalty      0.000
 Coulomb vdW cutoff        0.000
 H bond cutoff             0.000
 Metal-ligand cutoff      10.000
Assigning GlideScore SP5.0 parameters
 set icplus          10
Postdocking minimization: 100 poses; CvdW cutoffs   100.0 kcal/mol for min,     0.0 kcal/mol for report.
GlideScore(   -6.21)+Epik State Penalty(   -0.00) =    -6.21 kcal/mol
GlideScore(   -6.01)+Epik State Penalty(   -0.00) =    -6.01 kcal/mol
GlideScore(   -6.06)+Epik State Penalty(   -0.00) =    -6.06 kcal/mol
GlideScore(   -5.81)+Epik State Penalty(   -0.00) =    -5.81 kcal/mol
GlideScore(   -6.52)+Epik State Penalty(   -0.00) =    -6.52 kcal/mol
GlideScore(   -5.74)+Epik State Penalty(   -0.00) =    -5.74 kcal/mol
GlideScore(   -6.12)+Epik State Penalty(   -0.00) =    -6.12 kcal/mol
GlideScore(   -6.14)+Epik State Penalty(   -0.00) =    -6.14 kcal/mol
GlideScore(   -6.02)+Epik State Penalty(   -0.00) =    -6.02 kcal/mol
GlideScore(   -6.12)+Epik State Penalty(   -0.00) =    -6.12 kcal/mol
GlideScore(   -5.61)+Epik State Penalty(   -0.00) =    -5.61 kcal/mol
GlideScore(   -5.70)+Epik State Penalty(   -0.00) =    -5.70 kcal/mol
GlideScore(   -5.89)+Epik State Penalty(   -0.00) =    -5.89 kcal/mol
GlideScore(   -4.74)+Epik State Penalty(   -0.00) =    -4.74 kcal/mol
GlideScore(   -4.85)+Epik State Penalty(   -0.00) =    -4.85 kcal/mol
GlideScore(   -4.27)+Epik State Penalty(   -0.00) =    -4.27 kcal/mol
GlideScore(   -4.07)+Epik State Penalty(   -0.00) =    -4.07 kcal/mol
DOCKING RESULTS FOR LIGAND        1 (7CKX_lig)
Best Emodel=   -29.09 E=   -23.95 Eint=     4.80 GlideScore=    -6.21

Glide is executing the glide_sort command.
Command-line equivalent is:
 "/share/software/user/restricted/schrodinger/2021-1/utilities/glide_sort" -n 0 -o "7CKX_lig-to-AF_7CKW_pv.maegz"   -hbond_cut 0.00 -cvdw_cut 0.00 -metal_cut 10.00 -gscore_cut 100.00 -dscore_cut 100.00 "7CKX_lig-to-AF_7CKW_raw.maegz"
REPORT OF BEST 17 POSES

The receptor and sorted ligand structures were written to the file
7CKX_lig-to-AF_7CKW_pv.maegz  for use in the Pose Viewer.

Final rankings based on original docking score
0 poses were rejected by the energy filters,
    Coul+vdw Energy <=     0.0    Hbond Interaction <=     0.0    Metal Interaction <=    10.0    GlideScore <=   100.0    Docking Score <=   100.0
(If any of the above properties is not defined for a given pose,
the corresponding filter is not applied to that pose.)


glide_sort command succeeded.  Pose file 7CKX_lig-to-AF_7CKW_pv.maegz was written.

Exiting Glide
Date: Friday, December 09 2022, at 02:46:28 PST
CPU time (s): 15.1 user, 0.4 system, 18.6 real
Total elapsed time = 19 seconds
