Glide version 90161 (mmshare version 53161)
mmshare         2cb27f0eb7
glide-src       1e5ffd4733
psp-src         6c93e2fe77
macromodel-src  d47a6cf2e1
epik-src        46d635d642

Copyright (c) Schrodinger, LLC.
All Rights Reserved.

--------------------------------------------------------------------------------
JobId          : sh02-10n02-0-63931199
Name           : 5YHL_lig-to-AF_5YHL
Program        : Glide
Host           : sh02-10n02.int
Dir            : /home/users/jwang003/glosa_mods/PE2R4/docking/5YHL_lig-to-AF_5YHL
HostEntry      : localhost
JobHost        : sh02-10n02.int
JobDir         : /home/users/jwang003/glosa_mods/PE2R4/docking/5YHL_lig-to-AF_5YHL
JobSchrodinger : /share/software/user/restricted/schrodinger/2021-1
Commandline    : /share/software/user/restricted/schrodinger/2021-1/glide -WAIT -LOCAL -RESTART 5YHL_lig-to-AF_5YHL.in
StartTime      : 2022-12-09-02:44:44
--------------------------------------------------------------------------------

 VdW radii of ligand atoms scaled by   0.800000000000000     
 Charge cutoff for polarity   0.150000000000000     
For enhanced sampling, increasing funnel width parameter MAXKEEP by a factor of 4 (number of samples), to 20000
 After readscreen, (nx, ny, nz) = (          30 ,           30 ,           30 ).
  Receptor setup: (nsites, nx, ny, nz, bsize)=(         512 ,           30 , 
          30 ,           30 ,    1.00000000000000      ).
 Screening setup finished.
 DOCKMAIN: getting receptor.
  DOCKMAIN after grid: (nx, ny, nz) = (          80 ,           80 , 
          80 ).
 DOCKMAIN: Grid setup finished
Calling OPLS_2005 atomtyping ...
Finished parameter assignment

Reading torsion control file '/share/software/user/restricted/schrodinger/2021-1/glide-v9.0/bin/Linux-x86_64/../../data/torcontrol.txt':
  
  Using generalized torsion control 
  
 Number of rotatable bonds            8
 Using templates for ring conformations.
For enhanced sampling, increasing funnel width parameter MAXREF by a factor of 4 (number of samples), to 1600

GlideScore version SP5.0 will be used

  
 Buried polar penalty      0.000
 Coulomb vdW cutoff        0.000
 H bond cutoff             0.000
 Metal-ligand cutoff      10.000
Assigning GlideScore SP5.0 parameters
Postdocking minimization: 100 poses; CvdW cutoffs   100.0 kcal/mol for min,     0.0 kcal/mol for report.
GlideScore(   -7.86)+Epik State Penalty(    0.00) =    -7.86 kcal/mol
GlideScore(   -6.86)+Epik State Penalty(    0.00) =    -6.86 kcal/mol
GlideScore(   -6.76)+Epik State Penalty(    0.00) =    -6.76 kcal/mol
GlideScore(   -7.85)+Epik State Penalty(    0.00) =    -7.85 kcal/mol
GlideScore(   -7.82)+Epik State Penalty(    0.00) =    -7.81 kcal/mol
GlideScore(   -8.88)+Epik State Penalty(    0.00) =    -8.87 kcal/mol
GlideScore(   -7.07)+Epik State Penalty(    0.00) =    -7.07 kcal/mol
GlideScore(   -7.66)+Epik State Penalty(    0.00) =    -7.66 kcal/mol
GlideScore(   -7.39)+Epik State Penalty(    0.00) =    -7.39 kcal/mol
GlideScore(   -7.46)+Epik State Penalty(    0.00) =    -7.45 kcal/mol
GlideScore(   -8.22)+Epik State Penalty(    0.00) =    -8.21 kcal/mol
GlideScore(   -7.04)+Epik State Penalty(    0.00) =    -7.03 kcal/mol
GlideScore(   -7.58)+Epik State Penalty(    0.00) =    -7.58 kcal/mol
GlideScore(   -7.20)+Epik State Penalty(    0.00) =    -7.20 kcal/mol
GlideScore(   -7.57)+Epik State Penalty(    0.00) =    -7.56 kcal/mol
GlideScore(   -6.91)+Epik State Penalty(    0.00) =    -6.91 kcal/mol
GlideScore(   -6.91)+Epik State Penalty(    0.00) =    -6.90 kcal/mol
GlideScore(   -7.74)+Epik State Penalty(    0.00) =    -7.74 kcal/mol
GlideScore(   -7.66)+Epik State Penalty(    0.00) =    -7.66 kcal/mol
GlideScore(   -6.33)+Epik State Penalty(    0.00) =    -6.32 kcal/mol
GlideScore(   -6.17)+Epik State Penalty(    0.00) =    -6.17 kcal/mol
GlideScore(   -8.14)+Epik State Penalty(    0.00) =    -8.13 kcal/mol
GlideScore(   -7.15)+Epik State Penalty(    0.00) =    -7.15 kcal/mol
GlideScore(   -7.38)+Epik State Penalty(    0.00) =    -7.38 kcal/mol
GlideScore(   -7.73)+Epik State Penalty(    0.00) =    -7.73 kcal/mol
GlideScore(   -7.99)+Epik State Penalty(    0.00) =    -7.99 kcal/mol
GlideScore(   -7.29)+Epik State Penalty(    0.00) =    -7.29 kcal/mol
GlideScore(   -5.48)+Epik State Penalty(    0.00) =    -5.48 kcal/mol
GlideScore(   -7.74)+Epik State Penalty(    0.00) =    -7.74 kcal/mol
GlideScore(   -7.30)+Epik State Penalty(    0.00) =    -7.30 kcal/mol
GlideScore(   -7.37)+Epik State Penalty(    0.00) =    -7.36 kcal/mol
GlideScore(   -7.31)+Epik State Penalty(    0.00) =    -7.30 kcal/mol
GlideScore(   -6.97)+Epik State Penalty(    0.00) =    -6.97 kcal/mol
GlideScore(   -6.62)+Epik State Penalty(    0.00) =    -6.62 kcal/mol
GlideScore(   -7.43)+Epik State Penalty(    0.00) =    -7.43 kcal/mol
GlideScore(   -8.03)+Epik State Penalty(    0.00) =    -8.03 kcal/mol
GlideScore(   -5.64)+Epik State Penalty(    0.00) =    -5.63 kcal/mol
GlideScore(   -6.47)+Epik State Penalty(    0.00) =    -6.47 kcal/mol
GlideScore(   -6.43)+Epik State Penalty(    0.00) =    -6.42 kcal/mol
GlideScore(   -7.08)+Epik State Penalty(    0.00) =    -7.08 kcal/mol
GlideScore(   -5.68)+Epik State Penalty(    0.00) =    -5.67 kcal/mol
GlideScore(   -5.81)+Epik State Penalty(    0.00) =    -5.81 kcal/mol
GlideScore(   -6.91)+Epik State Penalty(    0.00) =    -6.91 kcal/mol
GlideScore(   -7.84)+Epik State Penalty(    0.00) =    -7.83 kcal/mol
GlideScore(   -5.75)+Epik State Penalty(    0.00) =    -5.75 kcal/mol
GlideScore(   -7.28)+Epik State Penalty(    0.00) =    -7.27 kcal/mol
GlideScore(   -6.74)+Epik State Penalty(    0.00) =    -6.74 kcal/mol
GlideScore(   -5.62)+Epik State Penalty(    0.00) =    -5.62 kcal/mol
GlideScore(   -7.26)+Epik State Penalty(    0.00) =    -7.26 kcal/mol
GlideScore(   -7.36)+Epik State Penalty(    0.00) =    -7.36 kcal/mol
GlideScore(   -5.22)+Epik State Penalty(    0.00) =    -5.22 kcal/mol
GlideScore(   -6.85)+Epik State Penalty(    0.00) =    -6.85 kcal/mol
GlideScore(   -5.45)+Epik State Penalty(    0.00) =    -5.44 kcal/mol
GlideScore(   -6.63)+Epik State Penalty(    0.00) =    -6.63 kcal/mol
GlideScore(   -5.96)+Epik State Penalty(    0.00) =    -5.96 kcal/mol
GlideScore(   -7.21)+Epik State Penalty(    0.00) =    -7.21 kcal/mol
GlideScore(   -7.59)+Epik State Penalty(    0.00) =    -7.58 kcal/mol
GlideScore(   -8.02)+Epik State Penalty(    0.00) =    -8.01 kcal/mol
GlideScore(   -5.89)+Epik State Penalty(    0.00) =    -5.89 kcal/mol
GlideScore(   -6.26)+Epik State Penalty(    0.00) =    -6.26 kcal/mol
GlideScore(   -6.34)+Epik State Penalty(    0.00) =    -6.34 kcal/mol
GlideScore(   -5.44)+Epik State Penalty(    0.00) =    -5.44 kcal/mol
GlideScore(   -7.11)+Epik State Penalty(    0.00) =    -7.10 kcal/mol
GlideScore(   -7.51)+Epik State Penalty(    0.00) =    -7.50 kcal/mol
GlideScore(   -5.41)+Epik State Penalty(    0.00) =    -5.40 kcal/mol
GlideScore(   -6.67)+Epik State Penalty(    0.00) =    -6.67 kcal/mol
GlideScore(   -6.24)+Epik State Penalty(    0.00) =    -6.24 kcal/mol
GlideScore(   -7.50)+Epik State Penalty(    0.00) =    -7.50 kcal/mol
GlideScore(   -5.24)+Epik State Penalty(    0.00) =    -5.24 kcal/mol
GlideScore(   -4.57)+Epik State Penalty(    0.00) =    -4.56 kcal/mol
GlideScore(   -5.20)+Epik State Penalty(    0.00) =    -5.19 kcal/mol
GlideScore(   -5.88)+Epik State Penalty(    0.00) =    -5.88 kcal/mol
GlideScore(   -5.41)+Epik State Penalty(    0.00) =    -5.41 kcal/mol
GlideScore(   -5.60)+Epik State Penalty(    0.00) =    -5.59 kcal/mol
GlideScore(   -6.55)+Epik State Penalty(    0.00) =    -6.54 kcal/mol
GlideScore(   -5.22)+Epik State Penalty(    0.00) =    -5.22 kcal/mol
GlideScore(   -5.34)+Epik State Penalty(    0.00) =    -5.33 kcal/mol
GlideScore(   -5.39)+Epik State Penalty(    0.00) =    -5.38 kcal/mol
GlideScore(   -3.91)+Epik State Penalty(    0.00) =    -3.90 kcal/mol
GlideScore(   -5.99)+Epik State Penalty(    0.00) =    -5.98 kcal/mol
GlideScore(   -4.09)+Epik State Penalty(    0.00) =    -4.08 kcal/mol
GlideScore(   -4.91)+Epik State Penalty(    0.00) =    -4.90 kcal/mol
GlideScore(   -5.10)+Epik State Penalty(    0.00) =    -5.10 kcal/mol
GlideScore(   -5.49)+Epik State Penalty(    0.00) =    -5.49 kcal/mol
GlideScore(   -7.24)+Epik State Penalty(    0.00) =    -7.24 kcal/mol
GlideScore(   -4.58)+Epik State Penalty(    0.00) =    -4.58 kcal/mol
GlideScore(   -4.61)+Epik State Penalty(    0.00) =    -4.61 kcal/mol
GlideScore(   -4.05)+Epik State Penalty(    0.00) =    -4.05 kcal/mol
GlideScore(   -5.75)+Epik State Penalty(    0.00) =    -5.75 kcal/mol
GlideScore(   -4.45)+Epik State Penalty(    0.00) =    -4.44 kcal/mol
GlideScore(10000.00)+Epik State Penalty(    0.00) = 10000.00 kcal/mol
GlideScore(10000.00)+Epik State Penalty(    0.00) = 10000.00 kcal/mol
GlideScore(10000.00)+Epik State Penalty(    0.00) = 10000.00 kcal/mol
GlideScore(10000.00)+Epik State Penalty(    0.00) = 10000.00 kcal/mol
DOCKING RESULTS FOR LIGAND        1 (5YHL_lig)
Best Emodel=   -66.02 E=   -41.05 Eint=     5.78 GlideScore=    -7.86

Glide is executing the glide_sort command.
Command-line equivalent is:
 "/share/software/user/restricted/schrodinger/2021-1/utilities/glide_sort" -n 0 -o "5YHL_lig-to-AF_5YHL_pv.maegz"   -hbond_cut 0.00 -cvdw_cut 0.00 -metal_cut 10.00 -gscore_cut 100.00 -dscore_cut 100.00 "5YHL_lig-to-AF_5YHL_raw.maegz"
REPORT OF BEST 90 POSES

The receptor and sorted ligand structures were written to the file
5YHL_lig-to-AF_5YHL_pv.maegz  for use in the Pose Viewer.

Final rankings based on original docking score
4 poses were rejected by the energy filters,
    Coul+vdw Energy <=     0.0    Hbond Interaction <=     0.0    Metal Interaction <=    10.0    GlideScore <=   100.0    Docking Score <=   100.0
(If any of the above properties is not defined for a given pose,
the corresponding filter is not applied to that pose.)


glide_sort command succeeded.  Pose file 5YHL_lig-to-AF_5YHL_pv.maegz was written.

Exiting Glide
Date: Friday, December 09 2022, at 02:45:17 PST
CPU time (s): 27.1 user, 1.3 system, 30.9 real
Total elapsed time = 31 seconds
