Glide version 90161 (mmshare version 53161)
mmshare         2cb27f0eb7
glide-src       1e5ffd4733
psp-src         6c93e2fe77
macromodel-src  d47a6cf2e1
epik-src        46d635d642

Copyright (c) Schrodinger, LLC.
All Rights Reserved.

--------------------------------------------------------------------------------
JobId          : sh02-10n02-0-639311dd
Name           : 5YWY_lig-to-AF_5YHL
Program        : Glide
Host           : sh02-10n02.int
Dir            : /home/users/jwang003/glosa_mods/PE2R4/docking/5YWY_lig-to-AF_5YHL
HostEntry      : localhost
JobHost        : sh02-10n02.int
JobDir         : /home/users/jwang003/glosa_mods/PE2R4/docking/5YWY_lig-to-AF_5YHL
JobSchrodinger : /share/software/user/restricted/schrodinger/2021-1
Commandline    : /share/software/user/restricted/schrodinger/2021-1/glide -WAIT -LOCAL -RESTART 5YWY_lig-to-AF_5YHL.in
StartTime      : 2022-12-09-02:45:49
--------------------------------------------------------------------------------

 VdW radii of ligand atoms scaled by   0.800000000000000     
 Charge cutoff for polarity   0.150000000000000     
For enhanced sampling, increasing funnel width parameter MAXKEEP by a factor of 4 (number of samples), to 20000
 After readscreen, (nx, ny, nz) = (          30 ,           30 ,           30 ).
  Receptor setup: (nsites, nx, ny, nz, bsize)=(         512 ,           30 , 
          30 ,           30 ,    1.00000000000000      ).
 Screening setup finished.
 DOCKMAIN: getting receptor.
  DOCKMAIN after grid: (nx, ny, nz) = (          80 ,           80 , 
          80 ).
 DOCKMAIN: Grid setup finished
Calling OPLS_2005 atomtyping ...
Finished parameter assignment

Reading torsion control file '/share/software/user/restricted/schrodinger/2021-1/glide-v9.0/bin/Linux-x86_64/../../data/torcontrol.txt':
  
  Using generalized torsion control 
  
 Number of rotatable bonds            8
 Using templates for ring conformations.
For enhanced sampling, increasing funnel width parameter MAXREF by a factor of 4 (number of samples), to 1600

GlideScore version SP5.0 will be used

  
 Buried polar penalty      0.000
 Coulomb vdW cutoff        0.000
 H bond cutoff             0.000
 Metal-ligand cutoff      10.000
Assigning GlideScore SP5.0 parameters
Postdocking minimization: 100 poses; CvdW cutoffs   100.0 kcal/mol for min,     0.0 kcal/mol for report.
GlideScore(   -7.69)+Epik State Penalty(    0.00) =    -7.69 kcal/mol
GlideScore(  -10.04)+Epik State Penalty(    0.00) =   -10.04 kcal/mol
GlideScore(   -9.49)+Epik State Penalty(    0.00) =    -9.48 kcal/mol
GlideScore(   -7.12)+Epik State Penalty(    0.00) =    -7.12 kcal/mol
GlideScore(   -8.22)+Epik State Penalty(    0.00) =    -8.22 kcal/mol
GlideScore(   -8.33)+Epik State Penalty(    0.00) =    -8.33 kcal/mol
GlideScore(   -6.91)+Epik State Penalty(    0.00) =    -6.91 kcal/mol
GlideScore(   -8.08)+Epik State Penalty(    0.00) =    -8.08 kcal/mol
GlideScore(   -9.21)+Epik State Penalty(    0.00) =    -9.21 kcal/mol
GlideScore(   -9.07)+Epik State Penalty(    0.00) =    -9.07 kcal/mol
GlideScore(   -7.03)+Epik State Penalty(    0.00) =    -7.02 kcal/mol
GlideScore(   -6.97)+Epik State Penalty(    0.00) =    -6.97 kcal/mol
GlideScore(   -8.43)+Epik State Penalty(    0.00) =    -8.43 kcal/mol
GlideScore(   -7.30)+Epik State Penalty(    0.00) =    -7.30 kcal/mol
GlideScore(   -7.05)+Epik State Penalty(    0.00) =    -7.05 kcal/mol
GlideScore(   -7.92)+Epik State Penalty(    0.00) =    -7.92 kcal/mol
GlideScore(   -8.97)+Epik State Penalty(    0.00) =    -8.97 kcal/mol
GlideScore(   -7.91)+Epik State Penalty(    0.00) =    -7.91 kcal/mol
GlideScore(   -7.67)+Epik State Penalty(    0.00) =    -7.67 kcal/mol
GlideScore(   -6.30)+Epik State Penalty(    0.00) =    -6.30 kcal/mol
GlideScore(   -7.29)+Epik State Penalty(    0.00) =    -7.28 kcal/mol
GlideScore(   -6.20)+Epik State Penalty(    0.00) =    -6.20 kcal/mol
GlideScore(   -7.09)+Epik State Penalty(    0.00) =    -7.08 kcal/mol
GlideScore(   -8.29)+Epik State Penalty(    0.00) =    -8.29 kcal/mol
GlideScore(   -6.98)+Epik State Penalty(    0.00) =    -6.97 kcal/mol
GlideScore(   -9.27)+Epik State Penalty(    0.00) =    -9.27 kcal/mol
GlideScore(   -7.06)+Epik State Penalty(    0.00) =    -7.05 kcal/mol
GlideScore(   -7.21)+Epik State Penalty(    0.00) =    -7.20 kcal/mol
GlideScore(   -7.65)+Epik State Penalty(    0.00) =    -7.65 kcal/mol
GlideScore(   -8.75)+Epik State Penalty(    0.00) =    -8.74 kcal/mol
GlideScore(   -8.24)+Epik State Penalty(    0.00) =    -8.24 kcal/mol
GlideScore(   -7.03)+Epik State Penalty(    0.00) =    -7.03 kcal/mol
GlideScore(   -7.82)+Epik State Penalty(    0.00) =    -7.82 kcal/mol
GlideScore(   -8.12)+Epik State Penalty(    0.00) =    -8.12 kcal/mol
GlideScore(   -7.28)+Epik State Penalty(    0.00) =    -7.28 kcal/mol
GlideScore(   -8.65)+Epik State Penalty(    0.00) =    -8.65 kcal/mol
GlideScore(   -8.76)+Epik State Penalty(    0.00) =    -8.76 kcal/mol
GlideScore(   -8.46)+Epik State Penalty(    0.00) =    -8.46 kcal/mol
GlideScore(   -8.18)+Epik State Penalty(    0.00) =    -8.17 kcal/mol
GlideScore(   -8.57)+Epik State Penalty(    0.00) =    -8.57 kcal/mol
GlideScore(   -6.57)+Epik State Penalty(    0.00) =    -6.56 kcal/mol
GlideScore(   -8.05)+Epik State Penalty(    0.00) =    -8.05 kcal/mol
GlideScore(   -7.29)+Epik State Penalty(    0.00) =    -7.28 kcal/mol
GlideScore(   -7.99)+Epik State Penalty(    0.00) =    -7.99 kcal/mol
GlideScore(   -7.95)+Epik State Penalty(    0.00) =    -7.95 kcal/mol
GlideScore(   -6.26)+Epik State Penalty(    0.00) =    -6.26 kcal/mol
GlideScore(   -5.72)+Epik State Penalty(    0.00) =    -5.72 kcal/mol
GlideScore(   -6.26)+Epik State Penalty(    0.00) =    -6.25 kcal/mol
GlideScore(   -7.65)+Epik State Penalty(    0.00) =    -7.64 kcal/mol
GlideScore(   -5.82)+Epik State Penalty(    0.00) =    -5.82 kcal/mol
GlideScore(   -7.53)+Epik State Penalty(    0.00) =    -7.53 kcal/mol
GlideScore(   -6.27)+Epik State Penalty(    0.00) =    -6.26 kcal/mol
GlideScore(   -5.60)+Epik State Penalty(    0.00) =    -5.60 kcal/mol
GlideScore(   -7.14)+Epik State Penalty(    0.00) =    -7.14 kcal/mol
GlideScore(   -5.46)+Epik State Penalty(    0.00) =    -5.45 kcal/mol
GlideScore(   -5.86)+Epik State Penalty(    0.00) =    -5.86 kcal/mol
GlideScore(   -6.18)+Epik State Penalty(    0.00) =    -6.18 kcal/mol
GlideScore(   -8.33)+Epik State Penalty(    0.00) =    -8.33 kcal/mol
GlideScore(   -5.80)+Epik State Penalty(    0.00) =    -5.80 kcal/mol
GlideScore(   -5.47)+Epik State Penalty(    0.00) =    -5.47 kcal/mol
GlideScore(   -5.75)+Epik State Penalty(    0.00) =    -5.75 kcal/mol
GlideScore(   -6.38)+Epik State Penalty(    0.00) =    -6.37 kcal/mol
GlideScore(   -5.50)+Epik State Penalty(    0.00) =    -5.50 kcal/mol
GlideScore(   -6.22)+Epik State Penalty(    0.00) =    -6.22 kcal/mol
GlideScore(   -6.18)+Epik State Penalty(    0.00) =    -6.18 kcal/mol
GlideScore(   -6.21)+Epik State Penalty(    0.00) =    -6.21 kcal/mol
GlideScore(   -5.65)+Epik State Penalty(    0.00) =    -5.65 kcal/mol
GlideScore(   -6.87)+Epik State Penalty(    0.00) =    -6.87 kcal/mol
GlideScore(   -6.55)+Epik State Penalty(    0.00) =    -6.54 kcal/mol
GlideScore(   -7.60)+Epik State Penalty(    0.00) =    -7.60 kcal/mol
GlideScore(   -6.55)+Epik State Penalty(    0.00) =    -6.55 kcal/mol
GlideScore(   -6.53)+Epik State Penalty(    0.00) =    -6.53 kcal/mol
GlideScore(   -6.71)+Epik State Penalty(    0.00) =    -6.70 kcal/mol
GlideScore(   -6.67)+Epik State Penalty(    0.00) =    -6.67 kcal/mol
GlideScore(   -6.10)+Epik State Penalty(    0.00) =    -6.10 kcal/mol
GlideScore(   -5.89)+Epik State Penalty(    0.00) =    -5.89 kcal/mol
GlideScore(   -6.32)+Epik State Penalty(    0.00) =    -6.31 kcal/mol
GlideScore(   -5.67)+Epik State Penalty(    0.00) =    -5.67 kcal/mol
GlideScore(   -5.90)+Epik State Penalty(    0.00) =    -5.90 kcal/mol
GlideScore(   -5.35)+Epik State Penalty(    0.00) =    -5.35 kcal/mol
GlideScore(   -5.11)+Epik State Penalty(    0.00) =    -5.10 kcal/mol
GlideScore(   -4.31)+Epik State Penalty(    0.00) =    -4.31 kcal/mol
GlideScore(   -5.54)+Epik State Penalty(    0.00) =    -5.54 kcal/mol
GlideScore(   -4.89)+Epik State Penalty(    0.00) =    -4.89 kcal/mol
GlideScore(   -3.12)+Epik State Penalty(    0.00) =    -3.12 kcal/mol
GlideScore(   -5.37)+Epik State Penalty(    0.00) =    -5.37 kcal/mol
GlideScore(   -4.76)+Epik State Penalty(    0.00) =    -4.75 kcal/mol
GlideScore(   -4.24)+Epik State Penalty(    0.00) =    -4.24 kcal/mol
GlideScore(   -6.03)+Epik State Penalty(    0.00) =    -6.03 kcal/mol
GlideScore(   -4.98)+Epik State Penalty(    0.00) =    -4.98 kcal/mol
GlideScore(   -4.44)+Epik State Penalty(    0.00) =    -4.44 kcal/mol
DOCKING RESULTS FOR LIGAND        1 (5YWY_lig)
Best Emodel=   -70.36 E=   -45.61 Eint=     3.41 GlideScore=    -7.69

Glide is executing the glide_sort command.
Command-line equivalent is:
 "/share/software/user/restricted/schrodinger/2021-1/utilities/glide_sort" -n 0 -o "5YWY_lig-to-AF_5YHL_pv.maegz"   -hbond_cut 0.00 -cvdw_cut 0.00 -metal_cut 10.00 -gscore_cut 100.00 -dscore_cut 100.00 "5YWY_lig-to-AF_5YHL_raw.maegz"
REPORT OF BEST 91 POSES

The receptor and sorted ligand structures were written to the file
5YWY_lig-to-AF_5YHL_pv.maegz  for use in the Pose Viewer.

Final rankings based on original docking score
0 poses were rejected by the energy filters,
    Coul+vdw Energy <=     0.0    Hbond Interaction <=     0.0    Metal Interaction <=    10.0    GlideScore <=   100.0    Docking Score <=   100.0
(If any of the above properties is not defined for a given pose,
the corresponding filter is not applied to that pose.)


glide_sort command succeeded.  Pose file 5YWY_lig-to-AF_5YHL_pv.maegz was written.

Exiting Glide
Date: Friday, December 09 2022, at 02:46:22 PST
CPU time (s): 27.9 user, 1.7 system, 31.2 real
Total elapsed time = 31 seconds
