Glide version 90161 (mmshare version 53161)
mmshare         2cb27f0eb7
glide-src       1e5ffd4733
psp-src         6c93e2fe77
macromodel-src  d47a6cf2e1
epik-src        46d635d642

Copyright (c) Schrodinger, LLC.
All Rights Reserved.

--------------------------------------------------------------------------------
JobId          : sh02-10n19-0-63931272
Name           : 7CX4_lig-to-AF_7CX2
Program        : Glide
Host           : sh02-10n19.int
Dir            : /home/users/jwang003/glosa_mods/PE2R2/docking/7CX4_lig-to-AF_7CX2
HostEntry      : localhost
JobHost        : sh02-10n19.int
JobDir         : /home/users/jwang003/glosa_mods/PE2R2/docking/7CX4_lig-to-AF_7CX2
JobSchrodinger : /share/software/user/restricted/schrodinger/2021-1
Commandline    : /share/software/user/restricted/schrodinger/2021-1/glide -WAIT -LOCAL -RESTART 7CX4_lig-to-AF_7CX2.in
StartTime      : 2022-12-09-02:48:19
--------------------------------------------------------------------------------

 VdW radii of ligand atoms scaled by   0.800000000000000     
 Charge cutoff for polarity   0.150000000000000     
For enhanced sampling, increasing funnel width parameter MAXKEEP by a factor of 4 (number of samples), to 20000
 After readscreen, (nx, ny, nz) = (          30 ,           30 ,           30 ).
  Receptor setup: (nsites, nx, ny, nz, bsize)=(         512 ,           30 , 
          30 ,           30 ,    1.00000000000000      ).
 Screening setup finished.
 DOCKMAIN: getting receptor.
  DOCKMAIN after grid: (nx, ny, nz) = (          80 ,           80 , 
          80 ).
 DOCKMAIN: Grid setup finished
Calling OPLS_2005 atomtyping ...
Finished parameter assignment

Reading torsion control file '/share/software/user/restricted/schrodinger/2021-1/glide-v9.0/bin/Linux-x86_64/../../data/torcontrol.txt':
  
  Using generalized torsion control 
  
 Number of rotatable bonds           10
 Using templates for ring conformations.
For enhanced sampling, increasing funnel width parameter MAXREF by a factor of 4 (number of samples), to 1600

GlideScore version SP5.0 will be used

  
 Buried polar penalty      0.000
 Coulomb vdW cutoff        0.000
 H bond cutoff             0.000
 Metal-ligand cutoff      10.000
Assigning GlideScore SP5.0 parameters
Postdocking minimization: 100 poses; CvdW cutoffs   100.0 kcal/mol for min,     0.0 kcal/mol for report.
GlideScore(   -2.25)+Epik State Penalty(   -0.00) =    -2.25 kcal/mol
GlideScore(10000.00)+Epik State Penalty(   -0.00) = 10000.00 kcal/mol
DOCKING RESULTS FOR LIGAND        1 (7CX4_lig)
Best Emodel=   -31.44 E=   -29.85 Eint=     3.16 GlideScore=    -2.25

Glide is executing the glide_sort command.
Command-line equivalent is:
 "/share/software/user/restricted/schrodinger/2021-1/utilities/glide_sort" -n 0 -o "7CX4_lig-to-AF_7CX2_pv.maegz"   -hbond_cut 0.00 -cvdw_cut 0.00 -metal_cut 10.00 -gscore_cut 100.00 -dscore_cut 100.00 "7CX4_lig-to-AF_7CX2_raw.maegz"
REPORT OF BEST 1 POSES

The receptor and sorted ligand structures were written to the file
7CX4_lig-to-AF_7CX2_pv.maegz  for use in the Pose Viewer.

Final rankings based on original docking score
1 poses were rejected by the energy filters,
    Coul+vdw Energy <=     0.0    Hbond Interaction <=     0.0    Metal Interaction <=    10.0    GlideScore <=   100.0    Docking Score <=   100.0
(If any of the above properties is not defined for a given pose,
the corresponding filter is not applied to that pose.)


glide_sort command succeeded.  Pose file 7CX4_lig-to-AF_7CX2_pv.maegz was written.

Exiting Glide
Date: Friday, December 09 2022, at 02:49:02 PST
CPU time (s): 34.0 user, 5.4 system, 40.7 real
Total elapsed time = 41 seconds
